<?xml version="1.0" encoding="UTF-8"?>
<!-- Generated by org.testng.reporters.JUnitReportReporter -->
<testsuite hostname="jenkins-agent-10-25-195-225" failures="0" tests="6" name="com.mypurecloud.sdk.v2.ApiClientRetryAsyncTest" time="60.927" errors="0" timestamp="2024-12-21T09:29:20 UTC" skipped="0">
  <testcase classname="com.mypurecloud.sdk.v2.ApiClientRetryAsyncTest" name="invokeAsyncTestWith_504_And_No_MaxRetryTime" time="0.102"/>
  <testcase classname="com.mypurecloud.sdk.v2.ApiClientRetryAsyncTest" name="invokeAsyncTestWith_504" time="2.167"/>
  <testcase classname="com.mypurecloud.sdk.v2.ApiClientRetryAsyncTest" name="invokeAsyncTestWith_502" time="13.112"/>
  <testcase classname="com.mypurecloud.sdk.v2.ApiClientRetryAsyncTest" name="invokeAsyncTestWith_429" time="5.198"/>
  <testcase classname="com.mypurecloud.sdk.v2.ApiClientRetryAsyncTest" name="invokeAsyncTestWith_429_And_No_MaxRetryTime" time="0.227"/>
  <testcase classname="com.mypurecloud.sdk.v2.ApiClientRetryAsyncTest" name="invokeAsyncTestWith_503" time="40.121"/>
</testsuite> <!-- com.mypurecloud.sdk.v2.ApiClientRetryAsyncTest -->
