<?xml version="1.0" encoding="UTF-8"?>
<!-- Generated by org.testng.reporters.JUnitReportReporter -->
<testsuite hostname="jenkins-agent-10-25-230-37" failures="0" tests="12" name="com.mypurecloud.sdk.v2.ApiClientRetryTest" time="73.565" errors="0" timestamp="2024-10-11T07:45:14 UTC" skipped="0">
  <testcase classname="com.mypurecloud.sdk.v2.ApiClientRetryTest" name="invokeTestWith_503" time="40.194"/>
  <testcase classname="com.mypurecloud.sdk.v2.ApiClientRetryTest" name="shouldRetryTestWith_200" time="0.019"/>
  <testcase classname="com.mypurecloud.sdk.v2.ApiClientRetryTest" name="invokeTestWith_429_And_No_MaxRetryTime" time="0.164"/>
  <testcase classname="com.mypurecloud.sdk.v2.ApiClientRetryTest" name="invokeTestWith_504_No_MaxRetryTime" time="3.068"/>
  <testcase classname="com.mypurecloud.sdk.v2.ApiClientRetryTest" name="shouldRetryTestWith_503_And_RetryConfig" time="3.018"/>
  <testcase classname="com.mypurecloud.sdk.v2.ApiClientRetryTest" name="shouldRetryTestWith_429" time="1.019"/>
  <testcase classname="com.mypurecloud.sdk.v2.ApiClientRetryTest" name="shouldRetryTestWith_502" time="1.026"/>
  <testcase classname="com.mypurecloud.sdk.v2.ApiClientRetryTest" name="shouldRetryTestWith_502_And_0_MaxRetryTime" time="0.022"/>
  <testcase classname="com.mypurecloud.sdk.v2.ApiClientRetryTest" name="invokeTestWith_429" time="6.644"/>
  <testcase classname="com.mypurecloud.sdk.v2.ApiClientRetryTest" name="shouldRetryTestWith_504_And_No_RetryAfter_Header" time="3.009"/>
  <testcase classname="com.mypurecloud.sdk.v2.ApiClientRetryTest" name="invokeTestWith_502" time="13.201"/>
  <testcase classname="com.mypurecloud.sdk.v2.ApiClientRetryTest" name="invokeTestWith_504" time="2.181"/>
</testsuite> <!-- com.mypurecloud.sdk.v2.ApiClientRetryTest -->
