<?xml version="1.0" encoding="UTF-8"?>
<!-- Generated by org.testng.reporters.JUnitReportReporter -->
<testsuite hostname="jenkins-agent-10-25-234-42" failures="0" tests="27" name="com.mypurecloud.sdk.v2.SdkTests" time="10.098" errors="0" timestamp="2023-09-16T07:02:07 UTC" skipped="0">
  <testcase classname="com.mypurecloud.sdk.v2.SdkTests" name="traceBasicInformation" time="0.019"/>
  <system-out/>
  <testcase classname="com.mypurecloud.sdk.v2.SdkTests" name="traceBasicInformation" time="0.004"/>
  <system-out/>
  <testcase classname="com.mypurecloud.sdk.v2.SdkTests" name="traceBasicInformation" time="0.020"/>
  <system-out/>
  <testcase classname="com.mypurecloud.sdk.v2.SdkTests" name="authenticate" time="1.417"/>
  <system-out/>
  <testcase classname="com.mypurecloud.sdk.v2.SdkTests" name="authenticate" time="1.663"/>
  <system-out/>
  <testcase classname="com.mypurecloud.sdk.v2.SdkTests" name="authenticate" time="1.423"/>
  <system-out/>
  <testcase classname="com.mypurecloud.sdk.v2.SdkTests" name="createUser" time="0.902"/>
  <system-out/>
  <testcase classname="com.mypurecloud.sdk.v2.SdkTests" name="createUser" time="0.895"/>
  <system-out/>
  <testcase classname="com.mypurecloud.sdk.v2.SdkTests" name="createUser" time="0.707"/>
  <system-out/>
  <testcase classname="com.mypurecloud.sdk.v2.SdkTests" name="updateUser" time="0.292"/>
  <system-out/>
  <testcase classname="com.mypurecloud.sdk.v2.SdkTests" name="updateUser" time="0.194"/>
  <system-out/>
  <testcase classname="com.mypurecloud.sdk.v2.SdkTests" name="updateUser" time="0.239"/>
  <system-out/>
  <testcase classname="com.mypurecloud.sdk.v2.SdkTests" name="setProfileSkills" time="0.128"/>
  <system-out/>
  <testcase classname="com.mypurecloud.sdk.v2.SdkTests" name="setProfileSkills" time="0.151"/>
  <system-out/>
  <testcase classname="com.mypurecloud.sdk.v2.SdkTests" name="setProfileSkills" time="0.201"/>
  <system-out/>
  <testcase classname="com.mypurecloud.sdk.v2.SdkTests" name="testNotifications" time="0.474"/>
  <system-out/>
  <testcase classname="com.mypurecloud.sdk.v2.SdkTests" name="testNotifications" time="0.399"/>
  <system-out/>
  <testcase classname="com.mypurecloud.sdk.v2.SdkTests" name="testNotifications" time="0.419"/>
  <system-out/>
  <testcase classname="com.mypurecloud.sdk.v2.SdkTests" name="getUser" time="0.031"/>
  <system-out/>
  <testcase classname="com.mypurecloud.sdk.v2.SdkTests" name="getUser" time="0.075"/>
  <system-out/>
  <testcase classname="com.mypurecloud.sdk.v2.SdkTests" name="getUser" time="0.057"/>
  <system-out/>
  <testcase classname="com.mypurecloud.sdk.v2.SdkTests" name="testObjectMapperIgnoresUnknownProperties" time="0.001"/>
  <system-out/>
  <testcase classname="com.mypurecloud.sdk.v2.SdkTests" name="testObjectMapperIgnoresUnknownProperties" time="0.003"/>
  <system-out/>
  <testcase classname="com.mypurecloud.sdk.v2.SdkTests" name="testObjectMapperIgnoresUnknownProperties" time="0.001"/>
  <system-out/>
  <testcase classname="com.mypurecloud.sdk.v2.SdkTests" name="deleteUser" time="0.156"/>
  <system-out/>
  <testcase classname="com.mypurecloud.sdk.v2.SdkTests" name="deleteUser" time="0.106"/>
  <system-out/>
  <testcase classname="com.mypurecloud.sdk.v2.SdkTests" name="deleteUser" time="0.121"/>
  <system-out/>
</testsuite> <!-- com.mypurecloud.sdk.v2.SdkTests -->
