<?xml version="1.0" encoding="UTF-8"?>
<!-- Generated by org.testng.reporters.JUnitReportReporter -->
<testsuite skipped="0" hostname="jenkins-agent-10-25-204-140" name="com.mypurecloud.sdk.v2.ApiClientRetryTest" tests="12" failures="0" timestamp="2022-09-29T12:33:27 UTC" time="69.825" errors="0">
  <testcase name="shouldRetryTestWith_200" time="0.001" classname="com.mypurecloud.sdk.v2.ApiClientRetryTest"/>
  <system-out/>
  <testcase name="invokeTestWith_429" time="6.073" classname="com.mypurecloud.sdk.v2.ApiClientRetryTest"/>
  <system-out/>
  <testcase name="invokeTestWith_504_No_MaxRetryTime" time="0.071" classname="com.mypurecloud.sdk.v2.ApiClientRetryTest"/>
  <system-out/>
  <testcase name="shouldRetryTestWith_504_And_No_RetryAfter_Header" time="3.001" classname="com.mypurecloud.sdk.v2.ApiClientRetryTest"/>
  <system-out/>
  <testcase name="shouldRetryTestWith_502" time="1.002" classname="com.mypurecloud.sdk.v2.ApiClientRetryTest"/>
  <system-out/>
  <testcase name="shouldRetryTestWith_502_And_0_MaxRetryTime" time="0.002" classname="com.mypurecloud.sdk.v2.ApiClientRetryTest"/>
  <system-out/>
  <testcase name="invokeTestWith_503" time="40.058" classname="com.mypurecloud.sdk.v2.ApiClientRetryTest"/>
  <system-out/>
  <testcase name="invokeTestWith_429_And_No_MaxRetryTime" time="0.047" classname="com.mypurecloud.sdk.v2.ApiClientRetryTest"/>
  <system-out/>
  <testcase name="shouldRetryTestWith_503_And_RetryConfig" time="3.001" classname="com.mypurecloud.sdk.v2.ApiClientRetryTest"/>
  <system-out/>
  <testcase name="shouldRetryTestWith_429" time="1.001" classname="com.mypurecloud.sdk.v2.ApiClientRetryTest"/>
  <system-out/>
  <testcase name="invokeTestWith_504" time="2.057" classname="com.mypurecloud.sdk.v2.ApiClientRetryTest"/>
  <system-out/>
  <testcase name="invokeTestWith_502" time="13.511" classname="com.mypurecloud.sdk.v2.ApiClientRetryTest"/>
  <system-out/>
</testsuite> <!-- com.mypurecloud.sdk.v2.ApiClientRetryTest -->
