<?xml version="1.0" encoding="UTF-8"?>
<!-- Generated by org.testng.reporters.JUnitReportReporter -->
<testsuite skipped="0" hostname="jslave-traditional-10-25-193-198" name="com.mypurecloud.sdk.v2.SdkTests" tests="8" failures="0" timestamp="25 Jul 2019 14:09:59 GMT" time="3.400" errors="0">
  <testcase name="traceBasicInformation" time="0.003" classname="com.mypurecloud.sdk.v2.SdkTests"/>
  <testcase name="authenticate" time="0.573" classname="com.mypurecloud.sdk.v2.SdkTests"/>
  <testcase name="createUser" time="0.867" classname="com.mypurecloud.sdk.v2.SdkTests"/>
  <testcase name="updateUser" time="0.140" classname="com.mypurecloud.sdk.v2.SdkTests"/>
  <testcase name="setProfileSkills" time="1.161" classname="com.mypurecloud.sdk.v2.SdkTests"/>
  <testcase name="testNotifications" time="0.367" classname="com.mypurecloud.sdk.v2.SdkTests"/>
  <testcase name="getUser" time="0.039" classname="com.mypurecloud.sdk.v2.SdkTests"/>
  <testcase name="deleteUser" time="0.250" classname="com.mypurecloud.sdk.v2.SdkTests"/>
</testsuite> <!-- com.mypurecloud.sdk.v2.SdkTests -->
