<?xml version="1.0" encoding="UTF-8"?>
<!-- Generated by org.testng.reporters.JUnitReportReporter -->
<testsuite skipped="0" hostname="jenkins-agent-10-25-220-198" name="com.mypurecloud.sdk.v2.ApiClientRetryTest" tests="12" failures="0" timestamp="2022-10-12T20:07:49 UTC" time="69.763" errors="0">
  <testcase name="invokeTestWith_503" time="40.060" classname="com.mypurecloud.sdk.v2.ApiClientRetryTest"/>
  <system-out/>
  <testcase name="invokeTestWith_504_No_MaxRetryTime" time="0.045" classname="com.mypurecloud.sdk.v2.ApiClientRetryTest"/>
  <system-out/>
  <testcase name="shouldRetryTestWith_502" time="1.001" classname="com.mypurecloud.sdk.v2.ApiClientRetryTest"/>
  <system-out/>
  <testcase name="invokeTestWith_429_And_No_MaxRetryTime" time="0.049" classname="com.mypurecloud.sdk.v2.ApiClientRetryTest"/>
  <system-out/>
  <testcase name="shouldRetryTestWith_429" time="1.423" classname="com.mypurecloud.sdk.v2.ApiClientRetryTest"/>
  <system-out/>
  <testcase name="shouldRetryTestWith_200" time="0.001" classname="com.mypurecloud.sdk.v2.ApiClientRetryTest"/>
  <system-out/>
  <testcase name="shouldRetryTestWith_503_And_RetryConfig" time="3.002" classname="com.mypurecloud.sdk.v2.ApiClientRetryTest"/>
  <system-out/>
  <testcase name="shouldRetryTestWith_504_And_No_RetryAfter_Header" time="3.001" classname="com.mypurecloud.sdk.v2.ApiClientRetryTest"/>
  <system-out/>
  <testcase name="invokeTestWith_502" time="13.047" classname="com.mypurecloud.sdk.v2.ApiClientRetryTest"/>
  <system-out/>
  <testcase name="invokeTestWith_429" time="6.069" classname="com.mypurecloud.sdk.v2.ApiClientRetryTest"/>
  <system-out/>
  <testcase name="invokeTestWith_504" time="2.062" classname="com.mypurecloud.sdk.v2.ApiClientRetryTest"/>
  <system-out/>
  <testcase name="shouldRetryTestWith_502_And_0_MaxRetryTime" time="0.003" classname="com.mypurecloud.sdk.v2.ApiClientRetryTest"/>
  <system-out/>
</testsuite> <!-- com.mypurecloud.sdk.v2.ApiClientRetryTest -->
