<?xml version="1.0" encoding="UTF-8"?>
<!-- Generated by org.testng.reporters.JUnitReportReporter -->
<testsuite hostname="jenkins-agent-10-25-201-88" failures="0" tests="6" name="com.mypurecloud.sdk.v2.ApiClientRetryAsyncTest" time="60.345" errors="0" timestamp="2023-04-28T07:53:09 UTC" skipped="0">
  <testcase classname="com.mypurecloud.sdk.v2.ApiClientRetryAsyncTest" name="invokeAsyncTestWith_502" time="13.057"/>
  <system-out/>
  <testcase classname="com.mypurecloud.sdk.v2.ApiClientRetryAsyncTest" name="invokeAsyncTestWith_504" time="2.050"/>
  <system-out/>
  <testcase classname="com.mypurecloud.sdk.v2.ApiClientRetryAsyncTest" name="invokeAsyncTestWith_504_And_No_MaxRetryTime" time="0.050"/>
  <system-out/>
  <testcase classname="com.mypurecloud.sdk.v2.ApiClientRetryAsyncTest" name="invokeAsyncTestWith_429" time="5.067"/>
  <system-out/>
  <testcase classname="com.mypurecloud.sdk.v2.ApiClientRetryAsyncTest" name="invokeAsyncTestWith_429_And_No_MaxRetryTime" time="0.054"/>
  <system-out/>
  <testcase classname="com.mypurecloud.sdk.v2.ApiClientRetryAsyncTest" name="invokeAsyncTestWith_503" time="40.067"/>
  <system-out/>
</testsuite> <!-- com.mypurecloud.sdk.v2.ApiClientRetryAsyncTest -->
