<?xml version="1.0" encoding="UTF-8"?>
<!-- Generated by org.testng.reporters.JUnitReportReporter -->
<testsuite skipped="0" hostname="jslave-traditional-10-25-205-215" name="com.mypurecloud.sdk.v2.ApiClientRetryTest" tests="12" failures="0" timestamp="10 Jun 2020 06:19:33 GMT" time="69.540" errors="0">
  <testcase name="invokeTestWith_504_No_MaxRetryTime" time="0.036" classname="com.mypurecloud.sdk.v2.ApiClientRetryTest"/>
  <testcase name="shouldRetryTestWith_200" time="0.004" classname="com.mypurecloud.sdk.v2.ApiClientRetryTest"/>
  <testcase name="shouldRetryTestWith_504_And_No_RetryAfter_Header" time="3.005" classname="com.mypurecloud.sdk.v2.ApiClientRetryTest"/>
  <testcase name="invokeTestWith_502" time="13.040" classname="com.mypurecloud.sdk.v2.ApiClientRetryTest"/>
  <testcase name="shouldRetryTestWith_503_And_RetryConfig" time="3.002" classname="com.mypurecloud.sdk.v2.ApiClientRetryTest"/>
  <testcase name="invokeTestWith_429" time="6.148" classname="com.mypurecloud.sdk.v2.ApiClientRetryTest"/>
  <testcase name="shouldRetryTestWith_502_And_0_MaxRetryTime" time="0.002" classname="com.mypurecloud.sdk.v2.ApiClientRetryTest"/>
  <testcase name="shouldRetryTestWith_502" time="1.001" classname="com.mypurecloud.sdk.v2.ApiClientRetryTest"/>
  <testcase name="invokeTestWith_503" time="40.199" classname="com.mypurecloud.sdk.v2.ApiClientRetryTest"/>
  <testcase name="invokeTestWith_504" time="2.064" classname="com.mypurecloud.sdk.v2.ApiClientRetryTest"/>
  <testcase name="shouldRetryTestWith_429" time="1.001" classname="com.mypurecloud.sdk.v2.ApiClientRetryTest"/>
  <testcase name="invokeTestWith_429_And_No_MaxRetryTime" time="0.038" classname="com.mypurecloud.sdk.v2.ApiClientRetryTest"/>
</testsuite> <!-- com.mypurecloud.sdk.v2.ApiClientRetryTest -->
