<?xml version="1.0" encoding="UTF-8"?>
<!-- Generated by org.testng.reporters.JUnitReportReporter -->
<testsuite skipped="0" hostname="jslave-traditional-v2-10-25-223-92" name="com.mypurecloud.sdk.v2.ApiClientRetryAsyncTest" tests="6" failures="0" timestamp="05 Nov 2020 04:33:27 GMT" time="60.233" errors="0">
  <testcase name="invokeAsyncTestWith_503" time="40.036" classname="com.mypurecloud.sdk.v2.ApiClientRetryAsyncTest"/>
  <testcase name="invokeAsyncTestWith_429" time="5.038" classname="com.mypurecloud.sdk.v2.ApiClientRetryAsyncTest"/>
  <testcase name="invokeAsyncTestWith_502" time="13.034" classname="com.mypurecloud.sdk.v2.ApiClientRetryAsyncTest"/>
  <testcase name="invokeAsyncTestWith_504" time="2.063" classname="com.mypurecloud.sdk.v2.ApiClientRetryAsyncTest"/>
  <testcase name="invokeAsyncTestWith_429_And_No_MaxRetryTime" time="0.033" classname="com.mypurecloud.sdk.v2.ApiClientRetryAsyncTest"/>
  <testcase name="invokeAsyncTestWith_504_And_No_MaxRetryTime" time="0.029" classname="com.mypurecloud.sdk.v2.ApiClientRetryAsyncTest"/>
</testsuite> <!-- com.mypurecloud.sdk.v2.ApiClientRetryAsyncTest -->
