<?xml version="1.0" encoding="UTF-8"?>
<!-- Generated by org.testng.reporters.JUnitReportReporter -->
<testsuite skipped="0" hostname="jenkins-agent-10-25-196-115" name="com.mypurecloud.sdk.v2.SdkTests" tests="8" failures="0" timestamp="28 Jan 2022 07:28:38 GMT" time="7.842" errors="0">
  <testcase name="traceBasicInformation" time="0.040" classname="com.mypurecloud.sdk.v2.SdkTests"/>
  <testcase name="authenticate" time="4.860" classname="com.mypurecloud.sdk.v2.SdkTests"/>
  <testcase name="createUser" time="1.905" classname="com.mypurecloud.sdk.v2.SdkTests"/>
  <testcase name="updateUser" time="0.264" classname="com.mypurecloud.sdk.v2.SdkTests"/>
  <testcase name="setProfileSkills" time="0.075" classname="com.mypurecloud.sdk.v2.SdkTests"/>
  <testcase name="testNotifications" time="0.499" classname="com.mypurecloud.sdk.v2.SdkTests"/>
  <testcase name="getUser" time="0.039" classname="com.mypurecloud.sdk.v2.SdkTests"/>
  <testcase name="deleteUser" time="0.160" classname="com.mypurecloud.sdk.v2.SdkTests"/>
</testsuite> <!-- com.mypurecloud.sdk.v2.SdkTests -->
