<?xml version="1.0" encoding="UTF-8"?>
<!-- Generated by org.testng.reporters.JUnitReportReporter -->
<testsuite hostname="jenkins-agent-10-25-197-19" failures="0" tests="27" name="com.mypurecloud.sdk.v2.SdkTests" time="15.594" errors="0" timestamp="2024-11-12T08:54:51 UTC" skipped="0">
  <testcase classname="com.mypurecloud.sdk.v2.SdkTests" name="traceBasicInformation" time="0.005"/>
  <testcase classname="com.mypurecloud.sdk.v2.SdkTests" name="traceBasicInformation" time="0.040"/>
  <testcase classname="com.mypurecloud.sdk.v2.SdkTests" name="traceBasicInformation" time="0.010"/>
  <testcase classname="com.mypurecloud.sdk.v2.SdkTests" name="authenticate" time="2.559"/>
  <testcase classname="com.mypurecloud.sdk.v2.SdkTests" name="authenticate" time="2.785"/>
  <testcase classname="com.mypurecloud.sdk.v2.SdkTests" name="authenticate" time="2.583"/>
  <testcase classname="com.mypurecloud.sdk.v2.SdkTests" name="createUser" time="1.379"/>
  <testcase classname="com.mypurecloud.sdk.v2.SdkTests" name="createUser" time="1.219"/>
  <testcase classname="com.mypurecloud.sdk.v2.SdkTests" name="createUser" time="1.391"/>
  <testcase classname="com.mypurecloud.sdk.v2.SdkTests" name="updateUser" time="0.091"/>
  <testcase classname="com.mypurecloud.sdk.v2.SdkTests" name="updateUser" time="0.186"/>
  <testcase classname="com.mypurecloud.sdk.v2.SdkTests" name="updateUser" time="0.136"/>
  <testcase classname="com.mypurecloud.sdk.v2.SdkTests" name="setProfileSkills" time="0.067"/>
  <testcase classname="com.mypurecloud.sdk.v2.SdkTests" name="setProfileSkills" time="0.160"/>
  <testcase classname="com.mypurecloud.sdk.v2.SdkTests" name="setProfileSkills" time="0.054"/>
  <testcase classname="com.mypurecloud.sdk.v2.SdkTests" name="testNotifications" time="0.920"/>
  <testcase classname="com.mypurecloud.sdk.v2.SdkTests" name="testNotifications" time="0.764"/>
  <testcase classname="com.mypurecloud.sdk.v2.SdkTests" name="testNotifications" time="0.667"/>
  <testcase classname="com.mypurecloud.sdk.v2.SdkTests" name="getUser" time="0.053"/>
  <testcase classname="com.mypurecloud.sdk.v2.SdkTests" name="getUser" time="0.034"/>
  <testcase classname="com.mypurecloud.sdk.v2.SdkTests" name="getUser" time="0.051"/>
  <testcase classname="com.mypurecloud.sdk.v2.SdkTests" name="testObjectMapperIgnoresUnknownProperties" time="0.001"/>
  <testcase classname="com.mypurecloud.sdk.v2.SdkTests" name="testObjectMapperIgnoresUnknownProperties" time="0.002"/>
  <testcase classname="com.mypurecloud.sdk.v2.SdkTests" name="testObjectMapperIgnoresUnknownProperties" time="0.003"/>
  <testcase classname="com.mypurecloud.sdk.v2.SdkTests" name="deleteUser" time="0.125"/>
  <testcase classname="com.mypurecloud.sdk.v2.SdkTests" name="deleteUser" time="0.146"/>
  <testcase classname="com.mypurecloud.sdk.v2.SdkTests" name="deleteUser" time="0.163"/>
</testsuite> <!-- com.mypurecloud.sdk.v2.SdkTests -->
