<?xml version="1.0" encoding="UTF-8"?>
<!-- Generated by org.testng.reporters.JUnitReportReporter -->
<testsuite hostname="jenkins-agent-10-25-195-225" failures="0" tests="27" name="com.mypurecloud.sdk.v2.SdkTests" time="19.979" errors="0" timestamp="2024-12-21T09:29:20 UTC" skipped="0">
  <testcase classname="com.mypurecloud.sdk.v2.SdkTests" name="traceBasicInformation" time="0.121"/>
  <testcase classname="com.mypurecloud.sdk.v2.SdkTests" name="traceBasicInformation" time="0.007"/>
  <testcase classname="com.mypurecloud.sdk.v2.SdkTests" name="traceBasicInformation" time="0.009"/>
  <testcase classname="com.mypurecloud.sdk.v2.SdkTests" name="authenticate" time="3.538"/>
  <testcase classname="com.mypurecloud.sdk.v2.SdkTests" name="authenticate" time="4.029"/>
  <testcase classname="com.mypurecloud.sdk.v2.SdkTests" name="authenticate" time="3.646"/>
  <testcase classname="com.mypurecloud.sdk.v2.SdkTests" name="createUser" time="1.668"/>
  <testcase classname="com.mypurecloud.sdk.v2.SdkTests" name="createUser" time="1.676"/>
  <testcase classname="com.mypurecloud.sdk.v2.SdkTests" name="createUser" time="1.281"/>
  <testcase classname="com.mypurecloud.sdk.v2.SdkTests" name="updateUser" time="0.208"/>
  <testcase classname="com.mypurecloud.sdk.v2.SdkTests" name="updateUser" time="0.178"/>
  <testcase classname="com.mypurecloud.sdk.v2.SdkTests" name="updateUser" time="0.167"/>
  <testcase classname="com.mypurecloud.sdk.v2.SdkTests" name="setProfileSkills" time="0.137"/>
  <testcase classname="com.mypurecloud.sdk.v2.SdkTests" name="setProfileSkills" time="0.152"/>
  <testcase classname="com.mypurecloud.sdk.v2.SdkTests" name="setProfileSkills" time="0.082"/>
  <testcase classname="com.mypurecloud.sdk.v2.SdkTests" name="testNotifications" time="0.825"/>
  <testcase classname="com.mypurecloud.sdk.v2.SdkTests" name="testNotifications" time="0.765"/>
  <testcase classname="com.mypurecloud.sdk.v2.SdkTests" name="testNotifications" time="0.845"/>
  <testcase classname="com.mypurecloud.sdk.v2.SdkTests" name="getUser" time="0.045"/>
  <testcase classname="com.mypurecloud.sdk.v2.SdkTests" name="getUser" time="0.092"/>
  <testcase classname="com.mypurecloud.sdk.v2.SdkTests" name="getUser" time="0.045"/>
  <testcase classname="com.mypurecloud.sdk.v2.SdkTests" name="testObjectMapperIgnoresUnknownProperties" time="0.002"/>
  <testcase classname="com.mypurecloud.sdk.v2.SdkTests" name="testObjectMapperIgnoresUnknownProperties" time="0.001"/>
  <testcase classname="com.mypurecloud.sdk.v2.SdkTests" name="testObjectMapperIgnoresUnknownProperties" time="0.001"/>
  <testcase classname="com.mypurecloud.sdk.v2.SdkTests" name="deleteUser" time="0.107"/>
  <testcase classname="com.mypurecloud.sdk.v2.SdkTests" name="deleteUser" time="0.188"/>
  <testcase classname="com.mypurecloud.sdk.v2.SdkTests" name="deleteUser" time="0.164"/>
</testsuite> <!-- com.mypurecloud.sdk.v2.SdkTests -->
