<?xml version="1.0" encoding="UTF-8"?>
<!-- Generated by org.testng.reporters.JUnitReportReporter -->
<testsuite hostname="jenkins-agent-10-25-230-37" failures="0" tests="27" name="com.mypurecloud.sdk.v2.SdkTests" time="12.581" errors="0" timestamp="2024-10-11T07:45:14 UTC" skipped="0">
  <testcase classname="com.mypurecloud.sdk.v2.SdkTests" name="traceBasicInformation" time="0.010"/>
  <testcase classname="com.mypurecloud.sdk.v2.SdkTests" name="traceBasicInformation" time="0.025"/>
  <testcase classname="com.mypurecloud.sdk.v2.SdkTests" name="traceBasicInformation" time="0.005"/>
  <testcase classname="com.mypurecloud.sdk.v2.SdkTests" name="authenticate" time="2.155"/>
  <testcase classname="com.mypurecloud.sdk.v2.SdkTests" name="authenticate" time="2.153"/>
  <testcase classname="com.mypurecloud.sdk.v2.SdkTests" name="authenticate" time="2.432"/>
  <testcase classname="com.mypurecloud.sdk.v2.SdkTests" name="createUser" time="0.984"/>
  <testcase classname="com.mypurecloud.sdk.v2.SdkTests" name="createUser" time="0.697"/>
  <testcase classname="com.mypurecloud.sdk.v2.SdkTests" name="createUser" time="0.978"/>
  <testcase classname="com.mypurecloud.sdk.v2.SdkTests" name="updateUser" time="0.122"/>
  <testcase classname="com.mypurecloud.sdk.v2.SdkTests" name="updateUser" time="0.113"/>
  <testcase classname="com.mypurecloud.sdk.v2.SdkTests" name="updateUser" time="0.135"/>
  <testcase classname="com.mypurecloud.sdk.v2.SdkTests" name="setProfileSkills" time="0.120"/>
  <testcase classname="com.mypurecloud.sdk.v2.SdkTests" name="setProfileSkills" time="0.069"/>
  <testcase classname="com.mypurecloud.sdk.v2.SdkTests" name="setProfileSkills" time="0.166"/>
  <testcase classname="com.mypurecloud.sdk.v2.SdkTests" name="testNotifications" time="0.596"/>
  <testcase classname="com.mypurecloud.sdk.v2.SdkTests" name="testNotifications" time="0.480"/>
  <testcase classname="com.mypurecloud.sdk.v2.SdkTests" name="testNotifications" time="0.529"/>
  <testcase classname="com.mypurecloud.sdk.v2.SdkTests" name="getUser" time="0.144"/>
  <testcase classname="com.mypurecloud.sdk.v2.SdkTests" name="getUser" time="0.069"/>
  <testcase classname="com.mypurecloud.sdk.v2.SdkTests" name="getUser" time="0.066"/>
  <testcase classname="com.mypurecloud.sdk.v2.SdkTests" name="testObjectMapperIgnoresUnknownProperties" time="0.003"/>
  <testcase classname="com.mypurecloud.sdk.v2.SdkTests" name="testObjectMapperIgnoresUnknownProperties" time="0.015"/>
  <testcase classname="com.mypurecloud.sdk.v2.SdkTests" name="testObjectMapperIgnoresUnknownProperties" time="0.001"/>
  <testcase classname="com.mypurecloud.sdk.v2.SdkTests" name="deleteUser" time="0.171"/>
  <testcase classname="com.mypurecloud.sdk.v2.SdkTests" name="deleteUser" time="0.166"/>
  <testcase classname="com.mypurecloud.sdk.v2.SdkTests" name="deleteUser" time="0.177"/>
</testsuite> <!-- com.mypurecloud.sdk.v2.SdkTests -->
