<?xml version="1.0" encoding="UTF-8"?>
<!-- Generated by org.testng.reporters.JUnitReportReporter -->
<testsuite skipped="0" hostname="jenkins-agent-10-25-219-176" name="com.mypurecloud.sdk.v2.SdkTests" tests="8" failures="0" timestamp="19 Aug 2021 03:26:42 GMT" time="2.519" errors="0">
  <testcase name="traceBasicInformation" time="0.010" classname="com.mypurecloud.sdk.v2.SdkTests"/>
  <testcase name="authenticate" time="1.169" classname="com.mypurecloud.sdk.v2.SdkTests"/>
  <testcase name="createUser" time="0.627" classname="com.mypurecloud.sdk.v2.SdkTests"/>
  <testcase name="updateUser" time="0.130" classname="com.mypurecloud.sdk.v2.SdkTests"/>
  <testcase name="setProfileSkills" time="0.110" classname="com.mypurecloud.sdk.v2.SdkTests"/>
  <testcase name="testNotifications" time="0.302" classname="com.mypurecloud.sdk.v2.SdkTests"/>
  <testcase name="getUser" time="0.033" classname="com.mypurecloud.sdk.v2.SdkTests"/>
  <testcase name="deleteUser" time="0.138" classname="com.mypurecloud.sdk.v2.SdkTests"/>
</testsuite> <!-- com.mypurecloud.sdk.v2.SdkTests -->
