<?xml version="1.0" encoding="UTF-8"?>
<!-- Generated by org.testng.reporters.JUnitReportReporter -->
<testsuite hostname="jenkins-agent-10-25-214-145" failures="0" tests="6" name="com.mypurecloud.sdk.v2.ApiClientRetryAsyncTest" time="60.649" errors="0" timestamp="2025-01-23T08:24:40 UTC" skipped="0">
  <testcase classname="com.mypurecloud.sdk.v2.ApiClientRetryAsyncTest" name="invokeAsyncTestWith_503" time="40.099"/>
  <testcase classname="com.mypurecloud.sdk.v2.ApiClientRetryAsyncTest" name="invokeAsyncTestWith_504" time="2.139"/>
  <testcase classname="com.mypurecloud.sdk.v2.ApiClientRetryAsyncTest" name="invokeAsyncTestWith_429_And_No_MaxRetryTime" time="0.095"/>
  <testcase classname="com.mypurecloud.sdk.v2.ApiClientRetryAsyncTest" name="invokeAsyncTestWith_429" time="5.123"/>
  <testcase classname="com.mypurecloud.sdk.v2.ApiClientRetryAsyncTest" name="invokeAsyncTestWith_502" time="13.107"/>
  <testcase classname="com.mypurecloud.sdk.v2.ApiClientRetryAsyncTest" name="invokeAsyncTestWith_504_And_No_MaxRetryTime" time="0.086"/>
</testsuite> <!-- com.mypurecloud.sdk.v2.ApiClientRetryAsyncTest -->
