<?xml version="1.0" encoding="UTF-8"?>
<!-- Generated by org.testng.reporters.JUnitReportReporter -->
<testsuite hostname="jenkins-agent-10-25-222-214" failures="0" tests="12" name="com.mypurecloud.sdk.v2.ApiClientRetryTest" time="70.956" errors="0" timestamp="2023-08-01T06:58:49 UTC" skipped="0">
  <testcase classname="com.mypurecloud.sdk.v2.ApiClientRetryTest" name="invokeTestWith_504" time="2.067"/>
  <system-out/>
  <testcase classname="com.mypurecloud.sdk.v2.ApiClientRetryTest" name="shouldRetryTestWith_429" time="1.004"/>
  <system-out/>
  <testcase classname="com.mypurecloud.sdk.v2.ApiClientRetryTest" name="invokeTestWith_504_No_MaxRetryTime" time="0.060"/>
  <system-out/>
  <testcase classname="com.mypurecloud.sdk.v2.ApiClientRetryTest" name="shouldRetryTestWith_503_And_RetryConfig" time="3.003"/>
  <system-out/>
  <testcase classname="com.mypurecloud.sdk.v2.ApiClientRetryTest" name="shouldRetryTestWith_502_And_0_MaxRetryTime" time="0.002"/>
  <system-out/>
  <testcase classname="com.mypurecloud.sdk.v2.ApiClientRetryTest" name="invokeTestWith_429_And_No_MaxRetryTime" time="0.087"/>
  <system-out/>
  <testcase classname="com.mypurecloud.sdk.v2.ApiClientRetryTest" name="shouldRetryTestWith_200" time="0.005"/>
  <system-out/>
  <testcase classname="com.mypurecloud.sdk.v2.ApiClientRetryTest" name="shouldRetryTestWith_504_And_No_RetryAfter_Header" time="3.002"/>
  <system-out/>
  <testcase classname="com.mypurecloud.sdk.v2.ApiClientRetryTest" name="invokeTestWith_429" time="6.202"/>
  <system-out/>
  <testcase classname="com.mypurecloud.sdk.v2.ApiClientRetryTest" name="invokeTestWith_503" time="41.435"/>
  <system-out/>
  <testcase classname="com.mypurecloud.sdk.v2.ApiClientRetryTest" name="invokeTestWith_502" time="13.085"/>
  <system-out/>
  <testcase classname="com.mypurecloud.sdk.v2.ApiClientRetryTest" name="shouldRetryTestWith_502" time="1.004"/>
  <system-out/>
</testsuite> <!-- com.mypurecloud.sdk.v2.ApiClientRetryTest -->
