<?xml version="1.0" encoding="UTF-8"?>
<!-- Generated by org.testng.reporters.JUnitReportReporter -->
<testsuite skipped="0" hostname="jslave-traditional-v2-10-25-234-135" name="com.mypurecloud.sdk.v2.ApiClientRetryAsyncTest" tests="6" failures="0" timestamp="22 Jun 2021 17:32:57 GMT" time="60.272" errors="0">
  <testcase name="invokeAsyncTestWith_503" time="40.034" classname="com.mypurecloud.sdk.v2.ApiClientRetryAsyncTest"/>
  <testcase name="invokeAsyncTestWith_429" time="5.098" classname="com.mypurecloud.sdk.v2.ApiClientRetryAsyncTest"/>
  <testcase name="invokeAsyncTestWith_502" time="13.032" classname="com.mypurecloud.sdk.v2.ApiClientRetryAsyncTest"/>
  <testcase name="invokeAsyncTestWith_429_And_No_MaxRetryTime" time="0.033" classname="com.mypurecloud.sdk.v2.ApiClientRetryAsyncTest"/>
  <testcase name="invokeAsyncTestWith_504_And_No_MaxRetryTime" time="0.035" classname="com.mypurecloud.sdk.v2.ApiClientRetryAsyncTest"/>
  <testcase name="invokeAsyncTestWith_504" time="2.040" classname="com.mypurecloud.sdk.v2.ApiClientRetryAsyncTest"/>
</testsuite> <!-- com.mypurecloud.sdk.v2.ApiClientRetryAsyncTest -->
