<?xml version="1.0" encoding="UTF-8"?>
<!-- Generated by org.testng.reporters.JUnitReportReporter -->
<testsuite skipped="0" hostname="jslave-traditional-v2-10-25-201-47" name="com.mypurecloud.sdk.v2.SdkTests" tests="8" failures="0" timestamp="16 Jun 2021 15:59:53 GMT" time="3.704" errors="0">
  <testcase name="traceBasicInformation" time="0.014" classname="com.mypurecloud.sdk.v2.SdkTests"/>
  <testcase name="authenticate" time="1.056" classname="com.mypurecloud.sdk.v2.SdkTests"/>
  <testcase name="createUser" time="1.034" classname="com.mypurecloud.sdk.v2.SdkTests"/>
  <testcase name="updateUser" time="0.137" classname="com.mypurecloud.sdk.v2.SdkTests"/>
  <testcase name="setProfileSkills" time="0.074" classname="com.mypurecloud.sdk.v2.SdkTests"/>
  <testcase name="testNotifications" time="1.209" classname="com.mypurecloud.sdk.v2.SdkTests"/>
  <testcase name="getUser" time="0.044" classname="com.mypurecloud.sdk.v2.SdkTests"/>
  <testcase name="deleteUser" time="0.136" classname="com.mypurecloud.sdk.v2.SdkTests"/>
</testsuite> <!-- com.mypurecloud.sdk.v2.SdkTests -->
