<?xml version="1.0" encoding="UTF-8"?>
<!-- Generated by org.testng.reporters.JUnitReportReporter -->
<testsuite skipped="0" hostname="jslave-traditional-10-25-223-123" name="com.mypurecloud.sdk.v2.SdkTests" tests="8" failures="0" timestamp="11 Jul 2020 03:24:03 GMT" time="2.284" errors="0">
  <testcase name="traceBasicInformation" time="0.003" classname="com.mypurecloud.sdk.v2.SdkTests"/>
  <testcase name="authenticate" time="0.911" classname="com.mypurecloud.sdk.v2.SdkTests"/>
  <testcase name="createUser" time="0.609" classname="com.mypurecloud.sdk.v2.SdkTests"/>
  <testcase name="updateUser" time="0.121" classname="com.mypurecloud.sdk.v2.SdkTests"/>
  <testcase name="setProfileSkills" time="0.098" classname="com.mypurecloud.sdk.v2.SdkTests"/>
  <testcase name="testNotifications" time="0.363" classname="com.mypurecloud.sdk.v2.SdkTests"/>
  <testcase name="getUser" time="0.042" classname="com.mypurecloud.sdk.v2.SdkTests"/>
  <testcase name="deleteUser" time="0.137" classname="com.mypurecloud.sdk.v2.SdkTests"/>
</testsuite> <!-- com.mypurecloud.sdk.v2.SdkTests -->
