<?xml version="1.0" encoding="UTF-8"?>
<!-- Generated by org.testng.reporters.JUnitReportReporter -->
<testsuite skipped="0" hostname="jslave-traditional-10-25-196-98" name="com.mypurecloud.sdk.v2.ApiClientRetryTest" tests="12" failures="0" timestamp="24 Sep 2020 03:22:58 GMT" time="69.406" errors="0">
  <testcase name="invokeTestWith_503" time="40.042" classname="com.mypurecloud.sdk.v2.ApiClientRetryTest"/>
  <testcase name="invokeTestWith_502" time="13.039" classname="com.mypurecloud.sdk.v2.ApiClientRetryTest"/>
  <testcase name="shouldRetryTestWith_502_And_0_MaxRetryTime" time="0.002" classname="com.mypurecloud.sdk.v2.ApiClientRetryTest"/>
  <testcase name="invokeTestWith_504_No_MaxRetryTime" time="0.034" classname="com.mypurecloud.sdk.v2.ApiClientRetryTest"/>
  <testcase name="shouldRetryTestWith_502" time="1.006" classname="com.mypurecloud.sdk.v2.ApiClientRetryTest"/>
  <testcase name="invokeTestWith_429_And_No_MaxRetryTime" time="0.034" classname="com.mypurecloud.sdk.v2.ApiClientRetryTest"/>
  <testcase name="shouldRetryTestWith_503_And_RetryConfig" time="3.095" classname="com.mypurecloud.sdk.v2.ApiClientRetryTest"/>
  <testcase name="shouldRetryTestWith_429" time="1.001" classname="com.mypurecloud.sdk.v2.ApiClientRetryTest"/>
  <testcase name="invokeTestWith_504" time="2.071" classname="com.mypurecloud.sdk.v2.ApiClientRetryTest"/>
  <testcase name="shouldRetryTestWith_200" time="0.002" classname="com.mypurecloud.sdk.v2.ApiClientRetryTest"/>
  <testcase name="shouldRetryTestWith_504_And_No_RetryAfter_Header" time="3.001" classname="com.mypurecloud.sdk.v2.ApiClientRetryTest"/>
  <testcase name="invokeTestWith_429" time="6.079" classname="com.mypurecloud.sdk.v2.ApiClientRetryTest"/>
</testsuite> <!-- com.mypurecloud.sdk.v2.ApiClientRetryTest -->
