<?xml version="1.0" encoding="UTF-8"?>
<!-- Generated by org.testng.reporters.JUnitReportReporter -->
<testsuite skipped="0" hostname="jenkins-agent-10-25-201-46" name="com.mypurecloud.sdk.v2.SdkTests" tests="8" failures="0" timestamp="30 Nov 2021 07:25:30 GMT" time="4.962" errors="0">
  <testcase name="traceBasicInformation" time="0.030" classname="com.mypurecloud.sdk.v2.SdkTests"/>
  <testcase name="authenticate" time="2.543" classname="com.mypurecloud.sdk.v2.SdkTests"/>
  <testcase name="createUser" time="1.375" classname="com.mypurecloud.sdk.v2.SdkTests"/>
  <testcase name="updateUser" time="0.130" classname="com.mypurecloud.sdk.v2.SdkTests"/>
  <testcase name="setProfileSkills" time="0.215" classname="com.mypurecloud.sdk.v2.SdkTests"/>
  <testcase name="testNotifications" time="0.415" classname="com.mypurecloud.sdk.v2.SdkTests"/>
  <testcase name="getUser" time="0.034" classname="com.mypurecloud.sdk.v2.SdkTests"/>
  <testcase name="deleteUser" time="0.220" classname="com.mypurecloud.sdk.v2.SdkTests"/>
</testsuite> <!-- com.mypurecloud.sdk.v2.SdkTests -->
