<?xml version="1.0" encoding="UTF-8"?>
<!-- Generated by org.testng.reporters.JUnitReportReporter -->
<testsuite skipped="0" hostname="jenkins-agent-10-25-198-131" name="com.mypurecloud.sdk.v2.ApiClientRetryTest" tests="12" failures="0" timestamp="2023-01-11T07:53:15 UTC" time="69.894" errors="0">
  <testcase name="invokeTestWith_504" time="2.067" classname="com.mypurecloud.sdk.v2.ApiClientRetryTest"/>
  <system-out/>
  <testcase name="invokeTestWith_502" time="13.053" classname="com.mypurecloud.sdk.v2.ApiClientRetryTest"/>
  <system-out/>
  <testcase name="shouldRetryTestWith_502" time="1.001" classname="com.mypurecloud.sdk.v2.ApiClientRetryTest"/>
  <system-out/>
  <testcase name="shouldRetryTestWith_429" time="1.001" classname="com.mypurecloud.sdk.v2.ApiClientRetryTest"/>
  <system-out/>
  <testcase name="invokeTestWith_503" time="40.063" classname="com.mypurecloud.sdk.v2.ApiClientRetryTest"/>
  <system-out/>
  <testcase name="invokeTestWith_429_And_No_MaxRetryTime" time="0.047" classname="com.mypurecloud.sdk.v2.ApiClientRetryTest"/>
  <system-out/>
  <testcase name="shouldRetryTestWith_200" time="0.514" classname="com.mypurecloud.sdk.v2.ApiClientRetryTest"/>
  <system-out/>
  <testcase name="shouldRetryTestWith_502_And_0_MaxRetryTime" time="0.002" classname="com.mypurecloud.sdk.v2.ApiClientRetryTest"/>
  <system-out/>
  <testcase name="invokeTestWith_504_No_MaxRetryTime" time="0.040" classname="com.mypurecloud.sdk.v2.ApiClientRetryTest"/>
  <system-out/>
  <testcase name="invokeTestWith_429" time="6.103" classname="com.mypurecloud.sdk.v2.ApiClientRetryTest"/>
  <system-out/>
  <testcase name="shouldRetryTestWith_504_And_No_RetryAfter_Header" time="3.001" classname="com.mypurecloud.sdk.v2.ApiClientRetryTest"/>
  <system-out/>
  <testcase name="shouldRetryTestWith_503_And_RetryConfig" time="3.002" classname="com.mypurecloud.sdk.v2.ApiClientRetryTest"/>
  <system-out/>
</testsuite> <!-- com.mypurecloud.sdk.v2.ApiClientRetryTest -->
