<?xml version="1.0" encoding="UTF-8"?>
<!-- Generated by org.testng.reporters.JUnitReportReporter -->
<testsuite skipped="0" hostname="jenkins-agent-10-25-231-51" name="com.mypurecloud.sdk.v2.SdkTests" tests="8" failures="0" timestamp="06 Nov 2021 06:27:21 GMT" time="7.090" errors="0">
  <testcase name="traceBasicInformation" time="0.033" classname="com.mypurecloud.sdk.v2.SdkTests"/>
  <testcase name="authenticate" time="4.364" classname="com.mypurecloud.sdk.v2.SdkTests"/>
  <testcase name="createUser" time="1.649" classname="com.mypurecloud.sdk.v2.SdkTests"/>
  <testcase name="updateUser" time="0.196" classname="com.mypurecloud.sdk.v2.SdkTests"/>
  <testcase name="setProfileSkills" time="0.089" classname="com.mypurecloud.sdk.v2.SdkTests"/>
  <testcase name="testNotifications" time="0.495" classname="com.mypurecloud.sdk.v2.SdkTests"/>
  <testcase name="getUser" time="0.038" classname="com.mypurecloud.sdk.v2.SdkTests"/>
  <testcase name="deleteUser" time="0.226" classname="com.mypurecloud.sdk.v2.SdkTests"/>
</testsuite> <!-- com.mypurecloud.sdk.v2.SdkTests -->
