<?xml version="1.0" encoding="UTF-8"?>
<!-- Generated by org.testng.reporters.JUnitReportReporter -->
<testsuite skipped="0" hostname="jslave-traditional-10-25-227-92" name="com.mypurecloud.sdk.v2.SdkTests" tests="8" failures="0" timestamp="10 Jun 2020 03:27:57 GMT" time="3.479" errors="0">
  <testcase name="traceBasicInformation" time="0.002" classname="com.mypurecloud.sdk.v2.SdkTests"/>
  <testcase name="authenticate" time="0.943" classname="com.mypurecloud.sdk.v2.SdkTests"/>
  <testcase name="createUser" time="0.827" classname="com.mypurecloud.sdk.v2.SdkTests"/>
  <testcase name="updateUser" time="0.095" classname="com.mypurecloud.sdk.v2.SdkTests"/>
  <testcase name="setProfileSkills" time="0.105" classname="com.mypurecloud.sdk.v2.SdkTests"/>
  <testcase name="testNotifications" time="1.207" classname="com.mypurecloud.sdk.v2.SdkTests"/>
  <testcase name="getUser" time="0.134" classname="com.mypurecloud.sdk.v2.SdkTests"/>
  <testcase name="deleteUser" time="0.166" classname="com.mypurecloud.sdk.v2.SdkTests"/>
</testsuite> <!-- com.mypurecloud.sdk.v2.SdkTests -->
