<?xml version="1.0" encoding="UTF-8"?>
<!-- Generated by org.testng.reporters.JUnitReportReporter -->
<testsuite skipped="0" hostname="jenkins-agent-10-25-224-4" name="com.mypurecloud.sdk.v2.SdkTests" tests="8" failures="0" timestamp="07 Jan 2022 15:34:45 GMT" time="7.368" errors="0">
  <testcase name="traceBasicInformation" time="0.036" classname="com.mypurecloud.sdk.v2.SdkTests"/>
  <testcase name="authenticate" time="4.608" classname="com.mypurecloud.sdk.v2.SdkTests"/>
  <testcase name="createUser" time="1.736" classname="com.mypurecloud.sdk.v2.SdkTests"/>
  <testcase name="updateUser" time="0.166" classname="com.mypurecloud.sdk.v2.SdkTests"/>
  <testcase name="setProfileSkills" time="0.122" classname="com.mypurecloud.sdk.v2.SdkTests"/>
  <testcase name="testNotifications" time="0.459" classname="com.mypurecloud.sdk.v2.SdkTests"/>
  <testcase name="getUser" time="0.075" classname="com.mypurecloud.sdk.v2.SdkTests"/>
  <testcase name="deleteUser" time="0.166" classname="com.mypurecloud.sdk.v2.SdkTests"/>
</testsuite> <!-- com.mypurecloud.sdk.v2.SdkTests -->
