<?xml version="1.0" encoding="UTF-8"?>
<!-- Generated by org.testng.reporters.JUnitReportReporter -->
<testsuite skipped="0" hostname="jenkins-agent-10-25-224-217" name="com.mypurecloud.sdk.v2.SdkTests" tests="24" failures="0" timestamp="08 Feb 2022 10:27:19 GMT" time="14.510" errors="0">
  <testcase name="traceBasicInformation" time="0.003" classname="com.mypurecloud.sdk.v2.SdkTests"/>
  <testcase name="traceBasicInformation" time="0.003" classname="com.mypurecloud.sdk.v2.SdkTests"/>
  <testcase name="traceBasicInformation" time="0.007" classname="com.mypurecloud.sdk.v2.SdkTests"/>
  <testcase name="authenticate" time="2.958" classname="com.mypurecloud.sdk.v2.SdkTests"/>
  <testcase name="authenticate" time="2.515" classname="com.mypurecloud.sdk.v2.SdkTests"/>
  <testcase name="authenticate" time="2.521" classname="com.mypurecloud.sdk.v2.SdkTests"/>
  <testcase name="createUser" time="0.850" classname="com.mypurecloud.sdk.v2.SdkTests"/>
  <testcase name="createUser" time="1.277" classname="com.mypurecloud.sdk.v2.SdkTests"/>
  <testcase name="createUser" time="1.292" classname="com.mypurecloud.sdk.v2.SdkTests"/>
  <testcase name="updateUser" time="0.248" classname="com.mypurecloud.sdk.v2.SdkTests"/>
  <testcase name="updateUser" time="0.226" classname="com.mypurecloud.sdk.v2.SdkTests"/>
  <testcase name="updateUser" time="0.233" classname="com.mypurecloud.sdk.v2.SdkTests"/>
  <testcase name="setProfileSkills" time="0.115" classname="com.mypurecloud.sdk.v2.SdkTests"/>
  <testcase name="setProfileSkills" time="0.113" classname="com.mypurecloud.sdk.v2.SdkTests"/>
  <testcase name="setProfileSkills" time="0.098" classname="com.mypurecloud.sdk.v2.SdkTests"/>
  <testcase name="testNotifications" time="0.510" classname="com.mypurecloud.sdk.v2.SdkTests"/>
  <testcase name="testNotifications" time="0.501" classname="com.mypurecloud.sdk.v2.SdkTests"/>
  <testcase name="testNotifications" time="0.489" classname="com.mypurecloud.sdk.v2.SdkTests"/>
  <testcase name="getUser" time="0.035" classname="com.mypurecloud.sdk.v2.SdkTests"/>
  <testcase name="getUser" time="0.024" classname="com.mypurecloud.sdk.v2.SdkTests"/>
  <testcase name="getUser" time="0.034" classname="com.mypurecloud.sdk.v2.SdkTests"/>
  <testcase name="deleteUser" time="0.142" classname="com.mypurecloud.sdk.v2.SdkTests"/>
  <testcase name="deleteUser" time="0.148" classname="com.mypurecloud.sdk.v2.SdkTests"/>
  <testcase name="deleteUser" time="0.168" classname="com.mypurecloud.sdk.v2.SdkTests"/>
</testsuite> <!-- com.mypurecloud.sdk.v2.SdkTests -->
