<?xml version="1.0" encoding="UTF-8"?>
<!-- Generated by org.testng.reporters.JUnitReportReporter -->
<testsuite skipped="0" hostname="jenkins-agent-10-25-209-170" name="com.mypurecloud.sdk.v2.SdkTests" tests="8" failures="0" timestamp="11 Aug 2021 13:34:53 GMT" time="2.321" errors="0">
  <testcase name="traceBasicInformation" time="0.002" classname="com.mypurecloud.sdk.v2.SdkTests"/>
  <testcase name="authenticate" time="0.904" classname="com.mypurecloud.sdk.v2.SdkTests"/>
  <testcase name="createUser" time="0.644" classname="com.mypurecloud.sdk.v2.SdkTests"/>
  <testcase name="updateUser" time="0.071" classname="com.mypurecloud.sdk.v2.SdkTests"/>
  <testcase name="setProfileSkills" time="0.046" classname="com.mypurecloud.sdk.v2.SdkTests"/>
  <testcase name="testNotifications" time="0.390" classname="com.mypurecloud.sdk.v2.SdkTests"/>
  <testcase name="getUser" time="0.040" classname="com.mypurecloud.sdk.v2.SdkTests"/>
  <testcase name="deleteUser" time="0.224" classname="com.mypurecloud.sdk.v2.SdkTests"/>
</testsuite> <!-- com.mypurecloud.sdk.v2.SdkTests -->
