<?xml version="1.0" encoding="UTF-8"?>
<!-- Generated by org.testng.reporters.JUnitReportReporter -->
<testsuite skipped="0" hostname="jslave-traditional-10-25-233-118" name="com.mypurecloud.sdk.v2.SdkTests" tests="8" failures="0" timestamp="13 Dec 2019 04:12:26 GMT" time="5.509" errors="0">
  <testcase name="traceBasicInformation" time="0.003" classname="com.mypurecloud.sdk.v2.SdkTests"/>
  <testcase name="authenticate" time="2.947" classname="com.mypurecloud.sdk.v2.SdkTests"/>
  <testcase name="createUser" time="1.437" classname="com.mypurecloud.sdk.v2.SdkTests"/>
  <testcase name="updateUser" time="0.235" classname="com.mypurecloud.sdk.v2.SdkTests"/>
  <testcase name="setProfileSkills" time="0.132" classname="com.mypurecloud.sdk.v2.SdkTests"/>
  <testcase name="testNotifications" time="0.522" classname="com.mypurecloud.sdk.v2.SdkTests"/>
  <testcase name="getUser" time="0.065" classname="com.mypurecloud.sdk.v2.SdkTests"/>
  <testcase name="deleteUser" time="0.168" classname="com.mypurecloud.sdk.v2.SdkTests"/>
</testsuite> <!-- com.mypurecloud.sdk.v2.SdkTests -->
