<?xml version="1.0" encoding="UTF-8"?>
<!-- Generated by org.testng.reporters.JUnitReportReporter -->
<testsuite hostname="jenkins-agent-10-25-222-214" failures="0" tests="27" name="com.mypurecloud.sdk.v2.SdkTests" time="10.329" errors="0" timestamp="2023-08-01T06:58:49 UTC" skipped="0">
  <testcase classname="com.mypurecloud.sdk.v2.SdkTests" name="traceBasicInformation" time="0.009"/>
  <system-out/>
  <testcase classname="com.mypurecloud.sdk.v2.SdkTests" name="traceBasicInformation" time="0.006"/>
  <system-out/>
  <testcase classname="com.mypurecloud.sdk.v2.SdkTests" name="traceBasicInformation" time="0.006"/>
  <system-out/>
  <testcase classname="com.mypurecloud.sdk.v2.SdkTests" name="authenticate" time="1.729"/>
  <system-out/>
  <testcase classname="com.mypurecloud.sdk.v2.SdkTests" name="authenticate" time="1.733"/>
  <system-out/>
  <testcase classname="com.mypurecloud.sdk.v2.SdkTests" name="authenticate" time="1.864"/>
  <system-out/>
  <testcase classname="com.mypurecloud.sdk.v2.SdkTests" name="createUser" time="0.736"/>
  <system-out/>
  <testcase classname="com.mypurecloud.sdk.v2.SdkTests" name="createUser" time="0.740"/>
  <system-out/>
  <testcase classname="com.mypurecloud.sdk.v2.SdkTests" name="createUser" time="0.602"/>
  <system-out/>
  <testcase classname="com.mypurecloud.sdk.v2.SdkTests" name="updateUser" time="0.171"/>
  <system-out/>
  <testcase classname="com.mypurecloud.sdk.v2.SdkTests" name="updateUser" time="0.160"/>
  <system-out/>
  <testcase classname="com.mypurecloud.sdk.v2.SdkTests" name="updateUser" time="0.137"/>
  <system-out/>
  <testcase classname="com.mypurecloud.sdk.v2.SdkTests" name="setProfileSkills" time="0.150"/>
  <system-out/>
  <testcase classname="com.mypurecloud.sdk.v2.SdkTests" name="setProfileSkills" time="0.190"/>
  <system-out/>
  <testcase classname="com.mypurecloud.sdk.v2.SdkTests" name="setProfileSkills" time="0.196"/>
  <system-out/>
  <testcase classname="com.mypurecloud.sdk.v2.SdkTests" name="testNotifications" time="0.519"/>
  <system-out/>
  <testcase classname="com.mypurecloud.sdk.v2.SdkTests" name="testNotifications" time="0.364"/>
  <system-out/>
  <testcase classname="com.mypurecloud.sdk.v2.SdkTests" name="testNotifications" time="0.480"/>
  <system-out/>
  <testcase classname="com.mypurecloud.sdk.v2.SdkTests" name="getUser" time="0.029"/>
  <system-out/>
  <testcase classname="com.mypurecloud.sdk.v2.SdkTests" name="getUser" time="0.029"/>
  <system-out/>
  <testcase classname="com.mypurecloud.sdk.v2.SdkTests" name="getUser" time="0.032"/>
  <system-out/>
  <testcase classname="com.mypurecloud.sdk.v2.SdkTests" name="testObjectMapperIgnoresUnknownProperties" time="0.001"/>
  <system-out/>
  <testcase classname="com.mypurecloud.sdk.v2.SdkTests" name="testObjectMapperIgnoresUnknownProperties" time="0.002"/>
  <system-out/>
  <testcase classname="com.mypurecloud.sdk.v2.SdkTests" name="testObjectMapperIgnoresUnknownProperties" time="0.001"/>
  <system-out/>
  <testcase classname="com.mypurecloud.sdk.v2.SdkTests" name="deleteUser" time="0.114"/>
  <system-out/>
  <testcase classname="com.mypurecloud.sdk.v2.SdkTests" name="deleteUser" time="0.134"/>
  <system-out/>
  <testcase classname="com.mypurecloud.sdk.v2.SdkTests" name="deleteUser" time="0.195"/>
  <system-out/>
</testsuite> <!-- com.mypurecloud.sdk.v2.SdkTests -->
