<?xml version="1.0" encoding="UTF-8"?>
<!-- Generated by org.testng.reporters.JUnitReportReporter -->
<testsuite hostname="jenkins-agent-10-25-236-56" failures="0" tests="27" name="com.mypurecloud.sdk.v2.SdkTests" time="9.447" errors="0" timestamp="2025-03-29T07:24:10 UTC" skipped="0">
  <testcase classname="com.mypurecloud.sdk.v2.SdkTests" name="traceBasicInformation" time="0.010"/>
  <testcase classname="com.mypurecloud.sdk.v2.SdkTests" name="traceBasicInformation" time="0.010"/>
  <testcase classname="com.mypurecloud.sdk.v2.SdkTests" name="traceBasicInformation" time="0.010"/>
  <testcase classname="com.mypurecloud.sdk.v2.SdkTests" name="authenticate" time="1.471"/>
  <testcase classname="com.mypurecloud.sdk.v2.SdkTests" name="authenticate" time="1.444"/>
  <testcase classname="com.mypurecloud.sdk.v2.SdkTests" name="authenticate" time="1.447"/>
  <testcase classname="com.mypurecloud.sdk.v2.SdkTests" name="createUser" time="0.765"/>
  <testcase classname="com.mypurecloud.sdk.v2.SdkTests" name="createUser" time="0.767"/>
  <testcase classname="com.mypurecloud.sdk.v2.SdkTests" name="createUser" time="0.746"/>
  <testcase classname="com.mypurecloud.sdk.v2.SdkTests" name="updateUser" time="0.101"/>
  <testcase classname="com.mypurecloud.sdk.v2.SdkTests" name="updateUser" time="0.155"/>
  <testcase classname="com.mypurecloud.sdk.v2.SdkTests" name="updateUser" time="0.167"/>
  <testcase classname="com.mypurecloud.sdk.v2.SdkTests" name="setProfileSkills" time="0.147"/>
  <testcase classname="com.mypurecloud.sdk.v2.SdkTests" name="setProfileSkills" time="0.144"/>
  <testcase classname="com.mypurecloud.sdk.v2.SdkTests" name="setProfileSkills" time="0.136"/>
  <testcase classname="com.mypurecloud.sdk.v2.SdkTests" name="testNotifications" time="0.434"/>
  <testcase classname="com.mypurecloud.sdk.v2.SdkTests" name="testNotifications" time="0.461"/>
  <testcase classname="com.mypurecloud.sdk.v2.SdkTests" name="testNotifications" time="0.454"/>
  <testcase classname="com.mypurecloud.sdk.v2.SdkTests" name="getUser" time="0.034"/>
  <testcase classname="com.mypurecloud.sdk.v2.SdkTests" name="getUser" time="0.037"/>
  <testcase classname="com.mypurecloud.sdk.v2.SdkTests" name="getUser" time="0.058"/>
  <testcase classname="com.mypurecloud.sdk.v2.SdkTests" name="testObjectMapperIgnoresUnknownProperties" time="0.001"/>
  <testcase classname="com.mypurecloud.sdk.v2.SdkTests" name="testObjectMapperIgnoresUnknownProperties" time="0.008"/>
  <testcase classname="com.mypurecloud.sdk.v2.SdkTests" name="testObjectMapperIgnoresUnknownProperties" time="0.002"/>
  <testcase classname="com.mypurecloud.sdk.v2.SdkTests" name="deleteUser" time="0.149"/>
  <testcase classname="com.mypurecloud.sdk.v2.SdkTests" name="deleteUser" time="0.157"/>
  <testcase classname="com.mypurecloud.sdk.v2.SdkTests" name="deleteUser" time="0.132"/>
</testsuite> <!-- com.mypurecloud.sdk.v2.SdkTests -->
