<?xml version="1.0" encoding="UTF-8"?>
<!-- Generated by org.testng.reporters.JUnitReportReporter -->
<testsuite skipped="0" hostname="jslave-traditional-10-25-197-205" name="com.mypurecloud.sdk.v2.ApiClientRetryTest" tests="12" failures="0" timestamp="16 Apr 2020 06:33:19 GMT" time="69.408" errors="0">
  <testcase name="invokeTestWith_429_And_No_MaxRetryTime" time="0.046" classname="com.mypurecloud.sdk.v2.ApiClientRetryTest"/>
  <testcase name="invokeTestWith_503" time="40.037" classname="com.mypurecloud.sdk.v2.ApiClientRetryTest"/>
  <testcase name="shouldRetryTestWith_503_And_RetryConfig" time="3.002" classname="com.mypurecloud.sdk.v2.ApiClientRetryTest"/>
  <testcase name="shouldRetryTestWith_200" time="0.003" classname="com.mypurecloud.sdk.v2.ApiClientRetryTest"/>
  <testcase name="invokeTestWith_504" time="2.073" classname="com.mypurecloud.sdk.v2.ApiClientRetryTest"/>
  <testcase name="invokeTestWith_429" time="6.072" classname="com.mypurecloud.sdk.v2.ApiClientRetryTest"/>
  <testcase name="invokeTestWith_502" time="13.045" classname="com.mypurecloud.sdk.v2.ApiClientRetryTest"/>
  <testcase name="shouldRetryTestWith_429" time="1.001" classname="com.mypurecloud.sdk.v2.ApiClientRetryTest"/>
  <testcase name="invokeTestWith_504_No_MaxRetryTime" time="0.124" classname="com.mypurecloud.sdk.v2.ApiClientRetryTest"/>
  <testcase name="shouldRetryTestWith_502" time="1.003" classname="com.mypurecloud.sdk.v2.ApiClientRetryTest"/>
  <testcase name="shouldRetryTestWith_502_And_0_MaxRetryTime" time="0.001" classname="com.mypurecloud.sdk.v2.ApiClientRetryTest"/>
  <testcase name="shouldRetryTestWith_504_And_No_RetryAfter_Header" time="3.001" classname="com.mypurecloud.sdk.v2.ApiClientRetryTest"/>
</testsuite> <!-- com.mypurecloud.sdk.v2.ApiClientRetryTest -->
