<?xml version="1.0" encoding="UTF-8"?>
<!-- Generated by org.testng.reporters.JUnitReportReporter -->
<testsuite hostname="jenkins-agent-10-25-226-26" failures="0" tests="27" name="com.mypurecloud.sdk.v2.SdkTests" time="13.572" errors="0" timestamp="2024-06-07T07:17:14 UTC" skipped="0">
  <testcase classname="com.mypurecloud.sdk.v2.SdkTests" name="traceBasicInformation" time="0.021"/>
  <testcase classname="com.mypurecloud.sdk.v2.SdkTests" name="traceBasicInformation" time="0.009"/>
  <testcase classname="com.mypurecloud.sdk.v2.SdkTests" name="traceBasicInformation" time="0.003"/>
  <testcase classname="com.mypurecloud.sdk.v2.SdkTests" name="authenticate" time="2.468"/>
  <testcase classname="com.mypurecloud.sdk.v2.SdkTests" name="authenticate" time="2.473"/>
  <testcase classname="com.mypurecloud.sdk.v2.SdkTests" name="authenticate" time="2.777"/>
  <testcase classname="com.mypurecloud.sdk.v2.SdkTests" name="createUser" time="0.844"/>
  <testcase classname="com.mypurecloud.sdk.v2.SdkTests" name="createUser" time="0.707"/>
  <testcase classname="com.mypurecloud.sdk.v2.SdkTests" name="createUser" time="0.821"/>
  <testcase classname="com.mypurecloud.sdk.v2.SdkTests" name="updateUser" time="0.204"/>
  <testcase classname="com.mypurecloud.sdk.v2.SdkTests" name="updateUser" time="0.167"/>
  <testcase classname="com.mypurecloud.sdk.v2.SdkTests" name="updateUser" time="0.163"/>
  <testcase classname="com.mypurecloud.sdk.v2.SdkTests" name="setProfileSkills" time="0.176"/>
  <testcase classname="com.mypurecloud.sdk.v2.SdkTests" name="setProfileSkills" time="0.112"/>
  <testcase classname="com.mypurecloud.sdk.v2.SdkTests" name="setProfileSkills" time="0.154"/>
  <testcase classname="com.mypurecloud.sdk.v2.SdkTests" name="testNotifications" time="0.653"/>
  <testcase classname="com.mypurecloud.sdk.v2.SdkTests" name="testNotifications" time="0.675"/>
  <testcase classname="com.mypurecloud.sdk.v2.SdkTests" name="testNotifications" time="0.571"/>
  <testcase classname="com.mypurecloud.sdk.v2.SdkTests" name="getUser" time="0.038"/>
  <testcase classname="com.mypurecloud.sdk.v2.SdkTests" name="getUser" time="0.050"/>
  <testcase classname="com.mypurecloud.sdk.v2.SdkTests" name="getUser" time="0.036"/>
  <testcase classname="com.mypurecloud.sdk.v2.SdkTests" name="testObjectMapperIgnoresUnknownProperties" time="0.002"/>
  <testcase classname="com.mypurecloud.sdk.v2.SdkTests" name="testObjectMapperIgnoresUnknownProperties" time="0.002"/>
  <testcase classname="com.mypurecloud.sdk.v2.SdkTests" name="testObjectMapperIgnoresUnknownProperties" time="0.004"/>
  <testcase classname="com.mypurecloud.sdk.v2.SdkTests" name="deleteUser" time="0.129"/>
  <testcase classname="com.mypurecloud.sdk.v2.SdkTests" name="deleteUser" time="0.209"/>
  <testcase classname="com.mypurecloud.sdk.v2.SdkTests" name="deleteUser" time="0.104"/>
</testsuite> <!-- com.mypurecloud.sdk.v2.SdkTests -->
