<?xml version="1.0" encoding="UTF-8"?>
<!-- Generated by org.testng.reporters.JUnitReportReporter -->
<testsuite hostname="jenkins-agent-10-25-215-217" failures="0" tests="30" name="com.mypurecloud.sdk.v2.SdkTests" time="6.028" errors="0" timestamp="2025-08-03T07:24:50 UTC" skipped="0">
  <testcase classname="com.mypurecloud.sdk.v2.SdkTests" name="traceBasicInformation" time="0.005"/>
  <testcase classname="com.mypurecloud.sdk.v2.SdkTests" name="traceBasicInformation" time="0.000"/>
  <testcase classname="com.mypurecloud.sdk.v2.SdkTests" name="traceBasicInformation" time="0.000"/>
  <testcase classname="com.mypurecloud.sdk.v2.SdkTests" name="authenticate" time="0.418"/>
  <testcase classname="com.mypurecloud.sdk.v2.SdkTests" name="authenticate" time="0.853"/>
  <testcase classname="com.mypurecloud.sdk.v2.SdkTests" name="authenticate" time="0.235"/>
  <testcase classname="com.mypurecloud.sdk.v2.SdkTests" name="createUser" time="0.476"/>
  <testcase classname="com.mypurecloud.sdk.v2.SdkTests" name="createUser" time="0.390"/>
  <testcase classname="com.mypurecloud.sdk.v2.SdkTests" name="createUser" time="0.622"/>
  <testcase classname="com.mypurecloud.sdk.v2.SdkTests" name="updateUser" time="0.182"/>
  <testcase classname="com.mypurecloud.sdk.v2.SdkTests" name="updateUser" time="0.103"/>
  <testcase classname="com.mypurecloud.sdk.v2.SdkTests" name="updateUser" time="0.105"/>
  <testcase classname="com.mypurecloud.sdk.v2.SdkTests" name="setProfileSkills" time="0.093"/>
  <testcase classname="com.mypurecloud.sdk.v2.SdkTests" name="setProfileSkills" time="0.104"/>
  <testcase classname="com.mypurecloud.sdk.v2.SdkTests" name="setProfileSkills" time="0.159"/>
  <testcase classname="com.mypurecloud.sdk.v2.SdkTests" name="testNotifications" time="0.533"/>
  <testcase classname="com.mypurecloud.sdk.v2.SdkTests" name="testNotifications" time="0.393"/>
  <testcase classname="com.mypurecloud.sdk.v2.SdkTests" name="testNotifications" time="0.326"/>
  <testcase classname="com.mypurecloud.sdk.v2.SdkTests" name="getUser" time="0.126"/>
  <testcase classname="com.mypurecloud.sdk.v2.SdkTests" name="getUser" time="0.046"/>
  <testcase classname="com.mypurecloud.sdk.v2.SdkTests" name="getUser" time="0.081"/>
  <testcase classname="com.mypurecloud.sdk.v2.SdkTests" name="testObjectMapperIgnoresUnknownProperties" time="0.001"/>
  <testcase classname="com.mypurecloud.sdk.v2.SdkTests" name="testObjectMapperIgnoresUnknownProperties" time="0.001"/>
  <testcase classname="com.mypurecloud.sdk.v2.SdkTests" name="testObjectMapperIgnoresUnknownProperties" time="0.003"/>
  <testcase classname="com.mypurecloud.sdk.v2.SdkTests" name="testPreAndPostHooks" time="0.122"/>
  <testcase classname="com.mypurecloud.sdk.v2.SdkTests" name="testPreAndPostHooks" time="0.103"/>
  <testcase classname="com.mypurecloud.sdk.v2.SdkTests" name="testPreAndPostHooks" time="0.043"/>
  <testcase classname="com.mypurecloud.sdk.v2.SdkTests" name="deleteUser" time="0.233"/>
  <testcase classname="com.mypurecloud.sdk.v2.SdkTests" name="deleteUser" time="0.148"/>
  <testcase classname="com.mypurecloud.sdk.v2.SdkTests" name="deleteUser" time="0.124"/>
</testsuite> <!-- com.mypurecloud.sdk.v2.SdkTests -->
