<?xml version="1.0" encoding="UTF-8"?>
<!-- Generated by org.testng.reporters.JUnitReportReporter -->
<testsuite skipped="0" hostname="jslave-traditional-v2-10-25-201-168" name="com.mypurecloud.sdk.v2.SdkTests" tests="8" failures="0" timestamp="21 Sep 2020 15:31:56 GMT" time="2.363" errors="0">
  <testcase name="traceBasicInformation" time="0.004" classname="com.mypurecloud.sdk.v2.SdkTests"/>
  <testcase name="authenticate" time="0.604" classname="com.mypurecloud.sdk.v2.SdkTests"/>
  <testcase name="createUser" time="0.614" classname="com.mypurecloud.sdk.v2.SdkTests"/>
  <testcase name="updateUser" time="0.119" classname="com.mypurecloud.sdk.v2.SdkTests"/>
  <testcase name="setProfileSkills" time="0.109" classname="com.mypurecloud.sdk.v2.SdkTests"/>
  <testcase name="testNotifications" time="0.653" classname="com.mypurecloud.sdk.v2.SdkTests"/>
  <testcase name="getUser" time="0.049" classname="com.mypurecloud.sdk.v2.SdkTests"/>
  <testcase name="deleteUser" time="0.211" classname="com.mypurecloud.sdk.v2.SdkTests"/>
</testsuite> <!-- com.mypurecloud.sdk.v2.SdkTests -->
