<?xml version="1.0" encoding="UTF-8"?>
<!-- Generated by org.testng.reporters.JUnitReportReporter -->
<testsuite hostname="jenkins-agent-10-25-226-26" failures="0" tests="27" name="com.mypurecloud.sdk.v2.SdkTests" time="13.801" errors="0" timestamp="2024-12-06T08:39:12 UTC" skipped="0">
  <testcase classname="com.mypurecloud.sdk.v2.SdkTests" name="traceBasicInformation" time="0.007"/>
  <testcase classname="com.mypurecloud.sdk.v2.SdkTests" name="traceBasicInformation" time="0.006"/>
  <testcase classname="com.mypurecloud.sdk.v2.SdkTests" name="traceBasicInformation" time="0.007"/>
  <testcase classname="com.mypurecloud.sdk.v2.SdkTests" name="authenticate" time="2.034"/>
  <testcase classname="com.mypurecloud.sdk.v2.SdkTests" name="authenticate" time="2.224"/>
  <testcase classname="com.mypurecloud.sdk.v2.SdkTests" name="authenticate" time="2.033"/>
  <testcase classname="com.mypurecloud.sdk.v2.SdkTests" name="createUser" time="1.415"/>
  <testcase classname="com.mypurecloud.sdk.v2.SdkTests" name="createUser" time="1.413"/>
  <testcase classname="com.mypurecloud.sdk.v2.SdkTests" name="createUser" time="1.225"/>
  <testcase classname="com.mypurecloud.sdk.v2.SdkTests" name="updateUser" time="0.147"/>
  <testcase classname="com.mypurecloud.sdk.v2.SdkTests" name="updateUser" time="0.141"/>
  <testcase classname="com.mypurecloud.sdk.v2.SdkTests" name="updateUser" time="0.143"/>
  <testcase classname="com.mypurecloud.sdk.v2.SdkTests" name="setProfileSkills" time="0.075"/>
  <testcase classname="com.mypurecloud.sdk.v2.SdkTests" name="setProfileSkills" time="0.063"/>
  <testcase classname="com.mypurecloud.sdk.v2.SdkTests" name="setProfileSkills" time="0.157"/>
  <testcase classname="com.mypurecloud.sdk.v2.SdkTests" name="testNotifications" time="0.655"/>
  <testcase classname="com.mypurecloud.sdk.v2.SdkTests" name="testNotifications" time="0.646"/>
  <testcase classname="com.mypurecloud.sdk.v2.SdkTests" name="testNotifications" time="0.685"/>
  <testcase classname="com.mypurecloud.sdk.v2.SdkTests" name="getUser" time="0.079"/>
  <testcase classname="com.mypurecloud.sdk.v2.SdkTests" name="getUser" time="0.127"/>
  <testcase classname="com.mypurecloud.sdk.v2.SdkTests" name="getUser" time="0.105"/>
  <testcase classname="com.mypurecloud.sdk.v2.SdkTests" name="testObjectMapperIgnoresUnknownProperties" time="0.000"/>
  <testcase classname="com.mypurecloud.sdk.v2.SdkTests" name="testObjectMapperIgnoresUnknownProperties" time="0.002"/>
  <testcase classname="com.mypurecloud.sdk.v2.SdkTests" name="testObjectMapperIgnoresUnknownProperties" time="0.019"/>
  <testcase classname="com.mypurecloud.sdk.v2.SdkTests" name="deleteUser" time="0.178"/>
  <testcase classname="com.mypurecloud.sdk.v2.SdkTests" name="deleteUser" time="0.112"/>
  <testcase classname="com.mypurecloud.sdk.v2.SdkTests" name="deleteUser" time="0.103"/>
</testsuite> <!-- com.mypurecloud.sdk.v2.SdkTests -->
