<?xml version="1.0" encoding="UTF-8"?>
<!-- Generated by org.testng.reporters.JUnitReportReporter -->
<testsuite skipped="0" hostname="jenkins-agent-10-25-198-35" name="com.mypurecloud.sdk.v2.SdkTests" tests="27" failures="0" timestamp="2023-04-15T06:57:07 UTC" time="8.552" errors="0">
  <testcase name="traceBasicInformation" time="0.014" classname="com.mypurecloud.sdk.v2.SdkTests"/>
  <system-out/>
  <testcase name="traceBasicInformation" time="0.011" classname="com.mypurecloud.sdk.v2.SdkTests"/>
  <system-out/>
  <testcase name="traceBasicInformation" time="0.002" classname="com.mypurecloud.sdk.v2.SdkTests"/>
  <system-out/>
  <testcase name="authenticate" time="1.063" classname="com.mypurecloud.sdk.v2.SdkTests"/>
  <system-out/>
  <testcase name="authenticate" time="1.112" classname="com.mypurecloud.sdk.v2.SdkTests"/>
  <system-out/>
  <testcase name="authenticate" time="1.053" classname="com.mypurecloud.sdk.v2.SdkTests"/>
  <system-out/>
  <testcase name="createUser" time="0.745" classname="com.mypurecloud.sdk.v2.SdkTests"/>
  <system-out/>
  <testcase name="createUser" time="0.761" classname="com.mypurecloud.sdk.v2.SdkTests"/>
  <system-out/>
  <testcase name="createUser" time="0.702" classname="com.mypurecloud.sdk.v2.SdkTests"/>
  <system-out/>
  <testcase name="updateUser" time="0.202" classname="com.mypurecloud.sdk.v2.SdkTests"/>
  <system-out/>
  <testcase name="updateUser" time="0.165" classname="com.mypurecloud.sdk.v2.SdkTests"/>
  <system-out/>
  <testcase name="updateUser" time="0.181" classname="com.mypurecloud.sdk.v2.SdkTests"/>
  <system-out/>
  <testcase name="setProfileSkills" time="0.199" classname="com.mypurecloud.sdk.v2.SdkTests"/>
  <system-out/>
  <testcase name="setProfileSkills" time="0.129" classname="com.mypurecloud.sdk.v2.SdkTests"/>
  <system-out/>
  <testcase name="setProfileSkills" time="0.216" classname="com.mypurecloud.sdk.v2.SdkTests"/>
  <system-out/>
  <testcase name="testNotifications" time="0.432" classname="com.mypurecloud.sdk.v2.SdkTests"/>
  <system-out/>
  <testcase name="testNotifications" time="0.473" classname="com.mypurecloud.sdk.v2.SdkTests"/>
  <system-out/>
  <testcase name="testNotifications" time="0.395" classname="com.mypurecloud.sdk.v2.SdkTests"/>
  <system-out/>
  <testcase name="getUser" time="0.100" classname="com.mypurecloud.sdk.v2.SdkTests"/>
  <system-out/>
  <testcase name="getUser" time="0.034" classname="com.mypurecloud.sdk.v2.SdkTests"/>
  <system-out/>
  <testcase name="getUser" time="0.046" classname="com.mypurecloud.sdk.v2.SdkTests"/>
  <system-out/>
  <testcase name="testObjectMapperIgnoresUnknownProperties" time="0.002" classname="com.mypurecloud.sdk.v2.SdkTests"/>
  <system-out/>
  <testcase name="testObjectMapperIgnoresUnknownProperties" time="0.000" classname="com.mypurecloud.sdk.v2.SdkTests"/>
  <system-out/>
  <testcase name="testObjectMapperIgnoresUnknownProperties" time="0.001" classname="com.mypurecloud.sdk.v2.SdkTests"/>
  <system-out/>
  <testcase name="deleteUser" time="0.153" classname="com.mypurecloud.sdk.v2.SdkTests"/>
  <system-out/>
  <testcase name="deleteUser" time="0.178" classname="com.mypurecloud.sdk.v2.SdkTests"/>
  <system-out/>
  <testcase name="deleteUser" time="0.183" classname="com.mypurecloud.sdk.v2.SdkTests"/>
  <system-out/>
</testsuite> <!-- com.mypurecloud.sdk.v2.SdkTests -->
