<?xml version="1.0" encoding="UTF-8"?>
<!-- Generated by org.testng.reporters.JUnitReportReporter -->
<testsuite hostname="jenkins-agent-10-25-219-71" failures="0" tests="27" name="com.mypurecloud.sdk.v2.SdkTests" time="8.466" errors="0" timestamp="2024-09-08T07:09:13 UTC" skipped="0">
  <testcase classname="com.mypurecloud.sdk.v2.SdkTests" name="traceBasicInformation" time="0.009"/>
  <testcase classname="com.mypurecloud.sdk.v2.SdkTests" name="traceBasicInformation" time="0.007"/>
  <testcase classname="com.mypurecloud.sdk.v2.SdkTests" name="traceBasicInformation" time="0.007"/>
  <testcase classname="com.mypurecloud.sdk.v2.SdkTests" name="authenticate" time="1.277"/>
  <testcase classname="com.mypurecloud.sdk.v2.SdkTests" name="authenticate" time="1.279"/>
  <testcase classname="com.mypurecloud.sdk.v2.SdkTests" name="authenticate" time="1.306"/>
  <testcase classname="com.mypurecloud.sdk.v2.SdkTests" name="createUser" time="0.665"/>
  <testcase classname="com.mypurecloud.sdk.v2.SdkTests" name="createUser" time="0.707"/>
  <testcase classname="com.mypurecloud.sdk.v2.SdkTests" name="createUser" time="0.689"/>
  <testcase classname="com.mypurecloud.sdk.v2.SdkTests" name="updateUser" time="0.171"/>
  <testcase classname="com.mypurecloud.sdk.v2.SdkTests" name="updateUser" time="0.196"/>
  <testcase classname="com.mypurecloud.sdk.v2.SdkTests" name="updateUser" time="0.165"/>
  <testcase classname="com.mypurecloud.sdk.v2.SdkTests" name="setProfileSkills" time="0.090"/>
  <testcase classname="com.mypurecloud.sdk.v2.SdkTests" name="setProfileSkills" time="0.154"/>
  <testcase classname="com.mypurecloud.sdk.v2.SdkTests" name="setProfileSkills" time="0.113"/>
  <testcase classname="com.mypurecloud.sdk.v2.SdkTests" name="testNotifications" time="0.363"/>
  <testcase classname="com.mypurecloud.sdk.v2.SdkTests" name="testNotifications" time="0.372"/>
  <testcase classname="com.mypurecloud.sdk.v2.SdkTests" name="testNotifications" time="0.336"/>
  <testcase classname="com.mypurecloud.sdk.v2.SdkTests" name="getUser" time="0.047"/>
  <testcase classname="com.mypurecloud.sdk.v2.SdkTests" name="getUser" time="0.044"/>
  <testcase classname="com.mypurecloud.sdk.v2.SdkTests" name="getUser" time="0.031"/>
  <testcase classname="com.mypurecloud.sdk.v2.SdkTests" name="testObjectMapperIgnoresUnknownProperties" time="0.009"/>
  <testcase classname="com.mypurecloud.sdk.v2.SdkTests" name="testObjectMapperIgnoresUnknownProperties" time="0.001"/>
  <testcase classname="com.mypurecloud.sdk.v2.SdkTests" name="testObjectMapperIgnoresUnknownProperties" time="0.003"/>
  <testcase classname="com.mypurecloud.sdk.v2.SdkTests" name="deleteUser" time="0.094"/>
  <testcase classname="com.mypurecloud.sdk.v2.SdkTests" name="deleteUser" time="0.116"/>
  <testcase classname="com.mypurecloud.sdk.v2.SdkTests" name="deleteUser" time="0.215"/>
</testsuite> <!-- com.mypurecloud.sdk.v2.SdkTests -->
