<?xml version="1.0" encoding="UTF-8"?>
<!-- Generated by org.testng.reporters.JUnitReportReporter -->
<testsuite skipped="0" hostname="jenkins-agent-10-25-200-203" name="com.mypurecloud.sdk.v2.SdkTests" tests="24" failures="0" timestamp="16 Feb 2022 07:25:10 GMT" time="16.205" errors="0">
  <testcase name="traceBasicInformation" time="0.014" classname="com.mypurecloud.sdk.v2.SdkTests"/>
  <testcase name="traceBasicInformation" time="0.010" classname="com.mypurecloud.sdk.v2.SdkTests"/>
  <testcase name="traceBasicInformation" time="0.005" classname="com.mypurecloud.sdk.v2.SdkTests"/>
  <testcase name="authenticate" time="3.664" classname="com.mypurecloud.sdk.v2.SdkTests"/>
  <testcase name="authenticate" time="3.136" classname="com.mypurecloud.sdk.v2.SdkTests"/>
  <testcase name="authenticate" time="3.147" classname="com.mypurecloud.sdk.v2.SdkTests"/>
  <testcase name="createUser" time="1.206" classname="com.mypurecloud.sdk.v2.SdkTests"/>
  <testcase name="createUser" time="0.719" classname="com.mypurecloud.sdk.v2.SdkTests"/>
  <testcase name="createUser" time="1.210" classname="com.mypurecloud.sdk.v2.SdkTests"/>
  <testcase name="updateUser" time="0.179" classname="com.mypurecloud.sdk.v2.SdkTests"/>
  <testcase name="updateUser" time="0.152" classname="com.mypurecloud.sdk.v2.SdkTests"/>
  <testcase name="updateUser" time="0.218" classname="com.mypurecloud.sdk.v2.SdkTests"/>
  <testcase name="setProfileSkills" time="0.113" classname="com.mypurecloud.sdk.v2.SdkTests"/>
  <testcase name="setProfileSkills" time="0.159" classname="com.mypurecloud.sdk.v2.SdkTests"/>
  <testcase name="setProfileSkills" time="0.106" classname="com.mypurecloud.sdk.v2.SdkTests"/>
  <testcase name="testNotifications" time="0.515" classname="com.mypurecloud.sdk.v2.SdkTests"/>
  <testcase name="testNotifications" time="0.504" classname="com.mypurecloud.sdk.v2.SdkTests"/>
  <testcase name="testNotifications" time="0.556" classname="com.mypurecloud.sdk.v2.SdkTests"/>
  <testcase name="getUser" time="0.045" classname="com.mypurecloud.sdk.v2.SdkTests"/>
  <testcase name="getUser" time="0.026" classname="com.mypurecloud.sdk.v2.SdkTests"/>
  <testcase name="getUser" time="0.037" classname="com.mypurecloud.sdk.v2.SdkTests"/>
  <testcase name="deleteUser" time="0.167" classname="com.mypurecloud.sdk.v2.SdkTests"/>
  <testcase name="deleteUser" time="0.159" classname="com.mypurecloud.sdk.v2.SdkTests"/>
  <testcase name="deleteUser" time="0.158" classname="com.mypurecloud.sdk.v2.SdkTests"/>
</testsuite> <!-- com.mypurecloud.sdk.v2.SdkTests -->
