<?xml version="1.0" encoding="UTF-8"?>
<!-- Generated by org.testng.reporters.JUnitReportReporter -->
<testsuite skipped="0" hostname="jenkins-agent-10-25-205-14" name="com.mypurecloud.sdk.v2.SdkTests" tests="27" failures="0" timestamp="2022-12-20T19:25:22 UTC" time="8.149" errors="0">
  <testcase name="traceBasicInformation" time="0.009" classname="com.mypurecloud.sdk.v2.SdkTests"/>
  <system-out/>
  <testcase name="traceBasicInformation" time="0.010" classname="com.mypurecloud.sdk.v2.SdkTests"/>
  <system-out/>
  <testcase name="traceBasicInformation" time="0.011" classname="com.mypurecloud.sdk.v2.SdkTests"/>
  <system-out/>
  <testcase name="authenticate" time="0.980" classname="com.mypurecloud.sdk.v2.SdkTests"/>
  <system-out/>
  <testcase name="authenticate" time="0.912" classname="com.mypurecloud.sdk.v2.SdkTests"/>
  <system-out/>
  <testcase name="authenticate" time="0.907" classname="com.mypurecloud.sdk.v2.SdkTests"/>
  <system-out/>
  <testcase name="createUser" time="0.677" classname="com.mypurecloud.sdk.v2.SdkTests"/>
  <system-out/>
  <testcase name="createUser" time="0.677" classname="com.mypurecloud.sdk.v2.SdkTests"/>
  <system-out/>
  <testcase name="createUser" time="0.626" classname="com.mypurecloud.sdk.v2.SdkTests"/>
  <system-out/>
  <testcase name="updateUser" time="0.113" classname="com.mypurecloud.sdk.v2.SdkTests"/>
  <system-out/>
  <testcase name="updateUser" time="0.138" classname="com.mypurecloud.sdk.v2.SdkTests"/>
  <system-out/>
  <testcase name="updateUser" time="0.167" classname="com.mypurecloud.sdk.v2.SdkTests"/>
  <system-out/>
  <testcase name="setProfileSkills" time="0.102" classname="com.mypurecloud.sdk.v2.SdkTests"/>
  <system-out/>
  <testcase name="setProfileSkills" time="0.134" classname="com.mypurecloud.sdk.v2.SdkTests"/>
  <system-out/>
  <testcase name="setProfileSkills" time="0.156" classname="com.mypurecloud.sdk.v2.SdkTests"/>
  <system-out/>
  <testcase name="testNotifications" time="0.544" classname="com.mypurecloud.sdk.v2.SdkTests"/>
  <system-out/>
  <testcase name="testNotifications" time="0.543" classname="com.mypurecloud.sdk.v2.SdkTests"/>
  <system-out/>
  <testcase name="testNotifications" time="0.520" classname="com.mypurecloud.sdk.v2.SdkTests"/>
  <system-out/>
  <testcase name="getUser" time="0.089" classname="com.mypurecloud.sdk.v2.SdkTests"/>
  <system-out/>
  <testcase name="getUser" time="0.185" classname="com.mypurecloud.sdk.v2.SdkTests"/>
  <system-out/>
  <testcase name="getUser" time="0.086" classname="com.mypurecloud.sdk.v2.SdkTests"/>
  <system-out/>
  <testcase name="testObjectMapperIgnoresUnknownProperties" time="0.001" classname="com.mypurecloud.sdk.v2.SdkTests"/>
  <system-out/>
  <testcase name="testObjectMapperIgnoresUnknownProperties" time="0.017" classname="com.mypurecloud.sdk.v2.SdkTests"/>
  <system-out/>
  <testcase name="testObjectMapperIgnoresUnknownProperties" time="0.001" classname="com.mypurecloud.sdk.v2.SdkTests"/>
  <system-out/>
  <testcase name="deleteUser" time="0.140" classname="com.mypurecloud.sdk.v2.SdkTests"/>
  <system-out/>
  <testcase name="deleteUser" time="0.213" classname="com.mypurecloud.sdk.v2.SdkTests"/>
  <system-out/>
  <testcase name="deleteUser" time="0.191" classname="com.mypurecloud.sdk.v2.SdkTests"/>
  <system-out/>
</testsuite> <!-- com.mypurecloud.sdk.v2.SdkTests -->
