<?xml version="1.0" encoding="UTF-8"?>
<!-- Generated by org.testng.reporters.JUnitReportReporter -->
<testsuite hostname="jenkins-agent-10-25-192-55" failures="0" tests="27" name="com.mypurecloud.sdk.v2.SdkTests" time="8.755" errors="0" timestamp="2025-03-22T07:01:27 UTC" skipped="0">
  <testcase classname="com.mypurecloud.sdk.v2.SdkTests" name="traceBasicInformation" time="0.007"/>
  <testcase classname="com.mypurecloud.sdk.v2.SdkTests" name="traceBasicInformation" time="0.007"/>
  <testcase classname="com.mypurecloud.sdk.v2.SdkTests" name="traceBasicInformation" time="0.007"/>
  <testcase classname="com.mypurecloud.sdk.v2.SdkTests" name="authenticate" time="0.999"/>
  <testcase classname="com.mypurecloud.sdk.v2.SdkTests" name="authenticate" time="1.000"/>
  <testcase classname="com.mypurecloud.sdk.v2.SdkTests" name="authenticate" time="1.033"/>
  <testcase classname="com.mypurecloud.sdk.v2.SdkTests" name="createUser" time="1.041"/>
  <testcase classname="com.mypurecloud.sdk.v2.SdkTests" name="createUser" time="1.046"/>
  <testcase classname="com.mypurecloud.sdk.v2.SdkTests" name="createUser" time="1.005"/>
  <testcase classname="com.mypurecloud.sdk.v2.SdkTests" name="updateUser" time="0.143"/>
  <testcase classname="com.mypurecloud.sdk.v2.SdkTests" name="updateUser" time="0.141"/>
  <testcase classname="com.mypurecloud.sdk.v2.SdkTests" name="updateUser" time="0.120"/>
  <testcase classname="com.mypurecloud.sdk.v2.SdkTests" name="setProfileSkills" time="0.075"/>
  <testcase classname="com.mypurecloud.sdk.v2.SdkTests" name="setProfileSkills" time="0.067"/>
  <testcase classname="com.mypurecloud.sdk.v2.SdkTests" name="setProfileSkills" time="0.065"/>
  <testcase classname="com.mypurecloud.sdk.v2.SdkTests" name="testNotifications" time="0.569"/>
  <testcase classname="com.mypurecloud.sdk.v2.SdkTests" name="testNotifications" time="0.438"/>
  <testcase classname="com.mypurecloud.sdk.v2.SdkTests" name="testNotifications" time="0.426"/>
  <testcase classname="com.mypurecloud.sdk.v2.SdkTests" name="getUser" time="0.042"/>
  <testcase classname="com.mypurecloud.sdk.v2.SdkTests" name="getUser" time="0.055"/>
  <testcase classname="com.mypurecloud.sdk.v2.SdkTests" name="getUser" time="0.059"/>
  <testcase classname="com.mypurecloud.sdk.v2.SdkTests" name="testObjectMapperIgnoresUnknownProperties" time="0.002"/>
  <testcase classname="com.mypurecloud.sdk.v2.SdkTests" name="testObjectMapperIgnoresUnknownProperties" time="0.002"/>
  <testcase classname="com.mypurecloud.sdk.v2.SdkTests" name="testObjectMapperIgnoresUnknownProperties" time="0.001"/>
  <testcase classname="com.mypurecloud.sdk.v2.SdkTests" name="deleteUser" time="0.146"/>
  <testcase classname="com.mypurecloud.sdk.v2.SdkTests" name="deleteUser" time="0.123"/>
  <testcase classname="com.mypurecloud.sdk.v2.SdkTests" name="deleteUser" time="0.136"/>
</testsuite> <!-- com.mypurecloud.sdk.v2.SdkTests -->
