<?xml version="1.0" encoding="UTF-8"?>
<!-- Generated by org.testng.reporters.JUnitReportReporter -->
<testsuite hostname="jenkins-agent-10-25-207-124" failures="0" tests="12" name="com.mypurecloud.sdk.v2.ApiClientRetryTest" time="71.475" errors="0" timestamp="2024-10-29T07:12:05 UTC" skipped="0">
  <testcase classname="com.mypurecloud.sdk.v2.ApiClientRetryTest" name="invokeTestWith_504_No_MaxRetryTime" time="0.107"/>
  <testcase classname="com.mypurecloud.sdk.v2.ApiClientRetryTest" name="shouldRetryTestWith_503_And_RetryConfig" time="3.004"/>
  <testcase classname="com.mypurecloud.sdk.v2.ApiClientRetryTest" name="shouldRetryTestWith_504_And_No_RetryAfter_Header" time="4.515"/>
  <testcase classname="com.mypurecloud.sdk.v2.ApiClientRetryTest" name="shouldRetryTestWith_502" time="1.006"/>
  <testcase classname="com.mypurecloud.sdk.v2.ApiClientRetryTest" name="shouldRetryTestWith_502_And_0_MaxRetryTime" time="0.005"/>
  <testcase classname="com.mypurecloud.sdk.v2.ApiClientRetryTest" name="shouldRetryTestWith_429" time="1.006"/>
  <testcase classname="com.mypurecloud.sdk.v2.ApiClientRetryTest" name="invokeTestWith_429" time="6.262"/>
  <testcase classname="com.mypurecloud.sdk.v2.ApiClientRetryTest" name="shouldRetryTestWith_200" time="0.011"/>
  <testcase classname="com.mypurecloud.sdk.v2.ApiClientRetryTest" name="invokeTestWith_504" time="2.123"/>
  <testcase classname="com.mypurecloud.sdk.v2.ApiClientRetryTest" name="invokeTestWith_503" time="40.129"/>
  <testcase classname="com.mypurecloud.sdk.v2.ApiClientRetryTest" name="invokeTestWith_429_And_No_MaxRetryTime" time="0.172"/>
  <testcase classname="com.mypurecloud.sdk.v2.ApiClientRetryTest" name="invokeTestWith_502" time="13.135"/>
</testsuite> <!-- com.mypurecloud.sdk.v2.ApiClientRetryTest -->
