<?xml version="1.0" encoding="UTF-8"?>
<!-- Generated by org.testng.reporters.JUnitReportReporter -->
<testsuite skipped="0" hostname="jenkins-agent-10-25-228-1" name="com.mypurecloud.sdk.v2.SdkTests" tests="27" failures="0" timestamp="2022-12-18T08:04:09 UTC" time="9.151" errors="0">
  <testcase name="traceBasicInformation" time="0.007" classname="com.mypurecloud.sdk.v2.SdkTests"/>
  <system-out/>
  <testcase name="traceBasicInformation" time="0.007" classname="com.mypurecloud.sdk.v2.SdkTests"/>
  <system-out/>
  <testcase name="traceBasicInformation" time="0.005" classname="com.mypurecloud.sdk.v2.SdkTests"/>
  <system-out/>
  <testcase name="authenticate" time="1.369" classname="com.mypurecloud.sdk.v2.SdkTests"/>
  <system-out/>
  <testcase name="authenticate" time="1.637" classname="com.mypurecloud.sdk.v2.SdkTests"/>
  <system-out/>
  <testcase name="authenticate" time="1.381" classname="com.mypurecloud.sdk.v2.SdkTests"/>
  <system-out/>
  <testcase name="createUser" time="0.609" classname="com.mypurecloud.sdk.v2.SdkTests"/>
  <system-out/>
  <testcase name="createUser" time="0.883" classname="com.mypurecloud.sdk.v2.SdkTests"/>
  <system-out/>
  <testcase name="createUser" time="0.860" classname="com.mypurecloud.sdk.v2.SdkTests"/>
  <system-out/>
  <testcase name="updateUser" time="0.130" classname="com.mypurecloud.sdk.v2.SdkTests"/>
  <system-out/>
  <testcase name="updateUser" time="0.160" classname="com.mypurecloud.sdk.v2.SdkTests"/>
  <system-out/>
  <testcase name="updateUser" time="0.144" classname="com.mypurecloud.sdk.v2.SdkTests"/>
  <system-out/>
  <testcase name="setProfileSkills" time="0.085" classname="com.mypurecloud.sdk.v2.SdkTests"/>
  <system-out/>
  <testcase name="setProfileSkills" time="0.137" classname="com.mypurecloud.sdk.v2.SdkTests"/>
  <system-out/>
  <testcase name="setProfileSkills" time="0.086" classname="com.mypurecloud.sdk.v2.SdkTests"/>
  <system-out/>
  <testcase name="testNotifications" time="0.410" classname="com.mypurecloud.sdk.v2.SdkTests"/>
  <system-out/>
  <testcase name="testNotifications" time="0.330" classname="com.mypurecloud.sdk.v2.SdkTests"/>
  <system-out/>
  <testcase name="testNotifications" time="0.379" classname="com.mypurecloud.sdk.v2.SdkTests"/>
  <system-out/>
  <testcase name="getUser" time="0.033" classname="com.mypurecloud.sdk.v2.SdkTests"/>
  <system-out/>
  <testcase name="getUser" time="0.031" classname="com.mypurecloud.sdk.v2.SdkTests"/>
  <system-out/>
  <testcase name="getUser" time="0.037" classname="com.mypurecloud.sdk.v2.SdkTests"/>
  <system-out/>
  <testcase name="testObjectMapperIgnoresUnknownProperties" time="0.000" classname="com.mypurecloud.sdk.v2.SdkTests"/>
  <system-out/>
  <testcase name="testObjectMapperIgnoresUnknownProperties" time="0.001" classname="com.mypurecloud.sdk.v2.SdkTests"/>
  <system-out/>
  <testcase name="testObjectMapperIgnoresUnknownProperties" time="0.002" classname="com.mypurecloud.sdk.v2.SdkTests"/>
  <system-out/>
  <testcase name="deleteUser" time="0.124" classname="com.mypurecloud.sdk.v2.SdkTests"/>
  <system-out/>
  <testcase name="deleteUser" time="0.175" classname="com.mypurecloud.sdk.v2.SdkTests"/>
  <system-out/>
  <testcase name="deleteUser" time="0.129" classname="com.mypurecloud.sdk.v2.SdkTests"/>
  <system-out/>
</testsuite> <!-- com.mypurecloud.sdk.v2.SdkTests -->
