<?xml version="1.0" encoding="UTF-8"?>
<!-- Generated by org.testng.reporters.JUnitReportReporter -->
<testsuite hostname="jenkins-agent-10-25-197-48" failures="0" tests="6" name="com.mypurecloud.sdk.v2.ApiClientRetryAsyncTest" time="60.685" errors="0" timestamp="2025-04-10T07:22:48 UTC" skipped="0">
  <testcase classname="com.mypurecloud.sdk.v2.ApiClientRetryAsyncTest" name="invokeAsyncTestWith_429_And_No_MaxRetryTime" time="0.111"/>
  <testcase classname="com.mypurecloud.sdk.v2.ApiClientRetryAsyncTest" name="invokeAsyncTestWith_504" time="2.116"/>
  <testcase classname="com.mypurecloud.sdk.v2.ApiClientRetryAsyncTest" name="invokeAsyncTestWith_502" time="13.111"/>
  <testcase classname="com.mypurecloud.sdk.v2.ApiClientRetryAsyncTest" name="invokeAsyncTestWith_503" time="40.106"/>
  <testcase classname="com.mypurecloud.sdk.v2.ApiClientRetryAsyncTest" name="invokeAsyncTestWith_429" time="5.139"/>
  <testcase classname="com.mypurecloud.sdk.v2.ApiClientRetryAsyncTest" name="invokeAsyncTestWith_504_And_No_MaxRetryTime" time="0.102"/>
</testsuite> <!-- com.mypurecloud.sdk.v2.ApiClientRetryAsyncTest -->
