<?xml version="1.0" encoding="UTF-8"?>
<!-- Generated by org.testng.reporters.JUnitReportReporter -->
<testsuite hostname="jenkins-agent-10-25-230-44" failures="0" tests="27" name="com.mypurecloud.sdk.v2.SdkTests" time="10.507" errors="0" timestamp="2023-07-10T15:44:08 UTC" skipped="0">
  <testcase classname="com.mypurecloud.sdk.v2.SdkTests" name="traceBasicInformation" time="0.016"/>
  <system-out/>
  <testcase classname="com.mypurecloud.sdk.v2.SdkTests" name="traceBasicInformation" time="0.007"/>
  <system-out/>
  <testcase classname="com.mypurecloud.sdk.v2.SdkTests" name="traceBasicInformation" time="0.013"/>
  <system-out/>
  <testcase classname="com.mypurecloud.sdk.v2.SdkTests" name="authenticate" time="1.502"/>
  <system-out/>
  <testcase classname="com.mypurecloud.sdk.v2.SdkTests" name="authenticate" time="1.787"/>
  <system-out/>
  <testcase classname="com.mypurecloud.sdk.v2.SdkTests" name="authenticate" time="1.501"/>
  <system-out/>
  <testcase classname="com.mypurecloud.sdk.v2.SdkTests" name="createUser" time="0.705"/>
  <system-out/>
  <testcase classname="com.mypurecloud.sdk.v2.SdkTests" name="createUser" time="0.808"/>
  <system-out/>
  <testcase classname="com.mypurecloud.sdk.v2.SdkTests" name="createUser" time="0.805"/>
  <system-out/>
  <testcase classname="com.mypurecloud.sdk.v2.SdkTests" name="updateUser" time="0.175"/>
  <system-out/>
  <testcase classname="com.mypurecloud.sdk.v2.SdkTests" name="updateUser" time="0.240"/>
  <system-out/>
  <testcase classname="com.mypurecloud.sdk.v2.SdkTests" name="updateUser" time="0.228"/>
  <system-out/>
  <testcase classname="com.mypurecloud.sdk.v2.SdkTests" name="setProfileSkills" time="0.199"/>
  <system-out/>
  <testcase classname="com.mypurecloud.sdk.v2.SdkTests" name="setProfileSkills" time="0.170"/>
  <system-out/>
  <testcase classname="com.mypurecloud.sdk.v2.SdkTests" name="setProfileSkills" time="0.178"/>
  <system-out/>
  <testcase classname="com.mypurecloud.sdk.v2.SdkTests" name="testNotifications" time="0.397"/>
  <system-out/>
  <testcase classname="com.mypurecloud.sdk.v2.SdkTests" name="testNotifications" time="0.501"/>
  <system-out/>
  <testcase classname="com.mypurecloud.sdk.v2.SdkTests" name="testNotifications" time="0.550"/>
  <system-out/>
  <testcase classname="com.mypurecloud.sdk.v2.SdkTests" name="getUser" time="0.052"/>
  <system-out/>
  <testcase classname="com.mypurecloud.sdk.v2.SdkTests" name="getUser" time="0.097"/>
  <system-out/>
  <testcase classname="com.mypurecloud.sdk.v2.SdkTests" name="getUser" time="0.092"/>
  <system-out/>
  <testcase classname="com.mypurecloud.sdk.v2.SdkTests" name="testObjectMapperIgnoresUnknownProperties" time="0.001"/>
  <system-out/>
  <testcase classname="com.mypurecloud.sdk.v2.SdkTests" name="testObjectMapperIgnoresUnknownProperties" time="0.002"/>
  <system-out/>
  <testcase classname="com.mypurecloud.sdk.v2.SdkTests" name="testObjectMapperIgnoresUnknownProperties" time="0.001"/>
  <system-out/>
  <testcase classname="com.mypurecloud.sdk.v2.SdkTests" name="deleteUser" time="0.170"/>
  <system-out/>
  <testcase classname="com.mypurecloud.sdk.v2.SdkTests" name="deleteUser" time="0.164"/>
  <system-out/>
  <testcase classname="com.mypurecloud.sdk.v2.SdkTests" name="deleteUser" time="0.146"/>
  <system-out/>
</testsuite> <!-- com.mypurecloud.sdk.v2.SdkTests -->
