<?xml version="1.0" encoding="UTF-8"?>
<!-- Generated by org.testng.reporters.JUnitReportReporter -->
<testsuite hostname="jenkins-agent-10-25-195-204" failures="0" tests="12" name="com.mypurecloud.sdk.v2.ApiClientRetryTest" time="72.151" errors="0" timestamp="2025-08-19T17:20:42 UTC" skipped="0">
  <testcase classname="com.mypurecloud.sdk.v2.ApiClientRetryTest" name="invokeTestWith_503" time="40.169"/>
  <testcase classname="com.mypurecloud.sdk.v2.ApiClientRetryTest" name="shouldRetryTestWith_429" time="2.742"/>
  <testcase classname="com.mypurecloud.sdk.v2.ApiClientRetryTest" name="shouldRetryTestWith_503_And_RetryConfig" time="3.011"/>
  <testcase classname="com.mypurecloud.sdk.v2.ApiClientRetryTest" name="invokeTestWith_502" time="13.210"/>
  <testcase classname="com.mypurecloud.sdk.v2.ApiClientRetryTest" name="invokeTestWith_429" time="6.309"/>
  <testcase classname="com.mypurecloud.sdk.v2.ApiClientRetryTest" name="invokeTestWith_504_No_MaxRetryTime" time="0.203"/>
  <testcase classname="com.mypurecloud.sdk.v2.ApiClientRetryTest" name="shouldRetryTestWith_504_And_No_RetryAfter_Header" time="3.015"/>
  <testcase classname="com.mypurecloud.sdk.v2.ApiClientRetryTest" name="invokeTestWith_504" time="2.287"/>
  <testcase classname="com.mypurecloud.sdk.v2.ApiClientRetryTest" name="shouldRetryTestWith_502_And_0_MaxRetryTime" time="0.006"/>
  <testcase classname="com.mypurecloud.sdk.v2.ApiClientRetryTest" name="shouldRetryTestWith_200" time="0.006"/>
  <testcase classname="com.mypurecloud.sdk.v2.ApiClientRetryTest" name="shouldRetryTestWith_502" time="1.004"/>
  <testcase classname="com.mypurecloud.sdk.v2.ApiClientRetryTest" name="invokeTestWith_429_And_No_MaxRetryTime" time="0.189"/>
</testsuite> <!-- com.mypurecloud.sdk.v2.ApiClientRetryTest -->
