<?xml version="1.0" encoding="UTF-8"?>
<!-- Generated by org.testng.reporters.JUnitReportReporter -->
<testsuite hostname="jenkins-agent-10-25-220-39" failures="0" tests="27" name="com.mypurecloud.sdk.v2.SdkTests" time="14.249" errors="0" timestamp="2024-03-19T07:12:31 UTC" skipped="0">
  <testcase classname="com.mypurecloud.sdk.v2.SdkTests" name="traceBasicInformation" time="0.001"/>
  <system-out/>
  <testcase classname="com.mypurecloud.sdk.v2.SdkTests" name="traceBasicInformation" time="0.005"/>
  <system-out/>
  <testcase classname="com.mypurecloud.sdk.v2.SdkTests" name="traceBasicInformation" time="0.008"/>
  <system-out/>
  <testcase classname="com.mypurecloud.sdk.v2.SdkTests" name="authenticate" time="2.530"/>
  <system-out/>
  <testcase classname="com.mypurecloud.sdk.v2.SdkTests" name="authenticate" time="2.529"/>
  <system-out/>
  <testcase classname="com.mypurecloud.sdk.v2.SdkTests" name="authenticate" time="2.822"/>
  <system-out/>
  <testcase classname="com.mypurecloud.sdk.v2.SdkTests" name="createUser" time="0.733"/>
  <system-out/>
  <testcase classname="com.mypurecloud.sdk.v2.SdkTests" name="createUser" time="1.014"/>
  <system-out/>
  <testcase classname="com.mypurecloud.sdk.v2.SdkTests" name="createUser" time="0.985"/>
  <system-out/>
  <testcase classname="com.mypurecloud.sdk.v2.SdkTests" name="updateUser" time="0.201"/>
  <system-out/>
  <testcase classname="com.mypurecloud.sdk.v2.SdkTests" name="updateUser" time="0.215"/>
  <system-out/>
  <testcase classname="com.mypurecloud.sdk.v2.SdkTests" name="updateUser" time="0.202"/>
  <system-out/>
  <testcase classname="com.mypurecloud.sdk.v2.SdkTests" name="setProfileSkills" time="0.124"/>
  <system-out/>
  <testcase classname="com.mypurecloud.sdk.v2.SdkTests" name="setProfileSkills" time="0.194"/>
  <system-out/>
  <testcase classname="com.mypurecloud.sdk.v2.SdkTests" name="setProfileSkills" time="0.189"/>
  <system-out/>
  <testcase classname="com.mypurecloud.sdk.v2.SdkTests" name="testNotifications" time="0.674"/>
  <system-out/>
  <testcase classname="com.mypurecloud.sdk.v2.SdkTests" name="testNotifications" time="0.617"/>
  <system-out/>
  <testcase classname="com.mypurecloud.sdk.v2.SdkTests" name="testNotifications" time="0.607"/>
  <system-out/>
  <testcase classname="com.mypurecloud.sdk.v2.SdkTests" name="getUser" time="0.051"/>
  <system-out/>
  <testcase classname="com.mypurecloud.sdk.v2.SdkTests" name="getUser" time="0.044"/>
  <system-out/>
  <testcase classname="com.mypurecloud.sdk.v2.SdkTests" name="getUser" time="0.083"/>
  <system-out/>
  <testcase classname="com.mypurecloud.sdk.v2.SdkTests" name="testObjectMapperIgnoresUnknownProperties" time="0.003"/>
  <system-out/>
  <testcase classname="com.mypurecloud.sdk.v2.SdkTests" name="testObjectMapperIgnoresUnknownProperties" time="0.001"/>
  <system-out/>
  <testcase classname="com.mypurecloud.sdk.v2.SdkTests" name="testObjectMapperIgnoresUnknownProperties" time="0.001"/>
  <system-out/>
  <testcase classname="com.mypurecloud.sdk.v2.SdkTests" name="deleteUser" time="0.110"/>
  <system-out/>
  <testcase classname="com.mypurecloud.sdk.v2.SdkTests" name="deleteUser" time="0.167"/>
  <system-out/>
  <testcase classname="com.mypurecloud.sdk.v2.SdkTests" name="deleteUser" time="0.139"/>
  <system-out/>
</testsuite> <!-- com.mypurecloud.sdk.v2.SdkTests -->
