<?xml version="1.0" encoding="UTF-8"?>
<!-- Generated by org.testng.reporters.JUnitReportReporter -->
<testsuite hostname="jenkins-agent-10-25-199-131" failures="0" tests="30" name="com.mypurecloud.sdk.v2.SdkTests" time="5.769" errors="0" timestamp="2025-08-27T10:09:26 UTC" skipped="0">
  <testcase classname="com.mypurecloud.sdk.v2.SdkTests" name="traceBasicInformation" time="0.008"/>
  <testcase classname="com.mypurecloud.sdk.v2.SdkTests" name="traceBasicInformation" time="0.001"/>
  <testcase classname="com.mypurecloud.sdk.v2.SdkTests" name="traceBasicInformation" time="0.001"/>
  <testcase classname="com.mypurecloud.sdk.v2.SdkTests" name="authenticate" time="0.898"/>
  <testcase classname="com.mypurecloud.sdk.v2.SdkTests" name="authenticate" time="0.271"/>
  <testcase classname="com.mypurecloud.sdk.v2.SdkTests" name="authenticate" time="0.533"/>
  <testcase classname="com.mypurecloud.sdk.v2.SdkTests" name="createUser" time="0.438"/>
  <testcase classname="com.mypurecloud.sdk.v2.SdkTests" name="createUser" time="0.360"/>
  <testcase classname="com.mypurecloud.sdk.v2.SdkTests" name="createUser" time="0.652"/>
  <testcase classname="com.mypurecloud.sdk.v2.SdkTests" name="updateUser" time="0.122"/>
  <testcase classname="com.mypurecloud.sdk.v2.SdkTests" name="updateUser" time="0.123"/>
  <testcase classname="com.mypurecloud.sdk.v2.SdkTests" name="updateUser" time="0.095"/>
  <testcase classname="com.mypurecloud.sdk.v2.SdkTests" name="setProfileSkills" time="0.087"/>
  <testcase classname="com.mypurecloud.sdk.v2.SdkTests" name="setProfileSkills" time="0.150"/>
  <testcase classname="com.mypurecloud.sdk.v2.SdkTests" name="setProfileSkills" time="0.117"/>
  <testcase classname="com.mypurecloud.sdk.v2.SdkTests" name="testNotifications" time="0.434"/>
  <testcase classname="com.mypurecloud.sdk.v2.SdkTests" name="testNotifications" time="0.359"/>
  <testcase classname="com.mypurecloud.sdk.v2.SdkTests" name="testNotifications" time="0.323"/>
  <testcase classname="com.mypurecloud.sdk.v2.SdkTests" name="getUser" time="0.081"/>
  <testcase classname="com.mypurecloud.sdk.v2.SdkTests" name="getUser" time="0.045"/>
  <testcase classname="com.mypurecloud.sdk.v2.SdkTests" name="getUser" time="0.069"/>
  <testcase classname="com.mypurecloud.sdk.v2.SdkTests" name="testObjectMapperIgnoresUnknownProperties" time="0.001"/>
  <testcase classname="com.mypurecloud.sdk.v2.SdkTests" name="testObjectMapperIgnoresUnknownProperties" time="0.000"/>
  <testcase classname="com.mypurecloud.sdk.v2.SdkTests" name="testObjectMapperIgnoresUnknownProperties" time="0.002"/>
  <testcase classname="com.mypurecloud.sdk.v2.SdkTests" name="testPreAndPostHooks" time="0.050"/>
  <testcase classname="com.mypurecloud.sdk.v2.SdkTests" name="testPreAndPostHooks" time="0.043"/>
  <testcase classname="com.mypurecloud.sdk.v2.SdkTests" name="testPreAndPostHooks" time="0.044"/>
  <testcase classname="com.mypurecloud.sdk.v2.SdkTests" name="deleteUser" time="0.181"/>
  <testcase classname="com.mypurecloud.sdk.v2.SdkTests" name="deleteUser" time="0.138"/>
  <testcase classname="com.mypurecloud.sdk.v2.SdkTests" name="deleteUser" time="0.143"/>
</testsuite> <!-- com.mypurecloud.sdk.v2.SdkTests -->
