<?xml version="1.0" encoding="UTF-8"?>
<!-- Generated by org.testng.reporters.JUnitReportReporter -->
<testsuite skipped="0" hostname="jslave-traditional-v2-10-25-230-190" name="com.mypurecloud.sdk.v2.ApiClientRetryAsyncTest" tests="6" failures="0" timestamp="16 Mar 2021 14:42:29 GMT" time="60.339" errors="0">
  <testcase name="invokeAsyncTestWith_429" time="5.072" classname="com.mypurecloud.sdk.v2.ApiClientRetryAsyncTest"/>
  <testcase name="invokeAsyncTestWith_504" time="2.052" classname="com.mypurecloud.sdk.v2.ApiClientRetryAsyncTest"/>
  <testcase name="invokeAsyncTestWith_429_And_No_MaxRetryTime" time="0.061" classname="com.mypurecloud.sdk.v2.ApiClientRetryAsyncTest"/>
  <testcase name="invokeAsyncTestWith_502" time="13.066" classname="com.mypurecloud.sdk.v2.ApiClientRetryAsyncTest"/>
  <testcase name="invokeAsyncTestWith_503" time="40.056" classname="com.mypurecloud.sdk.v2.ApiClientRetryAsyncTest"/>
  <testcase name="invokeAsyncTestWith_504_And_No_MaxRetryTime" time="0.032" classname="com.mypurecloud.sdk.v2.ApiClientRetryAsyncTest"/>
</testsuite> <!-- com.mypurecloud.sdk.v2.ApiClientRetryAsyncTest -->
