<?xml version="1.0" encoding="UTF-8"?>
<!-- Generated by org.testng.reporters.JUnitReportReporter -->
<testsuite hostname="jenkins-agent-10-25-225-79" failures="0" tests="30" name="com.mypurecloud.sdk.v2.SdkTests" time="6.651" errors="0" timestamp="2025-06-03T14:35:15 UTC" skipped="0">
  <testcase classname="com.mypurecloud.sdk.v2.SdkTests" name="traceBasicInformation" time="0.004"/>
  <testcase classname="com.mypurecloud.sdk.v2.SdkTests" name="traceBasicInformation" time="0.001"/>
  <testcase classname="com.mypurecloud.sdk.v2.SdkTests" name="traceBasicInformation" time="0.001"/>
  <testcase classname="com.mypurecloud.sdk.v2.SdkTests" name="authenticate" time="0.268"/>
  <testcase classname="com.mypurecloud.sdk.v2.SdkTests" name="authenticate" time="0.466"/>
  <testcase classname="com.mypurecloud.sdk.v2.SdkTests" name="authenticate" time="0.952"/>
  <testcase classname="com.mypurecloud.sdk.v2.SdkTests" name="createUser" time="0.420"/>
  <testcase classname="com.mypurecloud.sdk.v2.SdkTests" name="createUser" time="0.409"/>
  <testcase classname="com.mypurecloud.sdk.v2.SdkTests" name="createUser" time="0.687"/>
  <testcase classname="com.mypurecloud.sdk.v2.SdkTests" name="updateUser" time="0.242"/>
  <testcase classname="com.mypurecloud.sdk.v2.SdkTests" name="updateUser" time="0.104"/>
  <testcase classname="com.mypurecloud.sdk.v2.SdkTests" name="updateUser" time="0.100"/>
  <testcase classname="com.mypurecloud.sdk.v2.SdkTests" name="setProfileSkills" time="0.161"/>
  <testcase classname="com.mypurecloud.sdk.v2.SdkTests" name="setProfileSkills" time="0.166"/>
  <testcase classname="com.mypurecloud.sdk.v2.SdkTests" name="setProfileSkills" time="0.093"/>
  <testcase classname="com.mypurecloud.sdk.v2.SdkTests" name="testNotifications" time="0.402"/>
  <testcase classname="com.mypurecloud.sdk.v2.SdkTests" name="testNotifications" time="0.404"/>
  <testcase classname="com.mypurecloud.sdk.v2.SdkTests" name="testNotifications" time="0.580"/>
  <testcase classname="com.mypurecloud.sdk.v2.SdkTests" name="getUser" time="0.082"/>
  <testcase classname="com.mypurecloud.sdk.v2.SdkTests" name="getUser" time="0.050"/>
  <testcase classname="com.mypurecloud.sdk.v2.SdkTests" name="getUser" time="0.027"/>
  <testcase classname="com.mypurecloud.sdk.v2.SdkTests" name="testObjectMapperIgnoresUnknownProperties" time="0.002"/>
  <testcase classname="com.mypurecloud.sdk.v2.SdkTests" name="testObjectMapperIgnoresUnknownProperties" time="0.001"/>
  <testcase classname="com.mypurecloud.sdk.v2.SdkTests" name="testObjectMapperIgnoresUnknownProperties" time="0.003"/>
  <testcase classname="com.mypurecloud.sdk.v2.SdkTests" name="testPreAndPostHooks" time="0.106"/>
  <testcase classname="com.mypurecloud.sdk.v2.SdkTests" name="testPreAndPostHooks" time="0.110"/>
  <testcase classname="com.mypurecloud.sdk.v2.SdkTests" name="testPreAndPostHooks" time="0.114"/>
  <testcase classname="com.mypurecloud.sdk.v2.SdkTests" name="deleteUser" time="0.220"/>
  <testcase classname="com.mypurecloud.sdk.v2.SdkTests" name="deleteUser" time="0.200"/>
  <testcase classname="com.mypurecloud.sdk.v2.SdkTests" name="deleteUser" time="0.276"/>
</testsuite> <!-- com.mypurecloud.sdk.v2.SdkTests -->
