<?xml version="1.0" encoding="UTF-8"?>
<!-- Generated by org.testng.reporters.JUnitReportReporter -->
<testsuite skipped="0" hostname="jenkins-agent-10-25-202-104" name="com.mypurecloud.sdk.v2.SdkTests" tests="8" failures="0" timestamp="08 Oct 2021 06:25:42 GMT" time="5.872" errors="0">
  <testcase name="traceBasicInformation" time="0.020" classname="com.mypurecloud.sdk.v2.SdkTests"/>
  <testcase name="authenticate" time="3.539" classname="com.mypurecloud.sdk.v2.SdkTests"/>
  <testcase name="createUser" time="1.420" classname="com.mypurecloud.sdk.v2.SdkTests"/>
  <testcase name="updateUser" time="0.164" classname="com.mypurecloud.sdk.v2.SdkTests"/>
  <testcase name="setProfileSkills" time="0.076" classname="com.mypurecloud.sdk.v2.SdkTests"/>
  <testcase name="testNotifications" time="0.475" classname="com.mypurecloud.sdk.v2.SdkTests"/>
  <testcase name="getUser" time="0.028" classname="com.mypurecloud.sdk.v2.SdkTests"/>
  <testcase name="deleteUser" time="0.150" classname="com.mypurecloud.sdk.v2.SdkTests"/>
</testsuite> <!-- com.mypurecloud.sdk.v2.SdkTests -->
