<?xml version="1.0" encoding="UTF-8"?>
<!-- Generated by org.testng.reporters.JUnitReportReporter -->
<testsuite hostname="jenkins-agent-10-25-217-248" failures="0" tests="27" name="com.mypurecloud.sdk.v2.SdkTests" time="7.710" errors="0" timestamp="2025-05-10T04:24:27 UTC" skipped="0">
  <testcase classname="com.mypurecloud.sdk.v2.SdkTests" name="traceBasicInformation" time="0.006"/>
  <testcase classname="com.mypurecloud.sdk.v2.SdkTests" name="traceBasicInformation" time="0.006"/>
  <testcase classname="com.mypurecloud.sdk.v2.SdkTests" name="traceBasicInformation" time="0.006"/>
  <testcase classname="com.mypurecloud.sdk.v2.SdkTests" name="authenticate" time="1.088"/>
  <testcase classname="com.mypurecloud.sdk.v2.SdkTests" name="authenticate" time="1.086"/>
  <testcase classname="com.mypurecloud.sdk.v2.SdkTests" name="authenticate" time="1.077"/>
  <testcase classname="com.mypurecloud.sdk.v2.SdkTests" name="createUser" time="0.626"/>
  <testcase classname="com.mypurecloud.sdk.v2.SdkTests" name="createUser" time="0.631"/>
  <testcase classname="com.mypurecloud.sdk.v2.SdkTests" name="createUser" time="0.623"/>
  <testcase classname="com.mypurecloud.sdk.v2.SdkTests" name="updateUser" time="0.149"/>
  <testcase classname="com.mypurecloud.sdk.v2.SdkTests" name="updateUser" time="0.147"/>
  <testcase classname="com.mypurecloud.sdk.v2.SdkTests" name="updateUser" time="0.169"/>
  <testcase classname="com.mypurecloud.sdk.v2.SdkTests" name="setProfileSkills" time="0.157"/>
  <testcase classname="com.mypurecloud.sdk.v2.SdkTests" name="setProfileSkills" time="0.149"/>
  <testcase classname="com.mypurecloud.sdk.v2.SdkTests" name="setProfileSkills" time="0.072"/>
  <testcase classname="com.mypurecloud.sdk.v2.SdkTests" name="testNotifications" time="0.340"/>
  <testcase classname="com.mypurecloud.sdk.v2.SdkTests" name="testNotifications" time="0.398"/>
  <testcase classname="com.mypurecloud.sdk.v2.SdkTests" name="testNotifications" time="0.337"/>
  <testcase classname="com.mypurecloud.sdk.v2.SdkTests" name="getUser" time="0.056"/>
  <testcase classname="com.mypurecloud.sdk.v2.SdkTests" name="getUser" time="0.085"/>
  <testcase classname="com.mypurecloud.sdk.v2.SdkTests" name="getUser" time="0.051"/>
  <testcase classname="com.mypurecloud.sdk.v2.SdkTests" name="testObjectMapperIgnoresUnknownProperties" time="0.002"/>
  <testcase classname="com.mypurecloud.sdk.v2.SdkTests" name="testObjectMapperIgnoresUnknownProperties" time="0.002"/>
  <testcase classname="com.mypurecloud.sdk.v2.SdkTests" name="testObjectMapperIgnoresUnknownProperties" time="0.001"/>
  <testcase classname="com.mypurecloud.sdk.v2.SdkTests" name="deleteUser" time="0.132"/>
  <testcase classname="com.mypurecloud.sdk.v2.SdkTests" name="deleteUser" time="0.160"/>
  <testcase classname="com.mypurecloud.sdk.v2.SdkTests" name="deleteUser" time="0.154"/>
</testsuite> <!-- com.mypurecloud.sdk.v2.SdkTests -->
