<?xml version="1.0" encoding="UTF-8"?>
<!-- Generated by org.testng.reporters.JUnitReportReporter -->
<testsuite skipped="0" hostname="jenkins-agent-10-25-220-208" name="com.mypurecloud.sdk.v2.SdkTests" tests="27" failures="0" timestamp="2022-10-27T10:41:14 UTC" time="10.095" errors="0">
  <testcase name="traceBasicInformation" time="0.007" classname="com.mypurecloud.sdk.v2.SdkTests"/>
  <system-out/>
  <testcase name="traceBasicInformation" time="0.004" classname="com.mypurecloud.sdk.v2.SdkTests"/>
  <system-out/>
  <testcase name="traceBasicInformation" time="0.007" classname="com.mypurecloud.sdk.v2.SdkTests"/>
  <system-out/>
  <testcase name="authenticate" time="0.855" classname="com.mypurecloud.sdk.v2.SdkTests"/>
  <system-out/>
  <testcase name="authenticate" time="0.856" classname="com.mypurecloud.sdk.v2.SdkTests"/>
  <system-out/>
  <testcase name="authenticate" time="0.855" classname="com.mypurecloud.sdk.v2.SdkTests"/>
  <system-out/>
  <testcase name="createUser" time="0.804" classname="com.mypurecloud.sdk.v2.SdkTests"/>
  <system-out/>
  <testcase name="createUser" time="0.802" classname="com.mypurecloud.sdk.v2.SdkTests"/>
  <system-out/>
  <testcase name="createUser" time="1.165" classname="com.mypurecloud.sdk.v2.SdkTests"/>
  <system-out/>
  <testcase name="updateUser" time="0.173" classname="com.mypurecloud.sdk.v2.SdkTests"/>
  <system-out/>
  <testcase name="updateUser" time="0.195" classname="com.mypurecloud.sdk.v2.SdkTests"/>
  <system-out/>
  <testcase name="updateUser" time="0.401" classname="com.mypurecloud.sdk.v2.SdkTests"/>
  <system-out/>
  <testcase name="setProfileSkills" time="0.315" classname="com.mypurecloud.sdk.v2.SdkTests"/>
  <system-out/>
  <testcase name="setProfileSkills" time="0.305" classname="com.mypurecloud.sdk.v2.SdkTests"/>
  <system-out/>
  <testcase name="setProfileSkills" time="0.143" classname="com.mypurecloud.sdk.v2.SdkTests"/>
  <system-out/>
  <testcase name="testNotifications" time="0.743" classname="com.mypurecloud.sdk.v2.SdkTests"/>
  <system-out/>
  <testcase name="testNotifications" time="0.731" classname="com.mypurecloud.sdk.v2.SdkTests"/>
  <system-out/>
  <testcase name="testNotifications" time="0.675" classname="com.mypurecloud.sdk.v2.SdkTests"/>
  <system-out/>
  <testcase name="getUser" time="0.270" classname="com.mypurecloud.sdk.v2.SdkTests"/>
  <system-out/>
  <testcase name="getUser" time="0.027" classname="com.mypurecloud.sdk.v2.SdkTests"/>
  <system-out/>
  <testcase name="getUser" time="0.082" classname="com.mypurecloud.sdk.v2.SdkTests"/>
  <system-out/>
  <testcase name="testObjectMapperIgnoresUnknownProperties" time="0.001" classname="com.mypurecloud.sdk.v2.SdkTests"/>
  <system-out/>
  <testcase name="testObjectMapperIgnoresUnknownProperties" time="0.003" classname="com.mypurecloud.sdk.v2.SdkTests"/>
  <system-out/>
  <testcase name="testObjectMapperIgnoresUnknownProperties" time="0.001" classname="com.mypurecloud.sdk.v2.SdkTests"/>
  <system-out/>
  <testcase name="deleteUser" time="0.277" classname="com.mypurecloud.sdk.v2.SdkTests"/>
  <system-out/>
  <testcase name="deleteUser" time="0.184" classname="com.mypurecloud.sdk.v2.SdkTests"/>
  <system-out/>
  <testcase name="deleteUser" time="0.214" classname="com.mypurecloud.sdk.v2.SdkTests"/>
  <system-out/>
</testsuite> <!-- com.mypurecloud.sdk.v2.SdkTests -->
