<?xml version="1.0" encoding="UTF-8"?>
<!-- Generated by org.testng.reporters.JUnitReportReporter -->
<testsuite skipped="0" hostname="jenkins-agent-10-25-218-128" name="com.mypurecloud.sdk.v2.ApiClientRetryAsyncTest" tests="6" failures="0" timestamp="2022-06-20T11:51:30 UTC" time="60.279" errors="0">
  <testcase name="invokeAsyncTestWith_502" time="13.039" classname="com.mypurecloud.sdk.v2.ApiClientRetryAsyncTest"/>
  <system-out/>
  <testcase name="invokeAsyncTestWith_504" time="2.047" classname="com.mypurecloud.sdk.v2.ApiClientRetryAsyncTest"/>
  <system-out/>
  <testcase name="invokeAsyncTestWith_429_And_No_MaxRetryTime" time="0.046" classname="com.mypurecloud.sdk.v2.ApiClientRetryAsyncTest"/>
  <system-out/>
  <testcase name="invokeAsyncTestWith_429" time="5.063" classname="com.mypurecloud.sdk.v2.ApiClientRetryAsyncTest"/>
  <system-out/>
  <testcase name="invokeAsyncTestWith_503" time="40.039" classname="com.mypurecloud.sdk.v2.ApiClientRetryAsyncTest"/>
  <system-out/>
  <testcase name="invokeAsyncTestWith_504_And_No_MaxRetryTime" time="0.045" classname="com.mypurecloud.sdk.v2.ApiClientRetryAsyncTest"/>
  <system-out/>
</testsuite> <!-- com.mypurecloud.sdk.v2.ApiClientRetryAsyncTest -->
