<?xml version="1.0" encoding="UTF-8"?>
<!-- Generated by org.testng.reporters.JUnitReportReporter -->
<testsuite skipped="0" hostname="jslave-traditional-v2-10-25-221-215" name="com.mypurecloud.sdk.v2.SdkTests" tests="8" failures="0" timestamp="04 Mar 2021 15:49:37 GMT" time="2.362" errors="0">
  <testcase name="traceBasicInformation" time="0.002" classname="com.mypurecloud.sdk.v2.SdkTests"/>
  <testcase name="authenticate" time="1.124" classname="com.mypurecloud.sdk.v2.SdkTests"/>
  <testcase name="createUser" time="0.498" classname="com.mypurecloud.sdk.v2.SdkTests"/>
  <testcase name="updateUser" time="0.080" classname="com.mypurecloud.sdk.v2.SdkTests"/>
  <testcase name="setProfileSkills" time="0.110" classname="com.mypurecloud.sdk.v2.SdkTests"/>
  <testcase name="testNotifications" time="0.295" classname="com.mypurecloud.sdk.v2.SdkTests"/>
  <testcase name="getUser" time="0.035" classname="com.mypurecloud.sdk.v2.SdkTests"/>
  <testcase name="deleteUser" time="0.218" classname="com.mypurecloud.sdk.v2.SdkTests"/>
</testsuite> <!-- com.mypurecloud.sdk.v2.SdkTests -->
