<?xml version="1.0" encoding="UTF-8"?>
<!-- Generated by org.testng.reporters.JUnitReportReporter -->
<testsuite skipped="0" hostname="jslave-traditional-v2-10-25-210-50" name="com.mypurecloud.sdk.v2.SdkTests" tests="8" failures="0" timestamp="02 Dec 2020 04:31:14 GMT" time="3.970" errors="0">
  <testcase name="traceBasicInformation" time="0.012" classname="com.mypurecloud.sdk.v2.SdkTests"/>
  <testcase name="authenticate" time="1.498" classname="com.mypurecloud.sdk.v2.SdkTests"/>
  <testcase name="createUser" time="1.123" classname="com.mypurecloud.sdk.v2.SdkTests"/>
  <testcase name="updateUser" time="0.168" classname="com.mypurecloud.sdk.v2.SdkTests"/>
  <testcase name="setProfileSkills" time="0.116" classname="com.mypurecloud.sdk.v2.SdkTests"/>
  <testcase name="testNotifications" time="0.733" classname="com.mypurecloud.sdk.v2.SdkTests"/>
  <testcase name="getUser" time="0.063" classname="com.mypurecloud.sdk.v2.SdkTests"/>
  <testcase name="deleteUser" time="0.257" classname="com.mypurecloud.sdk.v2.SdkTests"/>
</testsuite> <!-- com.mypurecloud.sdk.v2.SdkTests -->
