<?xml version="1.0" encoding="UTF-8"?>
<!-- Generated by org.testng.reporters.JUnitReportReporter -->
<testsuite hostname="jenkins-agent-10-25-209-85" failures="0" tests="27" name="com.mypurecloud.sdk.v2.SdkTests" time="11.047" errors="0" timestamp="2024-10-20T07:17:42 UTC" skipped="0">
  <testcase classname="com.mypurecloud.sdk.v2.SdkTests" name="traceBasicInformation" time="0.019"/>
  <testcase classname="com.mypurecloud.sdk.v2.SdkTests" name="traceBasicInformation" time="0.012"/>
  <testcase classname="com.mypurecloud.sdk.v2.SdkTests" name="traceBasicInformation" time="0.009"/>
  <testcase classname="com.mypurecloud.sdk.v2.SdkTests" name="authenticate" time="2.010"/>
  <testcase classname="com.mypurecloud.sdk.v2.SdkTests" name="authenticate" time="2.355"/>
  <testcase classname="com.mypurecloud.sdk.v2.SdkTests" name="authenticate" time="2.012"/>
  <testcase classname="com.mypurecloud.sdk.v2.SdkTests" name="createUser" time="0.732"/>
  <testcase classname="com.mypurecloud.sdk.v2.SdkTests" name="createUser" time="0.492"/>
  <testcase classname="com.mypurecloud.sdk.v2.SdkTests" name="createUser" time="0.711"/>
  <testcase classname="com.mypurecloud.sdk.v2.SdkTests" name="updateUser" time="0.176"/>
  <testcase classname="com.mypurecloud.sdk.v2.SdkTests" name="updateUser" time="0.121"/>
  <testcase classname="com.mypurecloud.sdk.v2.SdkTests" name="updateUser" time="0.100"/>
  <testcase classname="com.mypurecloud.sdk.v2.SdkTests" name="setProfileSkills" time="0.079"/>
  <testcase classname="com.mypurecloud.sdk.v2.SdkTests" name="setProfileSkills" time="0.166"/>
  <testcase classname="com.mypurecloud.sdk.v2.SdkTests" name="setProfileSkills" time="0.082"/>
  <testcase classname="com.mypurecloud.sdk.v2.SdkTests" name="testNotifications" time="0.500"/>
  <testcase classname="com.mypurecloud.sdk.v2.SdkTests" name="testNotifications" time="0.479"/>
  <testcase classname="com.mypurecloud.sdk.v2.SdkTests" name="testNotifications" time="0.412"/>
  <testcase classname="com.mypurecloud.sdk.v2.SdkTests" name="getUser" time="0.065"/>
  <testcase classname="com.mypurecloud.sdk.v2.SdkTests" name="getUser" time="0.043"/>
  <testcase classname="com.mypurecloud.sdk.v2.SdkTests" name="getUser" time="0.050"/>
  <testcase classname="com.mypurecloud.sdk.v2.SdkTests" name="testObjectMapperIgnoresUnknownProperties" time="0.001"/>
  <testcase classname="com.mypurecloud.sdk.v2.SdkTests" name="testObjectMapperIgnoresUnknownProperties" time="0.002"/>
  <testcase classname="com.mypurecloud.sdk.v2.SdkTests" name="testObjectMapperIgnoresUnknownProperties" time="0.000"/>
  <testcase classname="com.mypurecloud.sdk.v2.SdkTests" name="deleteUser" time="0.154"/>
  <testcase classname="com.mypurecloud.sdk.v2.SdkTests" name="deleteUser" time="0.124"/>
  <testcase classname="com.mypurecloud.sdk.v2.SdkTests" name="deleteUser" time="0.141"/>
</testsuite> <!-- com.mypurecloud.sdk.v2.SdkTests -->
