<?xml version="1.0" encoding="UTF-8"?>
<!-- Generated by org.testng.reporters.JUnitReportReporter -->
<testsuite skipped="0" hostname="jenkins-agent-10-25-225-50" name="com.mypurecloud.sdk.v2.ApiClientRetryTest" tests="12" failures="0" timestamp="2022-07-14T06:48:01 UTC" time="71.457" errors="0">
  <testcase name="shouldRetryTestWith_503_And_RetryConfig" time="3.002" classname="com.mypurecloud.sdk.v2.ApiClientRetryTest"/>
  <system-out/>
  <testcase name="invokeTestWith_503" time="40.058" classname="com.mypurecloud.sdk.v2.ApiClientRetryTest"/>
  <system-out/>
  <testcase name="invokeTestWith_429_And_No_MaxRetryTime" time="0.113" classname="com.mypurecloud.sdk.v2.ApiClientRetryTest"/>
  <system-out/>
  <testcase name="shouldRetryTestWith_429" time="1.018" classname="com.mypurecloud.sdk.v2.ApiClientRetryTest"/>
  <system-out/>
  <testcase name="shouldRetryTestWith_502" time="2.835" classname="com.mypurecloud.sdk.v2.ApiClientRetryTest"/>
  <system-out/>
  <testcase name="shouldRetryTestWith_200" time="0.003" classname="com.mypurecloud.sdk.v2.ApiClientRetryTest"/>
  <system-out/>
  <testcase name="invokeTestWith_504_No_MaxRetryTime" time="0.096" classname="com.mypurecloud.sdk.v2.ApiClientRetryTest"/>
  <system-out/>
  <testcase name="invokeTestWith_429" time="6.191" classname="com.mypurecloud.sdk.v2.ApiClientRetryTest"/>
  <system-out/>
  <testcase name="invokeTestWith_502" time="13.086" classname="com.mypurecloud.sdk.v2.ApiClientRetryTest"/>
  <system-out/>
  <testcase name="shouldRetryTestWith_502_And_0_MaxRetryTime" time="0.003" classname="com.mypurecloud.sdk.v2.ApiClientRetryTest"/>
  <system-out/>
  <testcase name="shouldRetryTestWith_504_And_No_RetryAfter_Header" time="3.002" classname="com.mypurecloud.sdk.v2.ApiClientRetryTest"/>
  <system-out/>
  <testcase name="invokeTestWith_504" time="2.050" classname="com.mypurecloud.sdk.v2.ApiClientRetryTest"/>
  <system-out/>
</testsuite> <!-- com.mypurecloud.sdk.v2.ApiClientRetryTest -->
