<?xml version="1.0" encoding="UTF-8"?>
<!-- Generated by org.testng.reporters.JUnitReportReporter -->
<testsuite hostname="jenkins-agent-10-25-237-198" failures="0" tests="30" name="com.mypurecloud.sdk.v2.SdkTests" time="6.921" errors="0" timestamp="2025-09-22T18:07:10 UTC" skipped="0">
  <testcase classname="com.mypurecloud.sdk.v2.SdkTests" name="traceBasicInformation" time="0.000"/>
  <testcase classname="com.mypurecloud.sdk.v2.SdkTests" name="traceBasicInformation" time="0.006"/>
  <testcase classname="com.mypurecloud.sdk.v2.SdkTests" name="traceBasicInformation" time="0.001"/>
  <testcase classname="com.mypurecloud.sdk.v2.SdkTests" name="authenticate" time="0.531"/>
  <testcase classname="com.mypurecloud.sdk.v2.SdkTests" name="authenticate" time="0.252"/>
  <testcase classname="com.mypurecloud.sdk.v2.SdkTests" name="authenticate" time="1.315"/>
  <testcase classname="com.mypurecloud.sdk.v2.SdkTests" name="createUser" time="0.452"/>
  <testcase classname="com.mypurecloud.sdk.v2.SdkTests" name="createUser" time="0.514"/>
  <testcase classname="com.mypurecloud.sdk.v2.SdkTests" name="createUser" time="0.600"/>
  <testcase classname="com.mypurecloud.sdk.v2.SdkTests" name="updateUser" time="0.154"/>
  <testcase classname="com.mypurecloud.sdk.v2.SdkTests" name="updateUser" time="0.181"/>
  <testcase classname="com.mypurecloud.sdk.v2.SdkTests" name="updateUser" time="0.154"/>
  <testcase classname="com.mypurecloud.sdk.v2.SdkTests" name="setProfileSkills" time="0.153"/>
  <testcase classname="com.mypurecloud.sdk.v2.SdkTests" name="setProfileSkills" time="0.096"/>
  <testcase classname="com.mypurecloud.sdk.v2.SdkTests" name="setProfileSkills" time="0.205"/>
  <testcase classname="com.mypurecloud.sdk.v2.SdkTests" name="testNotifications" time="0.430"/>
  <testcase classname="com.mypurecloud.sdk.v2.SdkTests" name="testNotifications" time="0.383"/>
  <testcase classname="com.mypurecloud.sdk.v2.SdkTests" name="testNotifications" time="0.449"/>
  <testcase classname="com.mypurecloud.sdk.v2.SdkTests" name="getUser" time="0.095"/>
  <testcase classname="com.mypurecloud.sdk.v2.SdkTests" name="getUser" time="0.087"/>
  <testcase classname="com.mypurecloud.sdk.v2.SdkTests" name="getUser" time="0.112"/>
  <testcase classname="com.mypurecloud.sdk.v2.SdkTests" name="testObjectMapperIgnoresUnknownProperties" time="0.001"/>
  <testcase classname="com.mypurecloud.sdk.v2.SdkTests" name="testObjectMapperIgnoresUnknownProperties" time="0.002"/>
  <testcase classname="com.mypurecloud.sdk.v2.SdkTests" name="testObjectMapperIgnoresUnknownProperties" time="0.001"/>
  <testcase classname="com.mypurecloud.sdk.v2.SdkTests" name="testPreAndPostHooks" time="0.049"/>
  <testcase classname="com.mypurecloud.sdk.v2.SdkTests" name="testPreAndPostHooks" time="0.081"/>
  <testcase classname="com.mypurecloud.sdk.v2.SdkTests" name="testPreAndPostHooks" time="0.088"/>
  <testcase classname="com.mypurecloud.sdk.v2.SdkTests" name="deleteUser" time="0.169"/>
  <testcase classname="com.mypurecloud.sdk.v2.SdkTests" name="deleteUser" time="0.197"/>
  <testcase classname="com.mypurecloud.sdk.v2.SdkTests" name="deleteUser" time="0.163"/>
</testsuite> <!-- com.mypurecloud.sdk.v2.SdkTests -->
