<?xml version="1.0" encoding="UTF-8"?>
<!-- Generated by org.testng.reporters.JUnitReportReporter -->
<testsuite hostname="jenkins-agent-10-25-221-65" failures="0" tests="6" name="com.mypurecloud.sdk.v2.ApiClientRetryAsyncTest" time="60.925" errors="0" timestamp="2025-06-21T07:31:18 UTC" skipped="0">
  <testcase classname="com.mypurecloud.sdk.v2.ApiClientRetryAsyncTest" name="invokeAsyncTestWith_504" time="2.182"/>
  <testcase classname="com.mypurecloud.sdk.v2.ApiClientRetryAsyncTest" name="invokeAsyncTestWith_503" time="40.136"/>
  <testcase classname="com.mypurecloud.sdk.v2.ApiClientRetryAsyncTest" name="invokeAsyncTestWith_429_And_No_MaxRetryTime" time="0.151"/>
  <testcase classname="com.mypurecloud.sdk.v2.ApiClientRetryAsyncTest" name="invokeAsyncTestWith_502" time="13.114"/>
  <testcase classname="com.mypurecloud.sdk.v2.ApiClientRetryAsyncTest" name="invokeAsyncTestWith_504_And_No_MaxRetryTime" time="0.158"/>
  <testcase classname="com.mypurecloud.sdk.v2.ApiClientRetryAsyncTest" name="invokeAsyncTestWith_429" time="5.184"/>
</testsuite> <!-- com.mypurecloud.sdk.v2.ApiClientRetryAsyncTest -->
