<?xml version="1.0" encoding="UTF-8"?>
<!-- Generated by org.testng.reporters.JUnitReportReporter -->
<testsuite skipped="0" hostname="jslave-traditional-10-25-199-51" name="com.mypurecloud.sdk.v2.SdkTests" tests="8" failures="0" timestamp="17 Jul 2019 14:31:22 GMT" time="8.566" errors="0">
  <testcase name="traceBasicInformation" time="0.002" classname="com.mypurecloud.sdk.v2.SdkTests"/>
  <testcase name="authenticate" time="0.711" classname="com.mypurecloud.sdk.v2.SdkTests"/>
  <testcase name="createUser" time="0.893" classname="com.mypurecloud.sdk.v2.SdkTests"/>
  <testcase name="updateUser" time="0.136" classname="com.mypurecloud.sdk.v2.SdkTests"/>
  <testcase name="setProfileSkills" time="0.110" classname="com.mypurecloud.sdk.v2.SdkTests"/>
  <testcase name="testNotifications" time="0.296" classname="com.mypurecloud.sdk.v2.SdkTests"/>
  <testcase name="getUser" time="0.046" classname="com.mypurecloud.sdk.v2.SdkTests"/>
  <testcase name="deleteUser" time="6.372" classname="com.mypurecloud.sdk.v2.SdkTests"/>
</testsuite> <!-- com.mypurecloud.sdk.v2.SdkTests -->
