<?xml version="1.0" encoding="UTF-8"?>
<!-- Generated by org.testng.reporters.JUnitReportReporter -->
<testsuite hostname="jenkins-agent-10-25-217-136" failures="0" tests="27" name="com.mypurecloud.sdk.v2.SdkTests" time="15.889" errors="0" timestamp="2024-04-28T07:14:32 UTC" skipped="0">
  <testcase classname="com.mypurecloud.sdk.v2.SdkTests" name="traceBasicInformation" time="0.012"/>
  <system-out/>
  <testcase classname="com.mypurecloud.sdk.v2.SdkTests" name="traceBasicInformation" time="0.014"/>
  <system-out/>
  <testcase classname="com.mypurecloud.sdk.v2.SdkTests" name="traceBasicInformation" time="0.015"/>
  <system-out/>
  <testcase classname="com.mypurecloud.sdk.v2.SdkTests" name="authenticate" time="3.560"/>
  <system-out/>
  <testcase classname="com.mypurecloud.sdk.v2.SdkTests" name="authenticate" time="3.029"/>
  <system-out/>
  <testcase classname="com.mypurecloud.sdk.v2.SdkTests" name="authenticate" time="3.005"/>
  <system-out/>
  <testcase classname="com.mypurecloud.sdk.v2.SdkTests" name="createUser" time="1.042"/>
  <system-out/>
  <testcase classname="com.mypurecloud.sdk.v2.SdkTests" name="createUser" time="1.037"/>
  <system-out/>
  <testcase classname="com.mypurecloud.sdk.v2.SdkTests" name="createUser" time="0.732"/>
  <system-out/>
  <testcase classname="com.mypurecloud.sdk.v2.SdkTests" name="updateUser" time="0.146"/>
  <system-out/>
  <testcase classname="com.mypurecloud.sdk.v2.SdkTests" name="updateUser" time="0.254"/>
  <system-out/>
  <testcase classname="com.mypurecloud.sdk.v2.SdkTests" name="updateUser" time="0.195"/>
  <system-out/>
  <testcase classname="com.mypurecloud.sdk.v2.SdkTests" name="setProfileSkills" time="0.195"/>
  <system-out/>
  <testcase classname="com.mypurecloud.sdk.v2.SdkTests" name="setProfileSkills" time="0.064"/>
  <system-out/>
  <testcase classname="com.mypurecloud.sdk.v2.SdkTests" name="setProfileSkills" time="0.112"/>
  <system-out/>
  <testcase classname="com.mypurecloud.sdk.v2.SdkTests" name="testNotifications" time="0.763"/>
  <system-out/>
  <testcase classname="com.mypurecloud.sdk.v2.SdkTests" name="testNotifications" time="0.775"/>
  <system-out/>
  <testcase classname="com.mypurecloud.sdk.v2.SdkTests" name="testNotifications" time="0.494"/>
  <system-out/>
  <testcase classname="com.mypurecloud.sdk.v2.SdkTests" name="getUser" time="0.030"/>
  <system-out/>
  <testcase classname="com.mypurecloud.sdk.v2.SdkTests" name="getUser" time="0.034"/>
  <system-out/>
  <testcase classname="com.mypurecloud.sdk.v2.SdkTests" name="getUser" time="0.044"/>
  <system-out/>
  <testcase classname="com.mypurecloud.sdk.v2.SdkTests" name="testObjectMapperIgnoresUnknownProperties" time="0.001"/>
  <system-out/>
  <testcase classname="com.mypurecloud.sdk.v2.SdkTests" name="testObjectMapperIgnoresUnknownProperties" time="0.002"/>
  <system-out/>
  <testcase classname="com.mypurecloud.sdk.v2.SdkTests" name="testObjectMapperIgnoresUnknownProperties" time="0.003"/>
  <system-out/>
  <testcase classname="com.mypurecloud.sdk.v2.SdkTests" name="deleteUser" time="0.085"/>
  <system-out/>
  <testcase classname="com.mypurecloud.sdk.v2.SdkTests" name="deleteUser" time="0.141"/>
  <system-out/>
  <testcase classname="com.mypurecloud.sdk.v2.SdkTests" name="deleteUser" time="0.105"/>
  <system-out/>
</testsuite> <!-- com.mypurecloud.sdk.v2.SdkTests -->
