<?xml version="1.0" encoding="UTF-8"?>
<!-- Generated by org.testng.reporters.JUnitReportReporter -->
<testsuite skipped="0" hostname="jenkins-agent-10-25-197-175" name="com.mypurecloud.sdk.v2.SdkTests" tests="8" failures="0" timestamp="04 Dec 2021 07:32:59 GMT" time="4.382" errors="0">
  <testcase name="traceBasicInformation" time="0.032" classname="com.mypurecloud.sdk.v2.SdkTests"/>
  <testcase name="authenticate" time="2.289" classname="com.mypurecloud.sdk.v2.SdkTests"/>
  <testcase name="createUser" time="1.114" classname="com.mypurecloud.sdk.v2.SdkTests"/>
  <testcase name="updateUser" time="0.178" classname="com.mypurecloud.sdk.v2.SdkTests"/>
  <testcase name="setProfileSkills" time="0.137" classname="com.mypurecloud.sdk.v2.SdkTests"/>
  <testcase name="testNotifications" time="0.466" classname="com.mypurecloud.sdk.v2.SdkTests"/>
  <testcase name="getUser" time="0.043" classname="com.mypurecloud.sdk.v2.SdkTests"/>
  <testcase name="deleteUser" time="0.123" classname="com.mypurecloud.sdk.v2.SdkTests"/>
</testsuite> <!-- com.mypurecloud.sdk.v2.SdkTests -->
