<?xml version="1.0" encoding="UTF-8"?>
<!-- Generated by org.testng.reporters.JUnitReportReporter -->
<testsuite skipped="0" hostname="jenkins-agent-10-25-192-237" name="com.mypurecloud.sdk.v2.SdkTests" tests="8" failures="0" timestamp="15 Sep 2021 06:25:52 GMT" time="4.944" errors="0">
  <testcase name="traceBasicInformation" time="0.027" classname="com.mypurecloud.sdk.v2.SdkTests"/>
  <testcase name="authenticate" time="2.773" classname="com.mypurecloud.sdk.v2.SdkTests"/>
  <testcase name="createUser" time="1.347" classname="com.mypurecloud.sdk.v2.SdkTests"/>
  <testcase name="updateUser" time="0.125" classname="com.mypurecloud.sdk.v2.SdkTests"/>
  <testcase name="setProfileSkills" time="0.090" classname="com.mypurecloud.sdk.v2.SdkTests"/>
  <testcase name="testNotifications" time="0.471" classname="com.mypurecloud.sdk.v2.SdkTests"/>
  <testcase name="getUser" time="0.031" classname="com.mypurecloud.sdk.v2.SdkTests"/>
  <testcase name="deleteUser" time="0.080" classname="com.mypurecloud.sdk.v2.SdkTests"/>
</testsuite> <!-- com.mypurecloud.sdk.v2.SdkTests -->
