<?xml version="1.0" encoding="UTF-8"?>
<!-- Generated by org.testng.reporters.JUnitReportReporter -->
<testsuite skipped="0" hostname="jslave-traditional-10-25-203-93" name="com.mypurecloud.sdk.v2.SdkTests" tests="8" failures="0" timestamp="16 Mar 2020 19:22:51 GMT" time="2.219" errors="0">
  <testcase name="traceBasicInformation" time="0.002" classname="com.mypurecloud.sdk.v2.SdkTests"/>
  <testcase name="authenticate" time="0.632" classname="com.mypurecloud.sdk.v2.SdkTests"/>
  <testcase name="createUser" time="0.710" classname="com.mypurecloud.sdk.v2.SdkTests"/>
  <testcase name="updateUser" time="0.167" classname="com.mypurecloud.sdk.v2.SdkTests"/>
  <testcase name="setProfileSkills" time="0.100" classname="com.mypurecloud.sdk.v2.SdkTests"/>
  <testcase name="testNotifications" time="0.358" classname="com.mypurecloud.sdk.v2.SdkTests"/>
  <testcase name="getUser" time="0.050" classname="com.mypurecloud.sdk.v2.SdkTests"/>
  <testcase name="deleteUser" time="0.200" classname="com.mypurecloud.sdk.v2.SdkTests"/>
</testsuite> <!-- com.mypurecloud.sdk.v2.SdkTests -->
