<?xml version="1.0" encoding="UTF-8"?>
<!-- Generated by org.testng.reporters.JUnitReportReporter -->
<testsuite skipped="0" hostname="jslave-traditional-v2-10-25-199-136" name="com.mypurecloud.sdk.v2.SdkTests" tests="8" failures="0" timestamp="18 Dec 2020 04:35:27 GMT" time="2.109" errors="0">
  <testcase name="traceBasicInformation" time="0.002" classname="com.mypurecloud.sdk.v2.SdkTests"/>
  <testcase name="authenticate" time="0.609" classname="com.mypurecloud.sdk.v2.SdkTests"/>
  <testcase name="createUser" time="0.647" classname="com.mypurecloud.sdk.v2.SdkTests"/>
  <testcase name="updateUser" time="0.127" classname="com.mypurecloud.sdk.v2.SdkTests"/>
  <testcase name="setProfileSkills" time="0.129" classname="com.mypurecloud.sdk.v2.SdkTests"/>
  <testcase name="testNotifications" time="0.351" classname="com.mypurecloud.sdk.v2.SdkTests"/>
  <testcase name="getUser" time="0.041" classname="com.mypurecloud.sdk.v2.SdkTests"/>
  <testcase name="deleteUser" time="0.203" classname="com.mypurecloud.sdk.v2.SdkTests"/>
</testsuite> <!-- com.mypurecloud.sdk.v2.SdkTests -->
