<?xml version="1.0" encoding="UTF-8"?>
<!-- Generated by org.testng.reporters.JUnitReportReporter -->
<testsuite skipped="0" hostname="jenkins-agent-10-25-231-249" name="com.mypurecloud.sdk.v2.SdkTests" tests="24" failures="0" timestamp="2022-04-01T06:30:29 UTC" time="20.729" errors="0">
  <testcase name="traceBasicInformation" time="0.003" classname="com.mypurecloud.sdk.v2.SdkTests"/>
  <system-out/>
  <testcase name="traceBasicInformation" time="0.000" classname="com.mypurecloud.sdk.v2.SdkTests"/>
  <system-out/>
  <testcase name="traceBasicInformation" time="0.011" classname="com.mypurecloud.sdk.v2.SdkTests"/>
  <system-out/>
  <testcase name="authenticate" time="3.736" classname="com.mypurecloud.sdk.v2.SdkTests"/>
  <system-out/>
  <testcase name="authenticate" time="4.093" classname="com.mypurecloud.sdk.v2.SdkTests"/>
  <system-out/>
  <testcase name="authenticate" time="3.699" classname="com.mypurecloud.sdk.v2.SdkTests"/>
  <system-out/>
  <testcase name="createUser" time="1.674" classname="com.mypurecloud.sdk.v2.SdkTests"/>
  <system-out/>
  <testcase name="createUser" time="1.677" classname="com.mypurecloud.sdk.v2.SdkTests"/>
  <system-out/>
  <testcase name="createUser" time="1.304" classname="com.mypurecloud.sdk.v2.SdkTests"/>
  <system-out/>
  <testcase name="updateUser" time="0.142" classname="com.mypurecloud.sdk.v2.SdkTests"/>
  <system-out/>
  <testcase name="updateUser" time="0.202" classname="com.mypurecloud.sdk.v2.SdkTests"/>
  <system-out/>
  <testcase name="updateUser" time="0.141" classname="com.mypurecloud.sdk.v2.SdkTests"/>
  <system-out/>
  <testcase name="setProfileSkills" time="0.087" classname="com.mypurecloud.sdk.v2.SdkTests"/>
  <system-out/>
  <testcase name="setProfileSkills" time="0.153" classname="com.mypurecloud.sdk.v2.SdkTests"/>
  <system-out/>
  <testcase name="setProfileSkills" time="0.141" classname="com.mypurecloud.sdk.v2.SdkTests"/>
  <system-out/>
  <testcase name="testNotifications" time="1.057" classname="com.mypurecloud.sdk.v2.SdkTests"/>
  <system-out/>
  <testcase name="testNotifications" time="0.991" classname="com.mypurecloud.sdk.v2.SdkTests"/>
  <system-out/>
  <testcase name="testNotifications" time="0.980" classname="com.mypurecloud.sdk.v2.SdkTests"/>
  <system-out/>
  <testcase name="getUser" time="0.033" classname="com.mypurecloud.sdk.v2.SdkTests"/>
  <system-out/>
  <testcase name="getUser" time="0.034" classname="com.mypurecloud.sdk.v2.SdkTests"/>
  <system-out/>
  <testcase name="getUser" time="0.040" classname="com.mypurecloud.sdk.v2.SdkTests"/>
  <system-out/>
  <testcase name="deleteUser" time="0.185" classname="com.mypurecloud.sdk.v2.SdkTests"/>
  <system-out/>
  <testcase name="deleteUser" time="0.119" classname="com.mypurecloud.sdk.v2.SdkTests"/>
  <system-out/>
  <testcase name="deleteUser" time="0.227" classname="com.mypurecloud.sdk.v2.SdkTests"/>
  <system-out/>
</testsuite> <!-- com.mypurecloud.sdk.v2.SdkTests -->
