<?xml version="1.0" encoding="UTF-8"?>
<!-- Generated by org.testng.reporters.JUnitReportReporter -->
<testsuite skipped="0" hostname="jslave-traditional-v2-10-25-221-215" name="com.mypurecloud.sdk.v2.SdkTests" tests="8" failures="0" timestamp="04 Mar 2021 16:30:17 GMT" time="2.147" errors="0">
  <testcase name="traceBasicInformation" time="0.003" classname="com.mypurecloud.sdk.v2.SdkTests"/>
  <testcase name="authenticate" time="0.694" classname="com.mypurecloud.sdk.v2.SdkTests"/>
  <testcase name="createUser" time="0.600" classname="com.mypurecloud.sdk.v2.SdkTests"/>
  <testcase name="updateUser" time="0.130" classname="com.mypurecloud.sdk.v2.SdkTests"/>
  <testcase name="setProfileSkills" time="0.117" classname="com.mypurecloud.sdk.v2.SdkTests"/>
  <testcase name="testNotifications" time="0.320" classname="com.mypurecloud.sdk.v2.SdkTests"/>
  <testcase name="getUser" time="0.055" classname="com.mypurecloud.sdk.v2.SdkTests"/>
  <testcase name="deleteUser" time="0.228" classname="com.mypurecloud.sdk.v2.SdkTests"/>
</testsuite> <!-- com.mypurecloud.sdk.v2.SdkTests -->
