<?xml version="1.0" encoding="UTF-8"?>
<!-- Generated by org.testng.reporters.JUnitReportReporter -->
<testsuite skipped="0" hostname="jslave-traditional-10-25-197-212" name="com.mypurecloud.sdk.v2.ApiClientRetryAsyncTest" tests="6" failures="0" timestamp="02 Jul 2020 03:22:00 GMT" time="60.309" errors="0">
  <testcase name="invokeAsyncTestWith_502" time="13.034" classname="com.mypurecloud.sdk.v2.ApiClientRetryAsyncTest"/>
  <testcase name="invokeAsyncTestWith_429_And_No_MaxRetryTime" time="0.032" classname="com.mypurecloud.sdk.v2.ApiClientRetryAsyncTest"/>
  <testcase name="invokeAsyncTestWith_504" time="2.079" classname="com.mypurecloud.sdk.v2.ApiClientRetryAsyncTest"/>
  <testcase name="invokeAsyncTestWith_429" time="5.044" classname="com.mypurecloud.sdk.v2.ApiClientRetryAsyncTest"/>
  <testcase name="invokeAsyncTestWith_504_And_No_MaxRetryTime" time="0.083" classname="com.mypurecloud.sdk.v2.ApiClientRetryAsyncTest"/>
  <testcase name="invokeAsyncTestWith_503" time="40.037" classname="com.mypurecloud.sdk.v2.ApiClientRetryAsyncTest"/>
</testsuite> <!-- com.mypurecloud.sdk.v2.ApiClientRetryAsyncTest -->
