<?xml version="1.0" encoding="UTF-8"?>
<!-- Generated by org.testng.reporters.JUnitReportReporter -->
<testsuite skipped="0" hostname="jslave-traditional-v2-10-25-206-187" name="com.mypurecloud.sdk.v2.ApiClientRetryAsyncTest" tests="6" failures="0" timestamp="22 Apr 2021 03:33:39 GMT" time="60.241" errors="0">
  <testcase name="invokeAsyncTestWith_502" time="13.032" classname="com.mypurecloud.sdk.v2.ApiClientRetryAsyncTest"/>
  <testcase name="invokeAsyncTestWith_503" time="40.035" classname="com.mypurecloud.sdk.v2.ApiClientRetryAsyncTest"/>
  <testcase name="invokeAsyncTestWith_504" time="2.059" classname="com.mypurecloud.sdk.v2.ApiClientRetryAsyncTest"/>
  <testcase name="invokeAsyncTestWith_429_And_No_MaxRetryTime" time="0.029" classname="com.mypurecloud.sdk.v2.ApiClientRetryAsyncTest"/>
  <testcase name="invokeAsyncTestWith_504_And_No_MaxRetryTime" time="0.037" classname="com.mypurecloud.sdk.v2.ApiClientRetryAsyncTest"/>
  <testcase name="invokeAsyncTestWith_429" time="5.049" classname="com.mypurecloud.sdk.v2.ApiClientRetryAsyncTest"/>
</testsuite> <!-- com.mypurecloud.sdk.v2.ApiClientRetryAsyncTest -->
