<?xml version="1.0" encoding="UTF-8"?>
<testsuite xmlns:xsi="http://www.w3.org/2001/XMLSchema-instance" xsi:noNamespaceSchemaLocation="https://maven.apache.org/surefire/maven-surefire-plugin/xsd/surefire-test-report.xsd" version="3.0.2" name="TestSuite" time="139.397" tests="48" errors="0" skipped="0" failures="0">
  <properties>
    <property name="java.specification.version" value="17"/>
    <property name="sun.jnu.encoding" value="UTF-8"/>
    <property name="java.class.path" value="/var/build/workspace/build-platform-sdks-pipeline/output/purecloudjava/build/target/test-classes:/var/build/workspace/build-platform-sdks-pipeline/output/purecloudjava/build/target/classes:/home/jenkins/.m2/repository/io/swagger/swagger-annotations/1.6.16/swagger-annotations-1.6.16.jar:/home/jenkins/.m2/repository/javax/xml/bind/jaxb-api/2.3.1/jaxb-api-2.3.1.jar:/home/jenkins/.m2/repository/javax/activation/javax.activation-api/1.2.0/javax.activation-api-1.2.0.jar:/home/jenkins/.m2/repository/org/slf4j/slf4j-api/2.0.17/slf4j-api-2.0.17.jar:/home/jenkins/.m2/repository/org/apache/commons/commons-configuration2/2.12.0/commons-configuration2-2.12.0.jar:/home/jenkins/.m2/repository/org/apache/commons/commons-lang3/3.17.0/commons-lang3-3.17.0.jar:/home/jenkins/.m2/repository/org/apache/commons/commons-text/1.13.1/commons-text-1.13.1.jar:/home/jenkins/.m2/repository/commons-logging/commons-logging/1.3.5/commons-logging-1.3.5.jar:/home/jenkins/.m2/repository/org/apache/httpcomponents/httpclient/4.5.14/httpclient-4.5.14.jar:/home/jenkins/.m2/repository/org/apache/httpcomponents/httpcore/4.4.16/httpcore-4.4.16.jar:/home/jenkins/.m2/repository/commons-codec/commons-codec/1.11/commons-codec-1.11.jar:/home/jenkins/.m2/repository/com/squareup/okhttp3/okhttp/4.12.0/okhttp-4.12.0.jar:/home/jenkins/.m2/repository/com/squareup/okio/okio/3.6.0/okio-3.6.0.jar:/home/jenkins/.m2/repository/com/squareup/okio/okio-jvm/3.6.0/okio-jvm-3.6.0.jar:/home/jenkins/.m2/repository/org/jetbrains/kotlin/kotlin-stdlib-common/1.9.10/kotlin-stdlib-common-1.9.10.jar:/home/jenkins/.m2/repository/org/jetbrains/kotlin/kotlin-stdlib-jdk8/1.8.21/kotlin-stdlib-jdk8-1.8.21.jar:/home/jenkins/.m2/repository/org/jetbrains/kotlin/kotlin-stdlib/1.8.21/kotlin-stdlib-1.8.21.jar:/home/jenkins/.m2/repository/org/jetbrains/kotlin/kotlin-stdlib-jdk7/1.8.21/kotlin-stdlib-jdk7-1.8.21.jar:/home/jenkins/.m2/repository/org/asynchttpclient/async-http-client/3.0.2/async-http-client-3.0.2.jar:/home/jenkins/.m2/repository/io/netty/netty-buffer/4.1.119.Final/netty-buffer-4.1.119.Final.jar:/home/jenkins/.m2/repository/io/netty/netty-codec-http/4.1.119.Final/netty-codec-http-4.1.119.Final.jar:/home/jenkins/.m2/repository/io/netty/netty-codec/4.1.119.Final/netty-codec-4.1.119.Final.jar:/home/jenkins/.m2/repository/io/netty/netty-codec-socks/4.1.119.Final/netty-codec-socks-4.1.119.Final.jar:/home/jenkins/.m2/repository/io/netty/netty-handler-proxy/4.1.119.Final/netty-handler-proxy-4.1.119.Final.jar:/home/jenkins/.m2/repository/io/netty/netty-common/4.1.119.Final/netty-common-4.1.119.Final.jar:/home/jenkins/.m2/repository/io/netty/netty-transport/4.1.119.Final/netty-transport-4.1.119.Final.jar:/home/jenkins/.m2/repository/io/netty/netty-handler/4.1.119.Final/netty-handler-4.1.119.Final.jar:/home/jenkins/.m2/repository/io/netty/netty-resolver-dns/4.1.119.Final/netty-resolver-dns-4.1.119.Final.jar:/home/jenkins/.m2/repository/com/sun/activation/jakarta.activation/2.0.1/jakarta.activation-2.0.1.jar:/home/jenkins/.m2/repository/org/jetbrains/annotations/26.0.2/annotations-26.0.2.jar:/home/jenkins/.m2/repository/io/netty/netty-all/4.2.5.Final/netty-all-4.2.5.Final.jar:/home/jenkins/.m2/repository/io/netty/netty-codec-base/4.2.5.Final/netty-codec-base-4.2.5.Final.jar:/home/jenkins/.m2/repository/io/netty/netty-codec-dns/4.2.5.Final/netty-codec-dns-4.2.5.Final.jar:/home/jenkins/.m2/repository/io/netty/netty-codec-haproxy/4.2.5.Final/netty-codec-haproxy-4.2.5.Final.jar:/home/jenkins/.m2/repository/io/netty/netty-codec-compression/4.2.5.Final/netty-codec-compression-4.2.5.Final.jar:/home/jenkins/.m2/repository/io/netty/netty-codec-http2/4.2.5.Final/netty-codec-http2-4.2.5.Final.jar:/home/jenkins/.m2/repository/io/netty/netty-codec-http3/4.2.5.Final/netty-codec-http3-4.2.5.Final.jar:/home/jenkins/.m2/repository/org/jctools/jctools-core/4.0.5/jctools-core-4.0.5.jar:/home/jenkins/.m2/repository/io/netty/netty-transport-native-unix-common/4.2.5.Final/netty-transport-native-unix-common-4.2.5.Final.jar:/home/jenkins/.m2/repository/org/bouncycastle/bcprov-jdk18on/1.80/bcprov-jdk18on-1.80.jar:/home/jenkins/.m2/repository/io/netty/netty-codec-memcache/4.2.5.Final/netty-codec-memcache-4.2.5.Final.jar:/home/jenkins/.m2/repository/io/netty/netty-codec-mqtt/4.2.5.Final/netty-codec-mqtt-4.2.5.Final.jar:/home/jenkins/.m2/repository/io/netty/netty-codec-redis/4.2.5.Final/netty-codec-redis-4.2.5.Final.jar:/home/jenkins/.m2/repository/io/netty/netty-codec-smtp/4.2.5.Final/netty-codec-smtp-4.2.5.Final.jar:/home/jenkins/.m2/repository/io/netty/netty-codec-stomp/4.2.5.Final/netty-codec-stomp-4.2.5.Final.jar:/home/jenkins/.m2/repository/io/netty/netty-codec-xml/4.2.5.Final/netty-codec-xml-4.2.5.Final.jar:/home/jenkins/.m2/repository/io/netty/netty-codec-protobuf/4.2.5.Final/netty-codec-protobuf-4.2.5.Final.jar:/home/jenkins/.m2/repository/io/netty/netty-codec-marshalling/4.2.5.Final/netty-codec-marshalling-4.2.5.Final.jar:/home/jenkins/.m2/repository/io/netty/netty-handler-ssl-ocsp/4.2.5.Final/netty-handler-ssl-ocsp-4.2.5.Final.jar:/home/jenkins/.m2/repository/io/netty/netty-resolver/4.2.5.Final/netty-resolver-4.2.5.Final.jar:/home/jenkins/.m2/repository/io/netty/netty-transport-rxtx/4.2.5.Final/netty-transport-rxtx-4.2.5.Final.jar:/home/jenkins/.m2/repository/io/netty/netty-transport-sctp/4.2.5.Final/netty-transport-sctp-4.2.5.Final.jar:/home/jenkins/.m2/repository/io/netty/netty-transport-udt/4.2.5.Final/netty-transport-udt-4.2.5.Final.jar:/home/jenkins/.m2/repository/io/netty/netty-transport-classes-epoll/4.2.5.Final/netty-transport-classes-epoll-4.2.5.Final.jar:/home/jenkins/.m2/repository/io/netty/netty-transport-classes-kqueue/4.2.5.Final/netty-transport-classes-kqueue-4.2.5.Final.jar:/home/jenkins/.m2/repository/io/netty/netty-resolver-dns-classes-macos/4.2.5.Final/netty-resolver-dns-classes-macos-4.2.5.Final.jar:/home/jenkins/.m2/repository/io/netty/netty-transport-classes-io_uring/4.2.5.Final/netty-transport-classes-io_uring-4.2.5.Final.jar:/home/jenkins/.m2/repository/io/netty/netty-codec-classes-quic/4.2.5.Final/netty-codec-classes-quic-4.2.5.Final.jar:/home/jenkins/.m2/repository/io/netty/netty-transport-native-epoll/4.2.5.Final/netty-transport-native-epoll-4.2.5.Final-linux-x86_64.jar:/home/jenkins/.m2/repository/io/netty/netty-transport-native-epoll/4.2.5.Final/netty-transport-native-epoll-4.2.5.Final-linux-aarch_64.jar:/home/jenkins/.m2/repository/io/netty/netty-transport-native-epoll/4.2.5.Final/netty-transport-native-epoll-4.2.5.Final-linux-riscv64.jar:/home/jenkins/.m2/repository/io/netty/netty-transport-native-io_uring/4.2.5.Final/netty-transport-native-io_uring-4.2.5.Final-linux-x86_64.jar:/home/jenkins/.m2/repository/io/netty/netty-transport-native-io_uring/4.2.5.Final/netty-transport-native-io_uring-4.2.5.Final-linux-aarch_64.jar:/home/jenkins/.m2/repository/io/netty/netty-transport-native-io_uring/4.2.5.Final/netty-transport-native-io_uring-4.2.5.Final-linux-riscv64.jar:/home/jenkins/.m2/repository/io/netty/netty-transport-native-kqueue/4.2.5.Final/netty-transport-native-kqueue-4.2.5.Final-osx-x86_64.jar:/home/jenkins/.m2/repository/io/netty/netty-transport-native-kqueue/4.2.5.Final/netty-transport-native-kqueue-4.2.5.Final-osx-aarch_64.jar:/home/jenkins/.m2/repository/io/netty/netty-resolver-dns-native-macos/4.2.5.Final/netty-resolver-dns-native-macos-4.2.5.Final-osx-x86_64.jar:/home/jenkins/.m2/repository/io/netty/netty-resolver-dns-native-macos/4.2.5.Final/netty-resolver-dns-native-macos-4.2.5.Final-osx-aarch_64.jar:/home/jenkins/.m2/repository/io/netty/netty-codec-native-quic/4.2.5.Final/netty-codec-native-quic-4.2.5.Final-linux-x86_64.jar:/home/jenkins/.m2/repository/io/netty/netty-codec-native-quic/4.2.5.Final/netty-codec-native-quic-4.2.5.Final-linux-aarch_64.jar:/home/jenkins/.m2/repository/io/netty/netty-codec-native-quic/4.2.5.Final/netty-codec-native-quic-4.2.5.Final-osx-x86_64.jar:/home/jenkins/.m2/repository/io/netty/netty-codec-native-quic/4.2.5.Final/netty-codec-native-quic-4.2.5.Final-osx-aarch_64.jar:/home/jenkins/.m2/repository/io/netty/netty-codec-native-quic/4.2.5.Final/netty-codec-native-quic-4.2.5.Final-windows-x86_64.jar:/home/jenkins/.m2/repository/xerces/xercesImpl/2.12.2/xercesImpl-2.12.2.jar:/home/jenkins/.m2/repository/xml-apis/xml-apis/1.4.01/xml-apis-1.4.01.jar:/home/jenkins/.m2/repository/com/fasterxml/jackson/core/jackson-core/2.19.2/jackson-core-2.19.2.jar:/home/jenkins/.m2/repository/com/fasterxml/jackson/core/jackson-annotations/2.19.2/jackson-annotations-2.19.2.jar:/home/jenkins/.m2/repository/com/fasterxml/jackson/core/jackson-databind/2.19.2/jackson-databind-2.19.2.jar:/home/jenkins/.m2/repository/com/fasterxml/jackson/jaxrs/jackson-jaxrs-json-provider/2.19.2/jackson-jaxrs-json-provider-2.19.2.jar:/home/jenkins/.m2/repository/com/fasterxml/jackson/jaxrs/jackson-jaxrs-base/2.19.2/jackson-jaxrs-base-2.19.2.jar:/home/jenkins/.m2/repository/com/fasterxml/jackson/module/jackson-module-jaxb-annotations/2.19.2/jackson-module-jaxb-annotations-2.19.2.jar:/home/jenkins/.m2/repository/jakarta/activation/jakarta.activation-api/1.2.2/jakarta.activation-api-1.2.2.jar:/home/jenkins/.m2/repository/com/fasterxml/jackson/datatype/jackson-datatype-joda/2.19.2/jackson-datatype-joda-2.19.2.jar:/home/jenkins/.m2/repository/com/fasterxml/jackson/datatype/jackson-datatype-jsr310/2.19.2/jackson-datatype-jsr310-2.19.2.jar:/home/jenkins/.m2/repository/joda-time/joda-time/2.14.0/joda-time-2.14.0.jar:/home/jenkins/.m2/repository/com/brsanthu/migbase64/2.2/migbase64-2.2.jar:/home/jenkins/.m2/repository/org/testng/testng/7.10.2/testng-7.10.2.jar:/home/jenkins/.m2/repository/com/beust/jcommander/1.82/jcommander-1.82.jar:/home/jenkins/.m2/repository/org/webjars/jquery/3.7.1/jquery-3.7.1.jar:/home/jenkins/.m2/repository/org/mockito/mockito-core/5.19.0/mockito-core-5.19.0.jar:/home/jenkins/.m2/repository/net/bytebuddy/byte-buddy/1.17.6/byte-buddy-1.17.6.jar:/home/jenkins/.m2/repository/net/bytebuddy/byte-buddy-agent/1.17.6/byte-buddy-agent-1.17.6.jar:/home/jenkins/.m2/repository/org/objenesis/objenesis/3.3/objenesis-3.3.jar:/home/jenkins/.m2/repository/com/neovisionaries/nv-websocket-client/2.14/nv-websocket-client-2.14.jar:/home/jenkins/.m2/repository/com/google/guava/guava/33.4.8-jre/guava-33.4.8-jre.jar:/home/jenkins/.m2/repository/com/google/guava/failureaccess/1.0.3/failureaccess-1.0.3.jar:/home/jenkins/.m2/repository/com/google/guava/listenablefuture/9999.0-empty-to-avoid-conflict-with-guava/listenablefuture-9999.0-empty-to-avoid-conflict-with-guava.jar:/home/jenkins/.m2/repository/org/jspecify/jspecify/1.0.0/jspecify-1.0.0.jar:/home/jenkins/.m2/repository/com/google/errorprone/error_prone_annotations/2.36.0/error_prone_annotations-2.36.0.jar:/home/jenkins/.m2/repository/com/google/j2objc/j2objc-annotations/3.0.0/j2objc-annotations-3.0.0.jar:"/>
    <property name="gpg.passphrase" value="M0nkeyYawn"/>
    <property name="java.vm.vendor" value="Eclipse Adoptium"/>
    <property name="sun.arch.data.model" value="64"/>
    <property name="java.vendor.url" value="https://adoptium.net/"/>
    <property name="log4j2.formatMsgNoLookups" value="true"/>
    <property name="user.timezone" value="UTC"/>
    <property name="os.name" value="Linux"/>
    <property name="java.vm.specification.version" value="17"/>
    <property name="sun.java.launcher" value="SUN_STANDARD"/>
    <property name="user.country" value="US"/>
    <property name="sun.boot.library.path" value="/var/build/tools/hudson.model.JDK/OpenJDK_17.0.4/jdk-17.0.4+8/lib"/>
    <property name="sun.java.command" value="/var/build/workspace/build-platform-sdks-pipeline/output/purecloudjava/build/target/surefire/surefirebooter-20250930170701057_3.jar /var/build/workspace/build-platform-sdks-pipeline/output/purecloudjava/build/target/surefire 2025-09-30T17-07-00_460-jvmRun1 surefire-20250930170701057_1tmp surefire_0-20250930170701057_2tmp"/>
    <property name="jdk.debug" value="release"/>
    <property name="surefire.test.class.path" value="/var/build/workspace/build-platform-sdks-pipeline/output/purecloudjava/build/target/test-classes:/var/build/workspace/build-platform-sdks-pipeline/output/purecloudjava/build/target/classes:/home/jenkins/.m2/repository/io/swagger/swagger-annotations/1.6.16/swagger-annotations-1.6.16.jar:/home/jenkins/.m2/repository/javax/xml/bind/jaxb-api/2.3.1/jaxb-api-2.3.1.jar:/home/jenkins/.m2/repository/javax/activation/javax.activation-api/1.2.0/javax.activation-api-1.2.0.jar:/home/jenkins/.m2/repository/org/slf4j/slf4j-api/2.0.17/slf4j-api-2.0.17.jar:/home/jenkins/.m2/repository/org/apache/commons/commons-configuration2/2.12.0/commons-configuration2-2.12.0.jar:/home/jenkins/.m2/repository/org/apache/commons/commons-lang3/3.17.0/commons-lang3-3.17.0.jar:/home/jenkins/.m2/repository/org/apache/commons/commons-text/1.13.1/commons-text-1.13.1.jar:/home/jenkins/.m2/repository/commons-logging/commons-logging/1.3.5/commons-logging-1.3.5.jar:/home/jenkins/.m2/repository/org/apache/httpcomponents/httpclient/4.5.14/httpclient-4.5.14.jar:/home/jenkins/.m2/repository/org/apache/httpcomponents/httpcore/4.4.16/httpcore-4.4.16.jar:/home/jenkins/.m2/repository/commons-codec/commons-codec/1.11/commons-codec-1.11.jar:/home/jenkins/.m2/repository/com/squareup/okhttp3/okhttp/4.12.0/okhttp-4.12.0.jar:/home/jenkins/.m2/repository/com/squareup/okio/okio/3.6.0/okio-3.6.0.jar:/home/jenkins/.m2/repository/com/squareup/okio/okio-jvm/3.6.0/okio-jvm-3.6.0.jar:/home/jenkins/.m2/repository/org/jetbrains/kotlin/kotlin-stdlib-common/1.9.10/kotlin-stdlib-common-1.9.10.jar:/home/jenkins/.m2/repository/org/jetbrains/kotlin/kotlin-stdlib-jdk8/1.8.21/kotlin-stdlib-jdk8-1.8.21.jar:/home/jenkins/.m2/repository/org/jetbrains/kotlin/kotlin-stdlib/1.8.21/kotlin-stdlib-1.8.21.jar:/home/jenkins/.m2/repository/org/jetbrains/kotlin/kotlin-stdlib-jdk7/1.8.21/kotlin-stdlib-jdk7-1.8.21.jar:/home/jenkins/.m2/repository/org/asynchttpclient/async-http-client/3.0.2/async-http-client-3.0.2.jar:/home/jenkins/.m2/repository/io/netty/netty-buffer/4.1.119.Final/netty-buffer-4.1.119.Final.jar:/home/jenkins/.m2/repository/io/netty/netty-codec-http/4.1.119.Final/netty-codec-http-4.1.119.Final.jar:/home/jenkins/.m2/repository/io/netty/netty-codec/4.1.119.Final/netty-codec-4.1.119.Final.jar:/home/jenkins/.m2/repository/io/netty/netty-codec-socks/4.1.119.Final/netty-codec-socks-4.1.119.Final.jar:/home/jenkins/.m2/repository/io/netty/netty-handler-proxy/4.1.119.Final/netty-handler-proxy-4.1.119.Final.jar:/home/jenkins/.m2/repository/io/netty/netty-common/4.1.119.Final/netty-common-4.1.119.Final.jar:/home/jenkins/.m2/repository/io/netty/netty-transport/4.1.119.Final/netty-transport-4.1.119.Final.jar:/home/jenkins/.m2/repository/io/netty/netty-handler/4.1.119.Final/netty-handler-4.1.119.Final.jar:/home/jenkins/.m2/repository/io/netty/netty-resolver-dns/4.1.119.Final/netty-resolver-dns-4.1.119.Final.jar:/home/jenkins/.m2/repository/com/sun/activation/jakarta.activation/2.0.1/jakarta.activation-2.0.1.jar:/home/jenkins/.m2/repository/org/jetbrains/annotations/26.0.2/annotations-26.0.2.jar:/home/jenkins/.m2/repository/io/netty/netty-all/4.2.5.Final/netty-all-4.2.5.Final.jar:/home/jenkins/.m2/repository/io/netty/netty-codec-base/4.2.5.Final/netty-codec-base-4.2.5.Final.jar:/home/jenkins/.m2/repository/io/netty/netty-codec-dns/4.2.5.Final/netty-codec-dns-4.2.5.Final.jar:/home/jenkins/.m2/repository/io/netty/netty-codec-haproxy/4.2.5.Final/netty-codec-haproxy-4.2.5.Final.jar:/home/jenkins/.m2/repository/io/netty/netty-codec-compression/4.2.5.Final/netty-codec-compression-4.2.5.Final.jar:/home/jenkins/.m2/repository/io/netty/netty-codec-http2/4.2.5.Final/netty-codec-http2-4.2.5.Final.jar:/home/jenkins/.m2/repository/io/netty/netty-codec-http3/4.2.5.Final/netty-codec-http3-4.2.5.Final.jar:/home/jenkins/.m2/repository/org/jctools/jctools-core/4.0.5/jctools-core-4.0.5.jar:/home/jenkins/.m2/repository/io/netty/netty-transport-native-unix-common/4.2.5.Final/netty-transport-native-unix-common-4.2.5.Final.jar:/home/jenkins/.m2/repository/org/bouncycastle/bcprov-jdk18on/1.80/bcprov-jdk18on-1.80.jar:/home/jenkins/.m2/repository/io/netty/netty-codec-memcache/4.2.5.Final/netty-codec-memcache-4.2.5.Final.jar:/home/jenkins/.m2/repository/io/netty/netty-codec-mqtt/4.2.5.Final/netty-codec-mqtt-4.2.5.Final.jar:/home/jenkins/.m2/repository/io/netty/netty-codec-redis/4.2.5.Final/netty-codec-redis-4.2.5.Final.jar:/home/jenkins/.m2/repository/io/netty/netty-codec-smtp/4.2.5.Final/netty-codec-smtp-4.2.5.Final.jar:/home/jenkins/.m2/repository/io/netty/netty-codec-stomp/4.2.5.Final/netty-codec-stomp-4.2.5.Final.jar:/home/jenkins/.m2/repository/io/netty/netty-codec-xml/4.2.5.Final/netty-codec-xml-4.2.5.Final.jar:/home/jenkins/.m2/repository/io/netty/netty-codec-protobuf/4.2.5.Final/netty-codec-protobuf-4.2.5.Final.jar:/home/jenkins/.m2/repository/io/netty/netty-codec-marshalling/4.2.5.Final/netty-codec-marshalling-4.2.5.Final.jar:/home/jenkins/.m2/repository/io/netty/netty-handler-ssl-ocsp/4.2.5.Final/netty-handler-ssl-ocsp-4.2.5.Final.jar:/home/jenkins/.m2/repository/io/netty/netty-resolver/4.2.5.Final/netty-resolver-4.2.5.Final.jar:/home/jenkins/.m2/repository/io/netty/netty-transport-rxtx/4.2.5.Final/netty-transport-rxtx-4.2.5.Final.jar:/home/jenkins/.m2/repository/io/netty/netty-transport-sctp/4.2.5.Final/netty-transport-sctp-4.2.5.Final.jar:/home/jenkins/.m2/repository/io/netty/netty-transport-udt/4.2.5.Final/netty-transport-udt-4.2.5.Final.jar:/home/jenkins/.m2/repository/io/netty/netty-transport-classes-epoll/4.2.5.Final/netty-transport-classes-epoll-4.2.5.Final.jar:/home/jenkins/.m2/repository/io/netty/netty-transport-classes-kqueue/4.2.5.Final/netty-transport-classes-kqueue-4.2.5.Final.jar:/home/jenkins/.m2/repository/io/netty/netty-resolver-dns-classes-macos/4.2.5.Final/netty-resolver-dns-classes-macos-4.2.5.Final.jar:/home/jenkins/.m2/repository/io/netty/netty-transport-classes-io_uring/4.2.5.Final/netty-transport-classes-io_uring-4.2.5.Final.jar:/home/jenkins/.m2/repository/io/netty/netty-codec-classes-quic/4.2.5.Final/netty-codec-classes-quic-4.2.5.Final.jar:/home/jenkins/.m2/repository/io/netty/netty-transport-native-epoll/4.2.5.Final/netty-transport-native-epoll-4.2.5.Final-linux-x86_64.jar:/home/jenkins/.m2/repository/io/netty/netty-transport-native-epoll/4.2.5.Final/netty-transport-native-epoll-4.2.5.Final-linux-aarch_64.jar:/home/jenkins/.m2/repository/io/netty/netty-transport-native-epoll/4.2.5.Final/netty-transport-native-epoll-4.2.5.Final-linux-riscv64.jar:/home/jenkins/.m2/repository/io/netty/netty-transport-native-io_uring/4.2.5.Final/netty-transport-native-io_uring-4.2.5.Final-linux-x86_64.jar:/home/jenkins/.m2/repository/io/netty/netty-transport-native-io_uring/4.2.5.Final/netty-transport-native-io_uring-4.2.5.Final-linux-aarch_64.jar:/home/jenkins/.m2/repository/io/netty/netty-transport-native-io_uring/4.2.5.Final/netty-transport-native-io_uring-4.2.5.Final-linux-riscv64.jar:/home/jenkins/.m2/repository/io/netty/netty-transport-native-kqueue/4.2.5.Final/netty-transport-native-kqueue-4.2.5.Final-osx-x86_64.jar:/home/jenkins/.m2/repository/io/netty/netty-transport-native-kqueue/4.2.5.Final/netty-transport-native-kqueue-4.2.5.Final-osx-aarch_64.jar:/home/jenkins/.m2/repository/io/netty/netty-resolver-dns-native-macos/4.2.5.Final/netty-resolver-dns-native-macos-4.2.5.Final-osx-x86_64.jar:/home/jenkins/.m2/repository/io/netty/netty-resolver-dns-native-macos/4.2.5.Final/netty-resolver-dns-native-macos-4.2.5.Final-osx-aarch_64.jar:/home/jenkins/.m2/repository/io/netty/netty-codec-native-quic/4.2.5.Final/netty-codec-native-quic-4.2.5.Final-linux-x86_64.jar:/home/jenkins/.m2/repository/io/netty/netty-codec-native-quic/4.2.5.Final/netty-codec-native-quic-4.2.5.Final-linux-aarch_64.jar:/home/jenkins/.m2/repository/io/netty/netty-codec-native-quic/4.2.5.Final/netty-codec-native-quic-4.2.5.Final-osx-x86_64.jar:/home/jenkins/.m2/repository/io/netty/netty-codec-native-quic/4.2.5.Final/netty-codec-native-quic-4.2.5.Final-osx-aarch_64.jar:/home/jenkins/.m2/repository/io/netty/netty-codec-native-quic/4.2.5.Final/netty-codec-native-quic-4.2.5.Final-windows-x86_64.jar:/home/jenkins/.m2/repository/xerces/xercesImpl/2.12.2/xercesImpl-2.12.2.jar:/home/jenkins/.m2/repository/xml-apis/xml-apis/1.4.01/xml-apis-1.4.01.jar:/home/jenkins/.m2/repository/com/fasterxml/jackson/core/jackson-core/2.19.2/jackson-core-2.19.2.jar:/home/jenkins/.m2/repository/com/fasterxml/jackson/core/jackson-annotations/2.19.2/jackson-annotations-2.19.2.jar:/home/jenkins/.m2/repository/com/fasterxml/jackson/core/jackson-databind/2.19.2/jackson-databind-2.19.2.jar:/home/jenkins/.m2/repository/com/fasterxml/jackson/jaxrs/jackson-jaxrs-json-provider/2.19.2/jackson-jaxrs-json-provider-2.19.2.jar:/home/jenkins/.m2/repository/com/fasterxml/jackson/jaxrs/jackson-jaxrs-base/2.19.2/jackson-jaxrs-base-2.19.2.jar:/home/jenkins/.m2/repository/com/fasterxml/jackson/module/jackson-module-jaxb-annotations/2.19.2/jackson-module-jaxb-annotations-2.19.2.jar:/home/jenkins/.m2/repository/jakarta/activation/jakarta.activation-api/1.2.2/jakarta.activation-api-1.2.2.jar:/home/jenkins/.m2/repository/com/fasterxml/jackson/datatype/jackson-datatype-joda/2.19.2/jackson-datatype-joda-2.19.2.jar:/home/jenkins/.m2/repository/com/fasterxml/jackson/datatype/jackson-datatype-jsr310/2.19.2/jackson-datatype-jsr310-2.19.2.jar:/home/jenkins/.m2/repository/joda-time/joda-time/2.14.0/joda-time-2.14.0.jar:/home/jenkins/.m2/repository/com/brsanthu/migbase64/2.2/migbase64-2.2.jar:/home/jenkins/.m2/repository/org/testng/testng/7.10.2/testng-7.10.2.jar:/home/jenkins/.m2/repository/com/beust/jcommander/1.82/jcommander-1.82.jar:/home/jenkins/.m2/repository/org/webjars/jquery/3.7.1/jquery-3.7.1.jar:/home/jenkins/.m2/repository/org/mockito/mockito-core/5.19.0/mockito-core-5.19.0.jar:/home/jenkins/.m2/repository/net/bytebuddy/byte-buddy/1.17.6/byte-buddy-1.17.6.jar:/home/jenkins/.m2/repository/net/bytebuddy/byte-buddy-agent/1.17.6/byte-buddy-agent-1.17.6.jar:/home/jenkins/.m2/repository/org/objenesis/objenesis/3.3/objenesis-3.3.jar:/home/jenkins/.m2/repository/com/neovisionaries/nv-websocket-client/2.14/nv-websocket-client-2.14.jar:/home/jenkins/.m2/repository/com/google/guava/guava/33.4.8-jre/guava-33.4.8-jre.jar:/home/jenkins/.m2/repository/com/google/guava/failureaccess/1.0.3/failureaccess-1.0.3.jar:/home/jenkins/.m2/repository/com/google/guava/listenablefuture/9999.0-empty-to-avoid-conflict-with-guava/listenablefuture-9999.0-empty-to-avoid-conflict-with-guava.jar:/home/jenkins/.m2/repository/org/jspecify/jspecify/1.0.0/jspecify-1.0.0.jar:/home/jenkins/.m2/repository/com/google/errorprone/error_prone_annotations/2.36.0/error_prone_annotations-2.36.0.jar:/home/jenkins/.m2/repository/com/google/j2objc/j2objc-annotations/3.0.0/j2objc-annotations-3.0.0.jar:"/>
    <property name="sun.cpu.endian" value="little"/>
    <property name="user.home" value="/home/jenkins"/>
    <property name="user.language" value="en"/>
    <property name="java.specification.vendor" value="Oracle Corporation"/>
    <property name="java.version.date" value="2022-07-19"/>
    <property name="java.home" value="/var/build/tools/hudson.model.JDK/OpenJDK_17.0.4/jdk-17.0.4+8"/>
    <property name="version" value="233.0.0"/>
    <property name="file.separator" value="/"/>
    <property name="basedir" value="/var/build/workspace/build-platform-sdks-pipeline/output/purecloudjava/build"/>
    <property name="java.vm.compressedOopsMode" value="Zero based"/>
    <property name="line.separator" value="&#10;"/>
    <property name="java.vm.specification.vendor" value="Oracle Corporation"/>
    <property name="java.specification.name" value="Java Platform API Specification"/>
    <property name="surefire.real.class.path" value="/var/build/workspace/build-platform-sdks-pipeline/output/purecloudjava/build/target/surefire/surefirebooter-20250930170701057_3.jar"/>
    <property name="com.sun.jndi.rmi.object.trustURLCodebase" value="false"/>
    <property name="sun.management.compiler" value="HotSpot 64-Bit Tiered Compilers"/>
    <property name="java.runtime.version" value="17.0.4+8"/>
    <property name="user.name" value="jenkins"/>
    <property name="path.separator" value=":"/>
    <property name="com.sun.jndi.cosnaming.object.trustURLCodebase" value="false"/>
    <property name="os.version" value="4.14.355-280.651.amzn2.x86_64"/>
    <property name="java.runtime.name" value="OpenJDK Runtime Environment"/>
    <property name="file.encoding" value="UTF-8"/>
    <property name="java.vm.name" value="OpenJDK 64-Bit Server VM"/>
    <property name="java.vendor.version" value="Temurin-17.0.4+8"/>
    <property name="localRepository" value="/home/jenkins/.m2/repository"/>
    <property name="java.vendor.url.bug" value="https://github.com/adoptium/adoptium-support/issues"/>
    <property name="java.io.tmpdir" value="/tmp"/>
    <property name="java.version" value="17.0.4"/>
    <property name="user.dir" value="/var/build/workspace/build-platform-sdks-pipeline/output/purecloudjava/build"/>
    <property name="os.arch" value="amd64"/>
    <property name="java.vm.specification.name" value="Java Virtual Machine Specification"/>
    <property name="native.encoding" value="UTF-8"/>
    <property name="java.library.path" value="/usr/java/packages/lib:/usr/lib64:/lib64:/lib:/usr/lib"/>
    <property name="java.vm.info" value="mixed mode, sharing"/>
    <property name="java.vendor" value="Eclipse Adoptium"/>
    <property name="java.vm.version" value="17.0.4+8"/>
    <property name="sun.io.unicode.encoding" value="UnicodeLittle"/>
    <property name="java.class.version" value="61.0"/>
  </properties>
  <testcase name="traceBasicInformation" classname="com.mypurecloud.sdk.v2.SdkTests" time="0.005">
    <system-out><![CDATA[[&amp#27;[1;36mTEST&amp#27;[0m] beforeTest
Before test
[&amp#27;[1;32mSUCCESS&amp#27;[0m] beforeTest
[&amp#27;[1;36mTEST&amp#27;[0m] traceBasicInformation
PURECLOUD_ENVIRONMENT=mypurecloud.com
PURECLOUD_CLIENT_ID=5567fb14-258b-487b-8f69-860d135d26f5
userEmail=c1b261eb-d83f-40b3-b50b-570ff49b78d9@mypurecloud.com
[&amp#27;[1;32mSUCCESS&amp#27;[0m] traceBasicInformation
]]></system-out>
    <system-err><![CDATA[SLF4J(W): No SLF4J providers were found.
SLF4J(W): Defaulting to no-operation (NOP) logger implementation
SLF4J(W): See https://www.slf4j.org/codes.html#noProviders for further details.
]]></system-err>
  </testcase>
  <testcase name="traceBasicInformation" classname="com.mypurecloud.sdk.v2.SdkTests" time="0.001">
    <system-out><![CDATA[[&amp#27;[1;36mTEST&amp#27;[0m] afterTest
After test
[&amp#27;[1;32mSUCCESS&amp#27;[0m] afterTest
[&amp#27;[1;36mTEST&amp#27;[0m] beforeTest
Before test
[&amp#27;[1;32mSUCCESS&amp#27;[0m] beforeTest
[&amp#27;[1;36mTEST&amp#27;[0m] traceBasicInformation
PURECLOUD_ENVIRONMENT=mypurecloud.com
PURECLOUD_CLIENT_ID=5567fb14-258b-487b-8f69-860d135d26f5
userEmail=3766bd57-4b9d-476e-8168-ab680c2f643f@mypurecloud.com
[&amp#27;[1;32mSUCCESS&amp#27;[0m] traceBasicInformation
]]></system-out>
  </testcase>
  <testcase name="traceBasicInformation" classname="com.mypurecloud.sdk.v2.SdkTests" time="0.0">
    <system-out><![CDATA[[&amp#27;[1;36mTEST&amp#27;[0m] afterTest
After test
[&amp#27;[1;32mSUCCESS&amp#27;[0m] afterTest
[&amp#27;[1;36mTEST&amp#27;[0m] beforeTest
Before test
[&amp#27;[1;32mSUCCESS&amp#27;[0m] beforeTest
[&amp#27;[1;36mTEST&amp#27;[0m] traceBasicInformation
PURECLOUD_ENVIRONMENT=mypurecloud.com
PURECLOUD_CLIENT_ID=5567fb14-258b-487b-8f69-860d135d26f5
userEmail=07a2954d-4e39-4d7d-81ac-440cae5d5689@mypurecloud.com
[&amp#27;[1;32mSUCCESS&amp#27;[0m] traceBasicInformation
]]></system-out>
  </testcase>
  <testcase name="authenticate" classname="com.mypurecloud.sdk.v2.SdkTests" time="0.88">
    <system-out><![CDATA[[&amp#27;[1;36mTEST&amp#27;[0m] authenticate
[&amp#27;[1;32mSUCCESS&amp#27;[0m] authenticate
]]></system-out>
  </testcase>
  <testcase name="authenticate" classname="com.mypurecloud.sdk.v2.SdkTests" time="0.437">
    <system-out><![CDATA[[&amp#27;[1;36mTEST&amp#27;[0m] authenticate
system presence -> OFFLINE
[&amp#27;[1;32mSUCCESS&amp#27;[0m] authenticate
]]></system-out>
  </testcase>
  <testcase name="authenticate" classname="com.mypurecloud.sdk.v2.SdkTests" time="0.249">
    <system-out><![CDATA[[&amp#27;[1;36mTEST&amp#27;[0m] authenticate
system presence -> OFFLINE
[&amp#27;[1;32mSUCCESS&amp#27;[0m] authenticate
]]></system-out>
  </testcase>
  <testcase name="createUser" classname="com.mypurecloud.sdk.v2.SdkTests" time="0.629">
    <system-out><![CDATA[[&amp#27;[1;36mTEST&amp#27;[0m] createUser
Created user with ID 748385ee-4b8a-4667-9aba-a85998f8c8fd
[&amp#27;[1;32mSUCCESS&amp#27;[0m] createUser
]]></system-out>
  </testcase>
  <testcase name="createUser" classname="com.mypurecloud.sdk.v2.SdkTests" time="0.514">
    <system-out><![CDATA[[&amp#27;[1;36mTEST&amp#27;[0m] createUser
Created user with ID 1d1c8711-59f4-43da-8a64-334f4d7f51fe
[&amp#27;[1;32mSUCCESS&amp#27;[0m] createUser
]]></system-out>
  </testcase>
  <testcase name="createUser" classname="com.mypurecloud.sdk.v2.SdkTests" time="0.368">
    <system-out><![CDATA[[&amp#27;[1;36mTEST&amp#27;[0m] createUser
Created user with ID 432e0b24-d5bd-47e3-b1d1-d2e78b1f8b3a
[&amp#27;[1;32mSUCCESS&amp#27;[0m] createUser
]]></system-out>
  </testcase>
  <testcase name="updateUser" classname="com.mypurecloud.sdk.v2.SdkTests" time="0.207">
    <system-out><![CDATA[[&amp#27;[1;36mTEST&amp#27;[0m] updateUser
[&amp#27;[1;32mSUCCESS&amp#27;[0m] updateUser
]]></system-out>
  </testcase>
  <testcase name="updateUser" classname="com.mypurecloud.sdk.v2.SdkTests" time="0.135">
    <system-out><![CDATA[[&amp#27;[1;36mTEST&amp#27;[0m] updateUser
[&amp#27;[1;32mSUCCESS&amp#27;[0m] updateUser
]]></system-out>
  </testcase>
  <testcase name="updateUser" classname="com.mypurecloud.sdk.v2.SdkTests" time="0.17">
    <system-out><![CDATA[[&amp#27;[1;36mTEST&amp#27;[0m] updateUser
[&amp#27;[1;32mSUCCESS&amp#27;[0m] updateUser
]]></system-out>
  </testcase>
  <testcase name="setProfileSkills" classname="com.mypurecloud.sdk.v2.SdkTests" time="0.175">
    <system-out><![CDATA[[&amp#27;[1;36mTEST&amp#27;[0m] setProfileSkills
[&amp#27;[1;32mSUCCESS&amp#27;[0m] setProfileSkills
]]></system-out>
  </testcase>
  <testcase name="setProfileSkills" classname="com.mypurecloud.sdk.v2.SdkTests" time="0.149">
    <system-out><![CDATA[[&amp#27;[1;36mTEST&amp#27;[0m] setProfileSkills
[&amp#27;[1;32mSUCCESS&amp#27;[0m] setProfileSkills
]]></system-out>
  </testcase>
  <testcase name="setProfileSkills" classname="com.mypurecloud.sdk.v2.SdkTests" time="0.136">
    <system-out><![CDATA[[&amp#27;[1;36mTEST&amp#27;[0m] setProfileSkills
[&amp#27;[1;32mSUCCESS&amp#27;[0m] setProfileSkills
]]></system-out>
  </testcase>
  <testcase name="testNotifications" classname="com.mypurecloud.sdk.v2.SdkTests" time="0.575">
    <system-out><![CDATA[[&amp#27;[1;36mTEST&amp#27;[0m] testNotifications
system presence -> BUSY
system presence -> AVAILABLE
[&amp#27;[1;32mSUCCESS&amp#27;[0m] testNotifications
]]></system-out>
  </testcase>
  <testcase name="testNotifications" classname="com.mypurecloud.sdk.v2.SdkTests" time="0.57">
    <system-out><![CDATA[[&amp#27;[1;36mTEST&amp#27;[0m] testNotifications
system presence -> BUSY
system presence -> AVAILABLE
[&amp#27;[1;32mSUCCESS&amp#27;[0m] testNotifications
]]></system-out>
  </testcase>
  <testcase name="testNotifications" classname="com.mypurecloud.sdk.v2.SdkTests" time="0.488">
    <system-out><![CDATA[[&amp#27;[1;36mTEST&amp#27;[0m] testNotifications
system presence -> BUSY
system presence -> AVAILABLE
[&amp#27;[1;32mSUCCESS&amp#27;[0m] testNotifications
]]></system-out>
  </testcase>
  <testcase name="getUser" classname="com.mypurecloud.sdk.v2.SdkTests" time="0.125">
    <system-out><![CDATA[[&amp#27;[1;36mTEST&amp#27;[0m] getUser
[&amp#27;[1;32mSUCCESS&amp#27;[0m] getUser
]]></system-out>
  </testcase>
  <testcase name="getUser" classname="com.mypurecloud.sdk.v2.SdkTests" time="0.084">
    <system-out><![CDATA[[&amp#27;[1;36mTEST&amp#27;[0m] getUser
[&amp#27;[1;32mSUCCESS&amp#27;[0m] getUser
]]></system-out>
  </testcase>
  <testcase name="getUser" classname="com.mypurecloud.sdk.v2.SdkTests" time="0.042">
    <system-out><![CDATA[[&amp#27;[1;36mTEST&amp#27;[0m] getUser
[&amp#27;[1;32mSUCCESS&amp#27;[0m] getUser
]]></system-out>
  </testcase>
  <testcase name="testObjectMapperIgnoresUnknownProperties" classname="com.mypurecloud.sdk.v2.SdkTests" time="0.002">
    <system-out><![CDATA[[&amp#27;[1;36mTEST&amp#27;[0m] testObjectMapperIgnoresUnknownProperties
MockPojo [id 12345]
[&amp#27;[1;32mSUCCESS&amp#27;[0m] testObjectMapperIgnoresUnknownProperties
]]></system-out>
  </testcase>
  <testcase name="testObjectMapperIgnoresUnknownProperties" classname="com.mypurecloud.sdk.v2.SdkTests" time="0.002">
    <system-out><![CDATA[[&amp#27;[1;36mTEST&amp#27;[0m] testObjectMapperIgnoresUnknownProperties
MockPojo [id 12345]
[&amp#27;[1;32mSUCCESS&amp#27;[0m] testObjectMapperIgnoresUnknownProperties
]]></system-out>
  </testcase>
  <testcase name="testObjectMapperIgnoresUnknownProperties" classname="com.mypurecloud.sdk.v2.SdkTests" time="0.002">
    <system-out><![CDATA[[&amp#27;[1;36mTEST&amp#27;[0m] testObjectMapperIgnoresUnknownProperties
MockPojo [id 12345]
[&amp#27;[1;32mSUCCESS&amp#27;[0m] testObjectMapperIgnoresUnknownProperties
]]></system-out>
  </testcase>
  <testcase name="testPreAndPostHooks" classname="com.mypurecloud.sdk.v2.SdkTests" time="0.095">
    <system-out><![CDATA[[&amp#27;[1;36mTEST&amp#27;[0m] testPreAndPostHooks
Pre-request hook - Method: GET
Pre-request hook - URL: https://api.mypurecloud.com/api/v2/users/748385ee-4b8a-4667-9aba-a85998f8c8fd?expand=profileSkills
Post-hook executed. Status code: 200
[&amp#27;[1;32mSUCCESS&amp#27;[0m] testPreAndPostHooks
]]></system-out>
  </testcase>
  <testcase name="testPreAndPostHooks" classname="com.mypurecloud.sdk.v2.SdkTests" time="0.061">
    <system-out><![CDATA[[&amp#27;[1;36mTEST&amp#27;[0m] testPreAndPostHooks
Pre-request hook - Method: GET
Pre-request hook - URL: https://api.mypurecloud.com/api/v2/users/1d1c8711-59f4-43da-8a64-334f4d7f51fe?expand=profileSkills
Post-hook executed. Status code: 200
[&amp#27;[1;32mSUCCESS&amp#27;[0m] testPreAndPostHooks
]]></system-out>
  </testcase>
  <testcase name="testPreAndPostHooks" classname="com.mypurecloud.sdk.v2.SdkTests" time="0.063">
    <system-out><![CDATA[[&amp#27;[1;36mTEST&amp#27;[0m] testPreAndPostHooks
Pre-request hook - Method: GET
Pre-request hook - URL: https://api.mypurecloud.com/api/v2/users/432e0b24-d5bd-47e3-b1d1-d2e78b1f8b3a?expand=profileSkills
Post-hook executed. Status code: 200
[&amp#27;[1;32mSUCCESS&amp#27;[0m] testPreAndPostHooks
]]></system-out>
  </testcase>
  <testcase name="deleteUser" classname="com.mypurecloud.sdk.v2.SdkTests" time="0.219">
    <system-out><![CDATA[[&amp#27;[1;36mTEST&amp#27;[0m] deleteUser
[&amp#27;[1;32mSUCCESS&amp#27;[0m] deleteUser
]]></system-out>
  </testcase>
  <testcase name="deleteUser" classname="com.mypurecloud.sdk.v2.SdkTests" time="0.277">
    <system-out><![CDATA[[&amp#27;[1;36mTEST&amp#27;[0m] deleteUser
[&amp#27;[1;32mSUCCESS&amp#27;[0m] deleteUser
]]></system-out>
  </testcase>
  <testcase name="deleteUser" classname="com.mypurecloud.sdk.v2.SdkTests" time="0.208">
    <system-out><![CDATA[[&amp#27;[1;36mTEST&amp#27;[0m] deleteUser
[&amp#27;[1;32mSUCCESS&amp#27;[0m] deleteUser
]]></system-out>
  </testcase>
  <testcase name="invokeTestWith_429" classname="com.mypurecloud.sdk.v2.ApiClientRetryTest" time="6.227">
    <system-out><![CDATA[[&amp#27;[1;36mTEST&amp#27;[0m] afterTest
After test
[&amp#27;[1;32mSUCCESS&amp#27;[0m] afterTest
[&amp#27;[1;36mTEST&amp#27;[0m] setup
system presence -> OFFLINE
[&amp#27;[1;32mSUCCESS&amp#27;[0m] setup
[&amp#27;[1;36mTEST&amp#27;[0m] invokeTestWith_429
[&amp#27;[1;32mSUCCESS&amp#27;[0m] invokeTestWith_429
]]></system-out>
  </testcase>
  <testcase name="invokeTestWith_429_And_No_MaxRetryTime" classname="com.mypurecloud.sdk.v2.ApiClientRetryTest" time="0.143">
    <system-out><![CDATA[[&amp#27;[1;36mTEST&amp#27;[0m] setup
[&amp#27;[1;32mSUCCESS&amp#27;[0m] setup
[&amp#27;[1;36mTEST&amp#27;[0m] invokeTestWith_429_And_No_MaxRetryTime
[&amp#27;[1;32mSUCCESS&amp#27;[0m] invokeTestWith_429_And_No_MaxRetryTime
]]></system-out>
  </testcase>
  <testcase name="invokeTestWith_502" classname="com.mypurecloud.sdk.v2.ApiClientRetryTest" time="13.133">
    <system-out><![CDATA[[&amp#27;[1;36mTEST&amp#27;[0m] setup
[&amp#27;[1;32mSUCCESS&amp#27;[0m] setup
[&amp#27;[1;36mTEST&amp#27;[0m] invokeTestWith_502
[&amp#27;[1;32mSUCCESS&amp#27;[0m] invokeTestWith_502
]]></system-out>
  </testcase>
  <testcase name="invokeTestWith_503" classname="com.mypurecloud.sdk.v2.ApiClientRetryTest" time="40.124">
    <system-out><![CDATA[[&amp#27;[1;36mTEST&amp#27;[0m] setup
[&amp#27;[1;32mSUCCESS&amp#27;[0m] setup
[&amp#27;[1;36mTEST&amp#27;[0m] invokeTestWith_503
[&amp#27;[1;32mSUCCESS&amp#27;[0m] invokeTestWith_503
]]></system-out>
  </testcase>
  <testcase name="invokeTestWith_504" classname="com.mypurecloud.sdk.v2.ApiClientRetryTest" time="2.137">
    <system-out><![CDATA[[&amp#27;[1;36mTEST&amp#27;[0m] setup
[&amp#27;[1;32mSUCCESS&amp#27;[0m] setup
[&amp#27;[1;36mTEST&amp#27;[0m] invokeTestWith_504
[&amp#27;[1;32mSUCCESS&amp#27;[0m] invokeTestWith_504
]]></system-out>
  </testcase>
  <testcase name="invokeTestWith_504_No_MaxRetryTime" classname="com.mypurecloud.sdk.v2.ApiClientRetryTest" time="0.112">
    <system-out><![CDATA[[&amp#27;[1;36mTEST&amp#27;[0m] setup
[&amp#27;[1;32mSUCCESS&amp#27;[0m] setup
[&amp#27;[1;36mTEST&amp#27;[0m] invokeTestWith_504_No_MaxRetryTime
[&amp#27;[1;32mSUCCESS&amp#27;[0m] invokeTestWith_504_No_MaxRetryTime
]]></system-out>
  </testcase>
  <testcase name="shouldRetryTestWith_200" classname="com.mypurecloud.sdk.v2.ApiClientRetryTest" time="0.002">
    <system-out><![CDATA[[&amp#27;[1;36mTEST&amp#27;[0m] setup
[&amp#27;[1;32mSUCCESS&amp#27;[0m] setup
[&amp#27;[1;36mTEST&amp#27;[0m] shouldRetryTestWith_200
[&amp#27;[1;32mSUCCESS&amp#27;[0m] shouldRetryTestWith_200
]]></system-out>
  </testcase>
  <testcase name="shouldRetryTestWith_429" classname="com.mypurecloud.sdk.v2.ApiClientRetryTest" time="1.002">
    <system-out><![CDATA[[&amp#27;[1;36mTEST&amp#27;[0m] setup
[&amp#27;[1;32mSUCCESS&amp#27;[0m] setup
[&amp#27;[1;36mTEST&amp#27;[0m] shouldRetryTestWith_429
[&amp#27;[1;32mSUCCESS&amp#27;[0m] shouldRetryTestWith_429
]]></system-out>
  </testcase>
  <testcase name="shouldRetryTestWith_502" classname="com.mypurecloud.sdk.v2.ApiClientRetryTest" time="1.001">
    <system-out><![CDATA[[&amp#27;[1;36mTEST&amp#27;[0m] setup
[&amp#27;[1;32mSUCCESS&amp#27;[0m] setup
[&amp#27;[1;36mTEST&amp#27;[0m] shouldRetryTestWith_502
[&amp#27;[1;32mSUCCESS&amp#27;[0m] shouldRetryTestWith_502
]]></system-out>
  </testcase>
  <testcase name="shouldRetryTestWith_502_And_0_MaxRetryTime" classname="com.mypurecloud.sdk.v2.ApiClientRetryTest" time="0.001">
    <system-out><![CDATA[[&amp#27;[1;36mTEST&amp#27;[0m] setup
[&amp#27;[1;32mSUCCESS&amp#27;[0m] setup
[&amp#27;[1;36mTEST&amp#27;[0m] shouldRetryTestWith_502_And_0_MaxRetryTime
[&amp#27;[1;32mSUCCESS&amp#27;[0m] shouldRetryTestWith_502_And_0_MaxRetryTime
]]></system-out>
  </testcase>
  <testcase name="shouldRetryTestWith_503_And_RetryConfig" classname="com.mypurecloud.sdk.v2.ApiClientRetryTest" time="3.001">
    <system-out><![CDATA[[&amp#27;[1;36mTEST&amp#27;[0m] setup
[&amp#27;[1;32mSUCCESS&amp#27;[0m] setup
[&amp#27;[1;36mTEST&amp#27;[0m] shouldRetryTestWith_503_And_RetryConfig
[&amp#27;[1;32mSUCCESS&amp#27;[0m] shouldRetryTestWith_503_And_RetryConfig
]]></system-out>
  </testcase>
  <testcase name="shouldRetryTestWith_504_And_No_RetryAfter_Header" classname="com.mypurecloud.sdk.v2.ApiClientRetryTest" time="3.001">
    <system-out><![CDATA[[&amp#27;[1;36mTEST&amp#27;[0m] setup
[&amp#27;[1;32mSUCCESS&amp#27;[0m] setup
[&amp#27;[1;36mTEST&amp#27;[0m] shouldRetryTestWith_504_And_No_RetryAfter_Header
[&amp#27;[1;32mSUCCESS&amp#27;[0m] shouldRetryTestWith_504_And_No_RetryAfter_Header
]]></system-out>
  </testcase>
  <testcase name="invokeAsyncTestWith_429" classname="com.mypurecloud.sdk.v2.ApiClientRetryAsyncTest" time="5.129">
    <system-out><![CDATA[[&amp#27;[1;36mTEST&amp#27;[0m] setup
[&amp#27;[1;32mSUCCESS&amp#27;[0m] setup
[&amp#27;[1;36mTEST&amp#27;[0m] invokeAsyncTestWith_429
[&amp#27;[1;32mSUCCESS&amp#27;[0m] invokeAsyncTestWith_429
]]></system-out>
  </testcase>
  <testcase name="invokeAsyncTestWith_429_And_No_MaxRetryTime" classname="com.mypurecloud.sdk.v2.ApiClientRetryAsyncTest" time="0.116">
    <system-out><![CDATA[[&amp#27;[1;36mTEST&amp#27;[0m] setup
[&amp#27;[1;32mSUCCESS&amp#27;[0m] setup
[&amp#27;[1;36mTEST&amp#27;[0m] invokeAsyncTestWith_429_And_No_MaxRetryTime
[&amp#27;[1;32mSUCCESS&amp#27;[0m] invokeAsyncTestWith_429_And_No_MaxRetryTime
]]></system-out>
  </testcase>
  <testcase name="invokeAsyncTestWith_502" classname="com.mypurecloud.sdk.v2.ApiClientRetryAsyncTest" time="13.087">
    <system-out><![CDATA[[&amp#27;[1;36mTEST&amp#27;[0m] setup
[&amp#27;[1;32mSUCCESS&amp#27;[0m] setup
[&amp#27;[1;36mTEST&amp#27;[0m] invokeAsyncTestWith_502
[&amp#27;[1;32mSUCCESS&amp#27;[0m] invokeAsyncTestWith_502
]]></system-out>
  </testcase>
  <testcase name="invokeAsyncTestWith_503" classname="com.mypurecloud.sdk.v2.ApiClientRetryAsyncTest" time="40.117">
    <system-out><![CDATA[[&amp#27;[1;36mTEST&amp#27;[0m] setup
[&amp#27;[1;32mSUCCESS&amp#27;[0m] setup
[&amp#27;[1;36mTEST&amp#27;[0m] invokeAsyncTestWith_503
[&amp#27;[1;32mSUCCESS&amp#27;[0m] invokeAsyncTestWith_503
]]></system-out>
  </testcase>
  <testcase name="invokeAsyncTestWith_504" classname="com.mypurecloud.sdk.v2.ApiClientRetryAsyncTest" time="2.116">
    <system-out><![CDATA[[&amp#27;[1;36mTEST&amp#27;[0m] setup
[&amp#27;[1;32mSUCCESS&amp#27;[0m] setup
[&amp#27;[1;36mTEST&amp#27;[0m] invokeAsyncTestWith_504
[&amp#27;[1;32mSUCCESS&amp#27;[0m] invokeAsyncTestWith_504
]]></system-out>
  </testcase>
  <testcase name="invokeAsyncTestWith_504_And_No_MaxRetryTime" classname="com.mypurecloud.sdk.v2.ApiClientRetryAsyncTest" time="0.105">
    <system-out><![CDATA[[&amp#27;[1;36mTEST&amp#27;[0m] setup
[&amp#27;[1;32mSUCCESS&amp#27;[0m] setup
[&amp#27;[1;36mTEST&amp#27;[0m] invokeAsyncTestWith_504_And_No_MaxRetryTime
[&amp#27;[1;32mSUCCESS&amp#27;[0m] invokeAsyncTestWith_504_And_No_MaxRetryTime
]]></system-out>
  </testcase>
</testsuite>