<?xml version="1.0" encoding="UTF-8"?>
<testsuite xmlns:xsi="http://www.w3.org/2001/XMLSchema-instance" xsi:noNamespaceSchemaLocation="https://maven.apache.org/surefire/maven-surefire-plugin/xsd/surefire-test-report-3.0.xsd" version="3.0" name="TestSuite" time="140.018" tests="45" errors="0" skipped="0" failures="0">
  <properties>
    <property name="java.specification.version" value="17"/>
    <property name="sun.jnu.encoding" value="UTF-8"/>
    <property name="java.class.path" value="/var/build/workspace/build-platform-sdks-pipeline/output/purecloudjava/build/target/test-classes:/var/build/workspace/build-platform-sdks-pipeline/output/purecloudjava/build/target/classes:/home/jenkins/.m2/repository/io/swagger/swagger-annotations/1.6.12/swagger-annotations-1.6.12.jar:/home/jenkins/.m2/repository/javax/xml/bind/jaxb-api/2.3.1/jaxb-api-2.3.1.jar:/home/jenkins/.m2/repository/javax/activation/javax.activation-api/1.2.0/javax.activation-api-1.2.0.jar:/home/jenkins/.m2/repository/org/slf4j/slf4j-api/2.0.9/slf4j-api-2.0.9.jar:/home/jenkins/.m2/repository/org/ini4j/ini4j/0.5.4/ini4j-0.5.4.jar:/home/jenkins/.m2/repository/org/apache/httpcomponents/httpclient/4.5.14/httpclient-4.5.14.jar:/home/jenkins/.m2/repository/org/apache/httpcomponents/httpcore/4.4.16/httpcore-4.4.16.jar:/home/jenkins/.m2/repository/commons-logging/commons-logging/1.2/commons-logging-1.2.jar:/home/jenkins/.m2/repository/commons-codec/commons-codec/1.11/commons-codec-1.11.jar:/home/jenkins/.m2/repository/com/squareup/okhttp3/okhttp/4.12.0/okhttp-4.12.0.jar:/home/jenkins/.m2/repository/com/squareup/okio/okio/3.6.0/okio-3.6.0.jar:/home/jenkins/.m2/repository/com/squareup/okio/okio-jvm/3.6.0/okio-jvm-3.6.0.jar:/home/jenkins/.m2/repository/org/jetbrains/kotlin/kotlin-stdlib-common/1.9.10/kotlin-stdlib-common-1.9.10.jar:/home/jenkins/.m2/repository/org/jetbrains/kotlin/kotlin-stdlib-jdk8/1.8.21/kotlin-stdlib-jdk8-1.8.21.jar:/home/jenkins/.m2/repository/org/jetbrains/kotlin/kotlin-stdlib/1.8.21/kotlin-stdlib-1.8.21.jar:/home/jenkins/.m2/repository/org/jetbrains/annotations/13.0/annotations-13.0.jar:/home/jenkins/.m2/repository/org/jetbrains/kotlin/kotlin-stdlib-jdk7/1.8.21/kotlin-stdlib-jdk7-1.8.21.jar:/home/jenkins/.m2/repository/org/asynchttpclient/async-http-client/2.12.3/async-http-client-2.12.3.jar:/home/jenkins/.m2/repository/org/asynchttpclient/async-http-client-netty-utils/2.12.3/async-http-client-netty-utils-2.12.3.jar:/home/jenkins/.m2/repository/io/netty/netty-buffer/4.1.60.Final/netty-buffer-4.1.60.Final.jar:/home/jenkins/.m2/repository/io/netty/netty-codec-http/4.1.60.Final/netty-codec-http-4.1.60.Final.jar:/home/jenkins/.m2/repository/io/netty/netty-common/4.1.60.Final/netty-common-4.1.60.Final.jar:/home/jenkins/.m2/repository/io/netty/netty-transport/4.1.60.Final/netty-transport-4.1.60.Final.jar:/home/jenkins/.m2/repository/io/netty/netty-codec/4.1.60.Final/netty-codec-4.1.60.Final.jar:/home/jenkins/.m2/repository/io/netty/netty-handler/4.1.60.Final/netty-handler-4.1.60.Final.jar:/home/jenkins/.m2/repository/io/netty/netty-resolver/4.1.60.Final/netty-resolver-4.1.60.Final.jar:/home/jenkins/.m2/repository/io/netty/netty-codec-socks/4.1.60.Final/netty-codec-socks-4.1.60.Final.jar:/home/jenkins/.m2/repository/io/netty/netty-handler-proxy/4.1.60.Final/netty-handler-proxy-4.1.60.Final.jar:/home/jenkins/.m2/repository/io/netty/netty-transport-native-epoll/4.1.60.Final/netty-transport-native-epoll-4.1.60.Final-linux-x86_64.jar:/home/jenkins/.m2/repository/io/netty/netty-transport-native-unix-common/4.1.60.Final/netty-transport-native-unix-common-4.1.60.Final.jar:/home/jenkins/.m2/repository/io/netty/netty-transport-native-kqueue/4.1.60.Final/netty-transport-native-kqueue-4.1.60.Final-osx-x86_64.jar:/home/jenkins/.m2/repository/org/reactivestreams/reactive-streams/1.0.3/reactive-streams-1.0.3.jar:/home/jenkins/.m2/repository/com/typesafe/netty/netty-reactive-streams/2.0.4/netty-reactive-streams-2.0.4.jar:/home/jenkins/.m2/repository/com/sun/activation/jakarta.activation/1.2.2/jakarta.activation-1.2.2.jar:/home/jenkins/.m2/repository/xerces/xercesImpl/2.12.2/xercesImpl-2.12.2.jar:/home/jenkins/.m2/repository/xml-apis/xml-apis/1.4.01/xml-apis-1.4.01.jar:/home/jenkins/.m2/repository/com/fasterxml/jackson/core/jackson-core/2.16.0/jackson-core-2.16.0.jar:/home/jenkins/.m2/repository/com/fasterxml/jackson/core/jackson-annotations/2.16.0/jackson-annotations-2.16.0.jar:/home/jenkins/.m2/repository/com/fasterxml/jackson/core/jackson-databind/2.16.0/jackson-databind-2.16.0.jar:/home/jenkins/.m2/repository/com/fasterxml/jackson/jaxrs/jackson-jaxrs-json-provider/2.16.0/jackson-jaxrs-json-provider-2.16.0.jar:/home/jenkins/.m2/repository/com/fasterxml/jackson/jaxrs/jackson-jaxrs-base/2.16.0/jackson-jaxrs-base-2.16.0.jar:/home/jenkins/.m2/repository/com/fasterxml/jackson/module/jackson-module-jaxb-annotations/2.16.0/jackson-module-jaxb-annotations-2.16.0.jar:/home/jenkins/.m2/repository/jakarta/xml/bind/jakarta.xml.bind-api/2.3.3/jakarta.xml.bind-api-2.3.3.jar:/home/jenkins/.m2/repository/jakarta/activation/jakarta.activation-api/1.2.2/jakarta.activation-api-1.2.2.jar:/home/jenkins/.m2/repository/com/fasterxml/jackson/datatype/jackson-datatype-joda/2.16.0/jackson-datatype-joda-2.16.0.jar:/home/jenkins/.m2/repository/joda-time/joda-time/2.12.5/joda-time-2.12.5.jar:/home/jenkins/.m2/repository/com/brsanthu/migbase64/2.2/migbase64-2.2.jar:/home/jenkins/.m2/repository/org/testng/testng/7.5/testng-7.5.jar:/home/jenkins/.m2/repository/com/google/code/findbugs/jsr305/3.0.1/jsr305-3.0.1.jar:/home/jenkins/.m2/repository/com/beust/jcommander/1.78/jcommander-1.78.jar:/home/jenkins/.m2/repository/org/webjars/jquery/3.5.1/jquery-3.5.1.jar:/home/jenkins/.m2/repository/org/mockito/mockito-core/5.8.0/mockito-core-5.8.0.jar:/home/jenkins/.m2/repository/net/bytebuddy/byte-buddy/1.14.10/byte-buddy-1.14.10.jar:/home/jenkins/.m2/repository/net/bytebuddy/byte-buddy-agent/1.14.10/byte-buddy-agent-1.14.10.jar:/home/jenkins/.m2/repository/org/objenesis/objenesis/3.3/objenesis-3.3.jar:/home/jenkins/.m2/repository/com/neovisionaries/nv-websocket-client/2.14/nv-websocket-client-2.14.jar:/home/jenkins/.m2/repository/com/google/guava/guava/32.1.3-jre/guava-32.1.3-jre.jar:/home/jenkins/.m2/repository/com/google/guava/failureaccess/1.0.1/failureaccess-1.0.1.jar:/home/jenkins/.m2/repository/com/google/guava/listenablefuture/9999.0-empty-to-avoid-conflict-with-guava/listenablefuture-9999.0-empty-to-avoid-conflict-with-guava.jar:/home/jenkins/.m2/repository/org/checkerframework/checker-qual/3.37.0/checker-qual-3.37.0.jar:/home/jenkins/.m2/repository/com/google/errorprone/error_prone_annotations/2.21.1/error_prone_annotations-2.21.1.jar:/home/jenkins/.m2/repository/com/google/j2objc/j2objc-annotations/2.8/j2objc-annotations-2.8.jar:"/>
    <property name="gpg.passphrase" value="M0nkeyYawn"/>
    <property name="java.vm.vendor" value="Eclipse Adoptium"/>
    <property name="sun.arch.data.model" value="64"/>
    <property name="java.vendor.url" value="https://adoptium.net/"/>
    <property name="log4j2.formatMsgNoLookups" value="true"/>
    <property name="user.timezone" value="UTC"/>
    <property name="os.name" value="Linux"/>
    <property name="java.vm.specification.version" value="17"/>
    <property name="sun.java.launcher" value="SUN_STANDARD"/>
    <property name="user.country" value="US"/>
    <property name="sun.boot.library.path" value="/var/build/tools/hudson.model.JDK/OpenJDK_17.0.4/jdk-17.0.4+8/lib"/>
    <property name="sun.java.command" value="/var/build/workspace/build-platform-sdks-pipeline/output/purecloudjava/build/target/surefire/surefirebooter-20231216075146915_3.jar /var/build/workspace/build-platform-sdks-pipeline/output/purecloudjava/build/target/surefire 2023-12-16T07-51-46_471-jvmRun1 surefire-20231216075146915_1tmp surefire_0-20231216075146915_2tmp"/>
    <property name="jdk.debug" value="release"/>
    <property name="surefire.test.class.path" value="/var/build/workspace/build-platform-sdks-pipeline/output/purecloudjava/build/target/test-classes:/var/build/workspace/build-platform-sdks-pipeline/output/purecloudjava/build/target/classes:/home/jenkins/.m2/repository/io/swagger/swagger-annotations/1.6.12/swagger-annotations-1.6.12.jar:/home/jenkins/.m2/repository/javax/xml/bind/jaxb-api/2.3.1/jaxb-api-2.3.1.jar:/home/jenkins/.m2/repository/javax/activation/javax.activation-api/1.2.0/javax.activation-api-1.2.0.jar:/home/jenkins/.m2/repository/org/slf4j/slf4j-api/2.0.9/slf4j-api-2.0.9.jar:/home/jenkins/.m2/repository/org/ini4j/ini4j/0.5.4/ini4j-0.5.4.jar:/home/jenkins/.m2/repository/org/apache/httpcomponents/httpclient/4.5.14/httpclient-4.5.14.jar:/home/jenkins/.m2/repository/org/apache/httpcomponents/httpcore/4.4.16/httpcore-4.4.16.jar:/home/jenkins/.m2/repository/commons-logging/commons-logging/1.2/commons-logging-1.2.jar:/home/jenkins/.m2/repository/commons-codec/commons-codec/1.11/commons-codec-1.11.jar:/home/jenkins/.m2/repository/com/squareup/okhttp3/okhttp/4.12.0/okhttp-4.12.0.jar:/home/jenkins/.m2/repository/com/squareup/okio/okio/3.6.0/okio-3.6.0.jar:/home/jenkins/.m2/repository/com/squareup/okio/okio-jvm/3.6.0/okio-jvm-3.6.0.jar:/home/jenkins/.m2/repository/org/jetbrains/kotlin/kotlin-stdlib-common/1.9.10/kotlin-stdlib-common-1.9.10.jar:/home/jenkins/.m2/repository/org/jetbrains/kotlin/kotlin-stdlib-jdk8/1.8.21/kotlin-stdlib-jdk8-1.8.21.jar:/home/jenkins/.m2/repository/org/jetbrains/kotlin/kotlin-stdlib/1.8.21/kotlin-stdlib-1.8.21.jar:/home/jenkins/.m2/repository/org/jetbrains/annotations/13.0/annotations-13.0.jar:/home/jenkins/.m2/repository/org/jetbrains/kotlin/kotlin-stdlib-jdk7/1.8.21/kotlin-stdlib-jdk7-1.8.21.jar:/home/jenkins/.m2/repository/org/asynchttpclient/async-http-client/2.12.3/async-http-client-2.12.3.jar:/home/jenkins/.m2/repository/org/asynchttpclient/async-http-client-netty-utils/2.12.3/async-http-client-netty-utils-2.12.3.jar:/home/jenkins/.m2/repository/io/netty/netty-buffer/4.1.60.Final/netty-buffer-4.1.60.Final.jar:/home/jenkins/.m2/repository/io/netty/netty-codec-http/4.1.60.Final/netty-codec-http-4.1.60.Final.jar:/home/jenkins/.m2/repository/io/netty/netty-common/4.1.60.Final/netty-common-4.1.60.Final.jar:/home/jenkins/.m2/repository/io/netty/netty-transport/4.1.60.Final/netty-transport-4.1.60.Final.jar:/home/jenkins/.m2/repository/io/netty/netty-codec/4.1.60.Final/netty-codec-4.1.60.Final.jar:/home/jenkins/.m2/repository/io/netty/netty-handler/4.1.60.Final/netty-handler-4.1.60.Final.jar:/home/jenkins/.m2/repository/io/netty/netty-resolver/4.1.60.Final/netty-resolver-4.1.60.Final.jar:/home/jenkins/.m2/repository/io/netty/netty-codec-socks/4.1.60.Final/netty-codec-socks-4.1.60.Final.jar:/home/jenkins/.m2/repository/io/netty/netty-handler-proxy/4.1.60.Final/netty-handler-proxy-4.1.60.Final.jar:/home/jenkins/.m2/repository/io/netty/netty-transport-native-epoll/4.1.60.Final/netty-transport-native-epoll-4.1.60.Final-linux-x86_64.jar:/home/jenkins/.m2/repository/io/netty/netty-transport-native-unix-common/4.1.60.Final/netty-transport-native-unix-common-4.1.60.Final.jar:/home/jenkins/.m2/repository/io/netty/netty-transport-native-kqueue/4.1.60.Final/netty-transport-native-kqueue-4.1.60.Final-osx-x86_64.jar:/home/jenkins/.m2/repository/org/reactivestreams/reactive-streams/1.0.3/reactive-streams-1.0.3.jar:/home/jenkins/.m2/repository/com/typesafe/netty/netty-reactive-streams/2.0.4/netty-reactive-streams-2.0.4.jar:/home/jenkins/.m2/repository/com/sun/activation/jakarta.activation/1.2.2/jakarta.activation-1.2.2.jar:/home/jenkins/.m2/repository/xerces/xercesImpl/2.12.2/xercesImpl-2.12.2.jar:/home/jenkins/.m2/repository/xml-apis/xml-apis/1.4.01/xml-apis-1.4.01.jar:/home/jenkins/.m2/repository/com/fasterxml/jackson/core/jackson-core/2.16.0/jackson-core-2.16.0.jar:/home/jenkins/.m2/repository/com/fasterxml/jackson/core/jackson-annotations/2.16.0/jackson-annotations-2.16.0.jar:/home/jenkins/.m2/repository/com/fasterxml/jackson/core/jackson-databind/2.16.0/jackson-databind-2.16.0.jar:/home/jenkins/.m2/repository/com/fasterxml/jackson/jaxrs/jackson-jaxrs-json-provider/2.16.0/jackson-jaxrs-json-provider-2.16.0.jar:/home/jenkins/.m2/repository/com/fasterxml/jackson/jaxrs/jackson-jaxrs-base/2.16.0/jackson-jaxrs-base-2.16.0.jar:/home/jenkins/.m2/repository/com/fasterxml/jackson/module/jackson-module-jaxb-annotations/2.16.0/jackson-module-jaxb-annotations-2.16.0.jar:/home/jenkins/.m2/repository/jakarta/xml/bind/jakarta.xml.bind-api/2.3.3/jakarta.xml.bind-api-2.3.3.jar:/home/jenkins/.m2/repository/jakarta/activation/jakarta.activation-api/1.2.2/jakarta.activation-api-1.2.2.jar:/home/jenkins/.m2/repository/com/fasterxml/jackson/datatype/jackson-datatype-joda/2.16.0/jackson-datatype-joda-2.16.0.jar:/home/jenkins/.m2/repository/joda-time/joda-time/2.12.5/joda-time-2.12.5.jar:/home/jenkins/.m2/repository/com/brsanthu/migbase64/2.2/migbase64-2.2.jar:/home/jenkins/.m2/repository/org/testng/testng/7.5/testng-7.5.jar:/home/jenkins/.m2/repository/com/google/code/findbugs/jsr305/3.0.1/jsr305-3.0.1.jar:/home/jenkins/.m2/repository/com/beust/jcommander/1.78/jcommander-1.78.jar:/home/jenkins/.m2/repository/org/webjars/jquery/3.5.1/jquery-3.5.1.jar:/home/jenkins/.m2/repository/org/mockito/mockito-core/5.8.0/mockito-core-5.8.0.jar:/home/jenkins/.m2/repository/net/bytebuddy/byte-buddy/1.14.10/byte-buddy-1.14.10.jar:/home/jenkins/.m2/repository/net/bytebuddy/byte-buddy-agent/1.14.10/byte-buddy-agent-1.14.10.jar:/home/jenkins/.m2/repository/org/objenesis/objenesis/3.3/objenesis-3.3.jar:/home/jenkins/.m2/repository/com/neovisionaries/nv-websocket-client/2.14/nv-websocket-client-2.14.jar:/home/jenkins/.m2/repository/com/google/guava/guava/32.1.3-jre/guava-32.1.3-jre.jar:/home/jenkins/.m2/repository/com/google/guava/failureaccess/1.0.1/failureaccess-1.0.1.jar:/home/jenkins/.m2/repository/com/google/guava/listenablefuture/9999.0-empty-to-avoid-conflict-with-guava/listenablefuture-9999.0-empty-to-avoid-conflict-with-guava.jar:/home/jenkins/.m2/repository/org/checkerframework/checker-qual/3.37.0/checker-qual-3.37.0.jar:/home/jenkins/.m2/repository/com/google/errorprone/error_prone_annotations/2.21.1/error_prone_annotations-2.21.1.jar:/home/jenkins/.m2/repository/com/google/j2objc/j2objc-annotations/2.8/j2objc-annotations-2.8.jar:"/>
    <property name="sun.cpu.endian" value="little"/>
    <property name="user.home" value="/home/jenkins"/>
    <property name="user.language" value="en"/>
    <property name="java.specification.vendor" value="Oracle Corporation"/>
    <property name="java.version.date" value="2022-07-19"/>
    <property name="java.home" value="/var/build/tools/hudson.model.JDK/OpenJDK_17.0.4/jdk-17.0.4+8"/>
    <property name="version" value="198.0.0"/>
    <property name="file.separator" value="/"/>
    <property name="basedir" value="/var/build/workspace/build-platform-sdks-pipeline/output/purecloudjava/build"/>
    <property name="java.vm.compressedOopsMode" value="Zero based"/>
    <property name="line.separator" value="&#10;"/>
    <property name="java.vm.specification.vendor" value="Oracle Corporation"/>
    <property name="java.specification.name" value="Java Platform API Specification"/>
    <property name="surefire.real.class.path" value="/var/build/workspace/build-platform-sdks-pipeline/output/purecloudjava/build/target/surefire/surefirebooter-20231216075146915_3.jar"/>
    <property name="com.sun.jndi.rmi.object.trustURLCodebase" value="false"/>
    <property name="sun.management.compiler" value="HotSpot 64-Bit Tiered Compilers"/>
    <property name="java.runtime.version" value="17.0.4+8"/>
    <property name="user.name" value="jenkins"/>
    <property name="path.separator" value=":"/>
    <property name="com.sun.jndi.cosnaming.object.trustURLCodebase" value="false"/>
    <property name="os.version" value="4.14.328-248.540.amzn2.x86_64"/>
    <property name="java.runtime.name" value="OpenJDK Runtime Environment"/>
    <property name="file.encoding" value="UTF-8"/>
    <property name="sun.nio.ch.bugLevel" value=""/>
    <property name="java.vm.name" value="OpenJDK 64-Bit Server VM"/>
    <property name="java.vendor.version" value="Temurin-17.0.4+8"/>
    <property name="localRepository" value="/home/jenkins/.m2/repository"/>
    <property name="java.vendor.url.bug" value="https://github.com/adoptium/adoptium-support/issues"/>
    <property name="java.io.tmpdir" value="/tmp"/>
    <property name="java.version" value="17.0.4"/>
    <property name="user.dir" value="/var/build/workspace/build-platform-sdks-pipeline/output/purecloudjava/build"/>
    <property name="os.arch" value="amd64"/>
    <property name="java.vm.specification.name" value="Java Virtual Machine Specification"/>
    <property name="native.encoding" value="UTF-8"/>
    <property name="java.library.path" value="/usr/java/packages/lib:/usr/lib64:/lib64:/lib:/usr/lib"/>
    <property name="java.vm.info" value="mixed mode, sharing"/>
    <property name="java.vendor" value="Eclipse Adoptium"/>
    <property name="java.vm.version" value="17.0.4+8"/>
    <property name="sun.io.unicode.encoding" value="UnicodeLittle"/>
    <property name="java.class.version" value="61.0"/>
  </properties>
  <testcase name="traceBasicInformation" classname="com.mypurecloud.sdk.v2.SdkTests" time="0.008">
    <system-out><![CDATA[[&amp#27;[1;36mTEST&amp#27;[0m] beforeTest
[&amp#27;[1;36mTEST&amp#27;[0m] beforeTest
[&amp#27;[1;36mTEST&amp#27;[0m] beforeTest
Before test
Before test
[&amp#27;[1;32mSUCCESS&amp#27;[0m] beforeTest
[&amp#27;[1;32mSUCCESS&amp#27;[0m] beforeTest
Before test
[&amp#27;[1;32mSUCCESS&amp#27;[0m] beforeTest
[&amp#27;[1;36mTEST&amp#27;[0m] traceBasicInformation
[&amp#27;[1;36mTEST&amp#27;[0m] traceBasicInformation
[&amp#27;[1;36mTEST&amp#27;[0m] traceBasicInformation
PURECLOUD_ENVIRONMENT=mypurecloud.com
PURECLOUD_ENVIRONMENT=mypurecloud.com
PURECLOUD_ENVIRONMENT=mypurecloud.com
PURECLOUD_CLIENT_ID=7de3af06-c0b3-4f9b-af45-72f4a14037cc
userEmail=24888dde-0708-4e1f-b1aa-c2e82142db7a@mypurecloud.com
[&amp#27;[1;32mSUCCESS&amp#27;[0m] traceBasicInformation
]]></system-out>
    <system-err><![CDATA[SLF4J: No SLF4J providers were found.
SLF4J: Defaulting to no-operation (NOP) logger implementation
SLF4J: See https://www.slf4j.org/codes.html#noProviders for further details.
]]></system-err>
  </testcase>
  <testcase name="traceBasicInformation" classname="com.mypurecloud.sdk.v2.SdkTests" time="0.019">
    <system-out><![CDATA[PURECLOUD_CLIENT_ID=7de3af06-c0b3-4f9b-af45-72f4a14037cc
userEmail=e16c475a-45eb-41a3-8267-f0a0bbab8c62@mypurecloud.com
[&amp#27;[1;32mSUCCESS&amp#27;[0m] traceBasicInformation
]]></system-out>
  </testcase>
  <testcase name="traceBasicInformation" classname="com.mypurecloud.sdk.v2.SdkTests" time="0.01">
    <system-out><![CDATA[[&amp#27;[1;36mTEST&amp#27;[0m] authenticate
PURECLOUD_CLIENT_ID=7de3af06-c0b3-4f9b-af45-72f4a14037cc
userEmail=37a9df8e-1ea7-4a8e-be76-a489ba3f9ced@mypurecloud.com
[&amp#27;[1;32mSUCCESS&amp#27;[0m] traceBasicInformation
]]></system-out>
  </testcase>
  <testcase name="authenticate" classname="com.mypurecloud.sdk.v2.SdkTests" time="2.442">
    <system-out><![CDATA[[&amp#27;[1;36mTEST&amp#27;[0m] authenticate
[&amp#27;[1;36mTEST&amp#27;[0m] authenticate
[&amp#27;[1;32mSUCCESS&amp#27;[0m] authenticate
]]></system-out>
  </testcase>
  <testcase name="authenticate" classname="com.mypurecloud.sdk.v2.SdkTests" time="0.036">
    <system-out><![CDATA[[&amp#27;[1;36mTEST&amp#27;[0m] createUser
[&amp#27;[1;32mSUCCESS&amp#27;[0m] authenticate
]]></system-out>
  </testcase>
  <testcase name="authenticate" classname="com.mypurecloud.sdk.v2.SdkTests" time="0.368">
    <system-out><![CDATA[[&amp#27;[1;36mTEST&amp#27;[0m] createUser
[&amp#27;[1;32mSUCCESS&amp#27;[0m] authenticate
]]></system-out>
  </testcase>
  <testcase name="createUser" classname="com.mypurecloud.sdk.v2.SdkTests" time="0.88">
    <system-out><![CDATA[[&amp#27;[1;36mTEST&amp#27;[0m] createUser
Created user with ID bc8064d1-ff01-4439-a1b4-11a805637ca1
[&amp#27;[1;32mSUCCESS&amp#27;[0m] createUser
]]></system-out>
  </testcase>
  <testcase name="createUser" classname="com.mypurecloud.sdk.v2.SdkTests" time="0.014">
    <system-out><![CDATA[[&amp#27;[1;36mTEST&amp#27;[0m] updateUser
Created user with ID 8a9d2654-1e08-4be3-b223-2f8d730975dd
[&amp#27;[1;32mSUCCESS&amp#27;[0m] createUser
]]></system-out>
  </testcase>
  <testcase name="createUser" classname="com.mypurecloud.sdk.v2.SdkTests" time="0.02">
    <system-out><![CDATA[[&amp#27;[1;36mTEST&amp#27;[0m] updateUser
Created user with ID d0699c11-f193-4df6-a0b0-0e6e3c4eb385
[&amp#27;[1;32mSUCCESS&amp#27;[0m] createUser
]]></system-out>
  </testcase>
  <testcase name="updateUser" classname="com.mypurecloud.sdk.v2.SdkTests" time="0.076">
    <system-out><![CDATA[[&amp#27;[1;36mTEST&amp#27;[0m] updateUser
[&amp#27;[1;32mSUCCESS&amp#27;[0m] updateUser
]]></system-out>
  </testcase>
  <testcase name="updateUser" classname="com.mypurecloud.sdk.v2.SdkTests" time="0.068">
    <system-out><![CDATA[[&amp#27;[1;36mTEST&amp#27;[0m] setProfileSkills
[&amp#27;[1;32mSUCCESS&amp#27;[0m] updateUser
]]></system-out>
  </testcase>
  <testcase name="updateUser" classname="com.mypurecloud.sdk.v2.SdkTests" time="0.024">
    <system-out><![CDATA[[&amp#27;[1;36mTEST&amp#27;[0m] setProfileSkills
[&amp#27;[1;32mSUCCESS&amp#27;[0m] updateUser
]]></system-out>
  </testcase>
  <testcase name="setProfileSkills" classname="com.mypurecloud.sdk.v2.SdkTests" time="0.06">
    <system-out><![CDATA[[&amp#27;[1;36mTEST&amp#27;[0m] setProfileSkills
[&amp#27;[1;32mSUCCESS&amp#27;[0m] setProfileSkills
]]></system-out>
  </testcase>
  <testcase name="setProfileSkills" classname="com.mypurecloud.sdk.v2.SdkTests" time="0.015">
    <system-out><![CDATA[[&amp#27;[1;36mTEST&amp#27;[0m] testNotifications
[&amp#27;[1;32mSUCCESS&amp#27;[0m] setProfileSkills
]]></system-out>
  </testcase>
  <testcase name="setProfileSkills" classname="com.mypurecloud.sdk.v2.SdkTests" time="0.071">
    <system-out><![CDATA[[&amp#27;[1;36mTEST&amp#27;[0m] testNotifications
[&amp#27;[1;32mSUCCESS&amp#27;[0m] setProfileSkills
]]></system-out>
  </testcase>
  <testcase name="testNotifications" classname="com.mypurecloud.sdk.v2.SdkTests" time="0.546">
    <system-out><![CDATA[[&amp#27;[1;36mTEST&amp#27;[0m] testNotifications
system presence -> BUSY
system presence -> BUSY
system presence -> BUSY
system presence -> AVAILABLE
[&amp#27;[1;32mSUCCESS&amp#27;[0m] testNotifications
]]></system-out>
  </testcase>
  <testcase name="testNotifications" classname="com.mypurecloud.sdk.v2.SdkTests" time="0.008">
    <system-out><![CDATA[[&amp#27;[1;32mSUCCESS&amp#27;[0m] testNotifications
]]></system-out>
  </testcase>
  <testcase name="testNotifications" classname="com.mypurecloud.sdk.v2.SdkTests" time="0.004">
    <system-out><![CDATA[[&amp#27;[1;36mTEST&amp#27;[0m] getUser
[&amp#27;[1;32mSUCCESS&amp#27;[0m] testNotifications
[&amp#27;[1;36mTEST&amp#27;[0m] deleteUser
]]></system-out>
  </testcase>
  <testcase name="getUser" classname="com.mypurecloud.sdk.v2.SdkTests" time="0.031">
    <system-out><![CDATA[[&amp#27;[1;36mTEST&amp#27;[0m] getUser
system presence -> AVAILABLE
[&amp#27;[1;32mSUCCESS&amp#27;[0m] getUser
]]></system-out>
  </testcase>
  <testcase name="getUser" classname="com.mypurecloud.sdk.v2.SdkTests" time="0.033">
    <system-out><![CDATA[[&amp#27;[1;36mTEST&amp#27;[0m] getUser
[&amp#27;[1;32mSUCCESS&amp#27;[0m] getUser
]]></system-out>
  </testcase>
  <testcase name="getUser" classname="com.mypurecloud.sdk.v2.SdkTests" time="0.007">
    <system-out><![CDATA[[&amp#27;[1;36mTEST&amp#27;[0m] deleteUser
[&amp#27;[1;32mSUCCESS&amp#27;[0m] getUser
]]></system-out>
  </testcase>
  <testcase name="testObjectMapperIgnoresUnknownProperties" classname="com.mypurecloud.sdk.v2.SdkTests" time="0.002">
    <system-out><![CDATA[[&amp#27;[1;36mTEST&amp#27;[0m] testObjectMapperIgnoresUnknownProperties
MockPojo [id 12345]
[&amp#27;[1;32mSUCCESS&amp#27;[0m] testObjectMapperIgnoresUnknownProperties
system presence -> AVAILABLE
]]></system-out>
  </testcase>
  <testcase name="testObjectMapperIgnoresUnknownProperties" classname="com.mypurecloud.sdk.v2.SdkTests" time="0.001">
    <system-out><![CDATA[[&amp#27;[1;36mTEST&amp#27;[0m] testObjectMapperIgnoresUnknownProperties
MockPojo [id 12345]
[&amp#27;[1;32mSUCCESS&amp#27;[0m] testObjectMapperIgnoresUnknownProperties
]]></system-out>
  </testcase>
  <testcase name="testObjectMapperIgnoresUnknownProperties" classname="com.mypurecloud.sdk.v2.SdkTests" time="0.0">
    <system-out><![CDATA[[&amp#27;[1;36mTEST&amp#27;[0m] testObjectMapperIgnoresUnknownProperties
MockPojo [id 12345]
[&amp#27;[1;32mSUCCESS&amp#27;[0m] testObjectMapperIgnoresUnknownProperties
]]></system-out>
  </testcase>
  <testcase name="deleteUser" classname="com.mypurecloud.sdk.v2.SdkTests" time="0.09">
    <system-out><![CDATA[[&amp#27;[1;36mTEST&amp#27;[0m] deleteUser
system presence -> OFFLINE
[&amp#27;[1;32mSUCCESS&amp#27;[0m] deleteUser
]]></system-out>
  </testcase>
  <testcase name="deleteUser" classname="com.mypurecloud.sdk.v2.SdkTests" time="0.129">
    <system-out><![CDATA[[&amp#27;[1;36mTEST&amp#27;[0m] afterTest
After test
[&amp#27;[1;32mSUCCESS&amp#27;[0m] afterTest
system presence -> OFFLINE
[&amp#27;[1;32mSUCCESS&amp#27;[0m] deleteUser
]]></system-out>
  </testcase>
  <testcase name="deleteUser" classname="com.mypurecloud.sdk.v2.SdkTests" time="0.134">
    <system-out><![CDATA[[&amp#27;[1;36mTEST&amp#27;[0m] afterTest
After test
[&amp#27;[1;32mSUCCESS&amp#27;[0m] afterTest
[&amp#27;[1;32mSUCCESS&amp#27;[0m] deleteUser
]]></system-out>
  </testcase>
  <testcase name="invokeTestWith_429" classname="com.mypurecloud.sdk.v2.ApiClientRetryTest" time="6.42">
    <system-out><![CDATA[[&amp#27;[1;36mTEST&amp#27;[0m] afterTest
After test
[&amp#27;[1;32mSUCCESS&amp#27;[0m] afterTest
system presence -> OFFLINE
[&amp#27;[1;36mTEST&amp#27;[0m] setup
[&amp#27;[1;32mSUCCESS&amp#27;[0m] setup
[&amp#27;[1;36mTEST&amp#27;[0m] invokeTestWith_429
[&amp#27;[1;32mSUCCESS&amp#27;[0m] invokeTestWith_429
]]></system-out>
  </testcase>
  <testcase name="invokeTestWith_429_And_No_MaxRetryTime" classname="com.mypurecloud.sdk.v2.ApiClientRetryTest" time="0.115">
    <system-out><![CDATA[[&amp#27;[1;36mTEST&amp#27;[0m] setup
[&amp#27;[1;32mSUCCESS&amp#27;[0m] setup
[&amp#27;[1;36mTEST&amp#27;[0m] invokeTestWith_429_And_No_MaxRetryTime
[&amp#27;[1;32mSUCCESS&amp#27;[0m] invokeTestWith_429_And_No_MaxRetryTime
]]></system-out>
  </testcase>
  <testcase name="invokeTestWith_502" classname="com.mypurecloud.sdk.v2.ApiClientRetryTest" time="13.153">
    <system-out><![CDATA[[&amp#27;[1;36mTEST&amp#27;[0m] setup
[&amp#27;[1;32mSUCCESS&amp#27;[0m] setup
[&amp#27;[1;36mTEST&amp#27;[0m] invokeTestWith_502
[&amp#27;[1;32mSUCCESS&amp#27;[0m] invokeTestWith_502
]]></system-out>
  </testcase>
  <testcase name="invokeTestWith_503" classname="com.mypurecloud.sdk.v2.ApiClientRetryTest" time="40.191">
    <system-out><![CDATA[[&amp#27;[1;36mTEST&amp#27;[0m] setup
[&amp#27;[1;32mSUCCESS&amp#27;[0m] setup
[&amp#27;[1;36mTEST&amp#27;[0m] invokeTestWith_503
[&amp#27;[1;32mSUCCESS&amp#27;[0m] invokeTestWith_503
]]></system-out>
  </testcase>
  <testcase name="invokeTestWith_504" classname="com.mypurecloud.sdk.v2.ApiClientRetryTest" time="2.146">
    <system-out><![CDATA[[&amp#27;[1;36mTEST&amp#27;[0m] setup
[&amp#27;[1;32mSUCCESS&amp#27;[0m] setup
[&amp#27;[1;36mTEST&amp#27;[0m] invokeTestWith_504
[&amp#27;[1;32mSUCCESS&amp#27;[0m] invokeTestWith_504
]]></system-out>
  </testcase>
  <testcase name="invokeTestWith_504_No_MaxRetryTime" classname="com.mypurecloud.sdk.v2.ApiClientRetryTest" time="0.071">
    <system-out><![CDATA[[&amp#27;[1;36mTEST&amp#27;[0m] setup
[&amp#27;[1;32mSUCCESS&amp#27;[0m] setup
[&amp#27;[1;36mTEST&amp#27;[0m] invokeTestWith_504_No_MaxRetryTime
[&amp#27;[1;32mSUCCESS&amp#27;[0m] invokeTestWith_504_No_MaxRetryTime
]]></system-out>
  </testcase>
  <testcase name="shouldRetryTestWith_200" classname="com.mypurecloud.sdk.v2.ApiClientRetryTest" time="0.003">
    <system-out><![CDATA[[&amp#27;[1;36mTEST&amp#27;[0m] setup
[&amp#27;[1;32mSUCCESS&amp#27;[0m] setup
[&amp#27;[1;36mTEST&amp#27;[0m] shouldRetryTestWith_200
[&amp#27;[1;32mSUCCESS&amp#27;[0m] shouldRetryTestWith_200
]]></system-out>
  </testcase>
  <testcase name="shouldRetryTestWith_429" classname="com.mypurecloud.sdk.v2.ApiClientRetryTest" time="1.005">
    <system-out><![CDATA[[&amp#27;[1;36mTEST&amp#27;[0m] setup
[&amp#27;[1;32mSUCCESS&amp#27;[0m] setup
[&amp#27;[1;36mTEST&amp#27;[0m] shouldRetryTestWith_429
[&amp#27;[1;32mSUCCESS&amp#27;[0m] shouldRetryTestWith_429
]]></system-out>
  </testcase>
  <testcase name="shouldRetryTestWith_502" classname="com.mypurecloud.sdk.v2.ApiClientRetryTest" time="1.001">
    <system-out><![CDATA[[&amp#27;[1;36mTEST&amp#27;[0m] setup
[&amp#27;[1;32mSUCCESS&amp#27;[0m] setup
[&amp#27;[1;36mTEST&amp#27;[0m] shouldRetryTestWith_502
[&amp#27;[1;32mSUCCESS&amp#27;[0m] shouldRetryTestWith_502
]]></system-out>
  </testcase>
  <testcase name="shouldRetryTestWith_502_And_0_MaxRetryTime" classname="com.mypurecloud.sdk.v2.ApiClientRetryTest" time="0.01">
    <system-out><![CDATA[[&amp#27;[1;36mTEST&amp#27;[0m] setup
[&amp#27;[1;32mSUCCESS&amp#27;[0m] setup
[&amp#27;[1;36mTEST&amp#27;[0m] shouldRetryTestWith_502_And_0_MaxRetryTime
[&amp#27;[1;32mSUCCESS&amp#27;[0m] shouldRetryTestWith_502_And_0_MaxRetryTime
]]></system-out>
  </testcase>
  <testcase name="shouldRetryTestWith_503_And_RetryConfig" classname="com.mypurecloud.sdk.v2.ApiClientRetryTest" time="3.001">
    <system-out><![CDATA[[&amp#27;[1;36mTEST&amp#27;[0m] setup
[&amp#27;[1;32mSUCCESS&amp#27;[0m] setup
[&amp#27;[1;36mTEST&amp#27;[0m] shouldRetryTestWith_503_And_RetryConfig
[&amp#27;[1;32mSUCCESS&amp#27;[0m] shouldRetryTestWith_503_And_RetryConfig
]]></system-out>
  </testcase>
  <testcase name="shouldRetryTestWith_504_And_No_RetryAfter_Header" classname="com.mypurecloud.sdk.v2.ApiClientRetryTest" time="3.001">
    <system-out><![CDATA[[&amp#27;[1;36mTEST&amp#27;[0m] setup
[&amp#27;[1;32mSUCCESS&amp#27;[0m] setup
[&amp#27;[1;36mTEST&amp#27;[0m] shouldRetryTestWith_504_And_No_RetryAfter_Header
[&amp#27;[1;32mSUCCESS&amp#27;[0m] shouldRetryTestWith_504_And_No_RetryAfter_Header
]]></system-out>
  </testcase>
  <testcase name="invokeAsyncTestWith_429" classname="com.mypurecloud.sdk.v2.ApiClientRetryAsyncTest" time="5.176">
    <system-out><![CDATA[[&amp#27;[1;36mTEST&amp#27;[0m] setup
[&amp#27;[1;32mSUCCESS&amp#27;[0m] setup
[&amp#27;[1;36mTEST&amp#27;[0m] invokeAsyncTestWith_429
[&amp#27;[1;32mSUCCESS&amp#27;[0m] invokeAsyncTestWith_429
]]></system-out>
  </testcase>
  <testcase name="invokeAsyncTestWith_429_And_No_MaxRetryTime" classname="com.mypurecloud.sdk.v2.ApiClientRetryAsyncTest" time="0.123">
    <system-out><![CDATA[[&amp#27;[1;36mTEST&amp#27;[0m] setup
[&amp#27;[1;32mSUCCESS&amp#27;[0m] setup
[&amp#27;[1;36mTEST&amp#27;[0m] invokeAsyncTestWith_429_And_No_MaxRetryTime
[&amp#27;[1;32mSUCCESS&amp#27;[0m] invokeAsyncTestWith_429_And_No_MaxRetryTime
]]></system-out>
  </testcase>
  <testcase name="invokeAsyncTestWith_502" classname="com.mypurecloud.sdk.v2.ApiClientRetryAsyncTest" time="13.122">
    <system-out><![CDATA[[&amp#27;[1;36mTEST&amp#27;[0m] setup
[&amp#27;[1;32mSUCCESS&amp#27;[0m] setup
[&amp#27;[1;36mTEST&amp#27;[0m] invokeAsyncTestWith_502
[&amp#27;[1;32mSUCCESS&amp#27;[0m] invokeAsyncTestWith_502
]]></system-out>
  </testcase>
  <testcase name="invokeAsyncTestWith_503" classname="com.mypurecloud.sdk.v2.ApiClientRetryAsyncTest" time="40.092">
    <system-out><![CDATA[[&amp#27;[1;36mTEST&amp#27;[0m] setup
[&amp#27;[1;32mSUCCESS&amp#27;[0m] setup
[&amp#27;[1;36mTEST&amp#27;[0m] invokeAsyncTestWith_503
[&amp#27;[1;32mSUCCESS&amp#27;[0m] invokeAsyncTestWith_503
]]></system-out>
  </testcase>
  <testcase name="invokeAsyncTestWith_504" classname="com.mypurecloud.sdk.v2.ApiClientRetryAsyncTest" time="2.071">
    <system-out><![CDATA[[&amp#27;[1;36mTEST&amp#27;[0m] setup
[&amp#27;[1;32mSUCCESS&amp#27;[0m] setup
[&amp#27;[1;36mTEST&amp#27;[0m] invokeAsyncTestWith_504
[&amp#27;[1;32mSUCCESS&amp#27;[0m] invokeAsyncTestWith_504
]]></system-out>
  </testcase>
  <testcase name="invokeAsyncTestWith_504_And_No_MaxRetryTime" classname="com.mypurecloud.sdk.v2.ApiClientRetryAsyncTest" time="0.068">
    <system-out><![CDATA[[&amp#27;[1;36mTEST&amp#27;[0m] setup
[&amp#27;[1;32mSUCCESS&amp#27;[0m] setup
[&amp#27;[1;36mTEST&amp#27;[0m] invokeAsyncTestWith_504_And_No_MaxRetryTime
[&amp#27;[1;32mSUCCESS&amp#27;[0m] invokeAsyncTestWith_504_And_No_MaxRetryTime
]]></system-out>
  </testcase>
</testsuite>