<?xml version="1.0" encoding="UTF-8"?>
<testsuite xmlns:xsi="http://www.w3.org/2001/XMLSchema-instance" xsi:noNamespaceSchemaLocation="https://maven.apache.org/surefire/maven-surefire-plugin/xsd/surefire-test-report.xsd" name="TestSuite" time="134.247" tests="26" errors="0" skipped="0" failures="0">
  <properties>
    <property name="awt.toolkit" value="sun.awt.X11.XToolkit"/>
    <property name="file.encoding.pkg" value="sun.io"/>
    <property name="java.specification.version" value="1.8"/>
    <property name="sun.cpu.isalist" value=""/>
    <property name="sun.jnu.encoding" value="UTF-8"/>
    <property name="java.class.path" value="/var/build/workspace/build-platform-sdks-pipeline/output/purecloudjava/build/target/test-classes:/var/build/workspace/build-platform-sdks-pipeline/output/purecloudjava/build/target/classes:/home/jenkins/.m2/repository/io/swagger/swagger-annotations/1.5.8/swagger-annotations-1.5.8.jar:/home/jenkins/.m2/repository/javax/xml/bind/jaxb-api/2.2.12/jaxb-api-2.2.12.jar:/home/jenkins/.m2/repository/org/slf4j/slf4j-api/1.7.21/slf4j-api-1.7.21.jar:/home/jenkins/.m2/repository/org/ini4j/ini4j/0.5.4/ini4j-0.5.4.jar:/home/jenkins/.m2/repository/org/apache/httpcomponents/httpclient/4.5.13/httpclient-4.5.13.jar:/home/jenkins/.m2/repository/org/apache/httpcomponents/httpcore/4.4.13/httpcore-4.4.13.jar:/home/jenkins/.m2/repository/commons-logging/commons-logging/1.2/commons-logging-1.2.jar:/home/jenkins/.m2/repository/commons-codec/commons-codec/1.11/commons-codec-1.11.jar:/home/jenkins/.m2/repository/com/squareup/okhttp/okhttp/2.7.4/okhttp-2.7.4.jar:/home/jenkins/.m2/repository/com/squareup/okio/okio/1.6.0/okio-1.6.0.jar:/home/jenkins/.m2/repository/org/asynchttpclient/async-http-client/2.12.3/async-http-client-2.12.3.jar:/home/jenkins/.m2/repository/org/asynchttpclient/async-http-client-netty-utils/2.12.3/async-http-client-netty-utils-2.12.3.jar:/home/jenkins/.m2/repository/io/netty/netty-buffer/4.1.60.Final/netty-buffer-4.1.60.Final.jar:/home/jenkins/.m2/repository/io/netty/netty-codec-http/4.1.60.Final/netty-codec-http-4.1.60.Final.jar:/home/jenkins/.m2/repository/io/netty/netty-common/4.1.60.Final/netty-common-4.1.60.Final.jar:/home/jenkins/.m2/repository/io/netty/netty-transport/4.1.60.Final/netty-transport-4.1.60.Final.jar:/home/jenkins/.m2/repository/io/netty/netty-codec/4.1.60.Final/netty-codec-4.1.60.Final.jar:/home/jenkins/.m2/repository/io/netty/netty-handler/4.1.60.Final/netty-handler-4.1.60.Final.jar:/home/jenkins/.m2/repository/io/netty/netty-resolver/4.1.60.Final/netty-resolver-4.1.60.Final.jar:/home/jenkins/.m2/repository/io/netty/netty-codec-socks/4.1.60.Final/netty-codec-socks-4.1.60.Final.jar:/home/jenkins/.m2/repository/io/netty/netty-handler-proxy/4.1.60.Final/netty-handler-proxy-4.1.60.Final.jar:/home/jenkins/.m2/repository/io/netty/netty-transport-native-epoll/4.1.60.Final/netty-transport-native-epoll-4.1.60.Final-linux-x86_64.jar:/home/jenkins/.m2/repository/io/netty/netty-transport-native-unix-common/4.1.60.Final/netty-transport-native-unix-common-4.1.60.Final.jar:/home/jenkins/.m2/repository/io/netty/netty-transport-native-kqueue/4.1.60.Final/netty-transport-native-kqueue-4.1.60.Final-osx-x86_64.jar:/home/jenkins/.m2/repository/org/reactivestreams/reactive-streams/1.0.3/reactive-streams-1.0.3.jar:/home/jenkins/.m2/repository/com/typesafe/netty/netty-reactive-streams/2.0.4/netty-reactive-streams-2.0.4.jar:/home/jenkins/.m2/repository/com/sun/activation/jakarta.activation/1.2.2/jakarta.activation-1.2.2.jar:/home/jenkins/.m2/repository/xerces/xercesImpl/2.12.1/xercesImpl-2.12.1.jar:/home/jenkins/.m2/repository/xml-apis/xml-apis/1.4.01/xml-apis-1.4.01.jar:/home/jenkins/.m2/repository/com/fasterxml/jackson/core/jackson-core/2.12.1/jackson-core-2.12.1.jar:/home/jenkins/.m2/repository/com/fasterxml/jackson/core/jackson-annotations/2.12.1/jackson-annotations-2.12.1.jar:/home/jenkins/.m2/repository/com/fasterxml/jackson/core/jackson-databind/2.12.1/jackson-databind-2.12.1.jar:/home/jenkins/.m2/repository/com/fasterxml/jackson/jaxrs/jackson-jaxrs-json-provider/2.12.1/jackson-jaxrs-json-provider-2.12.1.jar:/home/jenkins/.m2/repository/com/fasterxml/jackson/jaxrs/jackson-jaxrs-base/2.12.1/jackson-jaxrs-base-2.12.1.jar:/home/jenkins/.m2/repository/com/fasterxml/jackson/module/jackson-module-jaxb-annotations/2.12.1/jackson-module-jaxb-annotations-2.12.1.jar:/home/jenkins/.m2/repository/jakarta/xml/bind/jakarta.xml.bind-api/2.3.2/jakarta.xml.bind-api-2.3.2.jar:/home/jenkins/.m2/repository/jakarta/activation/jakarta.activation-api/1.2.1/jakarta.activation-api-1.2.1.jar:/home/jenkins/.m2/repository/com/fasterxml/jackson/datatype/jackson-datatype-joda/2.12.1/jackson-datatype-joda-2.12.1.jar:/home/jenkins/.m2/repository/joda-time/joda-time/2.10.10/joda-time-2.10.10.jar:/home/jenkins/.m2/repository/com/brsanthu/migbase64/2.2/migbase64-2.2.jar:/home/jenkins/.m2/repository/org/testng/testng/6.14.3/testng-6.14.3.jar:/home/jenkins/.m2/repository/com/beust/jcommander/1.72/jcommander-1.72.jar:/home/jenkins/.m2/repository/org/apache-extras/beanshell/bsh/2.0b6/bsh-2.0b6.jar:/home/jenkins/.m2/repository/org/mockito/mockito-core/1.10.19/mockito-core-1.10.19.jar:/home/jenkins/.m2/repository/org/hamcrest/hamcrest-core/1.1/hamcrest-core-1.1.jar:/home/jenkins/.m2/repository/org/objenesis/objenesis/2.1/objenesis-2.1.jar:/home/jenkins/.m2/repository/org/opensaml/opensaml/2.6.4/opensaml-2.6.4.jar:/home/jenkins/.m2/repository/org/opensaml/openws/1.5.4/openws-1.5.4.jar:/home/jenkins/.m2/repository/org/opensaml/xmltooling/1.4.4/xmltooling-1.4.4.jar:/home/jenkins/.m2/repository/org/bouncycastle/bcprov-jdk15on/1.51/bcprov-jdk15on-1.51.jar:/home/jenkins/.m2/repository/ca/juliusdavies/not-yet-commons-ssl/0.3.9/not-yet-commons-ssl-0.3.9.jar:/home/jenkins/.m2/repository/commons-httpclient/commons-httpclient/3.1/commons-httpclient-3.1.jar:/home/jenkins/.m2/repository/commons-collections/commons-collections/3.2.1/commons-collections-3.2.1.jar:/home/jenkins/.m2/repository/commons-lang/commons-lang/2.6/commons-lang-2.6.jar:/home/jenkins/.m2/repository/org/apache/velocity/velocity/1.7/velocity-1.7.jar:/home/jenkins/.m2/repository/org/owasp/esapi/esapi/2.0.1/esapi-2.0.1.jar:/home/jenkins/.m2/repository/org/apache/santuario/xmlsec/1.5.7/xmlsec-1.5.7.jar:/home/jenkins/.m2/repository/com/neovisionaries/nv-websocket-client/2.1/nv-websocket-client-2.1.jar:/home/jenkins/.m2/repository/com/google/guava/guava/30.0-jre/guava-30.0-jre.jar:/home/jenkins/.m2/repository/com/google/guava/failureaccess/1.0.1/failureaccess-1.0.1.jar:/home/jenkins/.m2/repository/com/google/guava/listenablefuture/9999.0-empty-to-avoid-conflict-with-guava/listenablefuture-9999.0-empty-to-avoid-conflict-with-guava.jar:/home/jenkins/.m2/repository/com/google/code/findbugs/jsr305/3.0.2/jsr305-3.0.2.jar:/home/jenkins/.m2/repository/org/checkerframework/checker-qual/3.5.0/checker-qual-3.5.0.jar:/home/jenkins/.m2/repository/com/google/errorprone/error_prone_annotations/2.3.4/error_prone_annotations-2.3.4.jar:/home/jenkins/.m2/repository/com/google/j2objc/j2objc-annotations/1.3/j2objc-annotations-1.3.jar:/home/jenkins/.m2/repository/org/apache/maven/surefire/surefire-testng-utils/2.22.0/surefire-testng-utils-2.22.0.jar:/home/jenkins/.m2/repository/org/apache/maven/surefire/surefire-grouper/2.22.0/surefire-grouper-2.22.0.jar:"/>
    <property name="gpg.passphrase" value="D0gf00d"/>
    <property name="java.vm.vendor" value="AdoptOpenJDK"/>
    <property name="sun.arch.data.model" value="64"/>
    <property name="java.vendor.url" value="http://java.oracle.com/"/>
    <property name="user.timezone" value=""/>
    <property name="java.vm.specification.version" value="1.8"/>
    <property name="os.name" value="Linux"/>
    <property name="user.country" value="US"/>
    <property name="sun.java.launcher" value="SUN_STANDARD"/>
    <property name="sun.boot.library.path" value="/var/build/tools/hudson.model.JDK/OpenJDK_1.8.0_latest_/jdk8u222-b10/jre/lib/amd64"/>
    <property name="sun.java.command" value="/var/build/workspace/build-platform-sdks-pipeline/output/purecloudjava/build/target/surefire/surefirebooter335246628897244490.jar /var/build/workspace/build-platform-sdks-pipeline/output/purecloudjava/build/target/surefire 2021-06-16T15-57-37_636-jvmRun1 surefire6959976967556096889tmp surefire_08797789255591336112tmp"/>
    <property name="surefire.test.class.path" value="/var/build/workspace/build-platform-sdks-pipeline/output/purecloudjava/build/target/test-classes:/var/build/workspace/build-platform-sdks-pipeline/output/purecloudjava/build/target/classes:/home/jenkins/.m2/repository/io/swagger/swagger-annotations/1.5.8/swagger-annotations-1.5.8.jar:/home/jenkins/.m2/repository/javax/xml/bind/jaxb-api/2.2.12/jaxb-api-2.2.12.jar:/home/jenkins/.m2/repository/org/slf4j/slf4j-api/1.7.21/slf4j-api-1.7.21.jar:/home/jenkins/.m2/repository/org/ini4j/ini4j/0.5.4/ini4j-0.5.4.jar:/home/jenkins/.m2/repository/org/apache/httpcomponents/httpclient/4.5.13/httpclient-4.5.13.jar:/home/jenkins/.m2/repository/org/apache/httpcomponents/httpcore/4.4.13/httpcore-4.4.13.jar:/home/jenkins/.m2/repository/commons-logging/commons-logging/1.2/commons-logging-1.2.jar:/home/jenkins/.m2/repository/commons-codec/commons-codec/1.11/commons-codec-1.11.jar:/home/jenkins/.m2/repository/com/squareup/okhttp/okhttp/2.7.4/okhttp-2.7.4.jar:/home/jenkins/.m2/repository/com/squareup/okio/okio/1.6.0/okio-1.6.0.jar:/home/jenkins/.m2/repository/org/asynchttpclient/async-http-client/2.12.3/async-http-client-2.12.3.jar:/home/jenkins/.m2/repository/org/asynchttpclient/async-http-client-netty-utils/2.12.3/async-http-client-netty-utils-2.12.3.jar:/home/jenkins/.m2/repository/io/netty/netty-buffer/4.1.60.Final/netty-buffer-4.1.60.Final.jar:/home/jenkins/.m2/repository/io/netty/netty-codec-http/4.1.60.Final/netty-codec-http-4.1.60.Final.jar:/home/jenkins/.m2/repository/io/netty/netty-common/4.1.60.Final/netty-common-4.1.60.Final.jar:/home/jenkins/.m2/repository/io/netty/netty-transport/4.1.60.Final/netty-transport-4.1.60.Final.jar:/home/jenkins/.m2/repository/io/netty/netty-codec/4.1.60.Final/netty-codec-4.1.60.Final.jar:/home/jenkins/.m2/repository/io/netty/netty-handler/4.1.60.Final/netty-handler-4.1.60.Final.jar:/home/jenkins/.m2/repository/io/netty/netty-resolver/4.1.60.Final/netty-resolver-4.1.60.Final.jar:/home/jenkins/.m2/repository/io/netty/netty-codec-socks/4.1.60.Final/netty-codec-socks-4.1.60.Final.jar:/home/jenkins/.m2/repository/io/netty/netty-handler-proxy/4.1.60.Final/netty-handler-proxy-4.1.60.Final.jar:/home/jenkins/.m2/repository/io/netty/netty-transport-native-epoll/4.1.60.Final/netty-transport-native-epoll-4.1.60.Final-linux-x86_64.jar:/home/jenkins/.m2/repository/io/netty/netty-transport-native-unix-common/4.1.60.Final/netty-transport-native-unix-common-4.1.60.Final.jar:/home/jenkins/.m2/repository/io/netty/netty-transport-native-kqueue/4.1.60.Final/netty-transport-native-kqueue-4.1.60.Final-osx-x86_64.jar:/home/jenkins/.m2/repository/org/reactivestreams/reactive-streams/1.0.3/reactive-streams-1.0.3.jar:/home/jenkins/.m2/repository/com/typesafe/netty/netty-reactive-streams/2.0.4/netty-reactive-streams-2.0.4.jar:/home/jenkins/.m2/repository/com/sun/activation/jakarta.activation/1.2.2/jakarta.activation-1.2.2.jar:/home/jenkins/.m2/repository/xerces/xercesImpl/2.12.1/xercesImpl-2.12.1.jar:/home/jenkins/.m2/repository/xml-apis/xml-apis/1.4.01/xml-apis-1.4.01.jar:/home/jenkins/.m2/repository/com/fasterxml/jackson/core/jackson-core/2.12.1/jackson-core-2.12.1.jar:/home/jenkins/.m2/repository/com/fasterxml/jackson/core/jackson-annotations/2.12.1/jackson-annotations-2.12.1.jar:/home/jenkins/.m2/repository/com/fasterxml/jackson/core/jackson-databind/2.12.1/jackson-databind-2.12.1.jar:/home/jenkins/.m2/repository/com/fasterxml/jackson/jaxrs/jackson-jaxrs-json-provider/2.12.1/jackson-jaxrs-json-provider-2.12.1.jar:/home/jenkins/.m2/repository/com/fasterxml/jackson/jaxrs/jackson-jaxrs-base/2.12.1/jackson-jaxrs-base-2.12.1.jar:/home/jenkins/.m2/repository/com/fasterxml/jackson/module/jackson-module-jaxb-annotations/2.12.1/jackson-module-jaxb-annotations-2.12.1.jar:/home/jenkins/.m2/repository/jakarta/xml/bind/jakarta.xml.bind-api/2.3.2/jakarta.xml.bind-api-2.3.2.jar:/home/jenkins/.m2/repository/jakarta/activation/jakarta.activation-api/1.2.1/jakarta.activation-api-1.2.1.jar:/home/jenkins/.m2/repository/com/fasterxml/jackson/datatype/jackson-datatype-joda/2.12.1/jackson-datatype-joda-2.12.1.jar:/home/jenkins/.m2/repository/joda-time/joda-time/2.10.10/joda-time-2.10.10.jar:/home/jenkins/.m2/repository/com/brsanthu/migbase64/2.2/migbase64-2.2.jar:/home/jenkins/.m2/repository/org/testng/testng/6.14.3/testng-6.14.3.jar:/home/jenkins/.m2/repository/com/beust/jcommander/1.72/jcommander-1.72.jar:/home/jenkins/.m2/repository/org/apache-extras/beanshell/bsh/2.0b6/bsh-2.0b6.jar:/home/jenkins/.m2/repository/org/mockito/mockito-core/1.10.19/mockito-core-1.10.19.jar:/home/jenkins/.m2/repository/org/hamcrest/hamcrest-core/1.1/hamcrest-core-1.1.jar:/home/jenkins/.m2/repository/org/objenesis/objenesis/2.1/objenesis-2.1.jar:/home/jenkins/.m2/repository/org/opensaml/opensaml/2.6.4/opensaml-2.6.4.jar:/home/jenkins/.m2/repository/org/opensaml/openws/1.5.4/openws-1.5.4.jar:/home/jenkins/.m2/repository/org/opensaml/xmltooling/1.4.4/xmltooling-1.4.4.jar:/home/jenkins/.m2/repository/org/bouncycastle/bcprov-jdk15on/1.51/bcprov-jdk15on-1.51.jar:/home/jenkins/.m2/repository/ca/juliusdavies/not-yet-commons-ssl/0.3.9/not-yet-commons-ssl-0.3.9.jar:/home/jenkins/.m2/repository/commons-httpclient/commons-httpclient/3.1/commons-httpclient-3.1.jar:/home/jenkins/.m2/repository/commons-collections/commons-collections/3.2.1/commons-collections-3.2.1.jar:/home/jenkins/.m2/repository/commons-lang/commons-lang/2.6/commons-lang-2.6.jar:/home/jenkins/.m2/repository/org/apache/velocity/velocity/1.7/velocity-1.7.jar:/home/jenkins/.m2/repository/org/owasp/esapi/esapi/2.0.1/esapi-2.0.1.jar:/home/jenkins/.m2/repository/org/apache/santuario/xmlsec/1.5.7/xmlsec-1.5.7.jar:/home/jenkins/.m2/repository/com/neovisionaries/nv-websocket-client/2.1/nv-websocket-client-2.1.jar:/home/jenkins/.m2/repository/com/google/guava/guava/30.0-jre/guava-30.0-jre.jar:/home/jenkins/.m2/repository/com/google/guava/failureaccess/1.0.1/failureaccess-1.0.1.jar:/home/jenkins/.m2/repository/com/google/guava/listenablefuture/9999.0-empty-to-avoid-conflict-with-guava/listenablefuture-9999.0-empty-to-avoid-conflict-with-guava.jar:/home/jenkins/.m2/repository/com/google/code/findbugs/jsr305/3.0.2/jsr305-3.0.2.jar:/home/jenkins/.m2/repository/org/checkerframework/checker-qual/3.5.0/checker-qual-3.5.0.jar:/home/jenkins/.m2/repository/com/google/errorprone/error_prone_annotations/2.3.4/error_prone_annotations-2.3.4.jar:/home/jenkins/.m2/repository/com/google/j2objc/j2objc-annotations/1.3/j2objc-annotations-1.3.jar:/home/jenkins/.m2/repository/org/apache/maven/surefire/surefire-testng-utils/2.22.0/surefire-testng-utils-2.22.0.jar:/home/jenkins/.m2/repository/org/apache/maven/surefire/surefire-grouper/2.22.0/surefire-grouper-2.22.0.jar:"/>
    <property name="sun.cpu.endian" value="little"/>
    <property name="user.home" value="/home/jenkins"/>
    <property name="user.language" value="en"/>
    <property name="java.specification.vendor" value="Oracle Corporation"/>
    <property name="java.home" value="/var/build/tools/hudson.model.JDK/OpenJDK_1.8.0_latest_/jdk8u222-b10/jre"/>
    <property name="basedir" value="/var/build/workspace/build-platform-sdks-pipeline/output/purecloudjava/build"/>
    <property name="file.separator" value="/"/>
    <property name="line.separator" value="&#10;"/>
    <property name="java.vm.specification.vendor" value="Oracle Corporation"/>
    <property name="java.specification.name" value="Java Platform API Specification"/>
    <property name="java.awt.graphicsenv" value="sun.awt.X11GraphicsEnvironment"/>
    <property name="surefire.real.class.path" value="/var/build/workspace/build-platform-sdks-pipeline/output/purecloudjava/build/target/surefire/surefirebooter335246628897244490.jar"/>
    <property name="sun.boot.class.path" value="/var/build/tools/hudson.model.JDK/OpenJDK_1.8.0_latest_/jdk8u222-b10/jre/lib/resources.jar:/var/build/tools/hudson.model.JDK/OpenJDK_1.8.0_latest_/jdk8u222-b10/jre/lib/rt.jar:/var/build/tools/hudson.model.JDK/OpenJDK_1.8.0_latest_/jdk8u222-b10/jre/lib/sunrsasign.jar:/var/build/tools/hudson.model.JDK/OpenJDK_1.8.0_latest_/jdk8u222-b10/jre/lib/jsse.jar:/var/build/tools/hudson.model.JDK/OpenJDK_1.8.0_latest_/jdk8u222-b10/jre/lib/jce.jar:/var/build/tools/hudson.model.JDK/OpenJDK_1.8.0_latest_/jdk8u222-b10/jre/lib/charsets.jar:/var/build/tools/hudson.model.JDK/OpenJDK_1.8.0_latest_/jdk8u222-b10/jre/lib/jfr.jar:/var/build/tools/hudson.model.JDK/OpenJDK_1.8.0_latest_/jdk8u222-b10/jre/classes"/>
    <property name="sun.management.compiler" value="HotSpot 64-Bit Tiered Compilers"/>
    <property name="java.runtime.version" value="1.8.0_222-b10"/>
    <property name="user.name" value="jenkins"/>
    <property name="path.separator" value=":"/>
    <property name="os.version" value="4.14.231-173.360.amzn2.x86_64"/>
    <property name="java.endorsed.dirs" value="/var/build/tools/hudson.model.JDK/OpenJDK_1.8.0_latest_/jdk8u222-b10/jre/lib/endorsed"/>
    <property name="java.runtime.name" value="OpenJDK Runtime Environment"/>
    <property name="file.encoding" value="UTF-8"/>
    <property name="java.vm.name" value="OpenJDK 64-Bit Server VM"/>
    <property name="localRepository" value="/home/jenkins/.m2/repository"/>
    <property name="java.vendor.url.bug" value="http://bugreport.sun.com/bugreport/"/>
    <property name="java.io.tmpdir" value="/tmp"/>
    <property name="java.version" value="1.8.0_222"/>
    <property name="user.dir" value="/var/build/workspace/build-platform-sdks-pipeline/output/purecloudjava/build"/>
    <property name="os.arch" value="amd64"/>
    <property name="java.vm.specification.name" value="Java Virtual Machine Specification"/>
    <property name="java.awt.printerjob" value="sun.print.PSPrinterJob"/>
    <property name="sun.os.patch.level" value="unknown"/>
    <property name="java.library.path" value="/usr/java/packages/lib/amd64:/usr/lib64:/lib64:/lib:/usr/lib"/>
    <property name="java.vm.info" value="mixed mode"/>
    <property name="java.vendor" value="AdoptOpenJDK"/>
    <property name="java.vm.version" value="25.222-b10"/>
    <property name="java.ext.dirs" value="/var/build/tools/hudson.model.JDK/OpenJDK_1.8.0_latest_/jdk8u222-b10/jre/lib/ext:/usr/java/packages/lib/ext"/>
    <property name="sun.io.unicode.encoding" value="UnicodeLittle"/>
    <property name="java.class.version" value="52.0"/>
  </properties>
  <testcase name="traceBasicInformation" classname="com.mypurecloud.sdk.v2.SdkTests" time="0.015"/>
  <testcase name="authenticate" classname="com.mypurecloud.sdk.v2.SdkTests" time="1.057"/>
  <testcase name="createUser" classname="com.mypurecloud.sdk.v2.SdkTests" time="1.035"/>
  <testcase name="updateUser" classname="com.mypurecloud.sdk.v2.SdkTests" time="0.14"/>
  <testcase name="setProfileSkills" classname="com.mypurecloud.sdk.v2.SdkTests" time="0.075"/>
  <testcase name="testNotifications" classname="com.mypurecloud.sdk.v2.SdkTests" time="1.208"/>
  <testcase name="getUser" classname="com.mypurecloud.sdk.v2.SdkTests" time="0.044"/>
  <testcase name="deleteUser" classname="com.mypurecloud.sdk.v2.SdkTests" time="0.137"/>
  <testcase name="invokeTestWith_429" classname="com.mypurecloud.sdk.v2.ApiClientRetryTest" time="6.103"/>
  <testcase name="invokeTestWith_429_And_No_MaxRetryTime" classname="com.mypurecloud.sdk.v2.ApiClientRetryTest" time="0.062"/>
  <testcase name="invokeTestWith_502" classname="com.mypurecloud.sdk.v2.ApiClientRetryTest" time="13.04"/>
  <testcase name="invokeTestWith_503" classname="com.mypurecloud.sdk.v2.ApiClientRetryTest" time="40.035"/>
  <testcase name="invokeTestWith_504" classname="com.mypurecloud.sdk.v2.ApiClientRetryTest" time="2.035"/>
  <testcase name="invokeTestWith_504_No_MaxRetryTime" classname="com.mypurecloud.sdk.v2.ApiClientRetryTest" time="0.034"/>
  <testcase name="shouldRetryTestWith_200" classname="com.mypurecloud.sdk.v2.ApiClientRetryTest" time="0"/>
  <testcase name="shouldRetryTestWith_429" classname="com.mypurecloud.sdk.v2.ApiClientRetryTest" time="1.001"/>
  <testcase name="shouldRetryTestWith_502" classname="com.mypurecloud.sdk.v2.ApiClientRetryTest" time="1"/>
  <testcase name="shouldRetryTestWith_502_And_0_MaxRetryTime" classname="com.mypurecloud.sdk.v2.ApiClientRetryTest" time="0"/>
  <testcase name="shouldRetryTestWith_503_And_RetryConfig" classname="com.mypurecloud.sdk.v2.ApiClientRetryTest" time="3.001"/>
  <testcase name="shouldRetryTestWith_504_And_No_RetryAfter_Header" classname="com.mypurecloud.sdk.v2.ApiClientRetryTest" time="3.001"/>
  <testcase name="invokeAsyncTestWith_429" classname="com.mypurecloud.sdk.v2.ApiClientRetryAsyncTest" time="5.041"/>
  <testcase name="invokeAsyncTestWith_429_And_No_MaxRetryTime" classname="com.mypurecloud.sdk.v2.ApiClientRetryAsyncTest" time="0.032"/>
  <testcase name="invokeAsyncTestWith_502" classname="com.mypurecloud.sdk.v2.ApiClientRetryAsyncTest" time="13.036"/>
  <testcase name="invokeAsyncTestWith_503" classname="com.mypurecloud.sdk.v2.ApiClientRetryAsyncTest" time="40.033"/>
  <testcase name="invokeAsyncTestWith_504" classname="com.mypurecloud.sdk.v2.ApiClientRetryAsyncTest" time="2.046"/>
  <testcase name="invokeAsyncTestWith_504_And_No_MaxRetryTime" classname="com.mypurecloud.sdk.v2.ApiClientRetryAsyncTest" time="0.041"/>
</testsuite>