<?xml version="1.0" encoding="UTF-8"?>
<testsuite xmlns:xsi="http://www.w3.org/2001/XMLSchema-instance" xsi:noNamespaceSchemaLocation="https://maven.apache.org/surefire/maven-surefire-plugin/xsd/surefire-test-report.xsd" version="3.0.2" name="TestSuite" time="141.199" tests="48" errors="0" skipped="0" failures="0">
  <properties>
    <property name="java.specification.version" value="17"/>
    <property name="sun.jnu.encoding" value="UTF-8"/>
    <property name="java.class.path" value="/var/build/workspace/build-platform-sdks-pipeline/output/purecloudjava/build/target/test-classes:/var/build/workspace/build-platform-sdks-pipeline/output/purecloudjava/build/target/classes:/home/jenkins/.m2/repository/io/swagger/swagger-annotations/1.6.15/swagger-annotations-1.6.15.jar:/home/jenkins/.m2/repository/javax/xml/bind/jaxb-api/2.3.1/jaxb-api-2.3.1.jar:/home/jenkins/.m2/repository/javax/activation/javax.activation-api/1.2.0/javax.activation-api-1.2.0.jar:/home/jenkins/.m2/repository/org/slf4j/slf4j-api/2.0.17/slf4j-api-2.0.17.jar:/home/jenkins/.m2/repository/org/ini4j/ini4j/0.5.4/ini4j-0.5.4.jar:/home/jenkins/.m2/repository/org/apache/httpcomponents/httpclient/4.5.14/httpclient-4.5.14.jar:/home/jenkins/.m2/repository/org/apache/httpcomponents/httpcore/4.4.16/httpcore-4.4.16.jar:/home/jenkins/.m2/repository/commons-logging/commons-logging/1.2/commons-logging-1.2.jar:/home/jenkins/.m2/repository/commons-codec/commons-codec/1.11/commons-codec-1.11.jar:/home/jenkins/.m2/repository/com/squareup/okhttp3/okhttp/4.12.0/okhttp-4.12.0.jar:/home/jenkins/.m2/repository/com/squareup/okio/okio/3.6.0/okio-3.6.0.jar:/home/jenkins/.m2/repository/com/squareup/okio/okio-jvm/3.6.0/okio-jvm-3.6.0.jar:/home/jenkins/.m2/repository/org/jetbrains/kotlin/kotlin-stdlib-common/1.9.10/kotlin-stdlib-common-1.9.10.jar:/home/jenkins/.m2/repository/org/jetbrains/kotlin/kotlin-stdlib-jdk8/1.8.21/kotlin-stdlib-jdk8-1.8.21.jar:/home/jenkins/.m2/repository/org/jetbrains/kotlin/kotlin-stdlib/1.8.21/kotlin-stdlib-1.8.21.jar:/home/jenkins/.m2/repository/org/jetbrains/kotlin/kotlin-stdlib-jdk7/1.8.21/kotlin-stdlib-jdk7-1.8.21.jar:/home/jenkins/.m2/repository/org/asynchttpclient/async-http-client/3.0.2/async-http-client-3.0.2.jar:/home/jenkins/.m2/repository/io/netty/netty-buffer/4.1.119.Final/netty-buffer-4.1.119.Final.jar:/home/jenkins/.m2/repository/io/netty/netty-codec-http/4.1.119.Final/netty-codec-http-4.1.119.Final.jar:/home/jenkins/.m2/repository/io/netty/netty-codec/4.1.119.Final/netty-codec-4.1.119.Final.jar:/home/jenkins/.m2/repository/io/netty/netty-codec-socks/4.1.119.Final/netty-codec-socks-4.1.119.Final.jar:/home/jenkins/.m2/repository/io/netty/netty-handler-proxy/4.1.119.Final/netty-handler-proxy-4.1.119.Final.jar:/home/jenkins/.m2/repository/io/netty/netty-common/4.1.119.Final/netty-common-4.1.119.Final.jar:/home/jenkins/.m2/repository/io/netty/netty-transport/4.1.119.Final/netty-transport-4.1.119.Final.jar:/home/jenkins/.m2/repository/io/netty/netty-handler/4.1.119.Final/netty-handler-4.1.119.Final.jar:/home/jenkins/.m2/repository/io/netty/netty-resolver-dns/4.1.119.Final/netty-resolver-dns-4.1.119.Final.jar:/home/jenkins/.m2/repository/com/sun/activation/jakarta.activation/2.0.1/jakarta.activation-2.0.1.jar:/home/jenkins/.m2/repository/org/jetbrains/annotations/26.0.2/annotations-26.0.2.jar:/home/jenkins/.m2/repository/io/netty/netty-all/4.2.0.Final/netty-all-4.2.0.Final.jar:/home/jenkins/.m2/repository/io/netty/netty-codec-base/4.2.0.Final/netty-codec-base-4.2.0.Final.jar:/home/jenkins/.m2/repository/io/netty/netty-codec-dns/4.2.0.Final/netty-codec-dns-4.2.0.Final.jar:/home/jenkins/.m2/repository/io/netty/netty-codec-haproxy/4.2.0.Final/netty-codec-haproxy-4.2.0.Final.jar:/home/jenkins/.m2/repository/io/netty/netty-codec-compression/4.2.0.Final/netty-codec-compression-4.2.0.Final.jar:/home/jenkins/.m2/repository/io/netty/netty-codec-http2/4.2.0.Final/netty-codec-http2-4.2.0.Final.jar:/home/jenkins/.m2/repository/io/netty/netty-codec-memcache/4.2.0.Final/netty-codec-memcache-4.2.0.Final.jar:/home/jenkins/.m2/repository/io/netty/netty-codec-mqtt/4.2.0.Final/netty-codec-mqtt-4.2.0.Final.jar:/home/jenkins/.m2/repository/io/netty/netty-codec-redis/4.2.0.Final/netty-codec-redis-4.2.0.Final.jar:/home/jenkins/.m2/repository/io/netty/netty-codec-smtp/4.2.0.Final/netty-codec-smtp-4.2.0.Final.jar:/home/jenkins/.m2/repository/io/netty/netty-codec-stomp/4.2.0.Final/netty-codec-stomp-4.2.0.Final.jar:/home/jenkins/.m2/repository/io/netty/netty-codec-xml/4.2.0.Final/netty-codec-xml-4.2.0.Final.jar:/home/jenkins/.m2/repository/io/netty/netty-codec-protobuf/4.2.0.Final/netty-codec-protobuf-4.2.0.Final.jar:/home/jenkins/.m2/repository/io/netty/netty-codec-marshalling/4.2.0.Final/netty-codec-marshalling-4.2.0.Final.jar:/home/jenkins/.m2/repository/io/netty/netty-transport-native-unix-common/4.2.0.Final/netty-transport-native-unix-common-4.2.0.Final.jar:/home/jenkins/.m2/repository/io/netty/netty-handler-ssl-ocsp/4.2.0.Final/netty-handler-ssl-ocsp-4.2.0.Final.jar:/home/jenkins/.m2/repository/io/netty/netty-resolver/4.2.0.Final/netty-resolver-4.2.0.Final.jar:/home/jenkins/.m2/repository/io/netty/netty-transport-rxtx/4.2.0.Final/netty-transport-rxtx-4.2.0.Final.jar:/home/jenkins/.m2/repository/io/netty/netty-transport-sctp/4.2.0.Final/netty-transport-sctp-4.2.0.Final.jar:/home/jenkins/.m2/repository/io/netty/netty-transport-udt/4.2.0.Final/netty-transport-udt-4.2.0.Final.jar:/home/jenkins/.m2/repository/io/netty/netty-transport-classes-epoll/4.2.0.Final/netty-transport-classes-epoll-4.2.0.Final.jar:/home/jenkins/.m2/repository/io/netty/netty-transport-classes-kqueue/4.2.0.Final/netty-transport-classes-kqueue-4.2.0.Final.jar:/home/jenkins/.m2/repository/io/netty/netty-resolver-dns-classes-macos/4.2.0.Final/netty-resolver-dns-classes-macos-4.2.0.Final.jar:/home/jenkins/.m2/repository/io/netty/netty-transport-classes-io_uring/4.2.0.Final/netty-transport-classes-io_uring-4.2.0.Final.jar:/home/jenkins/.m2/repository/io/netty/netty-transport-native-epoll/4.2.0.Final/netty-transport-native-epoll-4.2.0.Final-linux-x86_64.jar:/home/jenkins/.m2/repository/io/netty/netty-transport-native-epoll/4.2.0.Final/netty-transport-native-epoll-4.2.0.Final-linux-aarch_64.jar:/home/jenkins/.m2/repository/io/netty/netty-transport-native-epoll/4.2.0.Final/netty-transport-native-epoll-4.2.0.Final-linux-riscv64.jar:/home/jenkins/.m2/repository/io/netty/netty-transport-native-io_uring/4.2.0.Final/netty-transport-native-io_uring-4.2.0.Final-linux-x86_64.jar:/home/jenkins/.m2/repository/io/netty/netty-transport-native-io_uring/4.2.0.Final/netty-transport-native-io_uring-4.2.0.Final-linux-aarch_64.jar:/home/jenkins/.m2/repository/io/netty/netty-transport-native-io_uring/4.2.0.Final/netty-transport-native-io_uring-4.2.0.Final-linux-riscv64.jar:/home/jenkins/.m2/repository/io/netty/netty-transport-native-kqueue/4.2.0.Final/netty-transport-native-kqueue-4.2.0.Final-osx-x86_64.jar:/home/jenkins/.m2/repository/io/netty/netty-transport-native-kqueue/4.2.0.Final/netty-transport-native-kqueue-4.2.0.Final-osx-aarch_64.jar:/home/jenkins/.m2/repository/io/netty/netty-resolver-dns-native-macos/4.2.0.Final/netty-resolver-dns-native-macos-4.2.0.Final-osx-x86_64.jar:/home/jenkins/.m2/repository/io/netty/netty-resolver-dns-native-macos/4.2.0.Final/netty-resolver-dns-native-macos-4.2.0.Final-osx-aarch_64.jar:/home/jenkins/.m2/repository/xerces/xercesImpl/2.12.2/xercesImpl-2.12.2.jar:/home/jenkins/.m2/repository/xml-apis/xml-apis/1.4.01/xml-apis-1.4.01.jar:/home/jenkins/.m2/repository/com/fasterxml/jackson/core/jackson-core/2.18.3/jackson-core-2.18.3.jar:/home/jenkins/.m2/repository/com/fasterxml/jackson/core/jackson-annotations/2.18.3/jackson-annotations-2.18.3.jar:/home/jenkins/.m2/repository/com/fasterxml/jackson/core/jackson-databind/2.18.3/jackson-databind-2.18.3.jar:/home/jenkins/.m2/repository/com/fasterxml/jackson/jaxrs/jackson-jaxrs-json-provider/2.18.3/jackson-jaxrs-json-provider-2.18.3.jar:/home/jenkins/.m2/repository/com/fasterxml/jackson/jaxrs/jackson-jaxrs-base/2.18.3/jackson-jaxrs-base-2.18.3.jar:/home/jenkins/.m2/repository/com/fasterxml/jackson/module/jackson-module-jaxb-annotations/2.18.3/jackson-module-jaxb-annotations-2.18.3.jar:/home/jenkins/.m2/repository/jakarta/activation/jakarta.activation-api/1.2.2/jakarta.activation-api-1.2.2.jar:/home/jenkins/.m2/repository/com/fasterxml/jackson/datatype/jackson-datatype-joda/2.18.3/jackson-datatype-joda-2.18.3.jar:/home/jenkins/.m2/repository/joda-time/joda-time/2.14.0/joda-time-2.14.0.jar:/home/jenkins/.m2/repository/com/brsanthu/migbase64/2.2/migbase64-2.2.jar:/home/jenkins/.m2/repository/org/testng/testng/7.10.2/testng-7.10.2.jar:/home/jenkins/.m2/repository/com/beust/jcommander/1.82/jcommander-1.82.jar:/home/jenkins/.m2/repository/org/webjars/jquery/3.7.1/jquery-3.7.1.jar:/home/jenkins/.m2/repository/org/mockito/mockito-core/5.17.0/mockito-core-5.17.0.jar:/home/jenkins/.m2/repository/net/bytebuddy/byte-buddy/1.15.11/byte-buddy-1.15.11.jar:/home/jenkins/.m2/repository/net/bytebuddy/byte-buddy-agent/1.15.11/byte-buddy-agent-1.15.11.jar:/home/jenkins/.m2/repository/org/objenesis/objenesis/3.3/objenesis-3.3.jar:/home/jenkins/.m2/repository/com/neovisionaries/nv-websocket-client/2.14/nv-websocket-client-2.14.jar:/home/jenkins/.m2/repository/com/google/guava/guava/33.4.8-jre/guava-33.4.8-jre.jar:/home/jenkins/.m2/repository/com/google/guava/failureaccess/1.0.3/failureaccess-1.0.3.jar:/home/jenkins/.m2/repository/com/google/guava/listenablefuture/9999.0-empty-to-avoid-conflict-with-guava/listenablefuture-9999.0-empty-to-avoid-conflict-with-guava.jar:/home/jenkins/.m2/repository/org/jspecify/jspecify/1.0.0/jspecify-1.0.0.jar:/home/jenkins/.m2/repository/com/google/errorprone/error_prone_annotations/2.36.0/error_prone_annotations-2.36.0.jar:/home/jenkins/.m2/repository/com/google/j2objc/j2objc-annotations/3.0.0/j2objc-annotations-3.0.0.jar:"/>
    <property name="gpg.passphrase" value="M0nkeyYawn"/>
    <property name="java.vm.vendor" value="Eclipse Adoptium"/>
    <property name="sun.arch.data.model" value="64"/>
    <property name="java.vendor.url" value="https://adoptium.net/"/>
    <property name="log4j2.formatMsgNoLookups" value="true"/>
    <property name="user.timezone" value="UTC"/>
    <property name="os.name" value="Linux"/>
    <property name="java.vm.specification.version" value="17"/>
    <property name="sun.java.launcher" value="SUN_STANDARD"/>
    <property name="user.country" value="US"/>
    <property name="sun.boot.library.path" value="/var/build/tools/hudson.model.JDK/OpenJDK_17.0.4/jdk-17.0.4+8/lib"/>
    <property name="sun.java.command" value="/var/build/workspace/build-platform-sdks-pipeline/output/purecloudjava/build/target/surefire/surefirebooter-20250621072857047_3.jar /var/build/workspace/build-platform-sdks-pipeline/output/purecloudjava/build/target/surefire 2025-06-21T07-28-56_731-jvmRun1 surefire-20250621072857047_1tmp surefire_0-20250621072857047_2tmp"/>
    <property name="jdk.debug" value="release"/>
    <property name="surefire.test.class.path" value="/var/build/workspace/build-platform-sdks-pipeline/output/purecloudjava/build/target/test-classes:/var/build/workspace/build-platform-sdks-pipeline/output/purecloudjava/build/target/classes:/home/jenkins/.m2/repository/io/swagger/swagger-annotations/1.6.15/swagger-annotations-1.6.15.jar:/home/jenkins/.m2/repository/javax/xml/bind/jaxb-api/2.3.1/jaxb-api-2.3.1.jar:/home/jenkins/.m2/repository/javax/activation/javax.activation-api/1.2.0/javax.activation-api-1.2.0.jar:/home/jenkins/.m2/repository/org/slf4j/slf4j-api/2.0.17/slf4j-api-2.0.17.jar:/home/jenkins/.m2/repository/org/ini4j/ini4j/0.5.4/ini4j-0.5.4.jar:/home/jenkins/.m2/repository/org/apache/httpcomponents/httpclient/4.5.14/httpclient-4.5.14.jar:/home/jenkins/.m2/repository/org/apache/httpcomponents/httpcore/4.4.16/httpcore-4.4.16.jar:/home/jenkins/.m2/repository/commons-logging/commons-logging/1.2/commons-logging-1.2.jar:/home/jenkins/.m2/repository/commons-codec/commons-codec/1.11/commons-codec-1.11.jar:/home/jenkins/.m2/repository/com/squareup/okhttp3/okhttp/4.12.0/okhttp-4.12.0.jar:/home/jenkins/.m2/repository/com/squareup/okio/okio/3.6.0/okio-3.6.0.jar:/home/jenkins/.m2/repository/com/squareup/okio/okio-jvm/3.6.0/okio-jvm-3.6.0.jar:/home/jenkins/.m2/repository/org/jetbrains/kotlin/kotlin-stdlib-common/1.9.10/kotlin-stdlib-common-1.9.10.jar:/home/jenkins/.m2/repository/org/jetbrains/kotlin/kotlin-stdlib-jdk8/1.8.21/kotlin-stdlib-jdk8-1.8.21.jar:/home/jenkins/.m2/repository/org/jetbrains/kotlin/kotlin-stdlib/1.8.21/kotlin-stdlib-1.8.21.jar:/home/jenkins/.m2/repository/org/jetbrains/kotlin/kotlin-stdlib-jdk7/1.8.21/kotlin-stdlib-jdk7-1.8.21.jar:/home/jenkins/.m2/repository/org/asynchttpclient/async-http-client/3.0.2/async-http-client-3.0.2.jar:/home/jenkins/.m2/repository/io/netty/netty-buffer/4.1.119.Final/netty-buffer-4.1.119.Final.jar:/home/jenkins/.m2/repository/io/netty/netty-codec-http/4.1.119.Final/netty-codec-http-4.1.119.Final.jar:/home/jenkins/.m2/repository/io/netty/netty-codec/4.1.119.Final/netty-codec-4.1.119.Final.jar:/home/jenkins/.m2/repository/io/netty/netty-codec-socks/4.1.119.Final/netty-codec-socks-4.1.119.Final.jar:/home/jenkins/.m2/repository/io/netty/netty-handler-proxy/4.1.119.Final/netty-handler-proxy-4.1.119.Final.jar:/home/jenkins/.m2/repository/io/netty/netty-common/4.1.119.Final/netty-common-4.1.119.Final.jar:/home/jenkins/.m2/repository/io/netty/netty-transport/4.1.119.Final/netty-transport-4.1.119.Final.jar:/home/jenkins/.m2/repository/io/netty/netty-handler/4.1.119.Final/netty-handler-4.1.119.Final.jar:/home/jenkins/.m2/repository/io/netty/netty-resolver-dns/4.1.119.Final/netty-resolver-dns-4.1.119.Final.jar:/home/jenkins/.m2/repository/com/sun/activation/jakarta.activation/2.0.1/jakarta.activation-2.0.1.jar:/home/jenkins/.m2/repository/org/jetbrains/annotations/26.0.2/annotations-26.0.2.jar:/home/jenkins/.m2/repository/io/netty/netty-all/4.2.0.Final/netty-all-4.2.0.Final.jar:/home/jenkins/.m2/repository/io/netty/netty-codec-base/4.2.0.Final/netty-codec-base-4.2.0.Final.jar:/home/jenkins/.m2/repository/io/netty/netty-codec-dns/4.2.0.Final/netty-codec-dns-4.2.0.Final.jar:/home/jenkins/.m2/repository/io/netty/netty-codec-haproxy/4.2.0.Final/netty-codec-haproxy-4.2.0.Final.jar:/home/jenkins/.m2/repository/io/netty/netty-codec-compression/4.2.0.Final/netty-codec-compression-4.2.0.Final.jar:/home/jenkins/.m2/repository/io/netty/netty-codec-http2/4.2.0.Final/netty-codec-http2-4.2.0.Final.jar:/home/jenkins/.m2/repository/io/netty/netty-codec-memcache/4.2.0.Final/netty-codec-memcache-4.2.0.Final.jar:/home/jenkins/.m2/repository/io/netty/netty-codec-mqtt/4.2.0.Final/netty-codec-mqtt-4.2.0.Final.jar:/home/jenkins/.m2/repository/io/netty/netty-codec-redis/4.2.0.Final/netty-codec-redis-4.2.0.Final.jar:/home/jenkins/.m2/repository/io/netty/netty-codec-smtp/4.2.0.Final/netty-codec-smtp-4.2.0.Final.jar:/home/jenkins/.m2/repository/io/netty/netty-codec-stomp/4.2.0.Final/netty-codec-stomp-4.2.0.Final.jar:/home/jenkins/.m2/repository/io/netty/netty-codec-xml/4.2.0.Final/netty-codec-xml-4.2.0.Final.jar:/home/jenkins/.m2/repository/io/netty/netty-codec-protobuf/4.2.0.Final/netty-codec-protobuf-4.2.0.Final.jar:/home/jenkins/.m2/repository/io/netty/netty-codec-marshalling/4.2.0.Final/netty-codec-marshalling-4.2.0.Final.jar:/home/jenkins/.m2/repository/io/netty/netty-transport-native-unix-common/4.2.0.Final/netty-transport-native-unix-common-4.2.0.Final.jar:/home/jenkins/.m2/repository/io/netty/netty-handler-ssl-ocsp/4.2.0.Final/netty-handler-ssl-ocsp-4.2.0.Final.jar:/home/jenkins/.m2/repository/io/netty/netty-resolver/4.2.0.Final/netty-resolver-4.2.0.Final.jar:/home/jenkins/.m2/repository/io/netty/netty-transport-rxtx/4.2.0.Final/netty-transport-rxtx-4.2.0.Final.jar:/home/jenkins/.m2/repository/io/netty/netty-transport-sctp/4.2.0.Final/netty-transport-sctp-4.2.0.Final.jar:/home/jenkins/.m2/repository/io/netty/netty-transport-udt/4.2.0.Final/netty-transport-udt-4.2.0.Final.jar:/home/jenkins/.m2/repository/io/netty/netty-transport-classes-epoll/4.2.0.Final/netty-transport-classes-epoll-4.2.0.Final.jar:/home/jenkins/.m2/repository/io/netty/netty-transport-classes-kqueue/4.2.0.Final/netty-transport-classes-kqueue-4.2.0.Final.jar:/home/jenkins/.m2/repository/io/netty/netty-resolver-dns-classes-macos/4.2.0.Final/netty-resolver-dns-classes-macos-4.2.0.Final.jar:/home/jenkins/.m2/repository/io/netty/netty-transport-classes-io_uring/4.2.0.Final/netty-transport-classes-io_uring-4.2.0.Final.jar:/home/jenkins/.m2/repository/io/netty/netty-transport-native-epoll/4.2.0.Final/netty-transport-native-epoll-4.2.0.Final-linux-x86_64.jar:/home/jenkins/.m2/repository/io/netty/netty-transport-native-epoll/4.2.0.Final/netty-transport-native-epoll-4.2.0.Final-linux-aarch_64.jar:/home/jenkins/.m2/repository/io/netty/netty-transport-native-epoll/4.2.0.Final/netty-transport-native-epoll-4.2.0.Final-linux-riscv64.jar:/home/jenkins/.m2/repository/io/netty/netty-transport-native-io_uring/4.2.0.Final/netty-transport-native-io_uring-4.2.0.Final-linux-x86_64.jar:/home/jenkins/.m2/repository/io/netty/netty-transport-native-io_uring/4.2.0.Final/netty-transport-native-io_uring-4.2.0.Final-linux-aarch_64.jar:/home/jenkins/.m2/repository/io/netty/netty-transport-native-io_uring/4.2.0.Final/netty-transport-native-io_uring-4.2.0.Final-linux-riscv64.jar:/home/jenkins/.m2/repository/io/netty/netty-transport-native-kqueue/4.2.0.Final/netty-transport-native-kqueue-4.2.0.Final-osx-x86_64.jar:/home/jenkins/.m2/repository/io/netty/netty-transport-native-kqueue/4.2.0.Final/netty-transport-native-kqueue-4.2.0.Final-osx-aarch_64.jar:/home/jenkins/.m2/repository/io/netty/netty-resolver-dns-native-macos/4.2.0.Final/netty-resolver-dns-native-macos-4.2.0.Final-osx-x86_64.jar:/home/jenkins/.m2/repository/io/netty/netty-resolver-dns-native-macos/4.2.0.Final/netty-resolver-dns-native-macos-4.2.0.Final-osx-aarch_64.jar:/home/jenkins/.m2/repository/xerces/xercesImpl/2.12.2/xercesImpl-2.12.2.jar:/home/jenkins/.m2/repository/xml-apis/xml-apis/1.4.01/xml-apis-1.4.01.jar:/home/jenkins/.m2/repository/com/fasterxml/jackson/core/jackson-core/2.18.3/jackson-core-2.18.3.jar:/home/jenkins/.m2/repository/com/fasterxml/jackson/core/jackson-annotations/2.18.3/jackson-annotations-2.18.3.jar:/home/jenkins/.m2/repository/com/fasterxml/jackson/core/jackson-databind/2.18.3/jackson-databind-2.18.3.jar:/home/jenkins/.m2/repository/com/fasterxml/jackson/jaxrs/jackson-jaxrs-json-provider/2.18.3/jackson-jaxrs-json-provider-2.18.3.jar:/home/jenkins/.m2/repository/com/fasterxml/jackson/jaxrs/jackson-jaxrs-base/2.18.3/jackson-jaxrs-base-2.18.3.jar:/home/jenkins/.m2/repository/com/fasterxml/jackson/module/jackson-module-jaxb-annotations/2.18.3/jackson-module-jaxb-annotations-2.18.3.jar:/home/jenkins/.m2/repository/jakarta/activation/jakarta.activation-api/1.2.2/jakarta.activation-api-1.2.2.jar:/home/jenkins/.m2/repository/com/fasterxml/jackson/datatype/jackson-datatype-joda/2.18.3/jackson-datatype-joda-2.18.3.jar:/home/jenkins/.m2/repository/joda-time/joda-time/2.14.0/joda-time-2.14.0.jar:/home/jenkins/.m2/repository/com/brsanthu/migbase64/2.2/migbase64-2.2.jar:/home/jenkins/.m2/repository/org/testng/testng/7.10.2/testng-7.10.2.jar:/home/jenkins/.m2/repository/com/beust/jcommander/1.82/jcommander-1.82.jar:/home/jenkins/.m2/repository/org/webjars/jquery/3.7.1/jquery-3.7.1.jar:/home/jenkins/.m2/repository/org/mockito/mockito-core/5.17.0/mockito-core-5.17.0.jar:/home/jenkins/.m2/repository/net/bytebuddy/byte-buddy/1.15.11/byte-buddy-1.15.11.jar:/home/jenkins/.m2/repository/net/bytebuddy/byte-buddy-agent/1.15.11/byte-buddy-agent-1.15.11.jar:/home/jenkins/.m2/repository/org/objenesis/objenesis/3.3/objenesis-3.3.jar:/home/jenkins/.m2/repository/com/neovisionaries/nv-websocket-client/2.14/nv-websocket-client-2.14.jar:/home/jenkins/.m2/repository/com/google/guava/guava/33.4.8-jre/guava-33.4.8-jre.jar:/home/jenkins/.m2/repository/com/google/guava/failureaccess/1.0.3/failureaccess-1.0.3.jar:/home/jenkins/.m2/repository/com/google/guava/listenablefuture/9999.0-empty-to-avoid-conflict-with-guava/listenablefuture-9999.0-empty-to-avoid-conflict-with-guava.jar:/home/jenkins/.m2/repository/org/jspecify/jspecify/1.0.0/jspecify-1.0.0.jar:/home/jenkins/.m2/repository/com/google/errorprone/error_prone_annotations/2.36.0/error_prone_annotations-2.36.0.jar:/home/jenkins/.m2/repository/com/google/j2objc/j2objc-annotations/3.0.0/j2objc-annotations-3.0.0.jar:"/>
    <property name="sun.cpu.endian" value="little"/>
    <property name="user.home" value="/home/jenkins"/>
    <property name="user.language" value="en"/>
    <property name="java.specification.vendor" value="Oracle Corporation"/>
    <property name="java.version.date" value="2022-07-19"/>
    <property name="java.home" value="/var/build/tools/hudson.model.JDK/OpenJDK_17.0.4/jdk-17.0.4+8"/>
    <property name="version" value="227.0.0"/>
    <property name="file.separator" value="/"/>
    <property name="basedir" value="/var/build/workspace/build-platform-sdks-pipeline/output/purecloudjava/build"/>
    <property name="java.vm.compressedOopsMode" value="Zero based"/>
    <property name="line.separator" value="&#10;"/>
    <property name="java.vm.specification.vendor" value="Oracle Corporation"/>
    <property name="java.specification.name" value="Java Platform API Specification"/>
    <property name="surefire.real.class.path" value="/var/build/workspace/build-platform-sdks-pipeline/output/purecloudjava/build/target/surefire/surefirebooter-20250621072857047_3.jar"/>
    <property name="com.sun.jndi.rmi.object.trustURLCodebase" value="false"/>
    <property name="sun.management.compiler" value="HotSpot 64-Bit Tiered Compilers"/>
    <property name="java.runtime.version" value="17.0.4+8"/>
    <property name="user.name" value="jenkins"/>
    <property name="path.separator" value=":"/>
    <property name="com.sun.jndi.cosnaming.object.trustURLCodebase" value="false"/>
    <property name="os.version" value="4.14.355-277.647.amzn2.x86_64"/>
    <property name="java.runtime.name" value="OpenJDK Runtime Environment"/>
    <property name="file.encoding" value="UTF-8"/>
    <property name="java.vm.name" value="OpenJDK 64-Bit Server VM"/>
    <property name="java.vendor.version" value="Temurin-17.0.4+8"/>
    <property name="localRepository" value="/home/jenkins/.m2/repository"/>
    <property name="java.vendor.url.bug" value="https://github.com/adoptium/adoptium-support/issues"/>
    <property name="java.io.tmpdir" value="/tmp"/>
    <property name="java.version" value="17.0.4"/>
    <property name="user.dir" value="/var/build/workspace/build-platform-sdks-pipeline/output/purecloudjava/build"/>
    <property name="os.arch" value="amd64"/>
    <property name="java.vm.specification.name" value="Java Virtual Machine Specification"/>
    <property name="native.encoding" value="UTF-8"/>
    <property name="java.library.path" value="/usr/java/packages/lib:/usr/lib64:/lib64:/lib:/usr/lib"/>
    <property name="java.vm.info" value="mixed mode, sharing"/>
    <property name="java.vendor" value="Eclipse Adoptium"/>
    <property name="java.vm.version" value="17.0.4+8"/>
    <property name="sun.io.unicode.encoding" value="UnicodeLittle"/>
    <property name="java.class.version" value="61.0"/>
  </properties>
  <testcase name="traceBasicInformation" classname="com.mypurecloud.sdk.v2.SdkTests" time="0.001">
    <system-out><![CDATA[[&amp#27;[1;36mTEST&amp#27;[0m] beforeTest
Before test
[&amp#27;[1;32mSUCCESS&amp#27;[0m] beforeTest
[&amp#27;[1;36mTEST&amp#27;[0m] traceBasicInformation
PURECLOUD_ENVIRONMENT=mypurecloud.com
PURECLOUD_CLIENT_ID=7de3af06-c0b3-4f9b-af45-72f4a14037cc
userEmail=06420401-d330-4b11-a235-5fe7d7ce6d4b@mypurecloud.com
[&amp#27;[1;32mSUCCESS&amp#27;[0m] traceBasicInformation
]]></system-out>
    <system-err><![CDATA[SLF4J(W): No SLF4J providers were found.
SLF4J(W): Defaulting to no-operation (NOP) logger implementation
SLF4J(W): See https://www.slf4j.org/codes.html#noProviders for further details.
]]></system-err>
  </testcase>
  <testcase name="traceBasicInformation" classname="com.mypurecloud.sdk.v2.SdkTests" time="0.003">
    <system-out><![CDATA[[&amp#27;[1;36mTEST&amp#27;[0m] afterTest
After test
[&amp#27;[1;32mSUCCESS&amp#27;[0m] afterTest
[&amp#27;[1;36mTEST&amp#27;[0m] beforeTest
Before test
[&amp#27;[1;32mSUCCESS&amp#27;[0m] beforeTest
[&amp#27;[1;36mTEST&amp#27;[0m] traceBasicInformation
PURECLOUD_ENVIRONMENT=mypurecloud.com
PURECLOUD_CLIENT_ID=7de3af06-c0b3-4f9b-af45-72f4a14037cc
userEmail=395961ad-b82e-4c07-8ede-6db7213b51da@mypurecloud.com
[&amp#27;[1;32mSUCCESS&amp#27;[0m] traceBasicInformation
]]></system-out>
  </testcase>
  <testcase name="traceBasicInformation" classname="com.mypurecloud.sdk.v2.SdkTests" time="0.001">
    <system-out><![CDATA[[&amp#27;[1;36mTEST&amp#27;[0m] afterTest
After test
[&amp#27;[1;32mSUCCESS&amp#27;[0m] afterTest
[&amp#27;[1;36mTEST&amp#27;[0m] beforeTest
Before test
[&amp#27;[1;32mSUCCESS&amp#27;[0m] beforeTest
[&amp#27;[1;36mTEST&amp#27;[0m] traceBasicInformation
PURECLOUD_ENVIRONMENT=mypurecloud.com
PURECLOUD_CLIENT_ID=7de3af06-c0b3-4f9b-af45-72f4a14037cc
userEmail=22944930-b085-4301-9687-8c2387303649@mypurecloud.com
[&amp#27;[1;32mSUCCESS&amp#27;[0m] traceBasicInformation
]]></system-out>
  </testcase>
  <testcase name="authenticate" classname="com.mypurecloud.sdk.v2.SdkTests" time="1.193">
    <system-out><![CDATA[[&amp#27;[1;36mTEST&amp#27;[0m] authenticate
[&amp#27;[1;32mSUCCESS&amp#27;[0m] authenticate
]]></system-out>
  </testcase>
  <testcase name="authenticate" classname="com.mypurecloud.sdk.v2.SdkTests" time="0.693">
    <system-out><![CDATA[[&amp#27;[1;36mTEST&amp#27;[0m] authenticate
[&amp#27;[1;32mSUCCESS&amp#27;[0m] authenticate
]]></system-out>
  </testcase>
  <testcase name="authenticate" classname="com.mypurecloud.sdk.v2.SdkTests" time="0.329">
    <system-out><![CDATA[[&amp#27;[1;36mTEST&amp#27;[0m] authenticate
[&amp#27;[1;32mSUCCESS&amp#27;[0m] authenticate
]]></system-out>
  </testcase>
  <testcase name="createUser" classname="com.mypurecloud.sdk.v2.SdkTests" time="0.78">
    <system-out><![CDATA[[&amp#27;[1;36mTEST&amp#27;[0m] createUser
Created user with ID 937c52bf-6f0f-4201-8cf6-01bb248ec8fa
[&amp#27;[1;32mSUCCESS&amp#27;[0m] createUser
]]></system-out>
  </testcase>
  <testcase name="createUser" classname="com.mypurecloud.sdk.v2.SdkTests" time="0.438">
    <system-out><![CDATA[[&amp#27;[1;36mTEST&amp#27;[0m] createUser
Created user with ID 6be97adb-fe2f-4602-960a-66301782c182
[&amp#27;[1;32mSUCCESS&amp#27;[0m] createUser
]]></system-out>
  </testcase>
  <testcase name="createUser" classname="com.mypurecloud.sdk.v2.SdkTests" time="0.466">
    <system-out><![CDATA[[&amp#27;[1;36mTEST&amp#27;[0m] createUser
Created user with ID 966a6b04-67b1-4702-b834-5757e3b45ca1
[&amp#27;[1;32mSUCCESS&amp#27;[0m] createUser
]]></system-out>
  </testcase>
  <testcase name="updateUser" classname="com.mypurecloud.sdk.v2.SdkTests" time="0.158">
    <system-out><![CDATA[[&amp#27;[1;36mTEST&amp#27;[0m] updateUser
[&amp#27;[1;32mSUCCESS&amp#27;[0m] updateUser
]]></system-out>
  </testcase>
  <testcase name="updateUser" classname="com.mypurecloud.sdk.v2.SdkTests" time="0.12">
    <system-out><![CDATA[[&amp#27;[1;36mTEST&amp#27;[0m] updateUser
[&amp#27;[1;32mSUCCESS&amp#27;[0m] updateUser
]]></system-out>
  </testcase>
  <testcase name="updateUser" classname="com.mypurecloud.sdk.v2.SdkTests" time="0.075">
    <system-out><![CDATA[[&amp#27;[1;36mTEST&amp#27;[0m] updateUser
[&amp#27;[1;32mSUCCESS&amp#27;[0m] updateUser
]]></system-out>
  </testcase>
  <testcase name="setProfileSkills" classname="com.mypurecloud.sdk.v2.SdkTests" time="0.138">
    <system-out><![CDATA[[&amp#27;[1;36mTEST&amp#27;[0m] setProfileSkills
[&amp#27;[1;32mSUCCESS&amp#27;[0m] setProfileSkills
]]></system-out>
  </testcase>
  <testcase name="setProfileSkills" classname="com.mypurecloud.sdk.v2.SdkTests" time="0.074">
    <system-out><![CDATA[[&amp#27;[1;36mTEST&amp#27;[0m] setProfileSkills
[&amp#27;[1;32mSUCCESS&amp#27;[0m] setProfileSkills
]]></system-out>
  </testcase>
  <testcase name="setProfileSkills" classname="com.mypurecloud.sdk.v2.SdkTests" time="0.096">
    <system-out><![CDATA[[&amp#27;[1;36mTEST&amp#27;[0m] setProfileSkills
[&amp#27;[1;32mSUCCESS&amp#27;[0m] setProfileSkills
]]></system-out>
  </testcase>
  <testcase name="testNotifications" classname="com.mypurecloud.sdk.v2.SdkTests" time="0.499">
    <system-out><![CDATA[[&amp#27;[1;36mTEST&amp#27;[0m] testNotifications
system presence -> BUSY
system presence -> AVAILABLE
[&amp#27;[1;32mSUCCESS&amp#27;[0m] testNotifications
]]></system-out>
  </testcase>
  <testcase name="testNotifications" classname="com.mypurecloud.sdk.v2.SdkTests" time="0.47">
    <system-out><![CDATA[[&amp#27;[1;36mTEST&amp#27;[0m] testNotifications
system presence -> BUSY
system presence -> AVAILABLE
[&amp#27;[1;32mSUCCESS&amp#27;[0m] testNotifications
]]></system-out>
  </testcase>
  <testcase name="testNotifications" classname="com.mypurecloud.sdk.v2.SdkTests" time="0.433">
    <system-out><![CDATA[[&amp#27;[1;36mTEST&amp#27;[0m] testNotifications
system presence -> BUSY
system presence -> AVAILABLE
[&amp#27;[1;32mSUCCESS&amp#27;[0m] testNotifications
]]></system-out>
  </testcase>
  <testcase name="getUser" classname="com.mypurecloud.sdk.v2.SdkTests" time="0.102">
    <system-out><![CDATA[[&amp#27;[1;36mTEST&amp#27;[0m] getUser
[&amp#27;[1;32mSUCCESS&amp#27;[0m] getUser
]]></system-out>
  </testcase>
  <testcase name="getUser" classname="com.mypurecloud.sdk.v2.SdkTests" time="0.101">
    <system-out><![CDATA[[&amp#27;[1;36mTEST&amp#27;[0m] getUser
[&amp#27;[1;32mSUCCESS&amp#27;[0m] getUser
]]></system-out>
  </testcase>
  <testcase name="getUser" classname="com.mypurecloud.sdk.v2.SdkTests" time="0.069">
    <system-out><![CDATA[[&amp#27;[1;36mTEST&amp#27;[0m] getUser
[&amp#27;[1;32mSUCCESS&amp#27;[0m] getUser
]]></system-out>
  </testcase>
  <testcase name="testObjectMapperIgnoresUnknownProperties" classname="com.mypurecloud.sdk.v2.SdkTests" time="0.002">
    <system-out><![CDATA[[&amp#27;[1;36mTEST&amp#27;[0m] testObjectMapperIgnoresUnknownProperties
MockPojo [id 12345]
[&amp#27;[1;32mSUCCESS&amp#27;[0m] testObjectMapperIgnoresUnknownProperties
]]></system-out>
  </testcase>
  <testcase name="testObjectMapperIgnoresUnknownProperties" classname="com.mypurecloud.sdk.v2.SdkTests" time="0.0">
    <system-out><![CDATA[[&amp#27;[1;36mTEST&amp#27;[0m] testObjectMapperIgnoresUnknownProperties
MockPojo [id 12345]
[&amp#27;[1;32mSUCCESS&amp#27;[0m] testObjectMapperIgnoresUnknownProperties
]]></system-out>
  </testcase>
  <testcase name="testObjectMapperIgnoresUnknownProperties" classname="com.mypurecloud.sdk.v2.SdkTests" time="0.001">
    <system-out><![CDATA[[&amp#27;[1;36mTEST&amp#27;[0m] testObjectMapperIgnoresUnknownProperties
MockPojo [id 12345]
[&amp#27;[1;32mSUCCESS&amp#27;[0m] testObjectMapperIgnoresUnknownProperties
]]></system-out>
  </testcase>
  <testcase name="testPreAndPostHooks" classname="com.mypurecloud.sdk.v2.SdkTests" time="0.104">
    <system-out><![CDATA[[&amp#27;[1;36mTEST&amp#27;[0m] testPreAndPostHooks
Pre-request hook - Method: GET
Pre-request hook - URL: https://api.mypurecloud.com/api/v2/users/937c52bf-6f0f-4201-8cf6-01bb248ec8fa?expand=profileSkills
Post-hook executed. Status code: 200
[&amp#27;[1;32mSUCCESS&amp#27;[0m] testPreAndPostHooks
]]></system-out>
  </testcase>
  <testcase name="testPreAndPostHooks" classname="com.mypurecloud.sdk.v2.SdkTests" time="0.101">
    <system-out><![CDATA[[&amp#27;[1;36mTEST&amp#27;[0m] testPreAndPostHooks
Pre-request hook - Method: GET
Pre-request hook - URL: https://api.mypurecloud.com/api/v2/users/6be97adb-fe2f-4602-960a-66301782c182?expand=profileSkills
Post-hook executed. Status code: 200
[&amp#27;[1;32mSUCCESS&amp#27;[0m] testPreAndPostHooks
]]></system-out>
  </testcase>
  <testcase name="testPreAndPostHooks" classname="com.mypurecloud.sdk.v2.SdkTests" time="0.042">
    <system-out><![CDATA[[&amp#27;[1;36mTEST&amp#27;[0m] testPreAndPostHooks
Pre-request hook - Method: GET
Pre-request hook - URL: https://api.mypurecloud.com/api/v2/users/966a6b04-67b1-4702-b834-5757e3b45ca1?expand=profileSkills
Post-hook executed. Status code: 200
[&amp#27;[1;32mSUCCESS&amp#27;[0m] testPreAndPostHooks
]]></system-out>
  </testcase>
  <testcase name="deleteUser" classname="com.mypurecloud.sdk.v2.SdkTests" time="0.154">
    <system-out><![CDATA[[&amp#27;[1;36mTEST&amp#27;[0m] deleteUser
system presence -> OFFLINE
[&amp#27;[1;32mSUCCESS&amp#27;[0m] deleteUser
]]></system-out>
  </testcase>
  <testcase name="deleteUser" classname="com.mypurecloud.sdk.v2.SdkTests" time="0.186">
    <system-out><![CDATA[[&amp#27;[1;36mTEST&amp#27;[0m] deleteUser
system presence -> OFFLINE
[&amp#27;[1;32mSUCCESS&amp#27;[0m] deleteUser
]]></system-out>
  </testcase>
  <testcase name="deleteUser" classname="com.mypurecloud.sdk.v2.SdkTests" time="0.16">
    <system-out><![CDATA[[&amp#27;[1;36mTEST&amp#27;[0m] deleteUser
system presence -> OFFLINE
[&amp#27;[1;32mSUCCESS&amp#27;[0m] deleteUser
]]></system-out>
  </testcase>
  <testcase name="invokeTestWith_429" classname="com.mypurecloud.sdk.v2.ApiClientRetryTest" time="6.308">
    <system-out><![CDATA[[&amp#27;[1;36mTEST&amp#27;[0m] afterTest
After test
[&amp#27;[1;32mSUCCESS&amp#27;[0m] afterTest
[&amp#27;[1;36mTEST&amp#27;[0m] setup
[&amp#27;[1;32mSUCCESS&amp#27;[0m] setup
[&amp#27;[1;36mTEST&amp#27;[0m] invokeTestWith_429
[&amp#27;[1;32mSUCCESS&amp#27;[0m] invokeTestWith_429
]]></system-out>
  </testcase>
  <testcase name="invokeTestWith_429_And_No_MaxRetryTime" classname="com.mypurecloud.sdk.v2.ApiClientRetryTest" time="0.167">
    <system-out><![CDATA[[&amp#27;[1;36mTEST&amp#27;[0m] setup
[&amp#27;[1;32mSUCCESS&amp#27;[0m] setup
[&amp#27;[1;36mTEST&amp#27;[0m] invokeTestWith_429_And_No_MaxRetryTime
[&amp#27;[1;32mSUCCESS&amp#27;[0m] invokeTestWith_429_And_No_MaxRetryTime
]]></system-out>
  </testcase>
  <testcase name="invokeTestWith_502" classname="com.mypurecloud.sdk.v2.ApiClientRetryTest" time="13.196">
    <system-out><![CDATA[[&amp#27;[1;36mTEST&amp#27;[0m] setup
[&amp#27;[1;32mSUCCESS&amp#27;[0m] setup
[&amp#27;[1;36mTEST&amp#27;[0m] invokeTestWith_502
[&amp#27;[1;32mSUCCESS&amp#27;[0m] invokeTestWith_502
]]></system-out>
  </testcase>
  <testcase name="invokeTestWith_503" classname="com.mypurecloud.sdk.v2.ApiClientRetryTest" time="40.141">
    <system-out><![CDATA[[&amp#27;[1;36mTEST&amp#27;[0m] setup
[&amp#27;[1;32mSUCCESS&amp#27;[0m] setup
[&amp#27;[1;36mTEST&amp#27;[0m] invokeTestWith_503
[&amp#27;[1;32mSUCCESS&amp#27;[0m] invokeTestWith_503
]]></system-out>
  </testcase>
  <testcase name="invokeTestWith_504" classname="com.mypurecloud.sdk.v2.ApiClientRetryTest" time="2.184">
    <system-out><![CDATA[[&amp#27;[1;36mTEST&amp#27;[0m] setup
[&amp#27;[1;32mSUCCESS&amp#27;[0m] setup
[&amp#27;[1;36mTEST&amp#27;[0m] invokeTestWith_504
[&amp#27;[1;32mSUCCESS&amp#27;[0m] invokeTestWith_504
]]></system-out>
  </testcase>
  <testcase name="invokeTestWith_504_No_MaxRetryTime" classname="com.mypurecloud.sdk.v2.ApiClientRetryTest" time="0.155">
    <system-out><![CDATA[[&amp#27;[1;36mTEST&amp#27;[0m] setup
[&amp#27;[1;32mSUCCESS&amp#27;[0m] setup
[&amp#27;[1;36mTEST&amp#27;[0m] invokeTestWith_504_No_MaxRetryTime
[&amp#27;[1;32mSUCCESS&amp#27;[0m] invokeTestWith_504_No_MaxRetryTime
]]></system-out>
  </testcase>
  <testcase name="shouldRetryTestWith_200" classname="com.mypurecloud.sdk.v2.ApiClientRetryTest" time="0.001">
    <system-out><![CDATA[[&amp#27;[1;36mTEST&amp#27;[0m] setup
[&amp#27;[1;32mSUCCESS&amp#27;[0m] setup
[&amp#27;[1;36mTEST&amp#27;[0m] shouldRetryTestWith_200
[&amp#27;[1;32mSUCCESS&amp#27;[0m] shouldRetryTestWith_200
]]></system-out>
  </testcase>
  <testcase name="shouldRetryTestWith_429" classname="com.mypurecloud.sdk.v2.ApiClientRetryTest" time="1.0">
    <system-out><![CDATA[[&amp#27;[1;36mTEST&amp#27;[0m] setup
[&amp#27;[1;32mSUCCESS&amp#27;[0m] setup
[&amp#27;[1;36mTEST&amp#27;[0m] shouldRetryTestWith_429
[&amp#27;[1;32mSUCCESS&amp#27;[0m] shouldRetryTestWith_429
]]></system-out>
  </testcase>
  <testcase name="shouldRetryTestWith_502" classname="com.mypurecloud.sdk.v2.ApiClientRetryTest" time="1.001">
    <system-out><![CDATA[[&amp#27;[1;36mTEST&amp#27;[0m] setup
[&amp#27;[1;32mSUCCESS&amp#27;[0m] setup
[&amp#27;[1;36mTEST&amp#27;[0m] shouldRetryTestWith_502
[&amp#27;[1;32mSUCCESS&amp#27;[0m] shouldRetryTestWith_502
]]></system-out>
  </testcase>
  <testcase name="shouldRetryTestWith_502_And_0_MaxRetryTime" classname="com.mypurecloud.sdk.v2.ApiClientRetryTest" time="0.001">
    <system-out><![CDATA[[&amp#27;[1;36mTEST&amp#27;[0m] setup
[&amp#27;[1;32mSUCCESS&amp#27;[0m] setup
[&amp#27;[1;36mTEST&amp#27;[0m] shouldRetryTestWith_502_And_0_MaxRetryTime
[&amp#27;[1;32mSUCCESS&amp#27;[0m] shouldRetryTestWith_502_And_0_MaxRetryTime
]]></system-out>
  </testcase>
  <testcase name="shouldRetryTestWith_503_And_RetryConfig" classname="com.mypurecloud.sdk.v2.ApiClientRetryTest" time="3.001">
    <system-out><![CDATA[[&amp#27;[1;36mTEST&amp#27;[0m] setup
[&amp#27;[1;32mSUCCESS&amp#27;[0m] setup
[&amp#27;[1;36mTEST&amp#27;[0m] shouldRetryTestWith_503_And_RetryConfig
[&amp#27;[1;32mSUCCESS&amp#27;[0m] shouldRetryTestWith_503_And_RetryConfig
]]></system-out>
  </testcase>
  <testcase name="shouldRetryTestWith_504_And_No_RetryAfter_Header" classname="com.mypurecloud.sdk.v2.ApiClientRetryTest" time="3.001">
    <system-out><![CDATA[[&amp#27;[1;36mTEST&amp#27;[0m] setup
[&amp#27;[1;32mSUCCESS&amp#27;[0m] setup
[&amp#27;[1;36mTEST&amp#27;[0m] shouldRetryTestWith_504_And_No_RetryAfter_Header
[&amp#27;[1;32mSUCCESS&amp#27;[0m] shouldRetryTestWith_504_And_No_RetryAfter_Header
]]></system-out>
  </testcase>
  <testcase name="invokeAsyncTestWith_429" classname="com.mypurecloud.sdk.v2.ApiClientRetryAsyncTest" time="5.18">
    <system-out><![CDATA[[&amp#27;[1;36mTEST&amp#27;[0m] setup
[&amp#27;[1;32mSUCCESS&amp#27;[0m] setup
[&amp#27;[1;36mTEST&amp#27;[0m] invokeAsyncTestWith_429
[&amp#27;[1;32mSUCCESS&amp#27;[0m] invokeAsyncTestWith_429
]]></system-out>
  </testcase>
  <testcase name="invokeAsyncTestWith_429_And_No_MaxRetryTime" classname="com.mypurecloud.sdk.v2.ApiClientRetryAsyncTest" time="0.144">
    <system-out><![CDATA[[&amp#27;[1;36mTEST&amp#27;[0m] setup
[&amp#27;[1;32mSUCCESS&amp#27;[0m] setup
[&amp#27;[1;36mTEST&amp#27;[0m] invokeAsyncTestWith_429_And_No_MaxRetryTime
[&amp#27;[1;32mSUCCESS&amp#27;[0m] invokeAsyncTestWith_429_And_No_MaxRetryTime
]]></system-out>
  </testcase>
  <testcase name="invokeAsyncTestWith_502" classname="com.mypurecloud.sdk.v2.ApiClientRetryAsyncTest" time="13.117">
    <system-out><![CDATA[[&amp#27;[1;36mTEST&amp#27;[0m] setup
[&amp#27;[1;32mSUCCESS&amp#27;[0m] setup
[&amp#27;[1;36mTEST&amp#27;[0m] invokeAsyncTestWith_502
[&amp#27;[1;32mSUCCESS&amp#27;[0m] invokeAsyncTestWith_502
]]></system-out>
  </testcase>
  <testcase name="invokeAsyncTestWith_503" classname="com.mypurecloud.sdk.v2.ApiClientRetryAsyncTest" time="40.123">
    <system-out><![CDATA[[&amp#27;[1;36mTEST&amp#27;[0m] setup
[&amp#27;[1;32mSUCCESS&amp#27;[0m] setup
[&amp#27;[1;36mTEST&amp#27;[0m] invokeAsyncTestWith_503
[&amp#27;[1;32mSUCCESS&amp#27;[0m] invokeAsyncTestWith_503
]]></system-out>
  </testcase>
  <testcase name="invokeAsyncTestWith_504" classname="com.mypurecloud.sdk.v2.ApiClientRetryAsyncTest" time="2.178">
    <system-out><![CDATA[[&amp#27;[1;36mTEST&amp#27;[0m] setup
[&amp#27;[1;32mSUCCESS&amp#27;[0m] setup
[&amp#27;[1;36mTEST&amp#27;[0m] invokeAsyncTestWith_504
[&amp#27;[1;32mSUCCESS&amp#27;[0m] invokeAsyncTestWith_504
]]></system-out>
  </testcase>
  <testcase name="invokeAsyncTestWith_504_And_No_MaxRetryTime" classname="com.mypurecloud.sdk.v2.ApiClientRetryAsyncTest" time="0.156">
    <system-out><![CDATA[[&amp#27;[1;36mTEST&amp#27;[0m] setup
[&amp#27;[1;32mSUCCESS&amp#27;[0m] setup
[&amp#27;[1;36mTEST&amp#27;[0m] invokeAsyncTestWith_504_And_No_MaxRetryTime
[&amp#27;[1;32mSUCCESS&amp#27;[0m] invokeAsyncTestWith_504_And_No_MaxRetryTime
]]></system-out>
  </testcase>
</testsuite>