<?xml version="1.0" encoding="UTF-8"?>
<testsuite xmlns:xsi="http://www.w3.org/2001/XMLSchema-instance" xsi:noNamespaceSchemaLocation="https://maven.apache.org/surefire/maven-surefire-plugin/xsd/surefire-test-report.xsd" version="3.0.2" name="TestSuite" time="139.134" tests="48" errors="0" skipped="0" failures="0">
  <properties>
    <property name="java.specification.version" value="17"/>
    <property name="sun.jnu.encoding" value="UTF-8"/>
    <property name="java.class.path" value="/Users/jsaintma/genesys_src/back_to_sdk/platform-client-sdk-common/output/purecloudjava/build/target/test-classes:/Users/jsaintma/genesys_src/back_to_sdk/platform-client-sdk-common/output/purecloudjava/build/target/classes:/Users/jsaintma/.m2/repository/io/swagger/swagger-annotations/1.6.16/swagger-annotations-1.6.16.jar:/Users/jsaintma/.m2/repository/javax/xml/bind/jaxb-api/2.3.1/jaxb-api-2.3.1.jar:/Users/jsaintma/.m2/repository/javax/activation/javax.activation-api/1.2.0/javax.activation-api-1.2.0.jar:/Users/jsaintma/.m2/repository/org/slf4j/slf4j-api/2.0.17/slf4j-api-2.0.17.jar:/Users/jsaintma/.m2/repository/org/apache/commons/commons-configuration2/2.12.0/commons-configuration2-2.12.0.jar:/Users/jsaintma/.m2/repository/org/apache/commons/commons-lang3/3.17.0/commons-lang3-3.17.0.jar:/Users/jsaintma/.m2/repository/org/apache/commons/commons-text/1.13.1/commons-text-1.13.1.jar:/Users/jsaintma/.m2/repository/commons-logging/commons-logging/1.3.5/commons-logging-1.3.5.jar:/Users/jsaintma/.m2/repository/org/apache/httpcomponents/httpclient/4.5.14/httpclient-4.5.14.jar:/Users/jsaintma/.m2/repository/org/apache/httpcomponents/httpcore/4.4.16/httpcore-4.4.16.jar:/Users/jsaintma/.m2/repository/commons-codec/commons-codec/1.11/commons-codec-1.11.jar:/Users/jsaintma/.m2/repository/com/squareup/okhttp3/okhttp/4.12.0/okhttp-4.12.0.jar:/Users/jsaintma/.m2/repository/com/squareup/okio/okio/3.6.0/okio-3.6.0.jar:/Users/jsaintma/.m2/repository/com/squareup/okio/okio-jvm/3.6.0/okio-jvm-3.6.0.jar:/Users/jsaintma/.m2/repository/org/jetbrains/kotlin/kotlin-stdlib-common/1.9.10/kotlin-stdlib-common-1.9.10.jar:/Users/jsaintma/.m2/repository/org/jetbrains/kotlin/kotlin-stdlib-jdk8/1.8.21/kotlin-stdlib-jdk8-1.8.21.jar:/Users/jsaintma/.m2/repository/org/jetbrains/kotlin/kotlin-stdlib/1.8.21/kotlin-stdlib-1.8.21.jar:/Users/jsaintma/.m2/repository/org/jetbrains/kotlin/kotlin-stdlib-jdk7/1.8.21/kotlin-stdlib-jdk7-1.8.21.jar:/Users/jsaintma/.m2/repository/org/asynchttpclient/async-http-client/3.0.2/async-http-client-3.0.2.jar:/Users/jsaintma/.m2/repository/io/netty/netty-buffer/4.1.119.Final/netty-buffer-4.1.119.Final.jar:/Users/jsaintma/.m2/repository/io/netty/netty-codec-http/4.1.119.Final/netty-codec-http-4.1.119.Final.jar:/Users/jsaintma/.m2/repository/io/netty/netty-codec/4.1.119.Final/netty-codec-4.1.119.Final.jar:/Users/jsaintma/.m2/repository/io/netty/netty-codec-socks/4.1.119.Final/netty-codec-socks-4.1.119.Final.jar:/Users/jsaintma/.m2/repository/io/netty/netty-handler-proxy/4.1.119.Final/netty-handler-proxy-4.1.119.Final.jar:/Users/jsaintma/.m2/repository/io/netty/netty-common/4.1.119.Final/netty-common-4.1.119.Final.jar:/Users/jsaintma/.m2/repository/io/netty/netty-transport/4.1.119.Final/netty-transport-4.1.119.Final.jar:/Users/jsaintma/.m2/repository/io/netty/netty-handler/4.1.119.Final/netty-handler-4.1.119.Final.jar:/Users/jsaintma/.m2/repository/io/netty/netty-resolver-dns/4.1.119.Final/netty-resolver-dns-4.1.119.Final.jar:/Users/jsaintma/.m2/repository/com/sun/activation/jakarta.activation/2.0.1/jakarta.activation-2.0.1.jar:/Users/jsaintma/.m2/repository/org/jetbrains/annotations/26.0.2/annotations-26.0.2.jar:/Users/jsaintma/.m2/repository/io/netty/netty-all/4.2.3.Final/netty-all-4.2.3.Final.jar:/Users/jsaintma/.m2/repository/io/netty/netty-codec-base/4.2.3.Final/netty-codec-base-4.2.3.Final.jar:/Users/jsaintma/.m2/repository/io/netty/netty-codec-dns/4.2.3.Final/netty-codec-dns-4.2.3.Final.jar:/Users/jsaintma/.m2/repository/io/netty/netty-codec-haproxy/4.2.3.Final/netty-codec-haproxy-4.2.3.Final.jar:/Users/jsaintma/.m2/repository/io/netty/netty-codec-compression/4.2.3.Final/netty-codec-compression-4.2.3.Final.jar:/Users/jsaintma/.m2/repository/io/netty/netty-codec-http2/4.2.3.Final/netty-codec-http2-4.2.3.Final.jar:/Users/jsaintma/.m2/repository/io/netty/netty-codec-http3/4.2.3.Final/netty-codec-http3-4.2.3.Final.jar:/Users/jsaintma/.m2/repository/org/jctools/jctools-core/4.0.5/jctools-core-4.0.5.jar:/Users/jsaintma/.m2/repository/io/netty/netty-transport-native-unix-common/4.2.3.Final/netty-transport-native-unix-common-4.2.3.Final.jar:/Users/jsaintma/.m2/repository/org/bouncycastle/bcprov-jdk18on/1.80/bcprov-jdk18on-1.80.jar:/Users/jsaintma/.m2/repository/io/netty/netty-codec-memcache/4.2.3.Final/netty-codec-memcache-4.2.3.Final.jar:/Users/jsaintma/.m2/repository/io/netty/netty-codec-mqtt/4.2.3.Final/netty-codec-mqtt-4.2.3.Final.jar:/Users/jsaintma/.m2/repository/io/netty/netty-codec-redis/4.2.3.Final/netty-codec-redis-4.2.3.Final.jar:/Users/jsaintma/.m2/repository/io/netty/netty-codec-smtp/4.2.3.Final/netty-codec-smtp-4.2.3.Final.jar:/Users/jsaintma/.m2/repository/io/netty/netty-codec-stomp/4.2.3.Final/netty-codec-stomp-4.2.3.Final.jar:/Users/jsaintma/.m2/repository/io/netty/netty-codec-xml/4.2.3.Final/netty-codec-xml-4.2.3.Final.jar:/Users/jsaintma/.m2/repository/io/netty/netty-codec-protobuf/4.2.3.Final/netty-codec-protobuf-4.2.3.Final.jar:/Users/jsaintma/.m2/repository/io/netty/netty-codec-marshalling/4.2.3.Final/netty-codec-marshalling-4.2.3.Final.jar:/Users/jsaintma/.m2/repository/io/netty/netty-handler-ssl-ocsp/4.2.3.Final/netty-handler-ssl-ocsp-4.2.3.Final.jar:/Users/jsaintma/.m2/repository/io/netty/netty-resolver/4.2.3.Final/netty-resolver-4.2.3.Final.jar:/Users/jsaintma/.m2/repository/io/netty/netty-transport-rxtx/4.2.3.Final/netty-transport-rxtx-4.2.3.Final.jar:/Users/jsaintma/.m2/repository/io/netty/netty-transport-sctp/4.2.3.Final/netty-transport-sctp-4.2.3.Final.jar:/Users/jsaintma/.m2/repository/io/netty/netty-transport-udt/4.2.3.Final/netty-transport-udt-4.2.3.Final.jar:/Users/jsaintma/.m2/repository/io/netty/netty-transport-classes-epoll/4.2.3.Final/netty-transport-classes-epoll-4.2.3.Final.jar:/Users/jsaintma/.m2/repository/io/netty/netty-transport-classes-kqueue/4.2.3.Final/netty-transport-classes-kqueue-4.2.3.Final.jar:/Users/jsaintma/.m2/repository/io/netty/netty-resolver-dns-classes-macos/4.2.3.Final/netty-resolver-dns-classes-macos-4.2.3.Final.jar:/Users/jsaintma/.m2/repository/io/netty/netty-transport-classes-io_uring/4.2.3.Final/netty-transport-classes-io_uring-4.2.3.Final.jar:/Users/jsaintma/.m2/repository/io/netty/netty-codec-classes-quic/4.2.3.Final/netty-codec-classes-quic-4.2.3.Final.jar:/Users/jsaintma/.m2/repository/io/netty/netty-transport-native-epoll/4.2.3.Final/netty-transport-native-epoll-4.2.3.Final-linux-x86_64.jar:/Users/jsaintma/.m2/repository/io/netty/netty-transport-native-epoll/4.2.3.Final/netty-transport-native-epoll-4.2.3.Final-linux-aarch_64.jar:/Users/jsaintma/.m2/repository/io/netty/netty-transport-native-epoll/4.2.3.Final/netty-transport-native-epoll-4.2.3.Final-linux-riscv64.jar:/Users/jsaintma/.m2/repository/io/netty/netty-transport-native-io_uring/4.2.3.Final/netty-transport-native-io_uring-4.2.3.Final-linux-x86_64.jar:/Users/jsaintma/.m2/repository/io/netty/netty-transport-native-io_uring/4.2.3.Final/netty-transport-native-io_uring-4.2.3.Final-linux-aarch_64.jar:/Users/jsaintma/.m2/repository/io/netty/netty-transport-native-io_uring/4.2.3.Final/netty-transport-native-io_uring-4.2.3.Final-linux-riscv64.jar:/Users/jsaintma/.m2/repository/io/netty/netty-transport-native-kqueue/4.2.3.Final/netty-transport-native-kqueue-4.2.3.Final-osx-x86_64.jar:/Users/jsaintma/.m2/repository/io/netty/netty-transport-native-kqueue/4.2.3.Final/netty-transport-native-kqueue-4.2.3.Final-osx-aarch_64.jar:/Users/jsaintma/.m2/repository/io/netty/netty-resolver-dns-native-macos/4.2.3.Final/netty-resolver-dns-native-macos-4.2.3.Final-osx-x86_64.jar:/Users/jsaintma/.m2/repository/io/netty/netty-resolver-dns-native-macos/4.2.3.Final/netty-resolver-dns-native-macos-4.2.3.Final-osx-aarch_64.jar:/Users/jsaintma/.m2/repository/io/netty/netty-codec-native-quic/4.2.3.Final/netty-codec-native-quic-4.2.3.Final-linux-x86_64.jar:/Users/jsaintma/.m2/repository/io/netty/netty-codec-native-quic/4.2.3.Final/netty-codec-native-quic-4.2.3.Final-linux-aarch_64.jar:/Users/jsaintma/.m2/repository/io/netty/netty-codec-native-quic/4.2.3.Final/netty-codec-native-quic-4.2.3.Final-osx-x86_64.jar:/Users/jsaintma/.m2/repository/io/netty/netty-codec-native-quic/4.2.3.Final/netty-codec-native-quic-4.2.3.Final-osx-aarch_64.jar:/Users/jsaintma/.m2/repository/io/netty/netty-codec-native-quic/4.2.3.Final/netty-codec-native-quic-4.2.3.Final-windows-x86_64.jar:/Users/jsaintma/.m2/repository/xerces/xercesImpl/2.12.2/xercesImpl-2.12.2.jar:/Users/jsaintma/.m2/repository/xml-apis/xml-apis/1.4.01/xml-apis-1.4.01.jar:/Users/jsaintma/.m2/repository/com/fasterxml/jackson/core/jackson-core/2.19.2/jackson-core-2.19.2.jar:/Users/jsaintma/.m2/repository/com/fasterxml/jackson/core/jackson-annotations/2.19.2/jackson-annotations-2.19.2.jar:/Users/jsaintma/.m2/repository/com/fasterxml/jackson/core/jackson-databind/2.19.2/jackson-databind-2.19.2.jar:/Users/jsaintma/.m2/repository/com/fasterxml/jackson/jaxrs/jackson-jaxrs-json-provider/2.19.2/jackson-jaxrs-json-provider-2.19.2.jar:/Users/jsaintma/.m2/repository/com/fasterxml/jackson/jaxrs/jackson-jaxrs-base/2.19.2/jackson-jaxrs-base-2.19.2.jar:/Users/jsaintma/.m2/repository/com/fasterxml/jackson/module/jackson-module-jaxb-annotations/2.19.2/jackson-module-jaxb-annotations-2.19.2.jar:/Users/jsaintma/.m2/repository/jakarta/activation/jakarta.activation-api/1.2.2/jakarta.activation-api-1.2.2.jar:/Users/jsaintma/.m2/repository/com/fasterxml/jackson/datatype/jackson-datatype-joda/2.19.2/jackson-datatype-joda-2.19.2.jar:/Users/jsaintma/.m2/repository/joda-time/joda-time/2.14.0/joda-time-2.14.0.jar:/Users/jsaintma/.m2/repository/com/brsanthu/migbase64/2.2/migbase64-2.2.jar:/Users/jsaintma/.m2/repository/org/testng/testng/7.10.2/testng-7.10.2.jar:/Users/jsaintma/.m2/repository/com/beust/jcommander/1.82/jcommander-1.82.jar:/Users/jsaintma/.m2/repository/org/webjars/jquery/3.7.1/jquery-3.7.1.jar:/Users/jsaintma/.m2/repository/org/mockito/mockito-core/5.18.0/mockito-core-5.18.0.jar:/Users/jsaintma/.m2/repository/net/bytebuddy/byte-buddy/1.17.5/byte-buddy-1.17.5.jar:/Users/jsaintma/.m2/repository/net/bytebuddy/byte-buddy-agent/1.17.5/byte-buddy-agent-1.17.5.jar:/Users/jsaintma/.m2/repository/org/objenesis/objenesis/3.3/objenesis-3.3.jar:/Users/jsaintma/.m2/repository/com/neovisionaries/nv-websocket-client/2.14/nv-websocket-client-2.14.jar:/Users/jsaintma/.m2/repository/com/google/guava/guava/33.4.8-jre/guava-33.4.8-jre.jar:/Users/jsaintma/.m2/repository/com/google/guava/failureaccess/1.0.3/failureaccess-1.0.3.jar:/Users/jsaintma/.m2/repository/com/google/guava/listenablefuture/9999.0-empty-to-avoid-conflict-with-guava/listenablefuture-9999.0-empty-to-avoid-conflict-with-guava.jar:/Users/jsaintma/.m2/repository/org/jspecify/jspecify/1.0.0/jspecify-1.0.0.jar:/Users/jsaintma/.m2/repository/com/google/errorprone/error_prone_annotations/2.36.0/error_prone_annotations-2.36.0.jar:/Users/jsaintma/.m2/repository/com/google/j2objc/j2objc-annotations/3.0.0/j2objc-annotations-3.0.0.jar:"/>
    <property name="java.vm.vendor" value="Oracle Corporation"/>
    <property name="sun.arch.data.model" value="64"/>
    <property name="java.vendor.url" value="https://java.oracle.com/"/>
    <property name="user.timezone" value="Europe/Paris"/>
    <property name="os.name" value="Mac OS X"/>
    <property name="java.vm.specification.version" value="17"/>
    <property name="sun.java.launcher" value="SUN_STANDARD"/>
    <property name="user.country" value="FR"/>
    <property name="sun.boot.library.path" value="/Library/Java/JavaVirtualMachines/openjdk-17.0.12.jdk/Contents/Home/lib"/>
    <property name="sun.java.command" value="/Users/jsaintma/genesys_src/back_to_sdk/platform-client-sdk-common/output/purecloudjava/build/target/surefire/surefirebooter-20250810082342782_3.jar /Users/jsaintma/genesys_src/back_to_sdk/platform-client-sdk-common/output/purecloudjava/build/target/surefire 2025-08-10T08-23-42_747-jvmRun1 surefire-20250810082342782_1tmp surefire_0-20250810082342782_2tmp"/>
    <property name="jdk.debug" value="release"/>
    <property name="surefire.test.class.path" value="/Users/jsaintma/genesys_src/back_to_sdk/platform-client-sdk-common/output/purecloudjava/build/target/test-classes:/Users/jsaintma/genesys_src/back_to_sdk/platform-client-sdk-common/output/purecloudjava/build/target/classes:/Users/jsaintma/.m2/repository/io/swagger/swagger-annotations/1.6.16/swagger-annotations-1.6.16.jar:/Users/jsaintma/.m2/repository/javax/xml/bind/jaxb-api/2.3.1/jaxb-api-2.3.1.jar:/Users/jsaintma/.m2/repository/javax/activation/javax.activation-api/1.2.0/javax.activation-api-1.2.0.jar:/Users/jsaintma/.m2/repository/org/slf4j/slf4j-api/2.0.17/slf4j-api-2.0.17.jar:/Users/jsaintma/.m2/repository/org/apache/commons/commons-configuration2/2.12.0/commons-configuration2-2.12.0.jar:/Users/jsaintma/.m2/repository/org/apache/commons/commons-lang3/3.17.0/commons-lang3-3.17.0.jar:/Users/jsaintma/.m2/repository/org/apache/commons/commons-text/1.13.1/commons-text-1.13.1.jar:/Users/jsaintma/.m2/repository/commons-logging/commons-logging/1.3.5/commons-logging-1.3.5.jar:/Users/jsaintma/.m2/repository/org/apache/httpcomponents/httpclient/4.5.14/httpclient-4.5.14.jar:/Users/jsaintma/.m2/repository/org/apache/httpcomponents/httpcore/4.4.16/httpcore-4.4.16.jar:/Users/jsaintma/.m2/repository/commons-codec/commons-codec/1.11/commons-codec-1.11.jar:/Users/jsaintma/.m2/repository/com/squareup/okhttp3/okhttp/4.12.0/okhttp-4.12.0.jar:/Users/jsaintma/.m2/repository/com/squareup/okio/okio/3.6.0/okio-3.6.0.jar:/Users/jsaintma/.m2/repository/com/squareup/okio/okio-jvm/3.6.0/okio-jvm-3.6.0.jar:/Users/jsaintma/.m2/repository/org/jetbrains/kotlin/kotlin-stdlib-common/1.9.10/kotlin-stdlib-common-1.9.10.jar:/Users/jsaintma/.m2/repository/org/jetbrains/kotlin/kotlin-stdlib-jdk8/1.8.21/kotlin-stdlib-jdk8-1.8.21.jar:/Users/jsaintma/.m2/repository/org/jetbrains/kotlin/kotlin-stdlib/1.8.21/kotlin-stdlib-1.8.21.jar:/Users/jsaintma/.m2/repository/org/jetbrains/kotlin/kotlin-stdlib-jdk7/1.8.21/kotlin-stdlib-jdk7-1.8.21.jar:/Users/jsaintma/.m2/repository/org/asynchttpclient/async-http-client/3.0.2/async-http-client-3.0.2.jar:/Users/jsaintma/.m2/repository/io/netty/netty-buffer/4.1.119.Final/netty-buffer-4.1.119.Final.jar:/Users/jsaintma/.m2/repository/io/netty/netty-codec-http/4.1.119.Final/netty-codec-http-4.1.119.Final.jar:/Users/jsaintma/.m2/repository/io/netty/netty-codec/4.1.119.Final/netty-codec-4.1.119.Final.jar:/Users/jsaintma/.m2/repository/io/netty/netty-codec-socks/4.1.119.Final/netty-codec-socks-4.1.119.Final.jar:/Users/jsaintma/.m2/repository/io/netty/netty-handler-proxy/4.1.119.Final/netty-handler-proxy-4.1.119.Final.jar:/Users/jsaintma/.m2/repository/io/netty/netty-common/4.1.119.Final/netty-common-4.1.119.Final.jar:/Users/jsaintma/.m2/repository/io/netty/netty-transport/4.1.119.Final/netty-transport-4.1.119.Final.jar:/Users/jsaintma/.m2/repository/io/netty/netty-handler/4.1.119.Final/netty-handler-4.1.119.Final.jar:/Users/jsaintma/.m2/repository/io/netty/netty-resolver-dns/4.1.119.Final/netty-resolver-dns-4.1.119.Final.jar:/Users/jsaintma/.m2/repository/com/sun/activation/jakarta.activation/2.0.1/jakarta.activation-2.0.1.jar:/Users/jsaintma/.m2/repository/org/jetbrains/annotations/26.0.2/annotations-26.0.2.jar:/Users/jsaintma/.m2/repository/io/netty/netty-all/4.2.3.Final/netty-all-4.2.3.Final.jar:/Users/jsaintma/.m2/repository/io/netty/netty-codec-base/4.2.3.Final/netty-codec-base-4.2.3.Final.jar:/Users/jsaintma/.m2/repository/io/netty/netty-codec-dns/4.2.3.Final/netty-codec-dns-4.2.3.Final.jar:/Users/jsaintma/.m2/repository/io/netty/netty-codec-haproxy/4.2.3.Final/netty-codec-haproxy-4.2.3.Final.jar:/Users/jsaintma/.m2/repository/io/netty/netty-codec-compression/4.2.3.Final/netty-codec-compression-4.2.3.Final.jar:/Users/jsaintma/.m2/repository/io/netty/netty-codec-http2/4.2.3.Final/netty-codec-http2-4.2.3.Final.jar:/Users/jsaintma/.m2/repository/io/netty/netty-codec-http3/4.2.3.Final/netty-codec-http3-4.2.3.Final.jar:/Users/jsaintma/.m2/repository/org/jctools/jctools-core/4.0.5/jctools-core-4.0.5.jar:/Users/jsaintma/.m2/repository/io/netty/netty-transport-native-unix-common/4.2.3.Final/netty-transport-native-unix-common-4.2.3.Final.jar:/Users/jsaintma/.m2/repository/org/bouncycastle/bcprov-jdk18on/1.80/bcprov-jdk18on-1.80.jar:/Users/jsaintma/.m2/repository/io/netty/netty-codec-memcache/4.2.3.Final/netty-codec-memcache-4.2.3.Final.jar:/Users/jsaintma/.m2/repository/io/netty/netty-codec-mqtt/4.2.3.Final/netty-codec-mqtt-4.2.3.Final.jar:/Users/jsaintma/.m2/repository/io/netty/netty-codec-redis/4.2.3.Final/netty-codec-redis-4.2.3.Final.jar:/Users/jsaintma/.m2/repository/io/netty/netty-codec-smtp/4.2.3.Final/netty-codec-smtp-4.2.3.Final.jar:/Users/jsaintma/.m2/repository/io/netty/netty-codec-stomp/4.2.3.Final/netty-codec-stomp-4.2.3.Final.jar:/Users/jsaintma/.m2/repository/io/netty/netty-codec-xml/4.2.3.Final/netty-codec-xml-4.2.3.Final.jar:/Users/jsaintma/.m2/repository/io/netty/netty-codec-protobuf/4.2.3.Final/netty-codec-protobuf-4.2.3.Final.jar:/Users/jsaintma/.m2/repository/io/netty/netty-codec-marshalling/4.2.3.Final/netty-codec-marshalling-4.2.3.Final.jar:/Users/jsaintma/.m2/repository/io/netty/netty-handler-ssl-ocsp/4.2.3.Final/netty-handler-ssl-ocsp-4.2.3.Final.jar:/Users/jsaintma/.m2/repository/io/netty/netty-resolver/4.2.3.Final/netty-resolver-4.2.3.Final.jar:/Users/jsaintma/.m2/repository/io/netty/netty-transport-rxtx/4.2.3.Final/netty-transport-rxtx-4.2.3.Final.jar:/Users/jsaintma/.m2/repository/io/netty/netty-transport-sctp/4.2.3.Final/netty-transport-sctp-4.2.3.Final.jar:/Users/jsaintma/.m2/repository/io/netty/netty-transport-udt/4.2.3.Final/netty-transport-udt-4.2.3.Final.jar:/Users/jsaintma/.m2/repository/io/netty/netty-transport-classes-epoll/4.2.3.Final/netty-transport-classes-epoll-4.2.3.Final.jar:/Users/jsaintma/.m2/repository/io/netty/netty-transport-classes-kqueue/4.2.3.Final/netty-transport-classes-kqueue-4.2.3.Final.jar:/Users/jsaintma/.m2/repository/io/netty/netty-resolver-dns-classes-macos/4.2.3.Final/netty-resolver-dns-classes-macos-4.2.3.Final.jar:/Users/jsaintma/.m2/repository/io/netty/netty-transport-classes-io_uring/4.2.3.Final/netty-transport-classes-io_uring-4.2.3.Final.jar:/Users/jsaintma/.m2/repository/io/netty/netty-codec-classes-quic/4.2.3.Final/netty-codec-classes-quic-4.2.3.Final.jar:/Users/jsaintma/.m2/repository/io/netty/netty-transport-native-epoll/4.2.3.Final/netty-transport-native-epoll-4.2.3.Final-linux-x86_64.jar:/Users/jsaintma/.m2/repository/io/netty/netty-transport-native-epoll/4.2.3.Final/netty-transport-native-epoll-4.2.3.Final-linux-aarch_64.jar:/Users/jsaintma/.m2/repository/io/netty/netty-transport-native-epoll/4.2.3.Final/netty-transport-native-epoll-4.2.3.Final-linux-riscv64.jar:/Users/jsaintma/.m2/repository/io/netty/netty-transport-native-io_uring/4.2.3.Final/netty-transport-native-io_uring-4.2.3.Final-linux-x86_64.jar:/Users/jsaintma/.m2/repository/io/netty/netty-transport-native-io_uring/4.2.3.Final/netty-transport-native-io_uring-4.2.3.Final-linux-aarch_64.jar:/Users/jsaintma/.m2/repository/io/netty/netty-transport-native-io_uring/4.2.3.Final/netty-transport-native-io_uring-4.2.3.Final-linux-riscv64.jar:/Users/jsaintma/.m2/repository/io/netty/netty-transport-native-kqueue/4.2.3.Final/netty-transport-native-kqueue-4.2.3.Final-osx-x86_64.jar:/Users/jsaintma/.m2/repository/io/netty/netty-transport-native-kqueue/4.2.3.Final/netty-transport-native-kqueue-4.2.3.Final-osx-aarch_64.jar:/Users/jsaintma/.m2/repository/io/netty/netty-resolver-dns-native-macos/4.2.3.Final/netty-resolver-dns-native-macos-4.2.3.Final-osx-x86_64.jar:/Users/jsaintma/.m2/repository/io/netty/netty-resolver-dns-native-macos/4.2.3.Final/netty-resolver-dns-native-macos-4.2.3.Final-osx-aarch_64.jar:/Users/jsaintma/.m2/repository/io/netty/netty-codec-native-quic/4.2.3.Final/netty-codec-native-quic-4.2.3.Final-linux-x86_64.jar:/Users/jsaintma/.m2/repository/io/netty/netty-codec-native-quic/4.2.3.Final/netty-codec-native-quic-4.2.3.Final-linux-aarch_64.jar:/Users/jsaintma/.m2/repository/io/netty/netty-codec-native-quic/4.2.3.Final/netty-codec-native-quic-4.2.3.Final-osx-x86_64.jar:/Users/jsaintma/.m2/repository/io/netty/netty-codec-native-quic/4.2.3.Final/netty-codec-native-quic-4.2.3.Final-osx-aarch_64.jar:/Users/jsaintma/.m2/repository/io/netty/netty-codec-native-quic/4.2.3.Final/netty-codec-native-quic-4.2.3.Final-windows-x86_64.jar:/Users/jsaintma/.m2/repository/xerces/xercesImpl/2.12.2/xercesImpl-2.12.2.jar:/Users/jsaintma/.m2/repository/xml-apis/xml-apis/1.4.01/xml-apis-1.4.01.jar:/Users/jsaintma/.m2/repository/com/fasterxml/jackson/core/jackson-core/2.19.2/jackson-core-2.19.2.jar:/Users/jsaintma/.m2/repository/com/fasterxml/jackson/core/jackson-annotations/2.19.2/jackson-annotations-2.19.2.jar:/Users/jsaintma/.m2/repository/com/fasterxml/jackson/core/jackson-databind/2.19.2/jackson-databind-2.19.2.jar:/Users/jsaintma/.m2/repository/com/fasterxml/jackson/jaxrs/jackson-jaxrs-json-provider/2.19.2/jackson-jaxrs-json-provider-2.19.2.jar:/Users/jsaintma/.m2/repository/com/fasterxml/jackson/jaxrs/jackson-jaxrs-base/2.19.2/jackson-jaxrs-base-2.19.2.jar:/Users/jsaintma/.m2/repository/com/fasterxml/jackson/module/jackson-module-jaxb-annotations/2.19.2/jackson-module-jaxb-annotations-2.19.2.jar:/Users/jsaintma/.m2/repository/jakarta/activation/jakarta.activation-api/1.2.2/jakarta.activation-api-1.2.2.jar:/Users/jsaintma/.m2/repository/com/fasterxml/jackson/datatype/jackson-datatype-joda/2.19.2/jackson-datatype-joda-2.19.2.jar:/Users/jsaintma/.m2/repository/joda-time/joda-time/2.14.0/joda-time-2.14.0.jar:/Users/jsaintma/.m2/repository/com/brsanthu/migbase64/2.2/migbase64-2.2.jar:/Users/jsaintma/.m2/repository/org/testng/testng/7.10.2/testng-7.10.2.jar:/Users/jsaintma/.m2/repository/com/beust/jcommander/1.82/jcommander-1.82.jar:/Users/jsaintma/.m2/repository/org/webjars/jquery/3.7.1/jquery-3.7.1.jar:/Users/jsaintma/.m2/repository/org/mockito/mockito-core/5.18.0/mockito-core-5.18.0.jar:/Users/jsaintma/.m2/repository/net/bytebuddy/byte-buddy/1.17.5/byte-buddy-1.17.5.jar:/Users/jsaintma/.m2/repository/net/bytebuddy/byte-buddy-agent/1.17.5/byte-buddy-agent-1.17.5.jar:/Users/jsaintma/.m2/repository/org/objenesis/objenesis/3.3/objenesis-3.3.jar:/Users/jsaintma/.m2/repository/com/neovisionaries/nv-websocket-client/2.14/nv-websocket-client-2.14.jar:/Users/jsaintma/.m2/repository/com/google/guava/guava/33.4.8-jre/guava-33.4.8-jre.jar:/Users/jsaintma/.m2/repository/com/google/guava/failureaccess/1.0.3/failureaccess-1.0.3.jar:/Users/jsaintma/.m2/repository/com/google/guava/listenablefuture/9999.0-empty-to-avoid-conflict-with-guava/listenablefuture-9999.0-empty-to-avoid-conflict-with-guava.jar:/Users/jsaintma/.m2/repository/org/jspecify/jspecify/1.0.0/jspecify-1.0.0.jar:/Users/jsaintma/.m2/repository/com/google/errorprone/error_prone_annotations/2.36.0/error_prone_annotations-2.36.0.jar:/Users/jsaintma/.m2/repository/com/google/j2objc/j2objc-annotations/3.0.0/j2objc-annotations-3.0.0.jar:"/>
    <property name="sun.cpu.endian" value="little"/>
    <property name="user.home" value="/Users/jsaintma"/>
    <property name="user.language" value="en"/>
    <property name="java.specification.vendor" value="Oracle Corporation"/>
    <property name="java.version.date" value="2024-07-16"/>
    <property name="java.home" value="/Library/Java/JavaVirtualMachines/openjdk-17.0.12.jdk/Contents/Home"/>
    <property name="version" value="229.0.0"/>
    <property name="file.separator" value="/"/>
    <property name="basedir" value="/Users/jsaintma/genesys_src/back_to_sdk/platform-client-sdk-common/output/purecloudjava/build"/>
    <property name="java.vm.compressedOopsMode" value="Zero based"/>
    <property name="line.separator" value="&#10;"/>
    <property name="java.vm.specification.vendor" value="Oracle Corporation"/>
    <property name="java.specification.name" value="Java Platform API Specification"/>
    <property name="surefire.real.class.path" value="/Users/jsaintma/genesys_src/back_to_sdk/platform-client-sdk-common/output/purecloudjava/build/target/surefire/surefirebooter-20250810082342782_3.jar"/>
    <property name="sun.management.compiler" value="HotSpot 64-Bit Tiered Compilers"/>
    <property name="java.runtime.version" value="17.0.12+8-LTS-286"/>
    <property name="user.name" value="jsaintma"/>
    <property name="path.separator" value=":"/>
    <property name="os.version" value="15.6"/>
    <property name="java.runtime.name" value="Java(TM) SE Runtime Environment"/>
    <property name="file.encoding" value="UTF-8"/>
    <property name="java.vm.name" value="Java HotSpot(TM) 64-Bit Server VM"/>
    <property name="localRepository" value="/Users/jsaintma/.m2/repository"/>
    <property name="java.vendor.url.bug" value="https://bugreport.java.com/bugreport/"/>
    <property name="java.io.tmpdir" value="/var/folders/9r/lmv4yyx97xv0z01gg65wwdgh0000gp/T/"/>
    <property name="java.version" value="17.0.12"/>
    <property name="user.dir" value="/Users/jsaintma/genesys_src/back_to_sdk/platform-client-sdk-common/output/purecloudjava/build"/>
    <property name="os.arch" value="aarch64"/>
    <property name="java.vm.specification.name" value="Java Virtual Machine Specification"/>
    <property name="native.encoding" value="UTF-8"/>
    <property name="java.library.path" value="/Users/jsaintma/Library/Java/Extensions:/Library/Java/Extensions:/Network/Library/Java/Extensions:/System/Library/Java/Extensions:/usr/lib/java:."/>
    <property name="java.vm.info" value="mixed mode, sharing"/>
    <property name="java.vendor" value="Oracle Corporation"/>
    <property name="java.vm.version" value="17.0.12+8-LTS-286"/>
    <property name="sun.io.unicode.encoding" value="UnicodeBig"/>
    <property name="java.class.version" value="61.0"/>
  </properties>
  <testcase name="traceBasicInformation" classname="com.mypurecloud.sdk.v2.SdkTests" time="0.001">
    <system-out><![CDATA[[&amp#27;[1;36mTEST&amp#27;[0m] beforeTest
Before test
[&amp#27;[1;32mSUCCESS&amp#27;[0m] beforeTest
[&amp#27;[1;36mTEST&amp#27;[0m] traceBasicInformation
PURECLOUD_ENVIRONMENT=mypurecloud.ie
PURECLOUD_CLIENT_ID=4d9e7048-a1bf-439c-b65b-8036a0e6c769
userEmail=3314392d-d20f-4af9-8273-500cb98e374b@mypurecloud.ie
[&amp#27;[1;32mSUCCESS&amp#27;[0m] traceBasicInformation
]]></system-out>
    <system-err><![CDATA[SLF4J(W): No SLF4J providers were found.
SLF4J(W): Defaulting to no-operation (NOP) logger implementation
SLF4J(W): See https://www.slf4j.org/codes.html#noProviders for further details.
]]></system-err>
  </testcase>
  <testcase name="traceBasicInformation" classname="com.mypurecloud.sdk.v2.SdkTests" time="0.0">
    <system-out><![CDATA[[&amp#27;[1;36mTEST&amp#27;[0m] afterTest
After test
[&amp#27;[1;32mSUCCESS&amp#27;[0m] afterTest
[&amp#27;[1;36mTEST&amp#27;[0m] beforeTest
Before test
[&amp#27;[1;32mSUCCESS&amp#27;[0m] beforeTest
[&amp#27;[1;36mTEST&amp#27;[0m] traceBasicInformation
PURECLOUD_ENVIRONMENT=mypurecloud.ie
PURECLOUD_CLIENT_ID=4d9e7048-a1bf-439c-b65b-8036a0e6c769
userEmail=93bad889-4543-4c34-a084-7de437c26034@mypurecloud.ie
[&amp#27;[1;32mSUCCESS&amp#27;[0m] traceBasicInformation
]]></system-out>
  </testcase>
  <testcase name="traceBasicInformation" classname="com.mypurecloud.sdk.v2.SdkTests" time="0.0">
    <system-out><![CDATA[[&amp#27;[1;36mTEST&amp#27;[0m] afterTest
After test
[&amp#27;[1;32mSUCCESS&amp#27;[0m] afterTest
[&amp#27;[1;36mTEST&amp#27;[0m] beforeTest
Before test
[&amp#27;[1;32mSUCCESS&amp#27;[0m] beforeTest
[&amp#27;[1;36mTEST&amp#27;[0m] traceBasicInformation
PURECLOUD_ENVIRONMENT=mypurecloud.ie
PURECLOUD_CLIENT_ID=4d9e7048-a1bf-439c-b65b-8036a0e6c769
userEmail=c78c7911-3bd7-4ed6-8bd5-bf3bc493dae0@mypurecloud.ie
[&amp#27;[1;32mSUCCESS&amp#27;[0m] traceBasicInformation
]]></system-out>
  </testcase>
  <testcase name="authenticate" classname="com.mypurecloud.sdk.v2.SdkTests" time="0.551">
    <system-out><![CDATA[[&amp#27;[1;36mTEST&amp#27;[0m] authenticate
[&amp#27;[1;32mSUCCESS&amp#27;[0m] authenticate
]]></system-out>
  </testcase>
  <testcase name="authenticate" classname="com.mypurecloud.sdk.v2.SdkTests" time="0.33">
    <system-out><![CDATA[[&amp#27;[1;36mTEST&amp#27;[0m] authenticate
[&amp#27;[1;32mSUCCESS&amp#27;[0m] authenticate
]]></system-out>
  </testcase>
  <testcase name="authenticate" classname="com.mypurecloud.sdk.v2.SdkTests" time="0.222">
    <system-out><![CDATA[[&amp#27;[1;36mTEST&amp#27;[0m] authenticate
[&amp#27;[1;32mSUCCESS&amp#27;[0m] authenticate
]]></system-out>
  </testcase>
  <testcase name="createUser" classname="com.mypurecloud.sdk.v2.SdkTests" time="0.777">
    <system-out><![CDATA[[&amp#27;[1;36mTEST&amp#27;[0m] createUser
Created user with ID 7f7f7b80-57da-4b09-87aa-091da49f7334
[&amp#27;[1;32mSUCCESS&amp#27;[0m] createUser
]]></system-out>
  </testcase>
  <testcase name="createUser" classname="com.mypurecloud.sdk.v2.SdkTests" time="0.406">
    <system-out><![CDATA[[&amp#27;[1;36mTEST&amp#27;[0m] createUser
Created user with ID d6170c3b-f115-4b77-9277-efc1173677b5
[&amp#27;[1;32mSUCCESS&amp#27;[0m] createUser
]]></system-out>
  </testcase>
  <testcase name="createUser" classname="com.mypurecloud.sdk.v2.SdkTests" time="0.393">
    <system-out><![CDATA[[&amp#27;[1;36mTEST&amp#27;[0m] createUser
Created user with ID 30d2fb83-37de-4114-b02a-b07ec75bb714
[&amp#27;[1;32mSUCCESS&amp#27;[0m] createUser
]]></system-out>
  </testcase>
  <testcase name="updateUser" classname="com.mypurecloud.sdk.v2.SdkTests" time="0.179">
    <system-out><![CDATA[[&amp#27;[1;36mTEST&amp#27;[0m] updateUser
[&amp#27;[1;32mSUCCESS&amp#27;[0m] updateUser
]]></system-out>
  </testcase>
  <testcase name="updateUser" classname="com.mypurecloud.sdk.v2.SdkTests" time="0.109">
    <system-out><![CDATA[[&amp#27;[1;36mTEST&amp#27;[0m] updateUser
[&amp#27;[1;32mSUCCESS&amp#27;[0m] updateUser
]]></system-out>
  </testcase>
  <testcase name="updateUser" classname="com.mypurecloud.sdk.v2.SdkTests" time="0.121">
    <system-out><![CDATA[[&amp#27;[1;36mTEST&amp#27;[0m] updateUser
[&amp#27;[1;32mSUCCESS&amp#27;[0m] updateUser
]]></system-out>
  </testcase>
  <testcase name="setProfileSkills" classname="com.mypurecloud.sdk.v2.SdkTests" time="0.098">
    <system-out><![CDATA[[&amp#27;[1;36mTEST&amp#27;[0m] setProfileSkills
[&amp#27;[1;32mSUCCESS&amp#27;[0m] setProfileSkills
]]></system-out>
  </testcase>
  <testcase name="setProfileSkills" classname="com.mypurecloud.sdk.v2.SdkTests" time="0.087">
    <system-out><![CDATA[[&amp#27;[1;36mTEST&amp#27;[0m] setProfileSkills
[&amp#27;[1;32mSUCCESS&amp#27;[0m] setProfileSkills
]]></system-out>
  </testcase>
  <testcase name="setProfileSkills" classname="com.mypurecloud.sdk.v2.SdkTests" time="0.11">
    <system-out><![CDATA[[&amp#27;[1;36mTEST&amp#27;[0m] setProfileSkills
[&amp#27;[1;32mSUCCESS&amp#27;[0m] setProfileSkills
]]></system-out>
  </testcase>
  <testcase name="testNotifications" classname="com.mypurecloud.sdk.v2.SdkTests" time="0.686">
    <system-out><![CDATA[[&amp#27;[1;36mTEST&amp#27;[0m] testNotifications
system presence -> BUSY
system presence -> AVAILABLE
[&amp#27;[1;32mSUCCESS&amp#27;[0m] testNotifications
]]></system-out>
  </testcase>
  <testcase name="testNotifications" classname="com.mypurecloud.sdk.v2.SdkTests" time="0.724">
    <system-out><![CDATA[[&amp#27;[1;36mTEST&amp#27;[0m] testNotifications
system presence -> BUSY
system presence -> AVAILABLE
[&amp#27;[1;32mSUCCESS&amp#27;[0m] testNotifications
]]></system-out>
  </testcase>
  <testcase name="testNotifications" classname="com.mypurecloud.sdk.v2.SdkTests" time="0.552">
    <system-out><![CDATA[[&amp#27;[1;36mTEST&amp#27;[0m] testNotifications
system presence -> BUSY
system presence -> AVAILABLE
[&amp#27;[1;32mSUCCESS&amp#27;[0m] testNotifications
]]></system-out>
  </testcase>
  <testcase name="getUser" classname="com.mypurecloud.sdk.v2.SdkTests" time="0.2">
    <system-out><![CDATA[[&amp#27;[1;36mTEST&amp#27;[0m] getUser
[&amp#27;[1;32mSUCCESS&amp#27;[0m] getUser
]]></system-out>
  </testcase>
  <testcase name="getUser" classname="com.mypurecloud.sdk.v2.SdkTests" time="0.072">
    <system-out><![CDATA[[&amp#27;[1;36mTEST&amp#27;[0m] getUser
[&amp#27;[1;32mSUCCESS&amp#27;[0m] getUser
]]></system-out>
  </testcase>
  <testcase name="getUser" classname="com.mypurecloud.sdk.v2.SdkTests" time="0.104">
    <system-out><![CDATA[[&amp#27;[1;36mTEST&amp#27;[0m] getUser
[&amp#27;[1;32mSUCCESS&amp#27;[0m] getUser
]]></system-out>
  </testcase>
  <testcase name="testObjectMapperIgnoresUnknownProperties" classname="com.mypurecloud.sdk.v2.SdkTests" time="0.006">
    <system-out><![CDATA[[&amp#27;[1;36mTEST&amp#27;[0m] testObjectMapperIgnoresUnknownProperties
MockPojo [id 12345]
[&amp#27;[1;32mSUCCESS&amp#27;[0m] testObjectMapperIgnoresUnknownProperties
]]></system-out>
  </testcase>
  <testcase name="testObjectMapperIgnoresUnknownProperties" classname="com.mypurecloud.sdk.v2.SdkTests" time="0.002">
    <system-out><![CDATA[[&amp#27;[1;36mTEST&amp#27;[0m] testObjectMapperIgnoresUnknownProperties
MockPojo [id 12345]
[&amp#27;[1;32mSUCCESS&amp#27;[0m] testObjectMapperIgnoresUnknownProperties
]]></system-out>
  </testcase>
  <testcase name="testObjectMapperIgnoresUnknownProperties" classname="com.mypurecloud.sdk.v2.SdkTests" time="0.002">
    <system-out><![CDATA[[&amp#27;[1;36mTEST&amp#27;[0m] testObjectMapperIgnoresUnknownProperties
MockPojo [id 12345]
[&amp#27;[1;32mSUCCESS&amp#27;[0m] testObjectMapperIgnoresUnknownProperties
]]></system-out>
  </testcase>
  <testcase name="testPreAndPostHooks" classname="com.mypurecloud.sdk.v2.SdkTests" time="0.143">
    <system-out><![CDATA[[&amp#27;[1;36mTEST&amp#27;[0m] testPreAndPostHooks
Pre-request hook - Method: GET
Pre-request hook - URL: https://api.mypurecloud.ie/api/v2/users/7f7f7b80-57da-4b09-87aa-091da49f7334?expand=profileSkills
Post-hook executed. Status code: 200
[&amp#27;[1;32mSUCCESS&amp#27;[0m] testPreAndPostHooks
]]></system-out>
  </testcase>
  <testcase name="testPreAndPostHooks" classname="com.mypurecloud.sdk.v2.SdkTests" time="0.067">
    <system-out><![CDATA[[&amp#27;[1;36mTEST&amp#27;[0m] testPreAndPostHooks
Pre-request hook - Method: GET
Pre-request hook - URL: https://api.mypurecloud.ie/api/v2/users/d6170c3b-f115-4b77-9277-efc1173677b5?expand=profileSkills
Post-hook executed. Status code: 200
[&amp#27;[1;32mSUCCESS&amp#27;[0m] testPreAndPostHooks
]]></system-out>
  </testcase>
  <testcase name="testPreAndPostHooks" classname="com.mypurecloud.sdk.v2.SdkTests" time="0.062">
    <system-out><![CDATA[[&amp#27;[1;36mTEST&amp#27;[0m] testPreAndPostHooks
Pre-request hook - Method: GET
Pre-request hook - URL: https://api.mypurecloud.ie/api/v2/users/30d2fb83-37de-4114-b02a-b07ec75bb714?expand=profileSkills
Post-hook executed. Status code: 200
[&amp#27;[1;32mSUCCESS&amp#27;[0m] testPreAndPostHooks
]]></system-out>
  </testcase>
  <testcase name="deleteUser" classname="com.mypurecloud.sdk.v2.SdkTests" time="0.143">
    <system-out><![CDATA[[&amp#27;[1;36mTEST&amp#27;[0m] deleteUser
system presence -> OFFLINE
[&amp#27;[1;32mSUCCESS&amp#27;[0m] deleteUser
]]></system-out>
  </testcase>
  <testcase name="deleteUser" classname="com.mypurecloud.sdk.v2.SdkTests" time="0.174">
    <system-out><![CDATA[[&amp#27;[1;36mTEST&amp#27;[0m] deleteUser
system presence -> OFFLINE
[&amp#27;[1;32mSUCCESS&amp#27;[0m] deleteUser
]]></system-out>
  </testcase>
  <testcase name="deleteUser" classname="com.mypurecloud.sdk.v2.SdkTests" time="0.179">
    <system-out><![CDATA[[&amp#27;[1;36mTEST&amp#27;[0m] deleteUser
system presence -> OFFLINE
[&amp#27;[1;32mSUCCESS&amp#27;[0m] deleteUser
]]></system-out>
  </testcase>
  <testcase name="invokeTestWith_429" classname="com.mypurecloud.sdk.v2.ApiClientRetryTest" time="6.262">
    <system-out><![CDATA[[&amp#27;[1;36mTEST&amp#27;[0m] afterTest
After test
[&amp#27;[1;32mSUCCESS&amp#27;[0m] afterTest
[&amp#27;[1;36mTEST&amp#27;[0m] setup
[&amp#27;[1;32mSUCCESS&amp#27;[0m] setup
[&amp#27;[1;36mTEST&amp#27;[0m] invokeTestWith_429
[&amp#27;[1;32mSUCCESS&amp#27;[0m] invokeTestWith_429
]]></system-out>
  </testcase>
  <testcase name="invokeTestWith_429_And_No_MaxRetryTime" classname="com.mypurecloud.sdk.v2.ApiClientRetryTest" time="0.194">
    <system-out><![CDATA[[&amp#27;[1;36mTEST&amp#27;[0m] setup
[&amp#27;[1;32mSUCCESS&amp#27;[0m] setup
[&amp#27;[1;36mTEST&amp#27;[0m] invokeTestWith_429_And_No_MaxRetryTime
[&amp#27;[1;32mSUCCESS&amp#27;[0m] invokeTestWith_429_And_No_MaxRetryTime
]]></system-out>
  </testcase>
  <testcase name="invokeTestWith_502" classname="com.mypurecloud.sdk.v2.ApiClientRetryTest" time="13.242">
    <system-out><![CDATA[[&amp#27;[1;36mTEST&amp#27;[0m] setup
[&amp#27;[1;32mSUCCESS&amp#27;[0m] setup
[&amp#27;[1;36mTEST&amp#27;[0m] invokeTestWith_502
[&amp#27;[1;32mSUCCESS&amp#27;[0m] invokeTestWith_502
]]></system-out>
  </testcase>
  <testcase name="invokeTestWith_503" classname="com.mypurecloud.sdk.v2.ApiClientRetryTest" time="40.282">
    <system-out><![CDATA[[&amp#27;[1;36mTEST&amp#27;[0m] setup
[&amp#27;[1;32mSUCCESS&amp#27;[0m] setup
[&amp#27;[1;36mTEST&amp#27;[0m] invokeTestWith_503
[&amp#27;[1;32mSUCCESS&amp#27;[0m] invokeTestWith_503
]]></system-out>
  </testcase>
  <testcase name="invokeTestWith_504" classname="com.mypurecloud.sdk.v2.ApiClientRetryTest" time="2.213">
    <system-out><![CDATA[[&amp#27;[1;36mTEST&amp#27;[0m] setup
[&amp#27;[1;32mSUCCESS&amp#27;[0m] setup
[&amp#27;[1;36mTEST&amp#27;[0m] invokeTestWith_504
[&amp#27;[1;32mSUCCESS&amp#27;[0m] invokeTestWith_504
]]></system-out>
  </testcase>
  <testcase name="invokeTestWith_504_No_MaxRetryTime" classname="com.mypurecloud.sdk.v2.ApiClientRetryTest" time="0.174">
    <system-out><![CDATA[[&amp#27;[1;36mTEST&amp#27;[0m] setup
[&amp#27;[1;32mSUCCESS&amp#27;[0m] setup
[&amp#27;[1;36mTEST&amp#27;[0m] invokeTestWith_504_No_MaxRetryTime
[&amp#27;[1;32mSUCCESS&amp#27;[0m] invokeTestWith_504_No_MaxRetryTime
]]></system-out>
  </testcase>
  <testcase name="shouldRetryTestWith_200" classname="com.mypurecloud.sdk.v2.ApiClientRetryTest" time="0.001">
    <system-out><![CDATA[[&amp#27;[1;36mTEST&amp#27;[0m] setup
[&amp#27;[1;32mSUCCESS&amp#27;[0m] setup
[&amp#27;[1;36mTEST&amp#27;[0m] shouldRetryTestWith_200
[&amp#27;[1;32mSUCCESS&amp#27;[0m] shouldRetryTestWith_200
]]></system-out>
  </testcase>
  <testcase name="shouldRetryTestWith_429" classname="com.mypurecloud.sdk.v2.ApiClientRetryTest" time="1.01">
    <system-out><![CDATA[[&amp#27;[1;36mTEST&amp#27;[0m] setup
[&amp#27;[1;32mSUCCESS&amp#27;[0m] setup
[&amp#27;[1;36mTEST&amp#27;[0m] shouldRetryTestWith_429
[&amp#27;[1;32mSUCCESS&amp#27;[0m] shouldRetryTestWith_429
]]></system-out>
  </testcase>
  <testcase name="shouldRetryTestWith_502" classname="com.mypurecloud.sdk.v2.ApiClientRetryTest" time="1.006">
    <system-out><![CDATA[[&amp#27;[1;36mTEST&amp#27;[0m] setup
[&amp#27;[1;32mSUCCESS&amp#27;[0m] setup
[&amp#27;[1;36mTEST&amp#27;[0m] shouldRetryTestWith_502
[&amp#27;[1;32mSUCCESS&amp#27;[0m] shouldRetryTestWith_502
]]></system-out>
  </testcase>
  <testcase name="shouldRetryTestWith_502_And_0_MaxRetryTime" classname="com.mypurecloud.sdk.v2.ApiClientRetryTest" time="0.0">
    <system-out><![CDATA[[&amp#27;[1;36mTEST&amp#27;[0m] setup
[&amp#27;[1;32mSUCCESS&amp#27;[0m] setup
[&amp#27;[1;36mTEST&amp#27;[0m] shouldRetryTestWith_502_And_0_MaxRetryTime
[&amp#27;[1;32mSUCCESS&amp#27;[0m] shouldRetryTestWith_502_And_0_MaxRetryTime
]]></system-out>
  </testcase>
  <testcase name="shouldRetryTestWith_503_And_RetryConfig" classname="com.mypurecloud.sdk.v2.ApiClientRetryTest" time="3.001">
    <system-out><![CDATA[[&amp#27;[1;36mTEST&amp#27;[0m] setup
[&amp#27;[1;32mSUCCESS&amp#27;[0m] setup
[&amp#27;[1;36mTEST&amp#27;[0m] shouldRetryTestWith_503_And_RetryConfig
[&amp#27;[1;32mSUCCESS&amp#27;[0m] shouldRetryTestWith_503_And_RetryConfig
]]></system-out>
  </testcase>
  <testcase name="shouldRetryTestWith_504_And_No_RetryAfter_Header" classname="com.mypurecloud.sdk.v2.ApiClientRetryTest" time="3.007">
    <system-out><![CDATA[[&amp#27;[1;36mTEST&amp#27;[0m] setup
[&amp#27;[1;32mSUCCESS&amp#27;[0m] setup
[&amp#27;[1;36mTEST&amp#27;[0m] shouldRetryTestWith_504_And_No_RetryAfter_Header
[&amp#27;[1;32mSUCCESS&amp#27;[0m] shouldRetryTestWith_504_And_No_RetryAfter_Header
]]></system-out>
  </testcase>
  <testcase name="invokeAsyncTestWith_429" classname="com.mypurecloud.sdk.v2.ApiClientRetryAsyncTest" time="5.235">
    <system-out><![CDATA[[&amp#27;[1;36mTEST&amp#27;[0m] setup
[&amp#27;[1;32mSUCCESS&amp#27;[0m] setup
[&amp#27;[1;36mTEST&amp#27;[0m] invokeAsyncTestWith_429
[&amp#27;[1;32mSUCCESS&amp#27;[0m] invokeAsyncTestWith_429
]]></system-out>
  </testcase>
  <testcase name="invokeAsyncTestWith_429_And_No_MaxRetryTime" classname="com.mypurecloud.sdk.v2.ApiClientRetryAsyncTest" time="0.23">
    <system-out><![CDATA[[&amp#27;[1;36mTEST&amp#27;[0m] setup
[&amp#27;[1;32mSUCCESS&amp#27;[0m] setup
[&amp#27;[1;36mTEST&amp#27;[0m] invokeAsyncTestWith_429_And_No_MaxRetryTime
[&amp#27;[1;32mSUCCESS&amp#27;[0m] invokeAsyncTestWith_429_And_No_MaxRetryTime
]]></system-out>
  </testcase>
  <testcase name="invokeAsyncTestWith_502" classname="com.mypurecloud.sdk.v2.ApiClientRetryAsyncTest" time="13.206">
    <system-out><![CDATA[[&amp#27;[1;36mTEST&amp#27;[0m] setup
[&amp#27;[1;32mSUCCESS&amp#27;[0m] setup
[&amp#27;[1;36mTEST&amp#27;[0m] invokeAsyncTestWith_502
[&amp#27;[1;32mSUCCESS&amp#27;[0m] invokeAsyncTestWith_502
]]></system-out>
  </testcase>
  <testcase name="invokeAsyncTestWith_503" classname="com.mypurecloud.sdk.v2.ApiClientRetryAsyncTest" time="40.23">
    <system-out><![CDATA[[&amp#27;[1;36mTEST&amp#27;[0m] setup
[&amp#27;[1;32mSUCCESS&amp#27;[0m] setup
[&amp#27;[1;36mTEST&amp#27;[0m] invokeAsyncTestWith_503
[&amp#27;[1;32mSUCCESS&amp#27;[0m] invokeAsyncTestWith_503
]]></system-out>
  </testcase>
  <testcase name="invokeAsyncTestWith_504" classname="com.mypurecloud.sdk.v2.ApiClientRetryAsyncTest" time="2.289">
    <system-out><![CDATA[[&amp#27;[1;36mTEST&amp#27;[0m] setup
[&amp#27;[1;32mSUCCESS&amp#27;[0m] setup
[&amp#27;[1;36mTEST&amp#27;[0m] invokeAsyncTestWith_504
[&amp#27;[1;32mSUCCESS&amp#27;[0m] invokeAsyncTestWith_504
]]></system-out>
  </testcase>
  <testcase name="invokeAsyncTestWith_504_And_No_MaxRetryTime" classname="com.mypurecloud.sdk.v2.ApiClientRetryAsyncTest" time="0.181">
    <system-out><![CDATA[[&amp#27;[1;36mTEST&amp#27;[0m] setup
[&amp#27;[1;32mSUCCESS&amp#27;[0m] setup
[&amp#27;[1;36mTEST&amp#27;[0m] invokeAsyncTestWith_504_And_No_MaxRetryTime
[&amp#27;[1;32mSUCCESS&amp#27;[0m] invokeAsyncTestWith_504_And_No_MaxRetryTime
]]></system-out>
  </testcase>
</testsuite>